5;4;403.295;-0.103594;31.3376;-402.064
5;4;403.295;-0.103594;31.3376;-402.064
5;4;403.295;-0.103594;31.3376;-402.064
5;4;403.295;-0.103594;31.3376;-402.064
5;4;403.295;-0.103594;31.3376;-402.064
37;4;6.61976;-0.59319;5.99798;2.49558
37;4;6.61976;-0.59319;5.99798;2.49558
37;4;6.61976;-0.59319;5.99798;2.49558
47;4;49.0389;-22.5797;10.1755;-42.172
47;4;49.0389;-22.5797;10.1755;-42.172
47;4;49.0389;-22.5797;10.1755;-42.172
47;4;49.0389;-22.5797;10.1755;-42.172
47;4;49.0389;-22.5797;10.1755;-42.172
47;4;49.0389;-22.5797;10.1755;-42.172
63;4;12.8468;-2.44784;11.556;-3.97567
63;4;12.8468;-2.44784;11.556;-3.97567
63;4;12.8468;-2.44784;11.556;-3.97567
63;4;12.8468;-2.44784;11.556;-3.97567
63;4;12.8468;-2.44784;11.556;-3.97567
68;4;31.6726;-9.78703;9.45705;28.2214
73;4;36.8515;-0.806535;4.33506;-36.5686
84;4;44.4809;-15.5924;19.8804;-36.311
84;4;44.4809;-15.5924;19.8804;-36.311
84;4;44.4809;-15.5924;19.8804;-36.311
117;4;34.5199;4.88631;1.64352;-33.9309
140;4;44.6794;-31.0936;6.97213;30.6418
140;4;44.6794;-31.0936;6.97213;30.6418
140;4;44.6794;-31.0936;6.97213;30.6418
140;4;44.6794;-31.0936;6.97213;30.6418
140;4;44.6794;-31.0936;6.97213;30.6418
169;4;61.0097;7.58916;2.21227;-60.3906
169;4;61.0097;7.58916;2.21227;-60.3906
169;4;61.0097;7.58916;2.21227;-60.3906
170;4;75.0519;-11.5492;24.5789;69.6491
170;4;75.0519;-11.5492;24.5789;69.6491
170;4;75.0519;-11.5492;24.5789;69.6491
170;4;75.0519;-11.5492;24.5789;69.6491
184;4;48.563;-22.6891;15.2487;39.4445
184;4;48.563;-22.6891;15.2487;39.4445
184;4;48.563;-22.6891;15.2487;39.4445
184;4;48.563;-22.6891;15.2487;39.4445
190;4;341.052;-24.5999;21.8479;339.357
202;4;249.854;-11.5471;5.77869;249.5
202;4;249.854;-11.5471;5.77869;249.5
202;4;249.854;-11.5471;5.77869;249.5
202;4;249.854;-11.5471;5.77869;249.5
202;4;249.854;-11.5471;5.77869;249.5
205;4;1282.86;-35.1559;20.6178;1282.19
205;4;1282.86;-35.1559;20.6178;1282.19
205;4;1282.86;-35.1559;20.6178;1282.19
205;4;1282.86;-35.1559;20.6178;1282.19
205;4;3.27152;-0.0928926;0.0442316;3.26693
205;4;3.27152;-0.0928926;0.0442316;3.26693
221;4;10.0115;1.43441;8.89877;3.05346
221;4;10.0115;1.43441;8.89877;3.05346
221;4;10.0115;1.43441;8.89877;3.05346
221;4;10.0115;1.43441;8.89877;3.05346
237;4;110.356;23.5345;11.8009;-107.016
253;4;20.9626;7.89921;14.6602;-12.1526
253;4;20.9626;7.89921;14.6602;-12.1526
253;4;20.9626;7.89921;14.6602;-12.1526
253;4;20.9626;7.89921;14.6602;-12.1526
253;4;20.9626;7.89921;14.6602;-12.1526
253;4;20.9626;7.89921;14.6602;-12.1526
260;4;218.078;-2.73324;23.651;216.7
260;4;218.078;-2.73324;23.651;216.7
260;4;218.078;-2.73324;23.651;216.7
260;4;218.078;-2.73324;23.651;216.7
285;4;50.4751;29.5422;25.6104;-31.4916
285;4;50.4751;29.5422;25.6104;-31.4916
309;4;512.048;-17.26;7.00811;511.703
309;4;512.048;-17.26;7.00811;511.703
309;4;512.048;-17.26;7.00811;511.703
309;4;512.048;-17.26;7.00811;511.703
329;4;25.2128;-7.06962;18.9941;-14.3066
339;4;49.5368;9.46308;14.4997;-46.1843
339;4;49.5368;9.46308;14.4997;-46.1843
339;4;49.5368;9.46308;14.4997;-46.1843
339;4;49.5368;9.46308;14.4997;-46.1843
339;4;49.5368;9.46308;14.4997;-46.1843
361;4;258.66;-4.5129;0.270942;258.619
378;4;4.28355;-0.0222803;0.0584352;4.28309
378;4;4.28355;-0.0222803;0.0584352;4.28309
419;4;90.8039;17.2144;26.9438;-84.8155
419;4;90.8039;17.2144;26.9438;-84.8155
419;4;90.8039;17.2144;26.9438;-84.8155
419;4;90.8039;17.2144;26.9438;-84.8155
422;4;38.1145;-11.1338;26.003;24.2383
422;4;38.1145;-11.1338;26.003;24.2383
422;4;38.1145;-11.1338;26.003;24.2383
458;4;66.8457;-0.176898;41.1318;51.6697
461;4;182.97;28.8521;24.9878;-178.721
461;4;182.97;28.8521;24.9878;-178.721
461;4;182.97;28.8521;24.9878;-178.721
461;4;182.97;28.8521;24.9878;-178.721
471;4;42.0225;12.3031;39.6417;3.62331
471;4;42.0225;12.3031;39.6417;3.62331
471;4;42.0225;12.3031;39.6417;3.62331
471;4;42.0225;12.3031;39.6417;3.62331
471;4;42.0225;12.3031;39.6417;3.62331
471;4;42.0225;12.3031;39.6417;3.62331
471;4;42.0225;12.3031;39.6417;3.62331
473;4;10.0548;2.57166;3.58464;8.86008
473;4;10.0548;2.57166;3.58464;8.86008
481;4;27.7212;16.1591;17.8917;12.7027
489;4;22.7597;-21.5659;2.24925;5.93422
489;4;22.7597;-21.5659;2.24925;5.93422
500;4;139.227;-8.12323;7.55215;-138.77
500;4;139.227;-8.12323;7.55215;-138.77
500;4;139.227;-8.12323;7.55215;-138.77
500;4;139.227;-8.12323;7.55215;-138.77
500;4;139.227;-8.12323;7.55215;-138.77
500;4;139.227;-8.12323;7.55215;-138.77
533;4;87.6588;-5.67736;40.5903;76.9683
533;4;87.6588;-5.67736;40.5903;76.9683
533;4;87.6588;-5.67736;40.5903;76.9683
535;4;8.74481;4.57845;4.81688;5.46565
535;4;8.74481;4.57845;4.81688;5.46565
551;4;159.348;34.1121;5.82851;-155.485
551;4;159.348;34.1121;5.82851;-155.485
551;4;159.348;34.1121;5.82851;-155.485
551;4;159.348;34.1121;5.82851;-155.485
571;4;87.9807;-44.8636;16.4735;-73.53
571;4;87.9807;-44.8636;16.4735;-73.53
571;4;87.9807;-44.8636;16.4735;-73.53
571;4;87.9807;-44.8636;16.4735;-73.53
571;4;87.9807;-44.8636;16.4735;-73.53
591;4;223.188;-23.132;18.9097;221.125
591;4;223.188;-23.132;18.9097;221.125
591;4;223.188;-23.132;18.9097;221.125
591;4;223.188;-23.132;18.9097;221.125
591;4;223.188;-23.132;18.9097;221.125
610;4;259.641;5.17325;27.8266;258.079
610;4;259.641;5.17325;27.8266;258.079
610;4;259.641;5.17325;27.8266;258.079
610;4;259.641;5.17325;27.8266;258.079
610;4;259.641;5.17325;27.8266;258.079
610;4;259.641;5.17325;27.8266;258.079
658;4;33.7489;2.27619;2.74807;-33.5368
661;4;48.3478;15.9704;12.3554;-43.4377
661;4;48.3478;15.9704;12.3554;-43.4377
663;4;17.0938;-12.0106;2.93227;11.2798
663;4;17.0938;-12.0106;2.93227;11.2798
663;4;17.0938;-12.0106;2.93227;11.2798
663;4;17.0938;-12.0106;2.93227;11.2798
663;4;17.0938;-12.0106;2.93227;11.2798
677;4;1001.17;-2.20101;3.04496;-1001.16
677;4;1001.17;-2.20101;3.04496;-1001.16
677;4;1001.17;-2.20101;3.04496;-1001.16
711;4;50.98;-25.7395;18.3729;39.3782
711;4;50.98;-25.7395;18.3729;39.3782
711;4;50.98;-25.7395;18.3729;39.3782
711;4;50.98;-25.7395;18.3729;39.3782
711;4;50.98;-25.7395;18.3729;39.3782
711;4;50.98;-25.7395;18.3729;39.3782
711;4;50.98;-25.7395;18.3729;39.3782
711;4;50.98;-25.7395;18.3729;39.3782
711;4;50.98;-25.7395;18.3729;39.3782
713;4;35.3534;25.7988;22.7483;3.34372
713;4;35.3534;25.7988;22.7483;3.34372
713;4;35.3534;25.7988;22.7483;3.34372
713;4;35.3534;25.7988;22.7483;3.34372
713;4;35.3534;25.7988;22.7483;3.34372
713;4;35.3534;25.7988;22.7483;3.34372
713;4;35.3534;25.7988;22.7483;3.34372
713;4;35.3534;25.7988;22.7483;3.34372
720;4;56.4091;-17.7284;4.23393;-53.1353
731;4;75.1846;-10.3755;24.2739;70.311
731;4;75.1846;-10.3755;24.2739;70.311
733;4;129.752;-22.3486;18.1002;126.485
733;4;129.752;-22.3486;18.1002;126.485
733;4;129.752;-22.3486;18.1002;126.485
758;4;75.8212;-9.43607;36.2628;-65.6863
758;4;75.8212;-9.43607;36.2628;-65.6863
758;4;75.8212;-9.43607;36.2628;-65.6863
758;4;75.8212;-9.43607;36.2628;-65.6863
758;4;75.8212;-9.43607;36.2628;-65.6863
778;4;56.443;-17.4266;17.6983;50.409
778;4;56.443;-17.4266;17.6983;50.409
778;4;56.443;-17.4266;17.6983;50.409
778;4;56.443;-17.4266;17.6983;50.409
782;4;65.1523;1.55715;0.0130262;-65.1337
782;4;65.1523;1.55715;0.0130262;-65.1337
782;4;65.1523;1.55715;0.0130262;-65.1337
796;4;99.1963;-35.1867;2.47245;-92.4049
796;4;99.1963;-35.1867;2.47245;-92.4049
796;4;99.1963;-35.1867;2.47245;-92.4049
796;4;99.1963;-35.1867;2.47245;-92.4049
806;4;20.9797;-1.865;0.552201;-20.7643
808;4;181.075;40.0262;10.5937;176.057
808;4;181.075;40.0262;10.5937;176.057
808;4;181.075;40.0262;10.5937;176.057
808;4;181.075;40.0262;10.5937;176.057
808;4;181.075;40.0262;10.5937;176.057
808;4;181.075;40.0262;10.5937;176.057
808;4;181.075;40.0262;10.5937;176.057
808;4;181.075;40.0262;10.5937;176.057
808;4;181.075;40.0262;10.5937;176.057
824;4;21.16;-17.8665;3.42761;10.0076
824;4;21.16;-17.8665;3.42761;10.0076
824;4;21.16;-17.8665;3.42761;10.0076
824;4;21.16;-17.8665;3.42761;10.0076
827;4;74.2665;18.2991;11.2967;70.9653
827;4;74.2665;18.2991;11.2967;70.9653
839;4;159.772;-11.0248;39.4716;154.258
839;4;159.772;-11.0248;39.4716;154.258
863;4;291.596;21.8185;20.4196;290.04
863;4;291.596;21.8185;20.4196;290.04
863;4;291.596;21.8185;20.4196;290.04
885;4;63.2949;-37.0461;0.232184;50.916
885;4;63.2949;-37.0461;0.232184;50.916
885;4;63.2949;-37.0461;0.232184;50.916
885;4;63.2949;-37.0461;0.232184;50.916
885;4;63.2949;-37.0461;0.232184;50.916
914;4;8.32233;7.50429;0.279251;-2.94314
922;4;14.7762;4.51507;13.3446;2.99838
922;4;14.7762;4.51507;13.3446;2.99838
922;4;14.7762;4.51507;13.3446;2.99838
953;4;45.489;-23.619;18.9111;33.4055
953;4;45.489;-23.619;18.9111;33.4055
957;4;30.6069;-24.1106;8.59727;16.471
964;4;131.705;34.1164;10.8321;-126.505
970;4;8.97212;-6.34619;0.663777;5.56173
970;4;8.97212;-6.34619;0.663777;5.56173
970;4;8.97212;-6.34619;0.663777;5.56173
970;4;8.97212;-6.34619;0.663777;5.56173
971;4;20.4683;-7.21522;14.5301;11.3226
971;4;20.4683;-7.21522;14.5301;11.3226
995;4;2340.49;-32.7557;12.4063;2340.23
995;4;2340.49;-32.7557;12.4063;2340.23
995;4;2340.49;-32.7557;12.4063;2340.23
995;4;2340.49;-32.7557;12.4063;2340.23
996;4;151.19;-23.9972;16.7246;148.271
996;4;151.19;-23.9972;16.7246;148.271
996;4;151.19;-23.9972;16.7246;148.271
996;4;151.19;-23.9972;16.7246;148.271
1014;4;299.57;-9.442;18.4557;298.812
1014;4;299.57;-9.442;18.4557;298.812
1014;4;299.57;-9.442;18.4557;298.812
1077;4;60.128;22.5221;12.5527;54.2065
1077;4;60.128;22.5221;12.5527;54.2065
1087;4;117.561;-20.3422;10.142;115.235
1087;4;117.561;-20.3422;10.142;115.235
1087;4;117.561;-20.3422;10.142;115.235
1087;4;117.561;-20.3422;10.142;115.235
1087;4;117.561;-20.3422;10.142;115.235
1087;4;117.561;-20.3422;10.142;115.235
1096;4;54.8643;-5.75267;1.11303;-54.5276
1096;4;54.8643;-5.75267;1.11303;-54.5276
1096;4;54.8643;-5.75267;1.11303;-54.5276
1096;4;54.8643;-5.75267;1.11303;-54.5276
1096;4;54.8643;-5.75267;1.11303;-54.5276
1103;4;17.8049;-4.75435;4.4225;-16.4436
1103;4;17.8049;-4.75435;4.4225;-16.4436
1114;4;89.9471;33.8798;0.885724;-83.2009
1114;4;89.9471;33.8798;0.885724;-83.2009
1114;4;89.9471;33.8798;0.885724;-83.2009
1136;4;117.916;24.9641;2.12808;115.152
1136;4;117.916;24.9641;2.12808;115.152
1140;4;2.55713;2.29031;0.803426;0.340147
1140;4;2.55713;2.29031;0.803426;0.340147
1140;4;2.55713;2.29031;0.803426;0.340147
1140;4;2.55713;2.29031;0.803426;0.340147
1141;4;50.737;1.73192;31.6704;-39.2843
1141;4;50.737;1.73192;31.6704;-39.2843
1141;4;50.737;1.73192;31.6704;-39.2843
1141;4;50.737;1.73192;31.6704;-39.2843
1141;4;50.737;1.73192;31.6704;-39.2843
1142;4;40.0004;-18.897;32.7056;-10.7473
1142;4;40.0004;-18.897;32.7056;-10.7473
1142;4;40.0004;-18.897;32.7056;-10.7473
1142;4;40.0004;-18.897;32.7056;-10.7473
1147;4;1212.82;-1.66578;1.91699;1212.81
1147;4;1212.82;-1.66578;1.91699;1212.81
1147;4;1212.82;-1.66578;1.91699;1212.81
1158;4;6.7057;1.7382;1.6903;6.23569
1170;4;52.4875;-0.958577;19.0792;-48.7545
1170;4;52.4875;-0.958577;19.0792;-48.7545
1183;4;17.4895;-12.262;3.63327;-10.9959
1183;4;17.4895;-12.262;3.63327;-10.9959
1183;4;17.4895;-12.262;3.63327;-10.9959
1183;4;17.4895;-12.262;3.63327;-10.9959
1187;4;89.9284;1.72108;37.0419;-81.7046
1187;4;89.9284;1.72108;37.0419;-81.7046
1187;4;89.9284;1.72108;37.0419;-81.7046
1187;4;89.9284;1.72108;37.0419;-81.7046
1189;4;46.7781;29.2978;10.6438;-34.3351
1198;4;78.5726;0.0764628;0.560712;78.5704
1201;4;197.383;-4.8651;10.4137;-196.989
1201;4;197.383;-4.8651;10.4137;-196.989
1222;4;96.6488;23.8876;33.2016;87.4937
1222;4;96.6488;23.8876;33.2016;87.4937
1222;4;96.6488;23.8876;33.2016;87.4937
1222;4;96.6488;23.8876;33.2016;87.4937
1227;4;19.0714;-3.06569;17.4991;-5.12713
1227;4;19.0714;-3.06569;17.4991;-5.12713
1240;4;40.4019;2.97774;20.5927;34.4586
1274;4;36.6011;-12.183;33.9258;1.75155
1274;4;36.6011;-12.183;33.9258;1.75155
1274;4;36.6011;-12.183;33.9258;1.75155
1274;4;36.6011;-12.183;33.9258;1.75155
1285;4;119.979;15.6499;13.3071;118.155
1285;4;119.979;15.6499;13.3071;118.155
1309;4;43.521;-42.1505;3.71217;-8.05484
1309;4;43.521;-42.1505;3.71217;-8.05484
1309;4;43.521;-42.1505;3.71217;-8.05484
1313;4;125.677;16.8352;2.82647;124.47
1318;4;70.5553;-4.12891;10.6003;-69.5674
1318;4;70.5553;-4.12891;10.6003;-69.5674
1318;4;70.5553;-4.12891;10.6003;-69.5674
1341;4;6.98549;-3.21135;0.793826;6.05708
1341;4;6.98549;-3.21135;0.793826;6.05708
1341;4;6.98549;-3.21135;0.793826;6.05708
1370;4;821.507;18.5403;19.6641;821.019
1377;4;257.326;-9.06744;14.2522;256.756
1377;4;257.326;-9.06744;14.2522;256.756
1377;4;257.326;-9.06744;14.2522;256.756
1381;4;12.7073;-2.3644;0.950219;12.4238
1390;4;500.458;17.7447;31.9996;-499.101
1390;4;500.458;17.7447;31.9996;-499.101
1390;4;500.458;17.7447;31.9996;-499.101
1390;4;500.458;17.7447;31.9996;-499.101
1390;4;500.458;17.7447;31.9996;-499.101
1390;4;500.458;17.7447;31.9996;-499.101
1400;4;152.801;-10.8677;51.5194;143.366
1400;4;152.801;-10.8677;51.5194;143.366
1400;4;152.801;-10.8677;51.5194;143.366
1400;4;152.801;-10.8677;51.5194;143.366
1400;4;152.801;-10.8677;51.5194;143.366
1406;4;175.917;-7.40199;4.60659;175.671
1438;4;180.162;-23.7408;3.49644;-178.52
1438;4;180.162;-23.7408;3.49644;-178.52
1438;4;180.162;-23.7408;3.49644;-178.52
1438;4;180.162;-23.7408;3.49644;-178.52
1449;4;5.16194;-1.62628;4.16696;-1.81763
1449;4;5.16194;-1.62628;4.16696;-1.81763
1449;4;5.16194;-1.62628;4.16696;-1.81763
1452;4;4.14066;-0.287178;0.268259;4.01376
1452;4;4.14066;-0.287178;0.268259;4.01376
1452;4;4.14066;-0.287178;0.268259;4.01376
1452;4;4.14066;-0.287178;0.268259;4.01376
1469;4;29.7723;21.4913;1.17254;20.2234
1469;4;29.7723;21.4913;1.17254;20.2234
1469;4;29.7723;21.4913;1.17254;20.2234
1473;4;40.2624;32.9989;16.524;14.7086
1488;4;30.1505;16.9773;19.826;13.3287
1488;4;30.1505;16.9773;19.826;13.3287
1497;4;16.2004;16.0455;0.877602;-0.605717
1497;4;16.2004;16.0455;0.877602;-0.605717
1613;4;46.0883;17.9119;9.27018;41.3591
1613;4;46.0883;17.9119;9.27018;41.3591
1613;4;46.0883;17.9119;9.27018;41.3591
1613;4;46.0883;17.9119;9.27018;41.3591
1613;4;46.0883;17.9119;9.27018;41.3591
1623;4;15.1079;-0.601007;1.56177;14.9961
1639;4;154.38;112.099;99.4051;-36.0812
1639;4;154.38;112.099;99.4051;-36.0812
1639;4;154.38;112.099;99.4051;-36.0812
1639;4;154.38;112.099;99.4051;-36.0812
1639;4;154.38;112.099;99.4051;-36.0812
1639;4;154.38;112.099;99.4051;-36.0812
1639;4;154.38;112.099;99.4051;-36.0812
1639;4;154.38;112.099;99.4051;-36.0812
1644;4;4.61226;2.81404;2.59343;2.14209
1644;4;4.61226;2.81404;2.59343;2.14209
1644;4;4.61226;2.81404;2.59343;2.14209
1644;4;4.61226;2.81404;2.59343;2.14209
1644;4;4.61226;2.81404;2.59343;2.14209
1644;4;4.61226;2.81404;2.59343;2.14209
1644;4;4.61226;2.81404;2.59343;2.14209
1675;4;1.64177;0.52075;1.33751;-0.309432
1675;4;1.64177;0.52075;1.33751;-0.309432
1690;4;330.566;2.92007;20.8786;-329.857
1698;4;2.99737;0.547134;1.90991;2.22193
1698;4;2.99737;0.547134;1.90991;2.22193
1698;4;2.99737;0.547134;1.90991;2.22193
1751;4;51.9099;23.9144;24.1886;-39.0323
1751;4;51.9099;23.9144;24.1886;-39.0323
1751;4;51.9099;23.9144;24.1886;-39.0323
1759;4;128.554;-43.5739;51.8111;-107.819
1759;4;128.554;-43.5739;51.8111;-107.819
1759;4;128.554;-43.5739;51.8111;-107.819
1759;4;128.554;-43.5739;51.8111;-107.819
1771;4;32.5528;21.1242;18.5787;15.0957
1771;4;32.5528;21.1242;18.5787;15.0957
1820;4;3.09991;0.243412;1.10581;2.84318
1829;4;3.72687;1.07409;2.36049;-2.48789
1838;4;39.4657;-29.9229;23.9108;8.63454
1838;4;39.4657;-29.9229;23.9108;8.63454
1838;4;39.4657;-29.9229;23.9108;8.63454
1838;4;39.4657;-29.9229;23.9108;8.63454
1865;4;71.7716;-27.4499;14.9003;64.2345
1865;4;71.7716;-27.4499;14.9003;64.2345
1865;4;71.7716;-27.4499;14.9003;64.2345
1865;4;71.7716;-27.4499;14.9003;64.2345
1865;4;71.7716;-27.4499;14.9003;64.2345
1875;4;287.042;-31.1746;14.9698;284.881
1876;4;44.7145;-14.7181;12.8372;-39.9473
1876;4;44.7145;-14.7181;12.8372;-39.9473
1876;4;44.7145;-14.7181;12.8372;-39.9473
1876;4;44.7145;-14.7181;12.8372;-39.9473
1876;4;44.7145;-14.7181;12.8372;-39.9473
1876;4;44.7145;-14.7181;12.8372;-39.9473
1918;4;54.6755;-21.8955;11.511;48.7375
1918;4;54.6755;-21.8955;11.511;48.7375
1918;4;54.6755;-21.8955;11.511;48.7375
1922;4;42.711;16.6005;26.1555;-28.6929
1922;4;42.711;16.6005;26.1555;-28.6929
1922;4;42.711;16.6005;26.1555;-28.6929
1922;4;42.711;16.6005;26.1555;-28.6929
1927;4;0.833393;-0.714272;0.235984;0.222644
1927;4;0.833393;-0.714272;0.235984;0.222644
1927;4;0.833393;-0.714272;0.235984;0.222644
1927;4;0.833393;-0.714272;0.235984;0.222644
1931;4;13.7602;-5.26329;6.9662;-10.4559
1931;4;13.7602;-5.26329;6.9662;-10.4559
1931;4;13.7602;-5.26329;6.9662;-10.4559
1931;4;13.7602;-5.26329;6.9662;-10.4559
1931;4;13.7602;-5.26329;6.9662;-10.4559
1950;4;49.6182;18.4498;27.0148;36.4205
1956;4;46.3429;27.3519;6.33726;36.7182
1956;4;46.3429;27.3519;6.33726;36.7182
1956;4;46.3429;27.3519;6.33726;36.7182
1958;4;77.9764;-16.8956;14.3247;74.5745
1958;4;77.9764;-16.8956;14.3247;74.5745
1958;4;77.9764;-16.8956;14.3247;74.5745
1969;4;0.51245;-0.236815;0.41968;-0.104466
1971;4;7.70377;0.466084;1.10197;7.5837
1982;4;10.931;-1.28155;10.0439;-2.75573
1982;4;10.931;-1.28155;10.0439;-2.75573
1983;4;18.1787;16.5355;0.615716;6.26035
1997;4;424.156;-36.3548;5.99394;422.532
1997;4;424.156;-36.3548;5.99394;422.532
1997;4;424.156;-36.3548;5.99394;422.532
2016;4;74.8907;34.5288;6.75933;-65.8792
2016;4;74.8907;34.5288;6.75933;-65.8792
2016;4;74.8907;34.5288;6.75933;-65.8792
2016;4;74.8907;34.5288;6.75933;-65.8792
2017;4;1004.67;-11.3061;35.0296;-1003.99
2017;4;1004.67;-11.3061;35.0296;-1003.99
2017;4;1004.67;-11.3061;35.0296;-1003.99
2017;4;1004.67;-11.3061;35.0296;-1003.99
2033;4;191.946;6.87764;0.269879;191.816
2033;4;191.946;6.87764;0.269879;191.816
2033;4;191.946;6.87764;0.269879;191.816
2033;4;191.946;6.87764;0.269879;191.816
2033;4;191.946;6.87764;0.269879;191.816
2059;4;57.6443;0.892282;1.09673;-57.6157
2059;4;57.6443;0.892282;1.09673;-57.6157
2082;4;33.1597;-25.7485;19.9171;2.48094
2082;4;33.1597;-25.7485;19.9171;2.48094
2082;4;33.1597;-25.7485;19.9171;2.48094
2082;4;33.1597;-25.7485;19.9171;2.48094
2101;4;66.9893;31.6754;5.39425;-58.5488
2101;4;66.9893;31.6754;5.39425;-58.5488
2101;4;66.9893;31.6754;5.39425;-58.5488
2113;4;103.253;29.266;9.04454;98.4022
2137;4;31.9188;23.2851;1.49849;21.2169
2137;4;31.9188;23.2851;1.49849;21.2169
2137;4;31.9188;23.2851;1.49849;21.2169
2137;4;31.9188;23.2851;1.49849;21.2169
2146;4;52.2196;3.68544;2.43186;-52.0215
2146;4;52.2196;3.68544;2.43186;-52.0215
2161;4;30.7569;24.0312;17.1343;7.66284
2161;4;30.7569;24.0312;17.1343;7.66284
2169;4;61.7245;-17.2506;1.41049;-59.1612
2169;4;61.7245;-17.2506;1.41049;-59.1612
2169;4;61.7245;-17.2506;1.41049;-59.1612
2173;4;49.2012;-30.386;5.12249;-38.1663
2173;4;49.2012;-30.386;5.12249;-38.1663
2173;4;49.2012;-30.386;5.12249;-38.1663
2174;4;47.935;1.49474;31.8268;-35.4072
2174;4;47.935;1.49474;31.8268;-35.4072
2195;4;89.7574;-19.4958;13.3313;-86.4666
2195;4;89.7574;-19.4958;13.3313;-86.4666
2195;4;89.7574;-19.4958;13.3313;-86.4666
2195;4;89.7574;-19.4958;13.3313;-86.4666
2199;4;406.304;-25.9061;34.7714;-403.932
2205;4;21.1891;9.56833;13.7334;12.5917
2205;4;21.1891;9.56833;13.7334;12.5917
2205;4;21.1891;9.56833;13.7334;12.5917
2205;4;21.1891;9.56833;13.7334;12.5917
2205;4;21.1891;9.56833;13.7334;12.5917
2270;4;243.152;-30.8597;4.66852;241.033
2271;4;14.8691;-2.97318;7.38445;-12.4116
2271;4;14.8691;-2.97318;7.38445;-12.4116
2282;4;49.8687;17.0085;30.5513;-35.0086
2282;4;49.8687;17.0085;30.5513;-35.0086
2282;4;49.8687;17.0085;30.5513;-35.0086
2282;4;49.8687;17.0085;30.5513;-35.0086
2310;4;90.9204;-46.9014;11.3563;-76.841
2310;4;90.9204;-46.9014;11.3563;-76.841
2310;4;90.9204;-46.9014;11.3563;-76.841
2321;4;41.0749;-27.3074;29.7828;-5.98054
2321;4;41.0749;-27.3074;29.7828;-5.98054
2321;4;41.0749;-27.3074;29.7828;-5.98054
2321;4;41.0749;-27.3074;29.7828;-5.98054
2334;4;28.1238;-16.7103;1.28018;22.0413
2334;4;28.1238;-16.7103;1.28018;22.0413
2334;4;28.1238;-16.7103;1.28018;22.0413
2334;4;28.1238;-16.7103;1.28018;22.0413
2334;4;28.1238;-16.7103;1.28018;22.0413
2334;4;28.1238;-16.7103;1.28018;22.0413
2335;4;79.8617;-19.0464;19.089;-75.0114
2335;4;79.8617;-19.0464;19.089;-75.0114
2336;4;36.9658;5.27364;24.1469;-27.1022
2336;4;36.9658;5.27364;24.1469;-27.1022
2336;4;36.9658;5.27364;24.1469;-27.1022
2336;4;36.9658;5.27364;24.1469;-27.1022
2336;4;36.9658;5.27364;24.1469;-27.1022
2336;4;36.9658;5.27364;24.1469;-27.1022
2342;4;51.8655;12.5632;49.0405;-8.07462
2342;4;51.8655;12.5632;49.0405;-8.07462
2342;4;51.8655;12.5632;49.0405;-8.07462
2342;4;51.8655;12.5632;49.0405;-8.07462
2350;4;42.7649;38.5529;10.5929;12.6216
2354;4;214.604;-21.3155;17.2813;212.764
2354;4;214.604;-21.3155;17.2813;212.764
2354;4;214.604;-21.3155;17.2813;212.764
2354;4;214.604;-21.3155;17.2813;212.764
2361;4;97.1883;-32.0926;22.0498;88.8054
2361;4;97.1883;-32.0926;22.0498;88.8054
2361;4;97.1883;-32.0926;22.0498;88.8054
2363;4;82.3805;-17.1419;29.1957;74.5844
2363;4;82.3805;-17.1419;29.1957;74.5844
2363;4;82.3805;-17.1419;29.1957;74.5844
2363;4;82.3805;-17.1419;29.1957;74.5844
2363;4;82.3805;-17.1419;29.1957;74.5844
2368;4;44.3663;-39.9196;18.0189;-3.35867
2378;4;22.714;1.07559;20.3822;8.98692
2378;4;22.714;1.07559;20.3822;8.98692
2378;4;22.714;1.07559;20.3822;8.98692
2378;4;22.714;1.07559;20.3822;8.98692
2378;4;22.714;1.07559;20.3822;8.98692
2394;4;227.289;17.7049;18.2885;-225.829
2394;4;227.289;17.7049;18.2885;-225.829
2394;4;227.289;17.7049;18.2885;-225.829
2419;4;50.9398;-11.629;19.974;-44.6515
2419;4;50.9398;-11.629;19.974;-44.6515
2419;4;50.9398;-11.629;19.974;-44.6515
2419;4;50.9398;-11.629;19.974;-44.6515
2428;4;242.94;-22.3108;41.2383;238.215
2463;4;82.7139;-14.881;30.9637;-75.0521
2463;4;82.7139;-14.881;30.9637;-75.0521
2463;4;82.7139;-14.881;30.9637;-75.0521
2479;4;151.055;31.9729;5.12205;147.514
2479;4;151.055;31.9729;5.12205;147.514
2479;4;151.055;31.9729;5.12205;147.514
2479;4;151.055;31.9729;5.12205;147.514
2479;4;151.055;31.9729;5.12205;147.514
2479;4;151.055;31.9729;5.12205;147.514
2481;4;549.677;-23.5549;21.0428;-548.761
2481;4;549.677;-23.5549;21.0428;-548.761
2485;4;71.4268;16.9238;7.56137;-68.9399
2485;4;71.4268;16.9238;7.56137;-68.9399
2485;4;71.4268;16.9238;7.56137;-68.9399
2501;4;26.5435;-1.10328;18.5543;-18.5331
2501;4;26.5435;-1.10328;18.5543;-18.5331
2501;4;26.5435;-1.10328;18.5543;-18.5331
2563;4;68.4873;15.0169;25.3031;61.6917
2563;4;68.4873;15.0169;25.3031;61.6917
2563;4;68.4873;15.0169;25.3031;61.6917
2572;4;36.4913;6.32824;26.9279;23.3088
2572;4;36.4913;6.32824;26.9279;23.3088
2572;4;36.4913;6.32824;26.9279;23.3088
2575;4;180.41;7.11046;14.1447;179.66
2575;4;180.41;7.11046;14.1447;179.66
2575;4;3.78805;-0.175775;0.707535;3.70239
2584;4;36.7152;-19.4716;10.7399;-28.9179
2584;4;36.7152;-19.4716;10.7399;-28.9179
2584;4;36.7152;-19.4716;10.7399;-28.9179
2584;4;36.7152;-19.4716;10.7399;-28.9179
2593;4;391.956;41.7918;4.3117;-389.627
2593;4;391.956;41.7918;4.3117;-389.627
2618;4;53.1106;-7.57431;35.824;-37.3427
2623;4;318.512;16.5192;31.0278;316.539
2623;4;318.512;16.5192;31.0278;316.539
2623;4;318.512;16.5192;31.0278;316.539
2623;4;318.512;16.5192;31.0278;316.539
2633;4;5.72206;-1.06308;3.74179;4.11249
2633;4;5.72206;-1.06308;3.74179;4.11249
2633;4;5.72206;-1.06308;3.74179;4.11249
2643;4;0.49404;-0.191562;0.265057;0.353802
2685;4;510.694;-4.6545;33.426;509.541
2685;4;510.694;-4.6545;33.426;509.541
2695;4;17.7443;7.131;15.5206;-2.8577
2695;4;17.7443;7.131;15.5206;-2.8577
2695;4;17.7443;7.131;15.5206;-2.8577
2698;4;48.2599;-0.804421;2.36111;48.1764
2707;4;37.9175;-29.3611;1.35547;-23.5044
2707;4;37.9175;-29.3611;1.35547;-23.5044
2707;4;37.9175;-29.3611;1.35547;-23.5044
2707;4;37.9175;-29.3611;1.35547;-23.5044
2707;4;37.9175;-29.3611;1.35547;-23.5044
2717;4;51.3573;-22.5793;16.4553;42.8917
2717;4;51.3573;-22.5793;16.4553;42.8917
2717;4;51.3573;-22.5793;16.4553;42.8917
2717;4;51.3573;-22.5793;16.4553;42.8917
2717;4;51.3573;-22.5793;16.4553;42.8917
2738;4;136.386;3.37236;11.9271;135.803
2738;4;136.386;3.37236;11.9271;135.803
2738;4;136.386;3.37236;11.9271;135.803
2738;4;136.386;3.37236;11.9271;135.803
2738;4;136.386;3.37236;11.9271;135.803
2738;4;136.386;3.37236;11.9271;135.803
2756;4;24.6553;23.1211;6.49611;-2.95805
2756;4;24.6553;23.1211;6.49611;-2.95805
2756;4;24.6553;23.1211;6.49611;-2.95805
2769;4;131.424;4.59029;41.4316;124.489
2769;4;131.424;4.59029;41.4316;124.489
2769;4;131.424;4.59029;41.4316;124.489
2777;4;259.719;-32.7904;0.986691;257.552
2777;4;259.719;-32.7904;0.986691;257.552
2777;4;259.719;-32.7904;0.986691;257.552
2786;4;62.4404;3.04833;0.24633;62.357
2786;4;62.4404;3.04833;0.24633;62.357
2786;4;62.4404;3.04833;0.24633;62.357
2786;4;62.4404;3.04833;0.24633;62.357
2812;4;0.0377016;-0.00987137;0.0186069;0.031269
2837;4;34.7692;23.0348;25.3952;0.369216
2837;4;34.7692;23.0348;25.3952;0.369216
2837;4;34.7692;23.0348;25.3952;0.369216
2848;4;36.149;6.12554;17.2606;30.9735
2848;4;36.149;6.12554;17.2606;30.9735
2848;4;36.149;6.12554;17.2606;30.9735
2848;4;36.149;6.12554;17.2606;30.9735
2848;4;36.149;6.12554;17.2606;30.9735
2854;4;85.2855;-18.5801;14.1598;-81.9378
2854;4;85.2855;-18.5801;14.1598;-81.9378
2854;4;85.2855;-18.5801;14.1598;-81.9378
2863;4;787.454;-51.391;1.49266;-785.72
2863;4;787.454;-51.391;1.49266;-785.72
2863;4;787.454;-51.391;1.49266;-785.72
2863;4;787.454;-51.391;1.49266;-785.72
2866;4;134.373;-24.1158;16.5797;131.021
2866;4;19.5797;-6.40791;6.79484;-17.1315
2866;4;19.5797;-6.40791;6.79484;-17.1315
2866;4;19.5797;-6.40791;6.79484;-17.1315
2866;4;19.5797;-6.40791;6.79484;-17.1315
2866;4;19.5797;-6.40791;6.79484;-17.1315
2866;4;19.5797;-6.40791;6.79484;-17.1315
2866;4;19.5797;-6.40791;6.79484;-17.1315
2897;4;84.7335;6.43175;35.2367;-76.6868
2897;4;84.7335;6.43175;35.2367;-76.6868
2897;4;84.7335;6.43175;35.2367;-76.6868
2897;4;84.7335;6.43175;35.2367;-76.6868
2897;4;84.7335;6.43175;35.2367;-76.6868
2897;4;84.7335;6.43175;35.2367;-76.6868
2897;4;84.7335;6.43175;35.2367;-76.6868
2906;4;100.031;-25.5189;30.4513;91.352
2906;4;100.031;-25.5189;30.4513;91.352
2942;4;58.6466;-10.664;19.106;54.1722
2942;4;58.6466;-10.664;19.106;54.1722
2942;4;7.3774;1.42476;5.01331;-5.0629
2942;4;7.3774;1.42476;5.01331;-5.0629
2947;4;124.702;-6.44579;34.9551;-119.291
2975;4;9.03701;7.249;2.14675;-4.83092
2997;4;44.844;5.04032;16.05;-41.4437
2997;4;44.844;5.04032;16.05;-41.4437
3010;4;55.8683;20.1235;12.0801;-50.435
3010;4;55.8683;20.1235;12.0801;-50.435
3010;4;55.8683;20.1235;12.0801;-50.435
3010;4;55.8683;20.1235;12.0801;-50.435
3025;4;512.036;10.3729;31.5522;510.921
3025;4;512.036;10.3729;31.5522;510.921
3025;4;512.036;10.3729;31.5522;510.921
3025;4;512.036;10.3729;31.5522;510.921
3028;4;51.8854;34.2678;17.9413;33.8486
3028;4;51.8854;34.2678;17.9413;33.8486
3028;4;51.8854;34.2678;17.9413;33.8486
3028;4;51.8854;34.2678;17.9413;33.8486
3042;4;569.971;8.42592;55.453;-567.177
3042;4;569.971;8.42592;55.453;-567.177
3042;4;569.971;8.42592;55.453;-567.177
3042;4;569.971;8.42592;55.453;-567.177
3128;4;151.977;-34.1007;8.55796;-147.705
3128;4;151.977;-34.1007;8.55796;-147.705
3128;4;151.977;-34.1007;8.55796;-147.705
3128;4;151.977;-34.1007;8.55796;-147.705
3128;4;151.977;-34.1007;8.55796;-147.705
3128;4;151.977;-34.1007;8.55796;-147.705
3139;4;27.9118;11.6611;20.9079;-13.8218
3139;4;27.9118;11.6611;20.9079;-13.8218
3141;4;1.28252;-0.550634;0.398872;1.01677
3143;4;53.7534;-23.9696;25.2952;40.4515
3143;4;53.7534;-23.9696;25.2952;40.4515
3143;4;53.7534;-23.9696;25.2952;40.4515
3203;4;162.799;-15.6622;4.08313;161.963
3203;4;162.799;-15.6622;4.08313;161.963
3203;4;162.799;-15.6622;4.08313;161.963
3205;4;11.9888;3.54302;8.34098;-7.76359
3205;4;11.9888;3.54302;8.34098;-7.76359
3205;4;11.9888;3.54302;8.34098;-7.76359
3205;4;11.9888;3.54302;8.34098;-7.76359
3205;4;11.9888;3.54302;8.34098;-7.76359
3205;4;11.9888;3.54302;8.34098;-7.76359
3205;4;11.9888;3.54302;8.34098;-7.76359
3205;4;11.9888;3.54302;8.34098;-7.76359
3217;4;41.5273;7.82484;20.6453;-34.9416
3217;4;41.5273;7.82484;20.6453;-34.9416
3217;4;41.5273;7.82484;20.6453;-34.9416
3217;4;41.5273;7.82484;20.6453;-34.9416
3327;4;68.5803;-24.3544;45.2593;45.0971
3327;4;68.5803;-24.3544;45.2593;45.0971
3327;4;68.5803;-24.3544;45.2593;45.0971
3327;4;68.5803;-24.3544;45.2593;45.0971
3327;4;68.5803;-24.3544;45.2593;45.0971
3400;4;2.21871;-2.034;0.798009;-0.206163
3400;4;2.21871;-2.034;0.798009;-0.206163
3400;4;2.21871;-2.034;0.798009;-0.206163
3400;4;2.21871;-2.034;0.798009;-0.206163
3433;4;30.0116;17.3392;2.52949;24.0237
3433;4;30.0116;17.3392;2.52949;24.0237
3433;4;30.0116;17.3392;2.52949;24.0237
3433;4;30.0116;17.3392;2.52949;24.0237
3433;4;0.124464;0.103729;0.0599071;0.0333347
3433;4;0.124464;0.103729;0.0599071;0.0333347
3436;4;35.2968;-1.96056;33.0826;11.4567
3436;4;35.2968;-1.96056;33.0826;11.4567
3436;4;35.2968;-1.96056;33.0826;11.4567
3436;4;35.2968;-1.96056;33.0826;11.4567
3436;4;35.2968;-1.96056;33.0826;11.4567
3436;4;35.2968;-1.96056;33.0826;11.4567
3439;4;215.463;-8.45325;3.35993;215.259
3439;4;215.463;-8.45325;3.35993;215.259
3461;4;31.0891;8.82641;4.91273;-29.1504
3466;4;7.2747;4.96308;1.82677;4.65376
3466;4;7.2747;4.96308;1.82677;4.65376
3466;4;7.2747;4.96308;1.82677;4.65376
3466;4;7.2747;4.96308;1.82677;4.65376
3471;4;316.612;-1.04882;31.1301;315.043
3471;4;316.612;-1.04882;31.1301;315.043
3471;4;316.612;-1.04882;31.1301;315.043
3471;4;316.612;-1.04882;31.1301;315.043
3471;4;316.612;-1.04882;31.1301;315.043
3471;4;316.612;-1.04882;31.1301;315.043
3472;4;280.59;27.6921;15.4741;278.746
3472;4;280.59;27.6921;15.4741;278.746
3476;4;67.4173;31.1749;13.4389;-57.9768
3476;4;67.4173;31.1749;13.4389;-57.9768
3476;4;67.4173;31.1749;13.4389;-57.9768
3476;4;67.4173;31.1749;13.4389;-57.9768
3476;4;67.4173;31.1749;13.4389;-57.9768
3501;4;10.5974;-1.24505;3.27002;-9.96424
3501;4;10.5974;-1.24505;3.27002;-9.96424
3501;4;10.5974;-1.24505;3.27002;-9.96424
3502;4;63.1771;11.7922;20.7378;-58.2693
3502;4;63.1771;11.7922;20.7378;-58.2693
3502;4;63.1771;11.7922;20.7378;-58.2693
3502;4;63.1771;11.7922;20.7378;-58.2693
3502;4;63.1771;11.7922;20.7378;-58.2693
3505;4;1.71878;-0.217395;0.427705;-1.65046
3512;4;33.1929;28.8915;1.93553;15.5517
3512;4;33.1929;28.8915;1.93553;15.5517
3512;4;33.1929;28.8915;1.93553;15.5517
3512;4;33.1929;28.8915;1.93553;15.5517
3512;4;33.1929;28.8915;1.93553;15.5517
3528;4;32.4002;-14.6751;20.5647;19.5405
3528;4;32.4002;-14.6751;20.5647;19.5405
3542;4;848.51;-17.1839;22.3836;-848.016
3561;4;411.953;-1.14607;2.40182;411.941
3561;4;411.953;-1.14607;2.40182;411.941
3584;4;447.348;23.178;14.7535;446.442
3584;4;447.348;23.178;14.7535;446.442
3584;4;447.348;23.178;14.7535;446.442
3588;4;29.7364;6.28912;9.54528;-27.3445
3588;4;29.7364;6.28912;9.54528;-27.3445
3595;4;63.7322;37.267;20.7434;-46.8251
3595;4;63.7322;37.267;20.7434;-46.8251
3595;4;63.7322;37.267;20.7434;-46.8251
3595;4;63.7322;37.267;20.7434;-46.8251
3602;4;133.755;13.9824;2.57072;132.948
3618;4;254.826;-35.8157;16.1022;251.733
3618;4;254.826;-35.8157;16.1022;251.733
3618;4;254.826;-35.8157;16.1022;251.733
3618;4;254.826;-35.8157;16.1022;251.733
3618;4;254.826;-35.8157;16.1022;251.733
3618;4;254.826;-35.8157;16.1022;251.733
3620;4;10.0067;6.01453;6.57868;3.5189
3620;4;10.0067;6.01453;6.57868;3.5189
3620;4;10.0067;6.01453;6.57868;3.5189
3648;4;321.826;14.9711;26.0362;-320.407
3648;4;321.826;14.9711;26.0362;-320.407
3648;4;321.826;14.9711;26.0362;-320.407
3648;4;321.826;14.9711;26.0362;-320.407
3648;4;321.826;14.9711;26.0362;-320.407
3651;4;297.743;-18.1283;28.6531;295.717
3651;4;297.743;-18.1283;28.6531;295.717
3651;4;297.743;-18.1283;28.6531;295.717
3651;4;297.743;-18.1283;28.6531;295.717
3667;4;306.379;-22.234;28.3996;304.222
3667;4;306.379;-22.234;28.3996;304.222
3667;4;306.379;-22.234;28.3996;304.222
3695;4;78.0209;-17.8894;39.7878;64.441
3695;4;78.0209;-17.8894;39.7878;64.441
3695;4;78.0209;-17.8894;39.7878;64.441
3698;4;242.705;35.6287;14.1729;239.588
3698;4;242.705;35.6287;14.1729;239.588
3698;4;242.705;35.6287;14.1729;239.588
3698;4;242.705;35.6287;14.1729;239.588
3703;4;15.3474;6.78361;9.29851;9.57653
3703;4;15.3474;6.78361;9.29851;9.57653
3703;4;15.3474;6.78361;9.29851;9.57653
3703;4;15.3474;6.78361;9.29851;9.57653
3723;4;43.7926;-4.89569;27.9644;32.7947
3723;4;43.7926;-4.89569;27.9644;32.7947
3723;4;43.7926;-4.89569;27.9644;32.7947
3723;4;43.7926;-4.89569;27.9644;32.7947
3727;4;89.1779;33.8401;0.143115;-82.1598
3727;4;89.1779;33.8401;0.143115;-82.1598
3727;4;89.1779;33.8401;0.143115;-82.1598
3727;4;89.1779;33.8401;0.143115;-82.1598
3727;4;89.1779;33.8401;0.143115;-82.1598
3727;4;89.1779;33.8401;0.143115;-82.1598
3727;4;89.1779;33.8401;0.143115;-82.1598
3733;4;78.5655;10.7988;72.1989;-26.839
3748;4;155.229;-26.6098;9.62236;152.583
3748;4;155.229;-26.6098;9.62236;152.583
3748;4;155.229;-26.6098;9.62236;152.583
3751;4;58.4155;8.84167;0.8722;-57.5814
3751;4;58.4155;8.84167;0.8722;-57.5814
3751;4;58.4155;8.84167;0.8722;-57.5814
3751;4;58.4155;8.84167;0.8722;-57.5814
3760;4;9.58675;-8.2598;0.200036;-4.63065
3760;4;9.58675;-8.2598;0.200036;-4.63065
3760;4;9.58675;-8.2598;0.200036;-4.63065
3766;4;118.061;9.30739;27.2886;114.442
3766;4;118.061;9.30739;27.2886;114.442
3778;4;33.44;8.08546;29.3512;-11.4352
3778;4;33.44;8.08546;29.3512;-11.4352
3778;4;33.44;8.08546;29.3512;-11.4352
3778;4;33.44;8.08546;29.3512;-11.4352
3786;4;121.88;111.148;31.016;36.9391
3786;4;121.88;111.148;31.016;36.9391
3786;4;121.88;111.148;31.016;36.9391
3786;4;121.88;111.148;31.016;36.9391
3786;4;121.88;111.148;31.016;36.9391
3786;4;121.88;111.148;31.016;36.9391
3788;4;53.3579;0.642157;0.181615;-53.3535
3788;4;53.3579;0.642157;0.181615;-53.3535
3794;4;23.5838;-16.9622;15.8897;-3.63547
3794;4;23.5838;-16.9622;15.8897;-3.63547
3794;4;23.5838;-16.9622;15.8897;-3.63547
3794;4;23.5838;-16.9622;15.8897;-3.63547
3811;4;62.676;10.0354;2.88059;61.7821
3811;4;62.676;10.0354;2.88059;61.7821
3811;4;62.676;10.0354;2.88059;61.7821
3813;4;505.243;-26.3007;53.6511;-501.636
3813;4;505.243;-26.3007;53.6511;-501.636
3813;4;505.243;-26.3007;53.6511;-501.636
3813;4;505.243;-26.3007;53.6511;-501.636
3815;4;42.3881;38.9379;9.52917;-9.76218
3815;4;42.3881;38.9379;9.52917;-9.76218
3815;4;42.3881;38.9379;9.52917;-9.76218
3815;4;42.3881;38.9379;9.52917;-9.76218
3815;4;42.3881;38.9379;9.52917;-9.76218
3832;4;40.7972;7.44717;32.5213;22.3493
3832;4;40.7972;7.44717;32.5213;22.3493
3832;4;40.7972;7.44717;32.5213;22.3493
3832;4;40.7972;7.44717;32.5213;22.3493
3832;4;40.7972;7.44717;32.5213;22.3493
3832;4;40.7972;7.44717;32.5213;22.3493
3832;4;40.7972;7.44717;32.5213;22.3493
3832;4;30.1019;19.813;11.6627;-18.9492
3832;4;30.1019;19.813;11.6627;-18.9492
3832;4;30.1019;19.813;11.6627;-18.9492
3832;4;30.1019;19.813;11.6627;-18.9492
3836;4;71.461;-16.2878;5.7983;69.2825
3836;4;71.461;-16.2878;5.7983;69.2825
3836;4;71.461;-16.2878;5.7983;69.2825
3836;4;71.461;-16.2878;5.7983;69.2825
3836;4;71.461;-16.2878;5.7983;69.2825
3838;4;79.3159;-29.9645;19.4079;-70.6064
3838;4;79.3159;-29.9645;19.4079;-70.6064
3838;4;79.3159;-29.9645;19.4079;-70.6064
3838;4;79.3159;-29.9645;19.4079;-70.6064
3838;4;79.3159;-29.9645;19.4079;-70.6064
3839;4;16.7103;-7.38893;11.8602;8.89331
3839;4;16.7103;-7.38893;11.8602;8.89331
3839;4;16.7103;-7.38893;11.8602;8.89331
3839;4;16.7103;-7.38893;11.8602;8.89331
3839;4;16.7103;-7.38893;11.8602;8.89331
3869;4;84.0127;27.9422;2.47042;-79.1395
3869;4;84.0127;27.9422;2.47042;-79.1395
3886;4;47.8508;-23.1777;9.3644;40.6256
3886;4;47.8508;-23.1777;9.3644;40.6256
3886;4;47.8508;-23.1777;9.3644;40.6256
3886;4;47.8508;-23.1777;9.3644;40.6256
3890;4;65.1767;32.8357;21.7161;51.1334
3933;4;253.745;34.612;2.83761;251.326
3933;4;253.745;34.612;2.83761;251.326
3933;4;253.745;34.612;2.83761;251.326
3933;4;253.745;34.612;2.83761;251.326
3979;4;132.734;14.214;5.3581;-131.829
3979;4;132.734;14.214;5.3581;-131.829
3979;4;132.734;14.214;5.3581;-131.829
4018;4;39.0708;14.7202;10.7492;-34.4636
4018;4;39.0708;14.7202;10.7492;-34.4636
4018;4;39.0708;14.7202;10.7492;-34.4636
4018;4;39.0708;14.7202;10.7492;-34.4636
4018;4;39.0708;14.7202;10.7492;-34.4636
4018;4;39.0708;14.7202;10.7492;-34.4636
4018;4;39.0708;14.7202;10.7492;-34.4636
4036;4;16.6161;-1.06324;0.446812;-16.5269
4068;4;28.478;20.8072;17.946;-6.58364
4068;4;28.478;20.8072;17.946;-6.58364
4068;4;28.478;20.8072;17.946;-6.58364
4068;4;28.478;20.8072;17.946;-6.58364
4095;4;419.662;35.2736;19.0458;417.728
4095;4;419.662;35.2736;19.0458;417.728
4095;4;419.662;35.2736;19.0458;417.728
4095;4;419.662;35.2736;19.0458;417.728
4099;4;660.799;60.3425;90.7968;-651.682
4099;4;660.799;60.3425;90.7968;-651.682
4099;4;660.799;60.3425;90.7968;-651.682
4099;4;660.799;60.3425;90.7968;-651.682
4099;4;660.799;60.3425;90.7968;-651.682
4117;4;18.4664;-1.76976;0.710984;-18.2844
4125;4;0.457059;-0.116476;0.309763;0.247307
4125;4;0.457059;-0.116476;0.309763;0.247307
4130;4;139.114;20.1321;28.4505;-134.534
4130;4;139.114;20.1321;28.4505;-134.534
4130;4;139.114;20.1321;28.4505;-134.534
4135;4;159.091;71.148;134.433;43.0567
4135;4;159.091;71.148;134.433;43.0567
4135;4;159.091;71.148;134.433;43.0567
4135;4;159.091;71.148;134.433;43.0567
4135;4;159.091;71.148;134.433;43.0567
4135;4;159.091;71.148;134.433;43.0567
4135;4;159.091;71.148;134.433;43.0567
4135;4;159.091;71.148;134.433;43.0567
4135;4;159.091;71.148;134.433;43.0567
4150;4;2.82516;-1.38613;1.25781;-2.0405
4150;4;2.82516;-1.38613;1.25781;-2.0405
4150;4;2.82516;-1.38613;1.25781;-2.0405
4178;4;292.111;-1.65425;32.9143;290.196
4178;4;292.111;-1.65425;32.9143;290.196
4178;4;292.111;-1.65425;32.9143;290.196
4178;4;292.111;-1.65425;32.9143;290.196
4178;4;3.79489;-0.50898;2.61058;2.66122
4178;4;3.79489;-0.50898;2.61058;2.66122
4191;4;16.1741;-1.11823;0.137993;-16.1314
4192;4;51.5391;48.1095;11.6193;9.86579
4192;4;51.5391;48.1095;11.6193;9.86579
4192;4;51.5391;48.1095;11.6193;9.86579
4192;4;51.5391;48.1095;11.6193;9.86579
4194;4;77.9867;-40.5818;34.1041;-56.2317
4194;4;77.9867;-40.5818;34.1041;-56.2317
4194;4;77.9867;-40.5818;34.1041;-56.2317
4194;4;77.9867;-40.5818;34.1041;-56.2317
4194;4;77.9867;-40.5818;34.1041;-56.2317
4241;4;86.1056;40.8352;58.4103;46.8718
4241;4;86.1056;40.8352;58.4103;46.8718
4241;4;86.1056;40.8352;58.4103;46.8718
4241;4;86.1056;40.8352;58.4103;46.8718
4241;4;6.7236;-0.88895;0.277772;6.65834
4257;4;15.0681;11.6964;5.94995;5.92435
4278;4;75.786;11.2792;37.2504;64.7674
4278;4;75.786;11.2792;37.2504;64.7674
4278;4;75.786;11.2792;37.2504;64.7674
4278;4;75.786;11.2792;37.2504;64.7674
4278;4;75.786;11.2792;37.2504;64.7674
4278;4;75.786;11.2792;37.2504;64.7674
4294;4;18.9838;-13.204;4.34234;-12.2708
4294;4;18.9838;-13.204;4.34234;-12.2708
4294;4;18.9838;-13.204;4.34234;-12.2708
4294;4;18.9838;-13.204;4.34234;-12.2708
4295;4;65.2529;25.7785;28.5485;52.1644
4295;4;65.2529;25.7785;28.5485;52.1644
4295;4;65.2529;25.7785;28.5485;52.1644
4295;4;65.2529;25.7785;28.5485;52.1644
4295;4;65.2529;25.7785;28.5485;52.1644
4295;4;65.2529;25.7785;28.5485;52.1644
4295;4;65.2529;25.7785;28.5485;52.1644
4303;4;94.8203;1.30018;15.3617;93.533
4303;4;94.8203;1.30018;15.3617;93.533
4303;4;94.8203;1.30018;15.3617;93.533
4303;4;94.8203;1.30018;15.3617;93.533
4303;4;94.8203;1.30018;15.3617;93.533
4303;4;94.8203;1.30018;15.3617;93.533
4303;4;94.8203;1.30018;15.3617;93.533
4303;4;94.8203;1.30018;15.3617;93.533
4303;4;94.8203;1.30018;15.3617;93.533
4303;4;94.8203;1.30018;15.3617;93.533
4303;4;94.8203;1.30018;15.3617;93.533
4307;4;2.48421;0.190822;0.154393;2.46593
4310;4;31.9295;-10.3053;25.6226;15.5086
4310;4;31.9295;-10.3053;25.6226;15.5086
4310;4;31.9295;-10.3053;25.6226;15.5086
4345;4;9.99572;5.06728;0.337703;-8.52595
4345;4;9.99572;5.06728;0.337703;-8.52595
4358;4;59.049;2.48558;21.6544;54.828
4358;4;59.049;2.48558;21.6544;54.828
4358;4;59.049;2.48558;21.6544;54.828
4366;4;814.297;-2.36286;17.1594;814.105
4366;4;814.297;-2.36286;17.1594;814.105
4366;4;814.297;-2.36286;17.1594;814.105
4383;4;581.416;-11.7898;32.2873;580.368
4383;4;581.416;-11.7898;32.2873;580.368
4383;4;581.416;-11.7898;32.2873;580.368
4385;4;12.6995;-5.02396;10.2449;-5.22277
4385;4;12.6995;-5.02396;10.2449;-5.22277
4388;4;498.921;-6.72359;18.6226;498.516
4388;4;498.921;-6.72359;18.6226;498.516
4388;4;498.921;-6.72359;18.6226;498.516
4388;4;498.921;-6.72359;18.6226;498.516
4388;4;498.921;-6.72359;18.6226;498.516
4399;4;225.087;-10.8626;27.4743;-223.012
4399;4;225.087;-10.8626;27.4743;-223.012
4414;4;225.922;-22.5187;26.6983;-223.153
4414;4;225.922;-22.5187;26.6983;-223.153
4414;4;225.922;-22.5187;26.6983;-223.153
4458;4;237.198;3.70495;36.9663;234.005
4463;4;37.5595;-17.1447;23.1471;22.487
4463;4;37.5595;-17.1447;23.1471;22.487
4463;4;37.5595;-17.1447;23.1471;22.487
4463;4;37.5595;-17.1447;23.1471;22.487
4463;4;37.5595;-17.1447;23.1471;22.487
4463;4;37.5595;-17.1447;23.1471;22.487
4466;4;32.6113;21.0301;12.7805;-20.8535
4466;4;32.6113;21.0301;12.7805;-20.8535
4466;4;32.6113;21.0301;12.7805;-20.8535
4466;4;32.6113;21.0301;12.7805;-20.8535
4466;4;32.6113;21.0301;12.7805;-20.8535
4482;4;82.1716;-15.4247;12.4765;-79.5566
4482;4;82.1716;-15.4247;12.4765;-79.5566
4482;4;82.1716;-15.4247;12.4765;-79.5566
4482;4;82.1716;-15.4247;12.4765;-79.5566
4499;4;8.55254;-2.00999;7.52048;-1.77998
4501;4;15.3806;10.8337;2.17812;10.3564
4519;4;759.537;-52.4954;21.4881;757.404
4519;4;759.537;-52.4954;21.4881;757.404
4519;4;759.537;-52.4954;21.4881;757.404
4519;4;759.537;-52.4954;21.4881;757.404
4530;4;196.336;-11.8412;32.9452;193.155
4530;4;196.336;-11.8412;32.9452;193.155
4530;4;196.336;-11.8412;32.9452;193.155
4530;4;196.336;-11.8412;32.9452;193.155
4530;4;196.336;-11.8412;32.9452;193.155
4571;4;108.405;-29.8533;0.960279;104.089
4571;4;108.405;-29.8533;0.960279;104.089
4571;4;108.405;-29.8533;0.960279;104.089
4588;4;302.837;-5.981;4.81166;-302.733
4588;4;302.837;-5.981;4.81166;-302.733
4588;4;302.837;-5.981;4.81166;-302.733
4588;4;302.837;-5.981;4.81166;-302.733
4588;4;302.837;-5.981;4.81166;-302.733
4593;4;176.478;-34.2257;12.5175;172.357
4593;4;176.478;-34.2257;12.5175;172.357
4593;4;176.478;-34.2257;12.5175;172.357
4593;4;176.478;-34.2257;12.5175;172.357
4593;4;176.478;-34.2257;12.5175;172.357
4599;4;131.898;-12.4246;53.7864;119.377
4607;4;132.187;-21.4682;20.145;128.849
4607;4;132.187;-21.4682;20.145;128.849
4607;4;132.187;-21.4682;20.145;128.849
4607;4;132.187;-21.4682;20.145;128.849
4629;4;13.2413;-4.725;4.12929;-11.5682
4629;4;13.2413;-4.725;4.12929;-11.5682
4631;4;626.043;10.9859;17.534;625.674
4631;4;626.043;10.9859;17.534;625.674
4631;4;626.043;10.9859;17.534;625.674
4631;4;626.043;10.9859;17.534;625.674
4631;4;626.043;10.9859;17.534;625.674
4631;4;626.043;10.9859;17.534;625.674
4667;4;26.776;2.53094;11.429;23.9958
4667;4;26.776;2.53094;11.429;23.9958
4667;4;26.776;2.53094;11.429;23.9958
4667;4;26.776;2.53094;11.429;23.9958
4671;4;469.197;-20.0863;0.0623207;-468.758
4671;4;469.197;-20.0863;0.0623207;-468.758
4671;4;469.197;-20.0863;0.0623207;-468.758
4671;4;469.197;-20.0863;0.0623207;-468.758
4671;4;469.197;-20.0863;0.0623207;-468.758
4671;4;469.197;-20.0863;0.0623207;-468.758
4671;4;469.197;-20.0863;0.0623207;-468.758
4671;4;469.197;-20.0863;0.0623207;-468.758
4686;4;59.0261;-14.2092;24.5027;-51.4841
4686;4;59.0261;-14.2092;24.5027;-51.4841
4686;4;59.0261;-14.2092;24.5027;-51.4841
4686;4;59.0261;-14.2092;24.5027;-51.4841
4686;4;59.0261;-14.2092;24.5027;-51.4841
4688;4;49.4406;2.5938;0.112589;-49.3715
4688;4;49.4406;2.5938;0.112589;-49.3715
4693;4;7.52687;-5.04658;0.433019;5.11756
4693;4;7.52687;-5.04658;0.433019;5.11756
4693;4;7.52687;-5.04658;0.433019;5.11756
4693;4;7.52687;-5.04658;0.433019;5.11756
4721;4;51.2598;25.9585;27.5508;33.2784
4721;4;51.2598;25.9585;27.5508;33.2784
4721;4;51.2598;25.9585;27.5508;33.2784
4721;4;51.2598;25.9585;27.5508;33.2784
4721;4;51.2598;25.9585;27.5508;33.2784
4730;4;17.0104;16.7309;0.230872;-2.29693
4730;4;17.0104;16.7309;0.230872;-2.29693
4730;4;17.0104;16.7309;0.230872;-2.29693
4733;4;63.7298;36.8249;36.6971;36.2545
4733;4;63.7298;36.8249;36.6971;36.2545
4733;4;63.7298;36.8249;36.6971;36.2545
4733;4;63.7298;36.8249;36.6971;36.2545
4733;4;63.7298;36.8249;36.6971;36.2545
4733;4;63.7298;36.8249;36.6971;36.2545
4733;4;63.7298;36.8249;36.6971;36.2545
4733;4;63.7298;36.8249;36.6971;36.2545
4733;4;63.7298;36.8249;36.6971;36.2545
4749;4;3.31128;2.94903;0.864986;-0.940857
4749;4;3.31128;2.94903;0.864986;-0.940857
4756;4;80.4438;-23.6427;24.7329;-72.4772
4756;4;80.4438;-23.6427;24.7329;-72.4772
4756;4;80.4438;-23.6427;24.7329;-72.4772
4761;4;15.7782;0.00822924;13.9231;6.93549
4761;4;15.7782;0.00822924;13.9231;6.93549
4786;4;52.7566;-1.49035;0.475207;-52.7332
4786;4;52.7566;-1.49035;0.475207;-52.7332
4786;4;52.7566;-1.49035;0.475207;-52.7332
4799;4;231.693;-8.24798;24.7609;230.18
4799;4;231.693;-8.24798;24.7609;230.18
4799;4;231.693;-8.24798;24.7609;230.18
4799;4;231.693;-8.24798;24.7609;230.18
4848;4;39.5133;-9.65489;6.87109;-37.6334
4848;4;39.5133;-9.65489;6.87109;-37.6334
4848;4;39.5133;-9.65489;6.87109;-37.6334
4848;4;39.5133;-9.65489;6.87109;-37.6334
4848;4;39.5133;-9.65489;6.87109;-37.6334
4857;4;20.9857;-6.12479;17.3114;8.42638
4857;4;20.9857;-6.12479;17.3114;8.42638
4857;4;20.9857;-6.12479;17.3114;8.42638
4870;4;420.803;4.2933;49.1391;417.818
4870;4;420.803;4.2933;49.1391;417.818
4870;4;420.803;4.2933;49.1391;417.818
4870;4;420.803;4.2933;49.1391;417.818
4870;4;420.803;4.2933;49.1391;417.818
4870;4;420.803;4.2933;49.1391;417.818
4876;4;211.061;17.7845;3.52258;210.194
4876;4;211.061;17.7845;3.52258;210.194
4901;4;41.9274;4.83522;7.11394;-40.8888
4901;4;41.9274;4.83522;7.11394;-40.8888
4901;4;41.9274;4.83522;7.11394;-40.8888
4901;4;41.9274;4.83522;7.11394;-40.8888
4901;4;41.9274;4.83522;7.11394;-40.8888
4925;4;382.217;-10.8454;6.25944;381.989
4925;4;382.217;-10.8454;6.25944;381.989
4925;4;382.217;-10.8454;6.25944;381.989
4925;4;382.217;-10.8454;6.25944;381.989
4925;4;382.217;-10.8454;6.25944;381.989
4925;4;382.217;-10.8454;6.25944;381.989
4953;4;14.3348;0.186912;0.959519;14.2928
4965;4;177.216;1.14272;5.28966;177.125
4965;4;177.216;1.14272;5.28966;177.125
4965;4;177.216;1.14272;5.28966;177.125
4965;4;177.216;1.14272;5.28966;177.125
4965;4;177.216;1.14272;5.28966;177.125
4965;4;177.216;1.14272;5.28966;177.125
4965;4;177.216;1.14272;5.28966;177.125
4965;4;177.216;1.14272;5.28966;177.125
4967;4;361.136;14.9939;17.2389;360.404
4969;4;290.38;8.04286;2.51524;-290.237
4969;4;290.38;8.04286;2.51524;-290.237
4972;4;174.632;-10.8147;21.7349;-172.88
4972;4;174.632;-10.8147;21.7349;-172.88
4972;4;174.632;-10.8147;21.7349;-172.88
4972;4;174.632;-10.8147;21.7349;-172.88
4972;4;174.632;-10.8147;21.7349;-172.88
4982;4;20.3689;2.98257;0.379083;20.1333
4982;4;20.3689;2.98257;0.379083;20.1333
4982;4;20.3689;2.98257;0.379083;20.1333
4982;4;20.3689;2.98257;0.379083;20.1333
4982;4;20.3689;2.98257;0.379083;20.1333
4986;4;7.01784;5.82878;0.0839666;-3.43197
4994;4;46.7673;20.867;29.8187;28.9274
4994;4;46.7673;20.867;29.8187;28.9274
4994;4;46.7673;20.867;29.8187;28.9274
5008;4;82.7064;5.27467;18.7193;80.3496
5008;4;82.7064;5.27467;18.7193;80.3496
5008;4;82.7064;5.27467;18.7193;80.3496
5008;4;82.7064;5.27467;18.7193;80.3496
5008;4;82.7064;5.27467;18.7193;80.3496
5008;4;82.7064;5.27467;18.7193;80.3496
5037;4;36.562;9.68033;17.0767;-30.512
5039;4;95.4453;-15.0811;29.3684;89.448
5039;4;95.4453;-15.0811;29.3684;89.448
5039;4;95.4453;-15.0811;29.3684;89.448
5067;4;11.7105;-10.8712;3.80509;-0.0822852
5067;4;11.7105;-10.8712;3.80509;-0.0822852
5076;4;222.716;26.455;20.6773;220.065
5076;4;222.716;26.455;20.6773;220.065
5076;4;222.716;26.455;20.6773;220.065
5076;4;222.716;26.455;20.6773;220.065
5092;4;17.2584;2.76914;16.6438;0.196
5092;4;17.2584;2.76914;16.6438;0.196
5092;4;17.2584;2.76914;16.6438;0.196
5095;4;31.4031;11.7829;28.1931;6.11968
5095;4;31.4031;11.7829;28.1931;6.11968
5095;4;31.4031;11.7829;28.1931;6.11968
5125;4;20.203;-4.57674;19.1405;-2.61205
5125;4;20.203;-4.57674;19.1405;-2.61205
5131;4;207.075;-9.04453;4.98878;-206.802
5131;4;207.075;-9.04453;4.98878;-206.802
5133;4;56.3983;2.98806;4.87093;-56.0759
5143;4;72.8297;-19.5628;6.13918;69.7517
5143;4;72.8297;-19.5628;6.13918;69.7517
5143;4;72.8297;-19.5628;6.13918;69.7517
5143;4;72.8297;-19.5628;6.13918;69.7517
5143;4;72.8297;-19.5628;6.13918;69.7517
5152;4;29.6608;6.75847;11.8626;-26.1275
5206;4;42.6582;24.5775;4.32663;34.5153
5206;4;42.6582;24.5775;4.32663;34.5153
5209;4;41.2609;-0.995611;5.72963;40.8085
5209;4;41.2609;-0.995611;5.72963;40.8085
5216;4;268.749;-15.7722;15.9341;-267.73
5216;4;268.749;-15.7722;15.9341;-267.73
5247;4;155.44;-1.44138;1.47139;-155.424
5257;4;161.168;-31.681;8.80747;157.727
5257;4;161.168;-31.681;8.80747;157.727
5258;4;39.8467;-12.5692;35.3233;-9.62814
5258;4;39.8467;-12.5692;35.3233;-9.62814
5258;4;39.8467;-12.5692;35.3233;-9.62814
5258;4;39.8467;-12.5692;35.3233;-9.62814
5260;4;9.13489;-1.6123;0.354352;8.97717
5272;4;30.6322;-19.9782;5.84627;-22.0687
5272;4;30.6322;-19.9782;5.84627;-22.0687
5272;4;30.6322;-19.9782;5.84627;-22.0687
5272;4;30.6322;-19.9782;5.84627;-22.0687
5272;4;30.6322;-19.9782;5.84627;-22.0687
5291;4;29.5341;-25.0264;10.4947;-10.5362
5291;4;29.5341;-25.0264;10.4947;-10.5362
5291;4;29.5341;-25.0264;10.4947;-10.5362
5291;4;29.5341;-25.0264;10.4947;-10.5362
5291;4;29.5341;-25.0264;10.4947;-10.5362
5291;4;29.5341;-25.0264;10.4947;-10.5362
5291;4;29.5341;-25.0264;10.4947;-10.5362
5307;4;195.44;29.513;12.581;192.61
5307;4;195.44;29.513;12.581;192.61
5307;4;195.44;29.513;12.581;192.61
5307;4;195.44;29.513;12.581;192.61
5339;4;49.7085;-17.2574;9.58616;-45.5193
5339;4;49.7085;-17.2574;9.58616;-45.5193
5339;4;49.7085;-17.2574;9.58616;-45.5193
5367;4;112.196;16.6992;15.5759;-109.796
5367;4;112.196;16.6992;15.5759;-109.796
5367;4;112.196;16.6992;15.5759;-109.796
5372;4;13.4617;-13.0378;0.914043;1.75295
5372;4;13.4617;-13.0378;0.914043;1.75295
5372;4;13.4617;-13.0378;0.914043;1.75295
5372;4;13.4617;-13.0378;0.914043;1.75295
5383;4;42.4068;-7.00236;26.2493;32.331
5385;4;104.875;-3.24794;20.6558;102.731
5406;4;42.2513;12.8243;16.821;-35.5729
5417;4;95.5587;-14.804;39.2729;-85.618
5417;4;95.5587;-14.804;39.2729;-85.618
5417;4;95.5587;-14.804;39.2729;-85.618
5417;4;95.5587;-14.804;39.2729;-85.618
5417;4;95.5587;-14.804;39.2729;-85.618
5417;4;95.5587;-14.804;39.2729;-85.618
5463;4;20.2711;-7.58632;4.86799;17.3804
5475;4;15.0482;-1.47568;2.40552;-14.7628
5475;4;15.0482;-1.47568;2.40552;-14.7628
5495;4;77.7573;-1.1562;12.4901;76.6914
5495;4;77.7573;-1.1562;12.4901;76.6914
5499;4;17.7173;-12.1506;6.09149;11.0787
5500;4;1.93357;-0.0877343;0.411755;-1.82146
5526;4;37.6848;17.8819;12.685;-30.4201
5526;4;37.6848;17.8819;12.685;-30.4201
5526;4;37.6848;17.8819;12.685;-30.4201
5535;4;101.234;5.85134;39.8819;92.6522
5535;4;101.234;5.85134;39.8819;92.6522
5535;4;101.234;5.85134;39.8819;92.6522
5559;4;21.8477;-4.65128;0.410149;21.1815
5559;4;21.8477;-4.65128;0.410149;21.1815
5567;4;303.578;8.89009;34.9003;301.342
5567;4;303.578;8.89009;34.9003;301.342
5567;4;303.578;8.89009;34.9003;301.342
5567;4;303.578;8.89009;34.9003;301.342
5567;4;303.578;8.89009;34.9003;301.342
5579;4;60.3723;49.4474;24.2033;23.7241
5579;4;60.3723;49.4474;24.2033;23.7241
5579;4;60.3723;49.4474;24.2033;23.7241
5579;4;60.3723;49.4474;24.2033;23.7241
5579;4;60.3723;49.4474;24.2033;23.7241
5579;4;60.3723;49.4474;24.2033;23.7241
5587;4;26.4821;3.10642;14.3444;-21.5874
5587;4;26.4821;3.10642;14.3444;-21.5874
5587;4;26.4821;3.10642;14.3444;-21.5874
5587;4;26.4821;3.10642;14.3444;-21.5874
5595;4;2.00587;-0.315819;0.75218;-1.82742
5598;4;18.4507;1.61528;0.258624;-18.2481
5598;4;18.4507;1.61528;0.258624;-18.2481
5598;4;18.4507;1.61528;0.258624;-18.2481
5610;4;2.78402;-0.0489965;0.474461;-2.7351
5610;4;2.78402;-0.0489965;0.474461;-2.7351
5612;4;30.6217;-0.896894;0.915311;30.5865
5664;4;36.236;14.2285;0.654875;-33.1622
5683;4;149.912;33.4729;13.6285;145.408
5683;4;149.912;33.4729;13.6285;145.408
5683;4;149.912;33.4729;13.6285;145.408
5683;4;149.912;33.4729;13.6285;145.408
5683;4;149.912;33.4729;13.6285;145.408
5690;4;11.8967;5.03564;1.07378;10.6688
5690;4;11.8967;5.03564;1.07378;10.6688
5690;4;11.8967;5.03564;1.07378;10.6688
5690;4;11.8967;5.03564;1.07378;10.6688
5690;4;11.8967;5.03564;1.07378;10.6688
5690;4;11.8967;5.03564;1.07378;10.6688
5690;4;11.8967;5.03564;1.07378;10.6688
5693;4;18.1623;2.8891;1.14677;17.8646
5693;4;3.64567;0.557113;0.23717;3.47044
5711;4;42.3718;37.6512;0.68219;18.6154
5711;4;42.3718;37.6512;0.68219;18.6154
5711;4;42.3718;37.6512;0.68219;18.6154
5711;4;42.3718;37.6512;0.68219;18.6154
5718;4;180.468;-33.6174;5.54641;-177.145
5718;4;180.468;-33.6174;5.54641;-177.145
5718;4;180.468;-33.6174;5.54641;-177.145
5728;4;49.7821;-17.333;20.5343;-41.6357
5728;4;49.7821;-17.333;20.5343;-41.6357
5728;4;49.7821;-17.333;20.5343;-41.6357
5728;4;49.7821;-17.333;20.5343;-41.6357
5728;4;49.7821;-17.333;20.5343;-41.6357
5728;4;49.7821;-17.333;20.5343;-41.6357
5728;4;49.7821;-17.333;20.5343;-41.6357
5728;4;49.7821;-17.333;20.5343;-41.6357
5751;4;492.801;-14.9073;14.0473;492.357
5751;4;492.801;-14.9073;14.0473;492.357
5751;4;492.801;-14.9073;14.0473;492.357
5751;4;492.801;-14.9073;14.0473;492.357
5751;4;492.801;-14.9073;14.0473;492.357
5751;4;492.801;-14.9073;14.0473;492.357
5763;4;44.76;-37.3525;6.1671;22.1847
5763;4;44.76;-37.3525;6.1671;22.1847
5763;4;44.76;-37.3525;6.1671;22.1847
5763;4;44.76;-37.3525;6.1671;22.1847
5776;4;150.54;5.32223;28.011;147.778
5776;4;150.54;5.32223;28.011;147.778
5776;4;150.54;5.32223;28.011;147.778
5776;4;150.54;5.32223;28.011;147.778
5776;4;150.54;5.32223;28.011;147.778
5776;4;150.54;5.32223;28.011;147.778
5782;4;328.597;-2.51387;24.3368;327.671
5782;4;328.597;-2.51387;24.3368;327.671
5782;4;328.597;-2.51387;24.3368;327.671
5792;4;1443.15;-16.1298;50.2292;-1442.14
5792;4;1443.15;-16.1298;50.2292;-1442.14
5792;4;1443.15;-16.1298;50.2292;-1442.14
5792;4;1443.15;-16.1298;50.2292;-1442.14
5792;4;1443.15;-16.1298;50.2292;-1442.14
5841;4;392.569;-9.90858;4.70621;392.407
5841;4;392.569;-9.90858;4.70621;392.407
5841;4;392.569;-9.90858;4.70621;392.407
5842;4;42.0112;1.28211;16.1816;-38.6409
5842;4;42.0112;1.28211;16.1816;-38.6409
5843;4;123.152;-14.6885;3.03839;122.144
5843;4;123.152;-14.6885;3.03839;122.144
5843;4;123.152;-14.6885;3.03839;122.144
5843;4;123.152;-14.6885;3.03839;122.144
5846;4;383.089;1.27173;3.34508;-383.072
5846;4;383.089;1.27173;3.34508;-383.072
5860;4;449.874;-11.1015;14.7822;449.468
5878;4;72.9603;18.8758;10.6827;-69.5249
5878;4;72.9603;18.8758;10.6827;-69.5249
5901;4;13.418;-0.355711;11.625;-4.74059
5901;4;13.418;-0.355711;11.625;-4.74059
5901;4;13.418;-0.355711;11.625;-4.74059
5907;4;75.2081;-2.83573;-0.010931;75.131
5930;4;291.804;9.39811;31.759;289.815
5930;4;291.804;9.39811;31.759;289.815
5933;4;79.1941;27.4126;2.53542;-74.2031
5933;4;79.1941;27.4126;2.53542;-74.2031
5933;4;79.1941;27.4126;2.53542;-74.2031
5958;4;225.841;3.94248;32.886;-223.385
5958;4;225.841;3.94248;32.886;-223.385
5958;4;225.841;3.94248;32.886;-223.385
5958;4;225.841;3.94248;32.886;-223.385
5965;4;117.674;3.34026;0.590645;-117.62
5965;4;117.674;3.34026;0.590645;-117.62
5965;4;117.674;3.34026;0.590645;-117.62
5965;4;117.674;3.34026;0.590645;-117.62
5965;4;117.674;3.34026;0.590645;-117.62
5965;4;117.674;3.34026;0.590645;-117.62
5989;4;53.5258;-15.734;47.352;17.7365
5989;4;53.5258;-15.734;47.352;17.7365
5989;4;53.5258;-15.734;47.352;17.7365
6021;4;53.1127;-42.7303;16.8281;-25.1329
6021;4;53.1127;-42.7303;16.8281;-25.1329
6021;4;53.1127;-42.7303;16.8281;-25.1329
6021;4;53.1127;-42.7303;16.8281;-25.1329
6021;4;53.1127;-42.7303;16.8281;-25.1329
6021;4;53.1127;-42.7303;16.8281;-25.1329
6024;4;19.8667;-9.06423;5.81238;16.3788
6024;4;19.8667;-9.06423;5.81238;16.3788
6031;4;17.3526;-10.4984;8.82921;10.0122
6031;4;17.3526;-10.4984;8.82921;10.0122
6039;4;25.7704;18.0696;7.51982;15.9662
6039;4;25.7704;18.0696;7.51982;15.9662
6039;4;25.7704;18.0696;7.51982;15.9662
6039;4;25.7704;18.0696;7.51982;15.9662
6039;4;25.7704;18.0696;7.51982;15.9662
6051;4;24.3893;-8.30226;20.265;-10.0755
6051;4;24.3893;-8.30226;20.265;-10.0755
6051;4;24.3893;-8.30226;20.265;-10.0755
6063;4;70.4415;7.0936;22.9468;65.8821
6063;4;70.4415;7.0936;22.9468;65.8821
6063;4;70.4415;7.0936;22.9468;65.8821
6075;4;1293.79;29.946;24.8916;1293.19
6078;4;23.4085;-4.81388;5.52616;22.1796
6078;4;23.4085;-4.81388;5.52616;22.1796
6078;4;23.4085;-4.81388;5.52616;22.1796
6108;4;97.8701;6.99069;16.9183;96.0544
6115;4;55.3943;-36.7808;5.01841;40.6778
6115;4;55.3943;-36.7808;5.01841;40.6778
6115;4;55.3943;-36.7808;5.01841;40.6778
6119;4;519.034;-20.2844;26.9902;-517.884
6119;4;519.034;-20.2844;26.9902;-517.884
6119;4;519.034;-20.2844;26.9902;-517.884
6122;4;435.207;5.39962;18.9781;434.746
6122;4;435.207;5.39962;18.9781;434.746
6122;4;435.207;5.39962;18.9781;434.746
6125;4;13.4334;-2.69086;10.4469;7.60901
6125;4;13.4334;-2.69086;10.4469;7.60901
6125;4;13.4334;-2.69086;10.4469;7.60901
6125;4;13.4334;-2.69086;10.4469;7.60901
6133;4;32.1316;24.6317;16.9044;-10.5824
6133;4;32.1316;24.6317;16.9044;-10.5824
6133;4;32.1316;24.6317;16.9044;-10.5824
6133;4;32.1316;24.6317;16.9044;-10.5824
6142;4;36.7769;0.256496;35.9221;-4.68643
6142;4;36.7769;0.256496;35.9221;-4.68643
6142;4;36.7769;0.256496;35.9221;-4.68643
6142;4;36.7769;0.256496;35.9221;-4.68643
6155;4;39.398;-17.643;21.2232;-27.3865
6155;4;39.398;-17.643;21.2232;-27.3865
6155;4;39.398;-17.643;21.2232;-27.3865
6155;4;39.398;-17.643;21.2232;-27.3865
6162;4;358.682;102.78;28.0866;-342.291
6162;4;358.682;102.78;28.0866;-342.291
6162;4;358.682;102.78;28.0866;-342.291
6162;4;358.682;102.78;28.0866;-342.291
6162;4;358.682;102.78;28.0866;-342.291
6162;4;358.682;102.78;28.0866;-342.291
6170;4;0.635599;0.136003;0.10346;0.612197
6179;4;86.9214;3.65314;5.93144;86.6136
6179;4;86.9214;3.65314;5.93144;86.6136
6185;4;2411.75;1.05373;5.47512;-2411.74
6185;4;2411.75;1.05373;5.47512;-2411.74
6185;4;71.294;-1.21599;4.11567;-71.1574
6185;4;71.294;-1.21599;4.11567;-71.1574
6185;4;71.294;-1.21599;4.11567;-71.1574
6190;4;34.7951;-27.289;9.30324;18.3519
6190;4;34.7951;-27.289;9.30324;18.3519
6190;4;34.7951;-27.289;9.30324;18.3519
6192;4;672.601;24.9354;50.3132;670.212
6192;4;672.601;24.9354;50.3132;670.212
6205;4;111.125;-15.6731;22.9376;-107.453
6205;4;111.125;-15.6731;22.9376;-107.453
6206;4;616.593;14.2401;5.564;-616.391
6206;4;616.593;14.2401;5.564;-616.391
6206;4;616.593;14.2401;5.564;-616.391
6206;4;616.593;14.2401;5.564;-616.391
6206;4;616.593;14.2401;5.564;-616.391
6206;4;616.593;14.2401;5.564;-616.391
6206;4;616.593;14.2401;5.564;-616.391
6206;4;616.593;14.2401;5.564;-616.391
6242;4;43.9733;36.7495;14.8905;17.4576
6242;4;43.9733;36.7495;14.8905;17.4576
6242;4;43.9733;36.7495;14.8905;17.4576
6242;4;43.9733;36.7495;14.8905;17.4576
6253;4;139.373;8.22563;18.3027;-137.874
6253;4;139.373;8.22563;18.3027;-137.874
6277;4;19.4928;17.2326;3.62756;7.27396
6294;4;68.5213;-36.6427;8.17093;56.7042
6294;4;68.5213;-36.6427;8.17093;56.7042
6294;4;68.5213;-36.6427;8.17093;56.7042
6294;4;68.5213;-36.6427;8.17093;56.7042
6330;4;32.6684;18.0679;12.7645;-22.9535
6330;4;32.6684;18.0679;12.7645;-22.9535
6330;4;32.6684;18.0679;12.7645;-22.9535
6330;4;32.6684;18.0679;12.7645;-22.9535
6330;4;32.6684;18.0679;12.7645;-22.9535
6330;4;32.6684;18.0679;12.7645;-22.9535
6392;4;76.4528;1.31616;7.25716;-76.061
6392;4;76.4528;1.31616;7.25716;-76.061
6411;4;5.46691;-5.04932;1.46876;0.297621
6411;4;5.46691;-5.04932;1.46876;0.297621
6435;4;53.3046;-3.0604;10.5609;-52.0495
6435;4;53.3046;-3.0604;10.5609;-52.0495
6435;4;53.3046;-3.0604;10.5609;-52.0495
6435;4;53.3046;-3.0604;10.5609;-52.0495
6435;4;53.3046;-3.0604;10.5609;-52.0495
6435;4;53.3046;-3.0604;10.5609;-52.0495
6435;4;53.3046;-3.0604;10.5609;-52.0495
6461;4;272.012;31.0255;3.07221;-270.164
6461;4;272.012;31.0255;3.07221;-270.164
6461;4;1.35618;1.02222;0.79579;0.377885
6463;4;101.477;4.57408;14.0634;-100.34
6463;4;101.477;4.57408;14.0634;-100.34
6463;4;101.477;4.57408;14.0634;-100.34
6468;4;88.4535;37.0221;13.0484;-78.8896
6468;4;88.4535;37.0221;13.0484;-78.8896
6481;4;54.5481;7.21384;20.4075;-49.977
6481;4;54.5481;7.21384;20.4075;-49.977
6481;4;54.5481;7.21384;20.4075;-49.977
6495;4;151.855;32.636;10.0311;-147.754
6495;4;151.855;32.636;10.0311;-147.754
6495;4;151.855;32.636;10.0311;-147.754
6495;4;151.855;32.636;10.0311;-147.754
6503;4;88.8538;27.5917;35.5682;-76.3931
6503;4;88.8538;27.5917;35.5682;-76.3931
6503;4;88.8538;27.5917;35.5682;-76.3931
6503;4;88.8538;27.5917;35.5682;-76.3931
6503;4;88.8538;27.5917;35.5682;-76.3931
6504;4;45.4342;-23.9213;23.1378;-30.5492
6504;4;45.4342;-23.9213;23.1378;-30.5492
6504;4;45.4342;-23.9213;23.1378;-30.5492
6504;4;45.4342;-23.9213;23.1378;-30.5492
6538;4;40.9166;11.8588;7.5652;-38.3389
6538;4;40.9166;11.8588;7.5652;-38.3389
6538;4;40.9166;11.8588;7.5652;-38.3389
6538;4;40.9166;11.8588;7.5652;-38.3389
6539;4;117.277;-16.091;23.8539;-113.594
6539;4;117.277;-16.091;23.8539;-113.594
6539;4;117.277;-16.091;23.8539;-113.594
6539;4;117.277;-16.091;23.8539;-113.594
6539;4;117.277;-16.091;23.8539;-113.594
6539;4;117.277;-16.091;23.8539;-113.594
6539;4;117.277;-16.091;23.8539;-113.594
6539;4;117.277;-16.091;23.8539;-113.594
6564;4;10.5594;7.3655;1.2456;7.28281
6564;4;10.5594;7.3655;1.2456;7.28281
6564;4;10.5594;7.3655;1.2456;7.28281
6566;4;179.937;28.3345;14.1497;177.007
6566;4;179.937;28.3345;14.1497;177.007
6566;4;179.937;28.3345;14.1497;177.007
6566;4;179.937;28.3345;14.1497;177.007
6571;4;16.7984;-9.33455;12.3891;-5.9591
6571;4;16.7984;-9.33455;12.3891;-5.9591
6571;4;16.7984;-9.33455;12.3891;-5.9591
6571;4;16.7984;-9.33455;12.3891;-5.9591
6578;4;454.847;31.6974;0.314527;453.716
6578;4;454.847;31.6974;0.314527;453.716
6578;4;454.847;31.6974;0.314527;453.716
6578;4;454.847;31.6974;0.314527;453.716
6578;4;454.847;31.6974;0.314527;453.716
6578;4;454.847;31.6974;0.314527;453.716
6584;4;160.922;33.2657;1.47676;157.366
6584;4;160.922;33.2657;1.47676;157.366
6584;4;160.922;33.2657;1.47676;157.366
6584;4;160.922;33.2657;1.47676;157.366
6592;4;213.743;14.0658;36.328;-210.007
6592;4;213.743;14.0658;36.328;-210.007
6592;4;213.743;14.0658;36.328;-210.007
6592;4;213.743;14.0658;36.328;-210.007
6603;4;32.6911;8.50534;30.1849;6.34052
6603;4;32.6911;8.50534;30.1849;6.34052
6625;4;366.73;-7.01508;38.7749;364.581
6625;4;366.73;-7.01508;38.7749;364.581
6625;4;366.73;-7.01508;38.7749;364.581
6625;4;366.73;-7.01508;38.7749;364.581
6625;4;366.73;-7.01508;38.7749;364.581
6677;4;0.535503;-0.182971;0.136803;-0.463778
6687;4;270.12;-31.5139;12.2826;267.962
6687;4;270.12;-31.5139;12.2826;267.962
6687;4;270.12;-31.5139;12.2826;267.962
6687;4;270.12;-31.5139;12.2826;267.962
6687;4;270.12;-31.5139;12.2826;267.962
6690;4;85.3835;20.9186;3.55771;82.6254
6690;4;85.3835;20.9186;3.55771;82.6254
6690;4;85.3835;20.9186;3.55771;82.6254
6690;4;85.3835;20.9186;3.55771;82.6254
6690;4;85.3835;20.9186;3.55771;82.6254
6690;4;85.3835;20.9186;3.55771;82.6254
6696;4;178.218;0.0539683;5.66251;178.113
6749;4;320.887;8.6774;34.5859;-318.759
6749;4;320.887;8.6774;34.5859;-318.759
6749;4;320.887;8.6774;34.5859;-318.759
6763;4;351.573;5.68469;38.4422;349.324
6769;4;18.8878;-10.897;13.9366;5.36858
6769;4;18.8878;-10.897;13.9366;5.36858
6769;4;18.8878;-10.897;13.9366;5.36858
6778;4;265.708;26.2018;28.4082;262.802
6780;4;512.746;-22.4344;10.7062;-512.123
6780;4;512.746;-22.4344;10.7062;-512.123
6808;4;471.877;-93.5509;71.2719;456.695
6808;4;471.877;-93.5509;71.2719;456.695
6808;4;471.877;-93.5509;71.2719;456.695
6809;4;20.5683;3.10664;1.12159;-20.258
6809;4;20.5683;3.10664;1.12159;-20.258
6858;4;68.0377;29.1476;35.5127;-49.7784
6860;4;175.664;11.7984;15.7561;174.539
6860;4;175.664;11.7984;15.7561;174.539
6860;4;175.664;11.7984;15.7561;174.539
6860;4;175.664;11.7984;15.7561;174.539
6860;4;175.664;11.7984;15.7561;174.539
6860;4;175.664;11.7984;15.7561;174.539
6860;4;175.664;11.7984;15.7561;174.539
6895;4;396.979;24.4977;10.0943;-396.082
6895;4;396.979;24.4977;10.0943;-396.082
6895;4;396.979;24.4977;10.0943;-396.082
6903;4;122.849;-5.46452;17.8188;-121.372
6903;4;122.849;-5.46452;17.8188;-121.372
6903;4;122.849;-5.46452;17.8188;-121.372
6903;4;122.849;-5.46452;17.8188;-121.372
6919;4;110.86;-0.176876;22.377;-108.278
6954;4;20.7794;20.0505;2.78304;2.9032
6954;4;20.7794;20.0505;2.78304;2.9032
6957;4;43.0066;16.594;4.07663;39.347
6957;4;43.0066;16.594;4.07663;39.347
6957;4;43.0066;16.594;4.07663;39.347
6971;4;183.493;-18.3004;16.6672;-181.784
6971;4;183.493;-18.3004;16.6672;-181.784
6971;4;183.493;-18.3004;16.6672;-181.784
6976;4;8.90737;2.35309;4.89724;6.77966
6976;4;8.90737;2.35309;4.89724;6.77966
6976;4;8.90737;2.35309;4.89724;6.77966
6976;4;8.90737;2.35309;4.89724;6.77966
6976;4;8.90737;2.35309;4.89724;6.77966
6976;4;8.90737;2.35309;4.89724;6.77966
6976;4;8.90737;2.35309;4.89724;6.77966
6996;4;49.7958;33.1942;18.4867;32.0208
6996;4;49.7958;33.1942;18.4867;32.0208
6996;4;49.7958;33.1942;18.4867;32.0208
6996;4;49.7958;33.1942;18.4867;32.0208
6996;4;49.7958;33.1942;18.4867;32.0208
7003;4;54.6968;16.1235;23.9354;46.2329
7003;4;54.6968;16.1235;23.9354;46.2329
7003;4;54.6968;16.1235;23.9354;46.2329
7003;4;54.6968;16.1235;23.9354;46.2329
7003;4;54.6968;16.1235;23.9354;46.2329
7010;4;6.00028;-1.1066;3.43846;4.13432
7010;4;6.00028;-1.1066;3.43846;4.13432
7010;4;6.00028;-1.1066;3.43846;4.13432
7027;4;23.3335;5.39955;3.68375;-22.3112
7027;4;23.3335;5.39955;3.68375;-22.3112
7061;4;27.6163;-17.7929;17.3827;1.57295
7061;4;27.6163;-17.7929;17.3827;1.57295
7061;4;27.6163;-17.7929;17.3827;1.57295
7069;4;104.385;2.48588;28.4663;-100.13
7069;4;104.385;2.48588;28.4663;-100.13
7069;4;104.385;2.48588;28.4663;-100.13
7090;4;27.5136;-0.275111;0.634408;-27.5024
7090;4;27.5136;-0.275111;0.634408;-27.5024
7109;4;12.073;6.93573;8.37811;-4.49232
7109;4;12.073;6.93573;8.37811;-4.49232
7114;4;89.7851;17.2484;29.7267;-82.6387
7114;4;89.7851;17.2484;29.7267;-82.6387
7114;4;89.7851;17.2484;29.7267;-82.6387
7114;4;89.7851;17.2484;29.7267;-82.6387
7114;4;89.7851;17.2484;29.7267;-82.6387
7127;4;95.7566;12.4813;8.29165;94.5163
7127;4;95.7566;12.4813;8.29165;94.5163
7127;4;95.7566;12.4813;8.29165;94.5163
7127;4;95.7566;12.4813;8.29165;94.5163
7147;4;3.46053;-0.0103813;0.494577;-3.42499
7168;4;103.902;13.8097;5.9061;-102.782
7168;4;103.902;13.8097;5.9061;-102.782
7168;4;103.902;13.8097;5.9061;-102.782
7168;4;103.902;13.8097;5.9061;-102.782
7168;4;103.902;13.8097;5.9061;-102.782
7168;4;103.902;13.8097;5.9061;-102.782
7168;4;103.902;13.8097;5.9061;-102.782
7178;4;47.9236;16.7565;20.6279;-39.2801
7178;4;47.9236;16.7565;20.6279;-39.2801
7178;4;47.9236;16.7565;20.6279;-39.2801
7178;4;47.9236;16.7565;20.6279;-39.2801
7178;4;47.9236;16.7565;20.6279;-39.2801
7182;4;413.13;21.4877;23.7046;-411.859
7182;4;413.13;21.4877;23.7046;-411.859
7182;4;413.13;21.4877;23.7046;-411.859
7182;4;413.13;21.4877;23.7046;-411.859
7219;4;40.6254;-37.2561;11.4426;9.1467
7219;4;40.6254;-37.2561;11.4426;9.1467
7235;4;34.1629;19.7099;25.8255;-7.72128
7235;4;34.1629;19.7099;25.8255;-7.72128
7235;4;34.1629;19.7099;25.8255;-7.72128
7235;4;34.1629;19.7099;25.8255;-7.72128
7235;4;34.1629;19.7099;25.8255;-7.72128
7235;4;34.1629;19.7099;25.8255;-7.72128
7235;4;34.1629;19.7099;25.8255;-7.72128
7250;4;34.1756;-25.0379;8.67901;20.9354
7250;4;34.1756;-25.0379;8.67901;20.9354
7250;4;34.1756;-25.0379;8.67901;20.9354
7250;4;34.1756;-25.0379;8.67901;20.9354
7250;4;34.1756;-25.0379;8.67901;20.9354
7253;4;50.3916;25.6979;21.1696;37.0097
7253;4;50.3916;25.6979;21.1696;37.0097
7253;4;50.3916;25.6979;21.1696;37.0097
7253;4;50.3916;25.6979;21.1696;37.0097
7265;4;252.317;-25.4316;33.6907;-248.719
7265;4;252.317;-25.4316;33.6907;-248.719
7290;4;17.3305;13.5971;8.46445;-5.75574
7290;4;17.3305;13.5971;8.46445;-5.75574
7303;4;39.3024;19.8892;6.28135;33.2221
7303;4;39.3024;19.8892;6.28135;33.2221
7303;4;39.3024;19.8892;6.28135;33.2221
7345;4;1000.8;-26.244;18.5237;1000.28
7345;4;1000.8;-26.244;18.5237;1000.28
7345;4;1000.8;-26.244;18.5237;1000.28
7345;4;1000.8;-26.244;18.5237;1000.28
7347;4;133.412;14.4738;14.7503;-131.735
7347;4;133.412;14.4738;14.7503;-131.735
7347;4;133.412;14.4738;14.7503;-131.735
7347;4;133.412;14.4738;14.7503;-131.735
7391;4;1.37288;0.277112;0.373787;1.29163
7391;4;1.37288;0.277112;0.373787;1.29163
7391;4;1.37288;0.277112;0.373787;1.29163
7391;4;1.37288;0.277112;0.373787;1.29163
7391;4;1.37288;0.277112;0.373787;1.29163
7401;4;36.2787;-10.6979;31.344;-13.9721
7401;4;36.2787;-10.6979;31.344;-13.9721
7401;4;36.2787;-10.6979;31.344;-13.9721
7401;4;36.2787;-10.6979;31.344;-13.9721
7401;4;36.2787;-10.6979;31.344;-13.9721
7404;4;28.9003;-5.98337;23.789;14.1337
7404;4;28.9003;-5.98337;23.789;14.1337
7404;4;28.9003;-5.98337;23.789;14.1337
7404;4;28.9003;-5.98337;23.789;14.1337
7415;4;37.3042;-27.9639;7.92478;-22.6752
7420;4;6.76471;0.106146;5.48289;-3.68273
7420;4;6.76471;0.106146;5.48289;-3.68273
7420;4;6.76471;0.106146;5.48289;-3.68273
7422;4;8.7198;6.08351;2.23882;5.64675
7422;4;8.7198;6.08351;2.23882;5.64675
7436;4;147.37;-7.80502;16.7438;-146.123
7436;4;147.37;-7.80502;16.7438;-146.123
7450;4;58.8109;-15.7466;8.06913;55.9006
7450;4;58.8109;-15.7466;8.06913;55.9006
7450;4;58.8109;-15.7466;8.06913;55.9006
7450;4;58.8109;-15.7466;8.06913;55.9006
7453;4;51.4214;-40.5291;2.41097;30.5827
7453;4;51.4214;-40.5291;2.41097;30.5827
7453;4;51.4214;-40.5291;2.41097;30.5827
7453;4;51.4214;-40.5291;2.41097;30.5827
7470;4;45.4989;26.4222;6.89246;36.1257
7470;4;45.4989;26.4222;6.89246;36.1257
7470;4;45.4989;26.4222;6.89246;36.1257
7470;4;45.4989;26.4222;6.89246;36.1257
7470;4;45.4989;26.4222;6.89246;36.1257
7475;4;132.728;24.5534;21.6758;128.433
7475;4;132.728;24.5534;21.6758;128.433
7475;4;132.728;24.5534;21.6758;128.433
7478;4;6.46835;5.08569;3.07727;-0.113663
7478;4;6.46835;5.08569;3.07727;-0.113663
7478;4;6.46835;5.08569;3.07727;-0.113663
7478;4;6.46835;5.08569;3.07727;-0.113663
7478;4;6.46835;5.08569;3.07727;-0.113663
7486;4;10.6811;-0.549372;2.53662;10.3458
7486;4;10.6811;-0.549372;2.53662;10.3458
7522;4;463.139;-19.3564;22.6338;462.154
7522;4;463.139;-19.3564;22.6338;462.154
7549;4;41.6998;-36.1351;17.7853;-7.52447
7549;4;41.6998;-36.1351;17.7853;-7.52447
7549;4;41.6998;-36.1351;17.7853;-7.52447
7549;4;41.6998;-36.1351;17.7853;-7.52447
7549;4;41.6998;-36.1351;17.7853;-7.52447
7550;4;13.7098;8.82243;7.62175;-5.29125
7550;4;13.7098;8.82243;7.62175;-5.29125
7550;4;13.7098;8.82243;7.62175;-5.29125
7574;4;20.9446;4.51741;10.3258;-17.3814
7577;4;56.9277;-3.72911;45.6135;33.4174
7577;4;56.9277;-3.72911;45.6135;33.4174
7577;4;56.9277;-3.72911;45.6135;33.4174
7577;4;56.9277;-3.72911;45.6135;33.4174
7577;4;56.9277;-3.72911;45.6135;33.4174
7588;4;35.4452;28.5748;2.44552;-20.0541
7588;4;35.4452;28.5748;2.44552;-20.0541
7623;4;379.523;17.872;23.4449;-378.357
7623;4;379.523;17.872;23.4449;-378.357
7623;4;379.523;17.872;23.4449;-378.357
7623;4;379.523;17.872;23.4449;-378.357
7623;4;379.523;17.872;23.4449;-378.357
7645;4;54.6923;14.1735;28.5688;-44.1371
7645;4;54.6923;14.1735;28.5688;-44.1371
7653;4;59.05;-55.1302;2.86742;-14.2387
7661;4;33.6677;-11.248;27.4158;-14.1433
7661;4;33.6677;-11.248;27.4158;-14.1433
7672;4;87.3011;64.0859;12.2777;57.6242
7672;4;87.3011;64.0859;12.2777;57.6242
7672;4;87.3011;64.0859;12.2777;57.6242
7672;4;87.3011;64.0859;12.2777;57.6242
7672;4;87.3011;64.0859;12.2777;57.6242
7673;4;99.2928;-8.89663;2.31092;98.84
7694;4;20.9446;-4.2253;7.07977;-18.6183
7725;4;601.387;-11.7606;3.99186;601.253
7725;4;601.387;-11.7606;3.99186;601.253
7725;4;601.387;-11.7606;3.99186;601.253
7740;4;32.455;-5.51801;7.80868;30.7891
7740;4;32.455;-5.51801;7.80868;30.7891
7740;4;32.455;-5.51801;7.80868;30.7891
7740;4;32.455;-5.51801;7.80868;30.7891
7753;4;30.0396;2.92595;7.75449;28.8063
7753;4;30.0396;2.92595;7.75449;28.8063
7753;4;30.0396;2.92595;7.75449;28.8063
7753;4;30.0396;2.92595;7.75449;28.8063
7753;4;30.0396;2.92595;7.75449;28.8063
7756;4;272.167;46.6767;9.3914;-267.923
7756;4;272.167;46.6767;9.3914;-267.923
7756;4;272.167;46.6767;9.3914;-267.923
7756;4;272.167;46.6767;9.3914;-267.923
7756;4;272.167;46.6767;9.3914;-267.923
7766;4;132.911;-8.39688;30.5983;128.961
7766;4;132.911;-8.39688;30.5983;128.961
7766;4;132.911;-8.39688;30.5983;128.961
7766;4;132.911;-8.39688;30.5983;128.961
7775;4;580.194;11.916;23.1077;-579.577
7775;4;580.194;11.916;23.1077;-579.577
7775;4;580.194;11.916;23.1077;-579.577
7802;4;18.6274;-16.2845;8.30957;-0.820273
7802;4;18.6274;-16.2845;8.30957;-0.820273
7802;4;18.6274;-16.2845;8.30957;-0.820273
7802;4;18.6274;-16.2845;8.30957;-0.820273
7802;4;18.6274;-16.2845;8.30957;-0.820273
7802;4;18.6274;-16.2845;8.30957;-0.820273
7810;4;389.667;-25.2072;12.0525;-388.603
7810;4;389.667;-25.2072;12.0525;-388.603
7810;4;389.667;-25.2072;12.0525;-388.603
7810;4;389.667;-25.2072;12.0525;-388.603
7810;4;389.667;-25.2072;12.0525;-388.603
7810;4;389.667;-25.2072;12.0525;-388.603
7811;4;36.7367;-10.3785;12.1151;32.9963
7811;4;36.7367;-10.3785;12.1151;32.9963
7811;4;36.7367;-10.3785;12.1151;32.9963
7811;4;36.7367;-10.3785;12.1151;32.9963
7811;4;36.7367;-10.3785;12.1151;32.9963
7811;4;36.7367;-10.3785;12.1151;32.9963
7811;4;36.7367;-10.3785;12.1151;32.9963
7828;4;10.8261;-8.60212;0.161176;-6.46081
7828;4;10.8261;-8.60212;0.161176;-6.46081
7828;4;10.8261;-8.60212;0.161176;-6.46081
7830;4;40.9721;-6.25157;17.5863;-36.3159
7830;4;40.9721;-6.25157;17.5863;-36.3159
7835;4;355.802;-42.7262;9.36132;353.035
7835;4;355.802;-42.7262;9.36132;353.035
7835;4;355.802;-42.7262;9.36132;353.035
7835;4;355.802;-42.7262;9.36132;353.035
7847;4;10.7496;-4.89382;1.80014;-9.35422
7847;4;10.7496;-4.89382;1.80014;-9.35422
7847;4;10.7496;-4.89382;1.80014;-9.35422
7851;4;10.6057;0.334911;4.29508;-9.58179
7851;4;10.6057;0.334911;4.29508;-9.58179
7851;4;10.6057;0.334911;4.29508;-9.58179
7851;4;10.6057;0.334911;4.29508;-9.58179
7857;4;92.002;-26.9765;5.72054;-87.6705
7857;4;92.002;-26.9765;5.72054;-87.6705
7857;4;92.002;-26.9765;5.72054;-87.6705
7857;4;92.002;-26.9765;5.72054;-87.6705
7857;4;92.002;-26.9765;5.72054;-87.6705
7897;4;268.552;-4.36493;17.8219;267.88
7902;4;44.3446;-26.5939;27.9231;-20.2786
7902;4;44.3446;-26.5939;27.9231;-20.2786
7902;4;44.3446;-26.5939;27.9231;-20.2786
7902;4;44.3446;-26.5939;27.9231;-20.2786
7902;4;44.3446;-26.5939;27.9231;-20.2786
7902;4;44.3446;-26.5939;27.9231;-20.2786
7910;4;2.46526;-0.478246;2.02913;-0.774089
7911;4;37.7906;30.1899;16.9244;13.9644
7911;4;37.7906;30.1899;16.9244;13.9644
7911;4;37.7906;30.1899;16.9244;13.9644
7911;4;37.7906;30.1899;16.9244;13.9644
7911;4;37.7906;30.1899;16.9244;13.9644
7913;4;23.4509;12.9147;5.0873;17.4869
7913;4;23.4509;12.9147;5.0873;17.4869
7913;4;23.4509;12.9147;5.0873;17.4869
7913;4;23.4509;12.9147;5.0873;17.4869
7913;4;23.4509;12.9147;5.0873;17.4869
7913;4;23.4509;12.9147;5.0873;17.4869
7947;4;468.236;33.6443;14.3054;466.783
7947;4;468.236;33.6443;14.3054;466.783
7947;4;468.236;33.6443;14.3054;466.783
7991;4;356.112;-2.31029;4.81137;-356.051
8011;4;42.8676;17.1482;6.20737;-38.4364
8011;4;42.8676;17.1482;6.20737;-38.4364
8011;4;42.8676;17.1482;6.20737;-38.4364
8028;4;26.2325;0.503335;1.02902;26.206
8064;4;20.1447;-19.4351;4.60623;0.955705
8064;4;20.1447;-19.4351;4.60623;0.955705
8064;4;20.1447;-19.4351;4.60623;0.955705
8064;4;20.1447;-19.4351;4.60623;0.955705
8081;4;7.06261;0.221464;1.40703;-6.89539
8107;4;135.773;-4.19689;26.1634;133.122
8107;4;135.773;-4.19689;26.1634;133.122
8107;4;135.773;-4.19689;26.1634;133.122
8107;4;135.773;-4.19689;26.1634;133.122
8107;4;135.773;-4.19689;26.1634;133.122
8107;4;135.773;-4.19689;26.1634;133.122
8107;4;135.773;-4.19689;26.1634;133.122
8107;4;135.773;-4.19689;26.1634;133.122
8112;4;51.0586;14.9022;9.61682;-47.4856
8112;4;51.0586;14.9022;9.61682;-47.4856
8112;4;51.0586;14.9022;9.61682;-47.4856
8112;4;51.0586;14.9022;9.61682;-47.4856
8112;4;51.0586;14.9022;9.61682;-47.4856
8112;4;51.0586;14.9022;9.61682;-47.4856
8131;4;188.621;10.1458;13.2213;-187.858
8131;4;188.621;10.1458;13.2213;-187.858
8131;4;188.621;10.1458;13.2213;-187.858
8135;4;45.2412;-25.0249;20.8015;-30.8377
8135;4;45.2412;-25.0249;20.8015;-30.8377
8135;4;45.2412;-25.0249;20.8015;-30.8377
8135;4;45.2412;-25.0249;20.8015;-30.8377
8138;4;85.9598;27.5395;10.7611;-80.6279
8161;4;10.9685;7.70135;7.57546;0.336774
8161;4;10.9685;7.70135;7.57546;0.336774
8161;4;10.9685;7.70135;7.57546;0.336774
8178;4;8.09176;-4.39414;6.32798;-1.85854
8178;4;8.09176;-4.39414;6.32798;-1.85854
8179;4;172.49;-10.7154;26.7974;170.029
8179;4;172.49;-10.7154;26.7974;170.029
8179;4;172.49;-10.7154;26.7974;170.029
8179;4;172.49;-10.7154;26.7974;170.029
8188;4;32.9676;-9.69917;17.6364;25.8621
8188;4;32.9676;-9.69917;17.6364;25.8621
8189;4;531.532;2.50517;21.6546;531.043
8189;4;531.532;2.50517;21.6546;531.043
8189;4;531.532;2.50517;21.6546;531.043
8193;4;149.644;39.7801;7.81729;-143.881
8193;4;149.644;39.7801;7.81729;-143.881
8193;4;149.644;39.7801;7.81729;-143.881
8193;4;149.644;39.7801;7.81729;-143.881
8193;4;149.644;39.7801;7.81729;-143.881
8193;4;149.644;39.7801;7.81729;-143.881
8202;4;75.7917;-53.887;11.0765;51.8725
8202;4;75.7917;-53.887;11.0765;51.8725
8202;4;75.7917;-53.887;11.0765;51.8725
8202;4;75.7917;-53.887;11.0765;51.8725
8202;4;75.7917;-53.887;11.0765;51.8725
8202;4;75.7917;-53.887;11.0765;51.8725
8202;4;75.7917;-53.887;11.0765;51.8725
8202;4;75.7917;-53.887;11.0765;51.8725
8202;4;75.7917;-53.887;11.0765;51.8725
8209;4;6.86296;3.95635;2.75494;4.76015
8237;4;52.711;-48.2707;17.9717;-9.993
8237;4;52.711;-48.2707;17.9717;-9.993
8241;4;0.929345;0.459472;0.776176;-0.14778
8245;4;122.323;-14.7648;4.73887;121.293
8245;4;122.323;-14.7648;4.73887;121.293
8340;4;9.78929;-2.08888;7.96086;-3.52258
8383;4;5.4369;4.05453;1.64285;-0.308602
8383;4;5.4369;4.05453;1.64285;-0.308602
8389;4;25.9237;-18.9465;14.1716;9.6778
8389;4;25.9237;-18.9465;14.1716;9.6778
8389;4;25.9237;-18.9465;14.1716;9.6778
8421;4;9.8285;-1.00285;9.43029;1.19667
8428;4;33.8775;-16.113;25.8666;13.8985
8433;4;80.0896;12.7681;38.0238;-69.0826
8433;4;80.0896;12.7681;38.0238;-69.0826
8456;4;25.5818;22.285;9.8468;-5.98044
8456;4;25.5818;22.285;9.8468;-5.98044
8456;4;25.5818;22.285;9.8468;-5.98044
8462;4;37.182;-0.384143;0.702065;-37.1721
8462;4;37.182;-0.384143;0.702065;-37.1721
8488;4;44.5883;-3.16608;18.5897;-39.7331
8488;4;44.5883;-3.16608;18.5897;-39.7331
8488;4;44.5883;-3.16608;18.5897;-39.7331
8488;4;44.5883;-3.16608;18.5897;-39.7331
8488;4;44.5883;-3.16608;18.5897;-39.7331
8488;4;44.5883;-3.16608;18.5897;-39.7331
8494;4;2.45411;0.407883;1.67454;-1.66814
8494;4;2.45411;0.407883;1.67454;-1.66814
8507;4;107.55;-18.5201;12.0409;-105.23
8507;4;107.55;-18.5201;12.0409;-105.23
8507;4;107.55;-18.5201;12.0409;-105.23
8507;4;107.55;-18.5201;12.0409;-105.23
8507;4;7.54984;-4.69727;0.734411;-5.60668
8507;4;7.54984;-4.69727;0.734411;-5.60668
8527;4;12.0224;1.31503;0.629153;-11.9149
8531;4;1274.7;-3.30214;3.04987;-1274.69
8531;4;1274.7;-3.30214;3.04987;-1274.69
8567;4;1437.09;-40.9166;23.6714;-1436.3
8567;4;1437.09;-40.9166;23.6714;-1436.3
8567;4;1437.09;-40.9166;23.6714;-1436.3
8567;4;1437.09;-40.9166;23.6714;-1436.3
8567;4;1437.09;-40.9166;23.6714;-1436.3
8579;4;66.2071;-8.4724;20.0233;62.3292
8579;4;66.2071;-8.4724;20.0233;62.3292
8579;4;66.2071;-8.4724;20.0233;62.3292
8579;4;66.2071;-8.4724;20.0233;62.3292
8579;4;66.2071;-8.4724;20.0233;62.3292
8587;4;8.44333;0.292838;0.149291;8.43693
8590;4;771.475;25.9;9.06608;-770.975
8590;4;771.475;25.9;9.06608;-770.975
8590;4;771.475;25.9;9.06608;-770.975
8590;4;771.475;25.9;9.06608;-770.975
8590;4;771.475;25.9;9.06608;-770.975
8599;4;605.273;-10.7382;5.34578;605.15
8599;4;605.273;-10.7382;5.34578;605.15
8623;4;463.018;-6.88218;35.9479;-461.452
8623;4;463.018;-6.88218;35.9479;-461.452
8643;4;41.8356;-6.51299;39.9253;10.1125
8643;4;41.8356;-6.51299;39.9253;10.1125
8643;4;41.8356;-6.51299;39.9253;10.1125
8643;4;41.8356;-6.51299;39.9253;10.1125
8658;4;4.13189;-2.04143;3.18804;0.220864
8658;4;4.13189;-2.04143;3.18804;0.220864
8658;4;4.13189;-2.04143;3.18804;0.220864
8658;4;4.13189;-2.04143;3.18804;0.220864
8662;4;160.829;12.1979;26.5295;-158.007
8662;4;160.829;12.1979;26.5295;-158.007
8666;4;35.9691;-10.3202;6.1242;-33.7864
8666;4;35.9691;-10.3202;6.1242;-33.7864
8666;4;35.9691;-10.3202;6.1242;-33.7864
8666;4;35.9691;-10.3202;6.1242;-33.7864
8666;4;35.9691;-10.3202;6.1242;-33.7864
8666;4;35.9691;-10.3202;6.1242;-33.7864
8666;4;35.9691;-10.3202;6.1242;-33.7864
8710;4;18.5562;8.72854;13.1391;-9.42719
8710;4;18.5562;8.72854;13.1391;-9.42719
8710;4;18.5562;8.72854;13.1391;-9.42719
8710;4;18.5562;8.72854;13.1391;-9.42719
8710;4;18.5562;8.72854;13.1391;-9.42719
8710;4;18.5562;8.72854;13.1391;-9.42719
8710;4;18.5562;8.72854;13.1391;-9.42719
8710;4;18.5562;8.72854;13.1391;-9.42719
8738;4;2.72027;-0.371889;1.7352;-1.24428
8738;4;2.72027;-0.371889;1.7352;-1.24428
8741;4;1308.72;21.7944;13.7973;1308.44
8741;4;1308.72;21.7944;13.7973;1308.44
8741;4;1308.72;21.7944;13.7973;1308.44
8741;4;1308.72;21.7944;13.7973;1308.44
8749;4;17.9339;-14.7819;2.5707;-8.68109
8763;4;75.2374;7.91523;21.878;-71.4742
8763;4;75.2374;7.91523;21.878;-71.4742
8763;4;75.2374;7.91523;21.878;-71.4742
8770;4;6.96263;-1.40222;0.678743;-6.78611
8770;4;6.96263;-1.40222;0.678743;-6.78611
8770;4;2.32361;-0.416519;1.17446;1.95624
8788;4;163.879;21.6451;21.5229;-160.939
8788;4;163.879;21.6451;21.5229;-160.939
8788;4;163.879;21.6451;21.5229;-160.939
8788;4;163.879;21.6451;21.5229;-160.939
8800;4;329.182;-1.4253;18.2728;-328.661
8800;4;329.182;-1.4253;18.2728;-328.661
8800;4;329.182;-1.4253;18.2728;-328.661
8800;4;329.182;-1.4253;18.2728;-328.661
8800;4;329.182;-1.4253;18.2728;-328.661
8877;4;50.0643;7.82143;25.1738;42.4176
8877;4;50.0643;7.82143;25.1738;42.4176
8877;4;50.0643;7.82143;25.1738;42.4176
8877;4;50.0643;7.82143;25.1738;42.4176
8899;4;75.3304;-25.5234;14.077;69.1889
8899;4;75.3304;-25.5234;14.077;69.1889
8899;4;75.3304;-25.5234;14.077;69.1889
8901;4;170.503;-30.0758;8.26954;167.498
8901;4;170.503;-30.0758;8.26954;167.498
8901;4;170.503;-30.0758;8.26954;167.498
8901;4;170.503;-30.0758;8.26954;167.498
8921;4;43.9715;-14.0318;13.0564;39.3253
8921;4;43.9715;-14.0318;13.0564;39.3253
8921;4;43.9715;-14.0318;13.0564;39.3253
8921;4;43.9715;-14.0318;13.0564;39.3253
8921;4;43.9715;-14.0318;13.0564;39.3253
8924;4;164.003;-6.35539;10.723;163.515
8924;4;164.003;-6.35539;10.723;163.515
8983;4;57.2562;8.60246;8.39423;-55.8052
8983;4;57.2562;8.60246;8.39423;-55.8052
8983;4;57.2562;8.60246;8.39423;-55.8052
8983;4;57.2562;8.60246;8.39423;-55.8052
8983;4;57.2562;8.60246;8.39423;-55.8052
8983;4;57.2562;8.60246;8.39423;-55.8052
9025;4;386.183;-6.39364;5.37811;386.086
9025;4;386.183;-6.39364;5.37811;386.086
9029;4;33.0096;7.07432;29.2184;13.0937
9029;4;33.0096;7.07432;29.2184;13.0937
9029;4;33.0096;7.07432;29.2184;13.0937
9029;4;33.0096;7.07432;29.2184;13.0937
9031;4;173.569;-19.9328;9.66777;-172.097
9031;4;173.569;-19.9328;9.66777;-172.097
9031;4;173.569;-19.9328;9.66777;-172.097
9058;4;49.0037;23.4795;18.6983;38.4982
9058;4;49.0037;23.4795;18.6983;38.4982
9058;4;49.0037;23.4795;18.6983;38.4982
9058;4;49.0037;23.4795;18.6983;38.4982
9059;4;14.0816;-5.83256;3.69913;-11.8853
9059;4;14.0816;-5.83256;3.69913;-11.8853
9065;4;7.29642;-0.0293871;0.0223705;-7.29633
9065;4;7.29642;-0.0293871;0.0223705;-7.29633
9066;4;42.356;-27.0562;10.5242;30.5429
9066;4;42.356;-27.0562;10.5242;30.5429
9066;4;42.356;-27.0562;10.5242;30.5429
9070;4;318.272;-8.33285;6.28958;318.09
9070;4;318.272;-8.33285;6.28958;318.09
9070;4;318.272;-8.33285;6.28958;318.09
9077;4;61.4281;10.6634;21.4097;-56.4976
9077;4;61.4281;10.6634;21.4097;-56.4976
9077;4;61.4281;10.6634;21.4097;-56.4976
9078;4;647.287;42.4252;27.3262;645.252
9078;4;647.287;42.4252;27.3262;645.252
9087;4;23.5094;0.489736;0.76864;-23.4912
9087;4;23.5094;0.489736;0.76864;-23.4912
9097;4;55.3257;-27.6321;4.24577;47.5721
9097;4;55.3257;-27.6321;4.24577;47.5721
9152;4;50.3122;8.61199;39.3947;29.0959
9152;4;50.3122;8.61199;39.3947;29.0959
9170;4;95.2478;17.4701;31.9934;-87.8735
9170;4;95.2478;17.4701;31.9934;-87.8735
9170;4;95.2478;17.4701;31.9934;-87.8735
9170;4;95.2478;17.4701;31.9934;-87.8735
9173;4;141.328;-38.3236;52.3704;125.383
9173;4;141.328;-38.3236;52.3704;125.383
9173;4;141.328;-38.3236;52.3704;125.383
9173;4;141.328;-38.3236;52.3704;125.383
9173;4;141.328;-38.3236;52.3704;125.383
9204;4;87.817;24.4245;8.23965;-83.7655
9204;4;87.817;24.4245;8.23965;-83.7655
9208;4;107.199;32.6372;84.1619;-57.3867
9208;4;107.199;32.6372;84.1619;-57.3867
9208;4;107.199;32.6372;84.1619;-57.3867
9208;4;107.199;32.6372;84.1619;-57.3867
9208;4;107.199;32.6372;84.1619;-57.3867
9208;4;107.199;32.6372;84.1619;-57.3867
9208;4;107.199;32.6372;84.1619;-57.3867
9210;4;38.0492;-30.5868;21.8655;-0.778641
9210;4;38.0492;-30.5868;21.8655;-0.778641
9210;4;38.0492;-30.5868;21.8655;-0.778641
9210;4;38.0492;-30.5868;21.8655;-0.778641
9210;4;38.0492;-30.5868;21.8655;-0.778641
9210;4;38.0492;-30.5868;21.8655;-0.778641
9213;4;83.4896;-16.5771;30.1258;-75.7896
9213;4;83.4896;-16.5771;30.1258;-75.7896
9213;4;83.4896;-16.5771;30.1258;-75.7896
9213;4;83.4896;-16.5771;30.1258;-75.7896
9222;4;79.3864;-20.4933;24.1519;72.6304
9222;4;79.3864;-20.4933;24.1519;72.6304
9222;4;79.3864;-20.4933;24.1519;72.6304
9222;4;79.3864;-20.4933;24.1519;72.6304
9230;4;26.4889;21.7891;5.46368;13.5484
9230;4;26.4889;21.7891;5.46368;13.5484
9230;4;26.4889;21.7891;5.46368;13.5484
9230;4;26.4889;21.7891;5.46368;13.5484
9252;4;50.1629;5.88542;1.59174;49.7328
9252;4;50.1629;5.88542;1.59174;49.7328
9253;4;637.527;29.3413;58.9563;-634.064
9253;4;637.527;29.3413;58.9563;-634.064
9253;4;637.527;29.3413;58.9563;-634.064
9264;4;30.1314;-20.8889;9.53931;-18.1559
9264;4;30.1314;-20.8889;9.53931;-18.1559
9264;4;30.1314;-20.8889;9.53931;-18.1559
9264;4;30.1314;-20.8889;9.53931;-18.1559
9268;4;194.439;-4.37989;21.334;-193.136
9268;4;194.439;-4.37989;21.334;-193.136
9277;4;2.5177;-1.55355;1.01496;1.65297
9277;4;2.5177;-1.55355;1.01496;1.65297
9286;4;37.2942;-19.4605;22.0265;-21.1457
9286;4;37.2942;-19.4605;22.0265;-21.1457
9286;4;37.2942;-19.4605;22.0265;-21.1457
9287;4;5.89518;-0.12036;0.191245;-5.88919
9287;4;5.89518;-0.12036;0.191245;-5.88919
9287;4;5.89518;-0.12036;0.191245;-5.88919
9306;4;45.763;-3.66984;1.44424;45.585
9315;4;56.8012;-28.5324;3.61558;-48.7797
9315;4;56.8012;-28.5324;3.61558;-48.7797
9333;4;143.743;-36.0986;9.04939;-138.728
9333;4;143.743;-36.0986;9.04939;-138.728
9333;4;143.743;-36.0986;9.04939;-138.728
9333;4;143.743;-36.0986;9.04939;-138.728
9333;4;143.743;-36.0986;9.04939;-138.728
9333;4;143.743;-36.0986;9.04939;-138.728
9333;4;143.743;-36.0986;9.04939;-138.728
9351;4;7.0485;-5.48053;1.21494;3.73043
9368;4;42.8754;-10.1322;22.9008;-33.8809
9368;4;42.8754;-10.1322;22.9008;-33.8809
9368;4;42.8754;-10.1322;22.9008;-33.8809
9380;4;4.76013;-2.37971;1.3358;-3.72164
9380;4;4.76013;-2.37971;1.3358;-3.72164
9380;4;4.76013;-2.37971;1.3358;-3.72164
9391;4;65.0395;-3.2598;33.6221;-55.3507
9391;4;65.0395;-3.2598;33.6221;-55.3507
9391;4;65.0395;-3.2598;33.6221;-55.3507
9402;4;53.4449;21.062;8.22172;48.3152
9402;4;53.4449;21.062;8.22172;48.3152
9402;4;53.4449;21.062;8.22172;48.3152
9402;4;53.4449;21.062;8.22172;48.3152
9431;4;44.2716;-8.08289;21.5509;-37.6335
9431;4;44.2716;-8.08289;21.5509;-37.6335
9431;4;44.2716;-8.08289;21.5509;-37.6335
9431;4;44.2716;-8.08289;21.5509;-37.6335
9431;4;44.2716;-8.08289;21.5509;-37.6335
9431;4;44.2716;-8.08289;21.5509;-37.6335
9441;4;33.5136;-31.7814;7.56392;1.12766
9441;4;33.5136;-31.7814;7.56392;1.12766
9441;4;33.5136;-31.7814;7.56392;1.12766
9476;4;42.6858;-40.0005;8.02052;11.1866
9476;4;42.6858;-40.0005;8.02052;11.1866
9476;4;42.6858;-40.0005;8.02052;11.1866
9476;4;42.6858;-40.0005;8.02052;11.1866
9476;4;42.6858;-40.0005;8.02052;11.1866
9484;4;255.92;3.39227;11.6176;-255.622
9484;4;255.92;3.39227;11.6176;-255.622
9491;4;77.8972;9.51108;12.7293;-76.1386
9491;4;77.8972;9.51108;12.7293;-76.1386
9491;4;77.8972;9.51108;12.7293;-76.1386
9491;4;77.8972;9.51108;12.7293;-76.1386
9506;4;27.9902;0.310775;0.0500916;27.984
9547;4;31.0201;8.66702;17.8473;23.3982
9547;4;31.0201;8.66702;17.8473;23.3982
9547;4;31.0201;8.66702;17.8473;23.3982
9573;4;2.06278;0.727545;0.0142979;1.68604
9573;4;2.06278;0.727545;0.0142979;1.68604
9576;4;216.513;-16.9877;25.609;214.231
9576;4;216.513;-16.9877;25.609;214.231
9576;4;216.513;-16.9877;25.609;214.231
9578;4;53.4343;-20.9861;22.531;-43.3663
9578;4;53.4343;-20.9861;22.531;-43.3663
9595;4;153.542;-33.7328;16.4626;148.718
9596;4;40.6738;16.2884;36.8535;-0.0752727
9596;4;40.6738;16.2884;36.8535;-0.0752727
9596;4;40.6738;16.2884;36.8535;-0.0752727
9596;4;40.6738;16.2884;36.8535;-0.0752727
9596;4;40.6738;16.2884;36.8535;-0.0752727
9596;4;40.6738;16.2884;36.8535;-0.0752727
9596;4;40.6738;16.2884;36.8535;-0.0752727
9596;4;40.6738;16.2884;36.8535;-0.0752727
9596;4;40.6738;16.2884;36.8535;-0.0752727
9596;4;40.6738;16.2884;36.8535;-0.0752727
9596;4;40.6738;16.2884;36.8535;-0.0752727
9602;4;361.223;-23.8967;8.96385;-360.283
9602;4;361.223;-23.8967;8.96385;-360.283
9609;4;125.29;11.2246;28.9104;121.188
9609;4;125.29;11.2246;28.9104;121.188
9609;4;125.29;11.2246;28.9104;121.188
9611;4;30.2456;-20.9689;11.0156;-18.0658
9611;4;30.2456;-20.9689;11.0156;-18.0658
9611;4;30.2456;-20.9689;11.0156;-18.0658
9624;4;194.838;16.505;48.2664;-188.02
9624;4;194.838;16.505;48.2664;-188.02
9628;4;22.9479;-7.98772;9.79526;19.0544
9628;4;22.9479;-7.98772;9.79526;19.0544
9628;4;22.9479;-7.98772;9.79526;19.0544
9628;4;22.9479;-7.98772;9.79526;19.0544
9628;4;22.9479;-7.98772;9.79526;19.0544
9628;4;22.9479;-7.98772;9.79526;19.0544
9628;4;22.9479;-7.98772;9.79526;19.0544
9628;4;22.9479;-7.98772;9.79526;19.0544
9632;4;144.236;-8.40114;28.9301;-140.978
9632;4;144.236;-8.40114;28.9301;-140.978
9632;4;144.236;-8.40114;28.9301;-140.978
9632;4;144.236;-8.40114;28.9301;-140.978
9635;4;177.912;44.3571;38.7948;-167.538
9635;4;177.912;44.3571;38.7948;-167.538
9659;4;24.6623;-0.929651;1.45976;-24.5945
9682;4;6.43647;-1.19197;0.000530307;6.3236
9698;4;9.26828;-1.15731;0.658075;-9.1181
9707;4;141.172;-15.3814;20.8105;138.623
9707;4;141.172;-15.3814;20.8105;138.623
9707;4;141.172;-15.3814;20.8105;138.623
9707;4;141.172;-15.3814;20.8105;138.623
9707;4;7.68912;-2.50656;6.75811;1.2955
9710;4;9.429;6.15893;1.44641;-6.77229
9710;4;9.429;6.15893;1.44641;-6.77229
9710;4;9.429;6.15893;1.44641;-6.77229
9710;4;9.429;6.15893;1.44641;-6.77229
9710;4;9.429;6.15893;1.44641;-6.77229
9710;4;9.429;6.15893;1.44641;-6.77229
9728;4;165.542;-26.3099;0.547428;-163.303
9728;4;165.542;-26.3099;0.547428;-163.303
9728;4;165.542;-26.3099;0.547428;-163.303
9728;4;165.542;-26.3099;0.547428;-163.303
9728;4;165.542;-26.3099;0.547428;-163.303
9728;4;165.542;-26.3099;0.547428;-163.303
9728;4;165.542;-26.3099;0.547428;-163.303
9728;4;165.542;-26.3099;0.547428;-163.303
9728;4;165.542;-26.3099;0.547428;-163.303
9728;4;165.542;-26.3099;0.547428;-163.303
9740;4;501.177;4.59742;38.834;-499.617
9752;4;38.4842;-7.88113;21.8389;-29.9752
9752;4;38.4842;-7.88113;21.8389;-29.9752
9752;4;38.4842;-7.88113;21.8389;-29.9752
9780;4;17.7564;10.0191;11.8362;5.45857
9780;4;17.7564;10.0191;11.8362;5.45857
9780;4;17.7564;10.0191;11.8362;5.45857
9780;4;17.7564;10.0191;11.8362;5.45857
9780;4;17.7564;10.0191;11.8362;5.45857
9780;4;17.7564;10.0191;11.8362;5.45857
9780;4;17.7564;10.0191;11.8362;5.45857
9799;4;42.7357;-24.4428;32.9443;10.3749
9799;4;42.7357;-24.4428;32.9443;10.3749
9799;4;42.7357;-24.4428;32.9443;10.3749
9799;4;42.7357;-24.4428;32.9443;10.3749
9799;4;42.7357;-24.4428;32.9443;10.3749
9799;4;42.7357;-24.4428;32.9443;10.3749
9799;4;2.801;-1.16622;1.86521;-1.65167
9799;4;0.500699;-0.112908;0.200564;-0.422191
9806;4;832.683;27.9644;11.8443;-832.107
9806;4;832.683;27.9644;11.8443;-832.107
9806;4;832.683;27.9644;11.8443;-832.107
9806;4;832.683;27.9644;11.8443;-832.107
9806;4;832.683;27.9644;11.8443;-832.107
9806;4;832.683;27.9644;11.8443;-832.107
9806;4;832.683;27.9644;11.8443;-832.107
9832;4;5.37285;1.80914;1.16515;4.86702
9845;4;125.461;8.16117;17.5933;-123.822
9847;4;33.6138;-22.068;12.391;-21.802
9847;4;33.6138;-22.068;12.391;-21.802
9847;4;33.6138;-22.068;12.391;-21.802
9847;4;33.6138;-22.068;12.391;-21.802
9847;4;33.6138;-22.068;12.391;-21.802
9861;4;20.9919;0.29031;19.0769;7.9898
9861;4;31.367;7.96161;3.33143;30.0765
9861;4;31.367;7.96161;3.33143;30.0765
9861;4;31.367;7.96161;3.33143;30.0765
9863;4;94.5117;-20.1165;39.2587;-83.3826
9863;4;94.5117;-20.1165;39.2587;-83.3826
9863;4;94.5117;-20.1165;39.2587;-83.3826
9863;4;94.5117;-20.1165;39.2587;-83.3826
9863;4;94.5117;-20.1165;39.2587;-83.3826
9886;4;59.9081;-12.2337;24.2268;-53.3063
9886;4;59.9081;-12.2337;24.2268;-53.3063
9886;4;59.9081;-12.2337;24.2268;-53.3063
9886;4;59.9081;-12.2337;24.2268;-53.3063
9889;4;69.4754;43.8495;12.0453;52.1258
9889;4;69.4754;43.8495;12.0453;52.1258
9889;4;69.4754;43.8495;12.0453;52.1258
9915;4;264.526;-31.2732;1.80189;262.623
9915;4;264.526;-31.2732;1.80189;262.623
9915;4;264.526;-31.2732;1.80189;262.623
9931;4;35.9305;-29.6103;3.4068;19.3009
9931;4;35.9305;-29.6103;3.4068;19.3009
9961;4;395.638;9.3433;21.5174;-394.918
9961;4;395.638;9.3433;21.5174;-394.918
9961;4;395.638;9.3433;21.5174;-394.918
9961;4;395.638;9.3433;21.5174;-394.918
9961;4;395.638;9.3433;21.5174;-394.918
9962;4;381.921;1.85175;19.6647;-381.364
9962;4;381.921;1.85175;19.6647;-381.364
9986;4;50.6444;16.1492;42.5945;21.1284
9986;4;50.6444;16.1492;42.5945;21.1284
9986;4;50.6444;16.1492;42.5945;21.1284
9986;4;50.6444;16.1492;42.5945;21.1284
