5;-4;480.708;-1.10587;36.4;-479.324
5;-4;476.372;-1.09593;36.0712;-475.001
5;-4;437.761;-0.343905;34.5862;-436.39
5;-4;428.012;-0.337648;33.8123;-426.671
5;-4;428.012;-0.337648;33.8123;-426.671
37;-4;8.05005;-0.718669;7.14086;3.32337
37;-4;8.09695;-0.73469;7.18953;3.3289
37;-4;8.09695;-0.73469;7.18953;3.3289
47;-4;66.0662;-30.0498;12.916;-57.3819
47;-4;54.5496;-24.8017;10.6612;-47.3775
47;-4;53.4958;-24.3215;10.4549;-46.4619
47;-4;52.6908;-23.9548;10.2975;-45.7624
47;-4;49.1628;-22.3496;9.60751;-42.6957
47;-4;49.1628;-22.3496;9.60751;-42.6957
63;-4;13.0404;-2.10943;11.958;-4.51196
63;-4;13.0601;-2.1302;11.9684;-4.53166
63;-4;12.5039;-2.04032;11.4529;-4.33195
63;-4;12.498;-2.02963;11.4508;-4.32553
63;-4;12.498;-2.02963;11.4508;-4.32553
68;-4;36.6202;-11.0525;10.9524;33.1161
73;-4;57.502;-1.40437;6.8584;-57.0545
84;-4;56.0258;-18.6717;25.6154;-46.172
84;-4;54.2407;-18.0764;24.7985;-44.7
84;-4;44.0754;-14.684;20.1385;-36.3209
117;-4;7.36601;1.00738;0.35789;-7.13199
140;-4;48.2021;-34.2909;7.72442;32.9493
140;-4;47.5225;-33.8063;7.6153;32.485
140;-4;46.7582;-33.261;7.49224;31.9633
140;-4;44.6198;-31.7337;7.1453;30.5057
140;-4;44.6198;-31.7337;7.1453;30.5057
169;-4;65.6647;8.41971;2.63202;-65.0521
169;-4;68.0602;8.54355;2.83439;-67.4457
169;-4;68.0625;8.67747;2.51504;-67.4436
170;-4;106.414;-16.2605;35.9262;98.8259
170;-4;105.947;-16.1891;35.7686;98.3923
170;-4;105.856;-16.1751;35.7378;98.3078
170;-4;105.856;-16.1751;35.7378;98.3078
184;-4;46.4528;-22.5537;15.3404;37.5715
184;-4;46.4218;-22.5386;15.3301;37.5464
184;-4;46.2256;-22.4432;15.2653;37.3876
184;-4;46.2256;-22.4432;15.2653;37.3876
190;-4;392.013;-27.2266;25.2264;390.249
202;-4;292.257;-13.5752;7.27489;291.847
202;-4;291.612;-13.5748;7.27351;291.201
202;-4;271.206;-12.6308;6.76366;270.823
202;-4;240.467;-11.5446;5.90768;240.113
202;-4;240.467;-11.5446;5.90768;240.113
205;-4;1303.06;-34.7883;21.3758;1302.41
205;-4;1289.88;-34.9961;20.9734;1289.23
205;-4;1289.95;-35.3665;21.6297;1289.29
205;-4;1289.95;-35.3665;21.6297;1289.29
205;-4;1467.83;-41.2465;19.7014;1467.12
205;-4;1461.55;-41.1915;19.6369;1460.84
221;-4;6.33628;0.904624;5.69219;2.16312
221;-4;6.47544;0.966607;5.7985;2.26372
221;-4;7.92872;1.01694;7.25076;2.28417
221;-4;7.92872;1.01694;7.25076;2.28417
237;-4;139.111;29.2401;16.4171;-135.001
253;-4;22.5879;8.20389;15.9744;-13.619
253;-4;21.753;7.89951;15.382;-13.1124
253;-4;21.2733;7.72398;15.0412;-12.8221
253;-4;18.6587;6.76856;13.193;-11.2262
253;-4;21.1196;7.57858;14.8687;-12.8362
253;-4;21.1196;7.57858;14.8687;-12.8362
260;-4;249.566;-3.77335;27.6188;248
260;-4;239.656;-3.62331;26.5212;238.151
260;-4;198.869;-2.99643;21.9877;197.622
260;-4;198.869;-2.99643;21.9877;197.622
285;-4;46.0284;27.2;23.0857;-29.0443
285;-4;46.0284;27.2;23.0857;-29.0443
309;-4;515.419;-17.5064;7.58952;515.063
309;-4;495.454;-16.8242;7.29608;495.112
309;-4;458.199;-15.3137;5.73911;457.905
309;-4;458.199;-15.3137;5.73911;457.905
329;-4;27.5211;-8.17123;21.2923;-15.3307
339;-4;46.0492;8.78714;13.3086;-43.1734
339;-4;46.1094;9.02736;13.4346;-43.1491
339;-4;46.1611;9.08097;13.4113;-43.2003
339;-4;45.8262;9.01512;13.3139;-42.8866
339;-4;41.4349;7.77912;11.5967;-38.9821
361;-4;339.496;-5.86879;0.390244;339.442
378;-4;88.7398;-0.453877;1.23365;88.7174
378;-4;88.7398;-0.453877;1.23365;88.7174
419;-4;98.0613;19.5075;28.7004;-91.7034
419;-4;95.2649;18.9515;27.8805;-89.088
419;-4;90.1462;16.7808;26.8143;-84.4007
419;-4;90.1462;16.7808;26.8143;-84.4007
422;-4;52.9557;-16.1406;36.4313;34.8467
422;-4;44.8555;-13.6697;30.8531;29.5125
422;-4;43.4404;-13.238;29.8781;28.581
458;-4;61.4842;0.91355;38.8955;47.5853
461;-4;180.963;29.2615;25.6558;-176.723
461;-4;176.731;28.5761;25.0548;-172.59
461;-4;149.658;23.0853;21.236;-146.326
461;-4;149.658;23.0853;21.236;-146.326
471;-4;43.4025;13.2606;41.1007;4.05233
471;-4;43.236;13.2096;40.9427;4.03681
471;-4;42.6667;13.0356;40.403;3.98375
471;-4;41.783;12.765;39.5653;3.90085
471;-4;41.0374;12.5942;38.8103;4.11881
471;-4;27.1962;8.99579;25.4659;2.81859
471;-4;27.1962;8.99579;25.4659;2.81859
473;-4;17.1107;4.63067;5.90002;15.306
473;-4;16.9813;4.59551;5.85526;15.1892
481;-4;27.1402;15.9102;17.8092;12.8078
489;-4;23.5628;-22.5766;2.3898;6.12734
489;-4;23.5628;-22.5766;2.3898;6.12734
500;-4;198.344;-12.1339;10.6148;-197.682
500;-4;184.993;-11.3145;9.90048;-184.375
500;-4;180.097;-11.0163;9.63914;-179.495
500;-4;162.623;-9.9441;8.70197;-162.078
500;-4;179.448;-10.9994;9.82685;-178.832
500;-4;179.448;-10.9994;9.82685;-178.832
533;-4;94.3891;-4.42089;43.9564;83.3987
533;-4;93.368;-5.05606;43.6229;82.3821
533;-4;93.368;-5.05606;43.6229;82.3821
535;-4;10.4796;5.53184;5.94109;6.45554
535;-4;10.4796;5.53184;5.94109;6.45554
551;-4;170.309;36.9794;5.63417;-166.143
551;-4;151.435;32.8761;5.00815;-147.73
551;-4;144.953;31.4671;4.79433;-141.407
551;-4;144.953;31.4671;4.79433;-141.407
571;-4;89.3747;-46.0509;17.0536;-74.6597
571;-4;72.6295;-38.207;12.0649;-60.5596
571;-4;66.5752;-34.9946;11.0833;-55.5207
571;-4;59.6681;-31.3065;9.95983;-49.7869
571;-4;59.6681;-31.3065;9.95983;-49.7869
591;-4;227.698;-23.4944;20.1888;225.576
591;-4;222.575;-22.9636;19.7327;220.501
591;-4;218.422;-22.5331;19.3629;216.387
591;-4;206.689;-22.1763;17.7013;204.727
591;-4;206.689;-22.1763;17.7013;204.727
610;-4;293.989;5.76839;31.873;292.196
610;-4;288.851;5.66729;31.314;287.089
610;-4;274.947;5.39334;29.8007;273.27
610;-4;271.697;5.32932;29.4468;270.039
610;-4;264.37;5.18507;28.6488;262.757
610;-4;219.314;4.25854;23.7243;217.98
658;-4;13.191;0.891761;1.10229;-13.0285
661;-4;36.0038;12.0561;9.30477;-32.5898
661;-4;36.0038;12.0561;9.30477;-32.5898
663;-4;17.9443;-12.4999;3.45116;12.3122
663;-4;16.7666;-11.6742;3.2238;11.4973
663;-4;16.0632;-11.1815;3.08883;11.0095
663;-4;15.5994;-10.8571;3.00112;10.6868
663;-4;15.5994;-10.8571;3.00112;10.6868
677;-4;507.027;-1.16144;1.58645;-507.021
677;-4;506.901;-1.16143;1.58655;-506.895
677;-4;506.848;-1.16136;1.58659;-506.842
711;-4;45.9709;-23.1305;16.7464;35.9947
711;-4;47.6046;-23.5946;17.1248;37.603
711;-4;46.6752;-23.1337;16.7902;36.868
711;-4;46.371;-23.0615;16.7156;36.5619
711;-4;46.4217;-23.0755;16.7268;36.6122
711;-4;46.6138;-23.5107;17.0695;36.4208
711;-4;46.0546;-23.2286;16.8645;35.9833
711;-4;46.0272;-23.2187;16.8059;35.9821
711;-4;46.0272;-23.2187;16.8059;35.9821
713;-4;35.6314;26.9614;23.1104;2.51822
713;-4;33.421;25.4921;21.4656;2.0219
713;-4;34.2202;25.9367;22.0997;2.76746
713;-4;34.0707;25.6117;22.2267;2.92892
713;-4;34.1603;25.6614;22.3181;2.84082
713;-4;31.9282;23.9769;20.8627;2.64886
713;-4;31.9345;24.0458;20.7939;2.641
713;-4;31.9345;24.0458;20.7939;2.641
720;-4;24.5333;-7.69819;1.52454;-23.1959
731;-4;35.1201;-5.04476;11.2989;32.8337
731;-4;35.1201;-5.04476;11.2989;32.8337
733;-4;140.859;-25.0436;19.8096;137.184
733;-4;131.927;-23.4495;18.5489;128.485
733;-4;131.927;-23.4495;18.5489;128.485
758;-4;80.7592;-10.7026;39.18;-69.7867
758;-4;77.2124;-10.2324;37.4565;-66.7219
758;-4;73.5408;-9.7784;35.1131;-63.8549
758;-4;66.0362;-8.78277;31.5576;-57.3195
758;-4;66.0362;-8.78277;31.5576;-57.3195
778;-4;53.1737;-16.6643;17.3474;47.3979
778;-4;51.6358;-16.1816;16.8451;46.0262
778;-4;47.9799;-15.0265;15.6522;42.7672
778;-4;43.6472;-13.6528;14.2325;38.9085
782;-4;161.981;3.91262;0.108351;-161.927
782;-4;162.011;4.0288;0.146196;-161.954
782;-4;162.011;4.0288;0.146196;-161.954
796;-4;89.3566;-31.5492;1.13437;-83.5806
796;-4;66.1843;-23.3321;0.839171;-61.9114
796;-4;64.1673;-22.616;0.817125;-60.0253
796;-4;64.1673;-22.616;0.817125;-60.0253
806;-4;12.5507;-1.05967;0.325843;-12.4114
808;-4;186.545;39.8308;10.2481;181.949
808;-4;185.093;40.2968;10.4333;180.346
808;-4;184.741;40.275;10.3651;179.993
808;-4;183.129;39.9234;10.2746;178.422
808;-4;120.605;27.2156;8.01419;117.211
808;-4;120.691;27.2285;8.00768;117.296
808;-4;120.693;27.2954;7.83167;117.295
808;-4;120.712;27.2826;7.94222;117.31
808;-4;120.712;27.2826;7.94222;117.31
824;-4;20.561;-17.8854;3.28866;9.47647
824;-4;20.5434;-17.837;3.36403;9.50277
824;-4;20.455;-17.727;3.02746;9.63041
824;-4;20.455;-17.727;3.02746;9.63041
827;-4;72.0174;18.2875;10.7577;68.8048
827;-4;72.0174;18.2875;10.7577;68.8048
839;-4;159.19;-11.5641;39.4918;153.772
839;-4;159.19;-11.5641;39.4918;153.772
863;-4;330.843;24.3112;23.2738;329.124
863;-4;311.689;22.906;21.9243;310.068
863;-4;311.689;22.906;21.9243;310.068
885;-4;67.4198;-41.0471;0.763989;53.4578
885;-4;59.2891;-36.0914;0.671522;47.0096
885;-4;55.3052;-33.6548;0.624272;43.8564
885;-4;50.6827;-30.8269;0.572127;40.1977
885;-4;50.6827;-30.8269;0.572127;40.1977
914;-4;9.34145;8.63567;0.311177;-3.21576
922;-4;13.1963;3.63151;12.2422;2.97172
922;-4;13.2861;3.99034;12.2036;3.06913
922;-4;13.2861;3.99034;12.2036;3.06913
953;-4;41.234;-22.3114;17.9008;29.6607
953;-4;41.234;-22.3114;17.9008;29.6607
957;-4;46.8371;-36.7607;14.8924;24.8662
964;-4;121.581;32.9267;10.2622;-116.577
970;-4;9.05186;-6.55508;0.533753;6.03591
970;-4;9.02515;-6.53401;0.532042;6.01889
970;-4;8.92316;-6.46123;0.582484;5.94021
970;-4;8.92316;-6.46123;0.582484;5.94021
971;-4;21.0676;-7.33452;15.5479;12.0856
971;-4;21.0676;-7.33452;15.5479;12.0856
995;-4;2544.52;-35.7049;15.0761;2544.22
995;-4;2538.2;-35.6162;15.0386;2537.91
995;-4;2308.51;-32.8893;12.1658;2308.25
995;-4;2308.51;-32.8893;12.1658;2308.25
996;-4;167.304;-26.5712;18.9792;164.079
996;-4;162.921;-25.8727;18.4805;159.781
996;-4;160.513;-25.4887;18.2069;157.42
996;-4;160.513;-25.4887;18.2069;157.42
1014;-4;312.207;-10.6614;19.1513;311.433
1014;-4;253.453;-7.55495;14.9075;252.897
1014;-4;253.453;-7.55495;14.9075;252.897
1077;-4;69.7349;26.0289;14.3696;63.0613
1077;-4;69.3331;25.8783;14.2864;62.698
1087;-4;123.224;-20.46;10.0981;121.084
1087;-4;124.009;-21.1235;10.2259;121.759
1087;-4;117.253;-19.9656;9.66603;115.126
1087;-4;112.296;-19.1172;9.25654;110.258
1087;-4;111.538;-19.4218;9.36101;109.424
1087;-4;111.538;-19.4218;9.36101;109.424
1096;-4;89.3568;-9.29655;1.66263;-88.8437
1096;-4;89.2107;-9.28134;1.6599;-88.6984
1096;-4;88.8529;-9.27668;1.35064;-88.3442
1096;-4;78.2327;-8.16488;1.19752;-77.7818
1096;-4;78.2327;-8.16488;1.19752;-77.7818
1103;-4;16.5199;-4.35532;4.27912;-15.2767
1103;-4;16.5199;-4.35532;4.27912;-15.2767
1114;-4;94.1627;34.9972;1.16134;-87.3968
1114;-4;88.1153;32.7356;0.646853;-81.7925
1114;-4;88.1153;32.7356;0.646853;-81.7925
1136;-4;100.034;21.8723;1.72279;97.587
1136;-4;100.034;21.8723;1.72279;97.587
1140;-4;3.39029;2.8554;0.956576;0.419185
1140;-4;3.39073;2.85631;0.955451;0.419103
1140;-4;3.32201;2.79865;0.910352;0.352973
1140;-4;3.32201;2.79865;0.910352;0.352973
1141;-4;52.8395;2.53148;33.1945;-41.0059
1141;-4;52.308;2.50595;32.8596;-40.5936
1141;-4;49.1738;2.35295;30.8846;-38.1631
1141;-4;48.2801;2.30982;30.3212;-37.4701
1141;-4;48.2801;2.30982;30.3212;-37.4701
1142;-4;43.2504;-20.3599;36.3347;-11.5591
1142;-4;42.6738;-20.088;35.8497;-11.405
1142;-4;37.6044;-18.3139;30.9822;-10.7958
1142;-4;37.6044;-18.3139;30.9822;-10.7958
1147;-4;1967.64;-2.86005;3.08382;1967.64
1147;-4;1508.17;-2.1617;2.33083;1508.17
1147;-4;1535.73;-2.18458;2.3594;1535.73
1158;-4;1.62946;0.161115;0.157244;0.595367
1170;-4;54.3802;-0.57389;20.3881;-50.3881
1170;-4;54.3802;-0.57389;20.3881;-50.3881
1183;-4;17.1337;-12.5452;3.36197;-11.0738
1183;-4;17.1544;-12.5705;3.43027;-11.0563
1183;-4;17.2266;-12.6056;3.42974;-11.1285
1183;-4;17.2306;-12.6158;3.42539;-11.1244
1187;-4;97.9633;3.00135;40.0056;-89.3594
1187;-4;93.4367;1.59785;38.788;-84.9771
1187;-4;80.3002;0.994642;34.0752;-72.6895
1187;-4;80.3002;0.994642;34.0752;-72.6895
1189;-4;45.9923;29.5685;11.6995;-33.1944
1198;-4;303.824;0.37213;2.17805;303.812
1201;-4;214.926;-4.74452;11.395;-214.566
1201;-4;214.57;-4.74552;11.3843;-214.21
1222;-4;99.1519;24.2978;34.602;89.6726
1222;-4;98.4231;24.1189;34.3474;89.0134
1222;-4;96.1425;23.5593;33.551;86.9507
1222;-4;93.3422;22.8725;32.572;84.4182
1227;-4;14.0692;-2.31082;13.3445;-3.50379
1227;-4;14.0692;-2.31082;13.3445;-3.50379
1240;-4;54.5322;3.38341;27.603;46.8844
1274;-4;37.5436;-13.1658;34.9981;3.01118
1274;-4;36.2594;-12.7143;33.7991;2.90942
1274;-4;34.7801;-12.1937;32.418;2.79154
1274;-4;34.7801;-12.1937;32.418;2.79154
1285;-4;146.053;19.6869;16.437;143.775
1285;-4;138.653;18.7287;16.3769;136.394
1309;-4;40.7647;-39.9875;3.8777;-6.74323
1309;-4;40.1211;-39.3552;3.81618;-6.63757
1309;-4;40.1211;-39.3552;3.81618;-6.63757
1313;-4;178.586;24.523;3.06731;176.861
1318;-4;96.3572;-5.07265;14.594;-95.0985
1318;-4;70.1586;-3.74188;10.6099;-69.2345
1318;-4;70.1586;-3.74188;10.6099;-69.2345
1341;-4;10.2312;-4.8008;1.31231;8.81235
1341;-4;10.1454;-4.88258;1.10886;8.69535
1341;-4;10.1454;-4.88258;1.10886;8.69535
1370;-4;816.229;18.9714;20.3284;815.754
1377;-4;326.955;-11.8618;17.4125;326.272
1377;-4;302.648;-10.8959;16.9847;301.971
1377;-4;302.648;-10.8959;16.9847;301.971
1381;-4;35.4532;-6.3832;2.84514;34.7252
1390;-4;512.516;18.3337;33.3652;-511.098
1390;-4;511.219;18.2873;33.2806;-509.804
1390;-4;510.164;18.2495;33.2119;-508.752
1390;-4;500.545;17.8793;31.6995;-499.218
1390;-4;469.264;16.7612;29.727;-468.019
1390;-4;469.264;16.7612;29.727;-468.019
1400;-4;161.61;-10.3289;55.1867;151.537
1400;-4;154.621;-9.88212;52.7987;144.983
1400;-4;156.327;-10.4891;52.8946;146.725
1400;-4;148.788;-9.9835;50.3422;139.649
1400;-4;148.788;-9.9835;50.3422;139.649
1406;-4;255.309;-11.271;6.41724;254.975
1438;-4;190.162;-24.6322;3.75699;-188.517
1438;-4;181.672;-23.5297;3.58949;-180.1
1438;-4;171.131;-22.1599;3.38299;-169.65
1438;-4;171.131;-22.1599;3.38299;-169.65
1449;-4;2.85582;-0.775251;2.14966;-0.826829
1449;-4;2.87127;-0.778979;2.16303;-0.841834
1449;-4;2.87127;-0.778979;2.16303;-0.841834
1452;-4;41.1862;-3.05941;2.84032;40.9467
1452;-4;41.0903;-3.06243;2.83013;40.8506
1452;-4;40.8578;-2.99801;2.82503;40.6219
1452;-4;40.8578;-2.99801;2.82503;40.6219
1469;-4;31.9859;23.7512;0.856705;21.354
1469;-4;31.4072;22.8061;1.03515;21.5169
1469;-4;31.4072;22.8061;1.03515;21.5169
1473;-4;38.3059;31.865;15.6347;14.3273
1488;-4;30.8626;18.2771;21.1118;13.0573
1488;-4;30.2066;17.8872;20.6612;12.7809
1497;-4;14.8617;14.7188;1.0896;-0.888955
1497;-4;14.8617;14.7188;1.0896;-0.888955
1613;-4;52.5695;20.8556;10.9193;46.98
1613;-4;51.234;20.3257;10.6416;45.7853
1613;-4;50.246;19.9339;10.4369;44.9013
1613;-4;47.3513;18.7823;9.83566;42.3129
1613;-4;47.3513;18.7823;9.83566;42.3129
1623;-4;29.7033;-1.22781;2.96377;29.4914
1639;-4;154.381;111.855;100.466;-35.0204
1639;-4;155.941;113.611;100.365;-36.5323
1639;-4;155.901;113.582;100.34;-36.523
1639;-4;156.146;113.975;100.362;-36.2865
1639;-4;155.355;113.397;99.8533;-36.1027
1639;-4;154.751;112.956;99.465;-35.9624
1639;-4;154.603;112.651;99.5448;-36.0612
1639;-4;154.603;112.651;99.5448;-36.0612
1644;-4;10.5041;6.53278;6.16557;5.23395
1644;-4;10.5021;6.49097;6.20809;5.23172
1644;-4;10.4616;6.47886;6.18642;5.19114
1644;-4;10.3989;6.43951;6.14873;5.1588
1644;-4;10.2701;6.35867;6.07146;5.0922
1644;-4;10.2827;6.3718;6.09299;5.07536
1644;-4;10.2827;6.3718;6.09299;5.07536
1675;-4;1.98096;0.432809;1.17749;-0.316809
1675;-4;1.98211;0.433353;1.17954;-0.315658
1690;-4;193.633;1.70622;12.1686;-193.237
1698;-4;4.73763;0.720528;2.89655;3.35946
1698;-4;4.74233;0.713362;2.89817;3.36622
1698;-4;4.74233;0.713362;2.89817;3.36622
1751;-4;54.2995;24.2164;25.9355;-41.0744
1751;-4;50.9692;24.0735;23.9467;-37.9821
1751;-4;50.9692;24.0735;23.9467;-37.9821
1759;-4;122.943;-41.4344;52.5294;-103.134
1759;-4;120.203;-41.7446;50.7675;-100.631
1759;-4;115.688;-40.6947;48.5234;-96.8032
1759;-4;115.688;-40.6947;48.5234;-96.8032
1771;-4;40.65;27.0784;23.1092;19.5677
1771;-4;35.1594;23.4156;19.9832;16.921
1820;-4;10.7183;0.916757;3.97494;9.79751
1829;-4;7.65008;2.26515;5.10895;-5.00413
1838;-4;42.6195;-32.8591;25.281;9.76328
1838;-4;41.071;-31.6644;24.3612;9.40622
1838;-4;34.5356;-26.6153;20.4798;7.91588
1838;-4;34.5356;-26.6153;20.4798;7.91588
1865;-4;71.8639;-27.8437;15.0559;64.4997
1865;-4;71.5623;-27.7267;14.9926;64.229
1865;-4;71.2057;-27.5884;14.9177;63.9088
1865;-4;63.083;-24.5619;13.9812;56.3778
1865;-4;63.083;-24.5619;13.9812;56.3778
1875;-4;268.567;-28.3652;13.4847;266.72
1876;-4;46.4582;-15.0827;13.0365;-41.9366
1876;-4;46.0791;-14.9595;12.93;-41.5941
1876;-4;45.4188;-14.7447;12.7444;-40.9975
1876;-4;37.5487;-12.2266;11.5144;-33.5498
1876;-4;34.7136;-11.3091;10.6117;-31.0207
1876;-4;34.7136;-11.3091;10.6117;-31.0207
1918;-4;60.9988;-24.6947;12.986;54.223
1918;-4;59.4932;-24.0846;12.6654;52.884
1918;-4;57.7832;-23.3904;12.3026;51.3632
1922;-4;46.763;18.3956;29.0376;-31.6695
1922;-4;42.7874;16.83;26.5662;-28.9742
1922;-4;40.4719;16.719;24.358;-27.6205
1922;-4;40.4719;16.719;24.358;-27.6205
1927;-4;5.08854;-4.3857;1.42695;1.54034
1927;-4;4.85592;-4.14858;1.35903;1.50742
1927;-4;4.64614;-3.98862;1.31614;1.30204
1927;-4;4.64614;-3.98862;1.31614;1.30204
1931;-4;18.5351;-6.74446;9.72407;-14.1864
1931;-4;18.9566;-7.10496;9.34657;-14.8076
1931;-4;19.0799;-7.16936;9.64211;-14.7453
1931;-4;13.5983;-5.42342;7.06415;-10.1661
1931;-4;14.4458;-5.68784;7.21761;-11.0447
1950;-4;48.671;18.4153;26.9325;36.0852
1956;-4;55.7703;32.5892;8.15845;44.4912
1956;-4;55.0012;32.1386;8.04559;43.8778
1956;-4;55.0012;32.1386;8.04559;43.8778
1958;-4;74.515;-15.5063;14.1783;71.4756
1958;-4;53.9514;-11.2965;10.2988;51.7187
1958;-4;53.9514;-11.2965;10.2988;51.7187
1969;-4;8.77126;-4.40399;7.14181;-2.06988
1971;-4;34.2866;1.92089;5.04889;33.8252
1982;-4;10.1194;-1.28669;9.65111;-2.3136
1982;-4;10.1194;-1.28669;9.65111;-2.3136
1983;-4;18.4141;16.9767;0.227221;6.96909
1997;-4;495.617;-42.3376;8.39525;493.732
1997;-4;483.8;-41.3259;8.19469;481.96
1997;-4;403.867;-34.4806;5.00196;402.359
2016;-4;78.7297;37.0145;7.72571;-69.0388
2016;-4;58.9576;26.873;5.71535;-52.1433
2016;-4;70.1264;31.9787;6.35423;-62.0562
2016;-4;70.1264;31.9787;6.35423;-62.0562
2017;-4;1024.6;-13.1584;36.2423;-1023.87
2017;-4;929.399;-9.70289;31.856;-928.801
2017;-4;913.73;-9.61588;31.7507;-913.127
2017;-4;913.73;-9.61588;31.7507;-913.127
2033;-4;218.205;8.19245;0.257366;218.046
2033;-4;218.211;8.19264;0.257367;218.052
2033;-4;218.215;8.11078;0.22597;218.059
2033;-4;235.754;8.55833;0.066453;235.592
2033;-4;235.754;8.55833;0.066453;235.592
2059;-4;18.6069;0.282475;0.347018;-18.5409
2059;-4;18.6069;0.282475;0.347018;-18.5409
2082;-4;36.1477;-29.1041;21.3305;1.54061
2082;-4;34.0159;-27.3846;20.0702;1.45144
2082;-4;32.1054;-25.5969;19.2069;2.09854
2082;-4;32.1054;-25.5969;19.2069;2.09854
2101;-4;65.7873;32.221;6.34609;-56.9847
2101;-4;62.6775;30.6948;6.04119;-54.2914
2101;-4;62.6775;30.6948;6.04119;-54.2914
2113;-4;110.601;32.1473;10.7389;105.269
2137;-4;33.3621;24.9181;1.89162;22.052
2137;-4;32.106;23.9771;1.81979;21.221
2137;-4;27.5627;20.5706;1.53317;18.2196
2137;-4;27.5627;20.5706;1.53317;18.2196
2146;-4;70.2337;4.95952;3.1582;-69.971
2146;-4;70.2337;4.95952;3.1582;-69.971
2161;-4;9.6523;7.6825;5.23488;2.11949
2161;-4;9.6523;7.6825;5.23488;2.11949
2169;-4;62.1147;-17.9042;1.57142;-59.4387
2169;-4;58.3831;-16.199;1.41576;-56.0529
2169;-4;58.3831;-16.199;1.41576;-56.0529
2173;-4;49.3287;-30.7226;5.24082;-38.2065
2173;-4;49.2915;-30.6993;5.23686;-38.1776
2173;-4;49.2109;-30.6491;5.22827;-38.1151
2174;-4;51.9922;1.4305;35.0024;-38.3891
2174;-4;51.9922;1.4305;35.0024;-38.3891
2195;-4;96.8627;-21.0783;14.7069;-93.3785
2195;-4;93.8742;-20.4248;14.2502;-90.498
2195;-4;77.3456;-16.6583;12.3342;-74.5014
2195;-4;77.3456;-16.6583;12.3342;-74.5014
2199;-4;417.896;-28.0745;36.5523;-415.344
2205;-4;34.092;15.2056;22.4809;20.5771
2205;-4;34.2051;15.8783;22.2893;20.4648
2205;-4;28.952;13.4223;19.4858;16.6166
2205;-4;28.917;13.1607;19.5815;16.6525
2205;-4;28.917;13.1607;19.5815;16.6525
2270;-4;220.313;-28.9569;4.48945;218.351
2271;-4;23.5729;-5.09556;11.5329;-19.861
2271;-4;22.9981;-4.9675;11.2441;-19.3792
2282;-4;57.0059;19.603;34.6718;-40.7555
2282;-4;53.3271;18.3372;32.4316;-38.1244
2282;-4;51.2688;17.627;31.1786;-36.6527
2282;-4;44.1395;15.1693;26.8304;-31.5606
2310;-4;88.7706;-46.1697;11.8885;-74.8665
2310;-4;44.8866;-22.468;4.89022;-38.5205
2310;-4;44.8866;-22.468;4.89022;-38.5205
2321;-4;54.0579;-35.8411;39.8508;-6.88045
2321;-4;52.5447;-34.8364;38.7348;-6.68868
2321;-4;49.0167;-32.4946;36.1333;-6.23523
2321;-4;49.0167;-32.4946;36.1333;-6.23523
2334;-4;30.0684;-18.0558;0.958482;23.9776
2334;-4;29.9785;-18.0018;0.955646;23.9057
2334;-4;29.8448;-17.9214;0.951438;23.7988
2334;-4;29.7446;-17.8612;0.948279;23.7185
2334;-4;29.2422;-17.5595;0.932439;23.3164
2334;-4;29.2422;-17.5595;0.932439;23.3164
2335;-4;89.9273;-21.4504;21.4018;-84.6553
2335;-4;88.4705;-21.1016;21.0537;-83.2842
2336;-4;45.9017;7.33325;30.2494;-33.7033
2336;-4;45.5109;7.27064;29.991;-33.4167
2336;-4;44.6115;7.1266;29.3961;-32.757
2336;-4;43.6548;6.97366;28.763;-32.0554
2336;-4;40.1692;6.4182;26.4528;-29.502
2336;-4;34.1615;5.41194;22.4566;-25.1231
2342;-4;52.688;13.5668;50.3028;-7.70393
2342;-4;50.7677;11.3043;48.5576;-9.45956
2342;-4;37.4761;8.81549;35.695;-7.09654
2342;-4;37.4761;8.81549;35.695;-7.09654
2350;-4;48.4651;45.1204;11.8105;13.0873
2354;-4;332.78;-32.4358;24.9671;330.25
2354;-4;262.394;-27.5967;21.3754;260.058
2354;-4;235.613;-24.758;19.1955;233.516
2354;-4;235.613;-24.758;19.1955;233.516
2361;-4;105.202;-34.3405;24.2149;96.4341
2361;-4;92.7002;-30.2554;21.3352;84.9735
2361;-4;92.7002;-30.2554;21.3352;84.9735
2363;-4;81.1069;-17.0286;29.6535;73.5308
2363;-4;80.7716;-16.958;29.5306;73.2269
2363;-4;79.7576;-16.7445;29.1587;72.3078
2363;-4;74.8621;-15.7146;27.3621;67.8708
2363;-4;74.8621;-15.7146;27.3621;67.8708
2368;-4;47.7867;-43.3611;19.6555;-3.84675
2378;-4;25.0189;1.29068;22.9765;9.70086
2378;-4;18.7263;0.974782;17.1628;7.27414
2378;-4;15.4444;0.85201;14.1095;6.03931
2378;-4;15.4554;0.862237;14.1245;6.03119
2378;-4;15.4554;0.862237;14.1245;6.03119
2394;-4;218.229;17.2835;18.0255;-216.791
2394;-4;185.206;14.5001;15.8094;-183.954
2394;-4;185.206;14.5001;15.8094;-183.954
2419;-4;47.1429;-10.4021;18.2823;-42.1635
2419;-4;43.1987;-9.51725;16.7704;-38.6271
2419;-4;44.5386;-9.99926;17.1637;-39.8139
2419;-4;44.5386;-9.99926;17.1637;-39.8139
2428;-4;350.424;-32.5617;60.1452;343.681
2463;-4;94.9317;-18.2551;34.573;-86.4941
2463;-4;77.6555;-14.9198;28.2757;-70.7532
2463;-4;77.6555;-14.9198;28.2757;-70.7532
2479;-4;147.552;30.8437;5.78152;144.168
2479;-4;147.581;31.1386;4.96633;144.166
2479;-4;147.602;31.3508;4.31738;144.161
2479;-4;147.693;31.3601;4.3275;144.253
2479;-4;147.648;31.4812;4.77971;144.166
2479;-4;147.648;31.4812;4.77971;144.166
2481;-4;579.968;-24.5937;22.9558;-578.989
2481;-4;579.968;-24.5937;22.9558;-578.989
2485;-4;80.5209;19.2164;8.31504;-77.7365
2485;-4;78.4567;18.7177;8.10127;-75.7444
2485;-4;78.4567;18.7177;8.10127;-75.7444
2501;-4;26.3131;-0.992679;17.9779;-19.1296
2501;-4;23.8688;-0.8969;16.3099;-17.3393
2501;-4;23.8688;-0.8969;16.3099;-17.3393
2563;-4;70.1853;14.917;26.6599;63.1701
2563;-4;70.053;15.0843;26.0673;63.2308
2563;-4;68.0851;14.6599;25.3353;61.4535
2572;-4;43.0701;6.8266;31.993;27.9755
2572;-4;35.2257;5.58051;26.1575;22.8745
2572;-4;32.3394;5.12402;24.0094;20.9972
2575;-4;178.367;7.26813;13.8073;177.677
2575;-4;178.367;7.26813;13.8073;177.677
2575;-4;175.34;-8.57686;34.0968;171.772
2584;-4;46.3358;-24.373;12.8365;-37.2282
2584;-4;42.094;-22.131;11.6555;-33.8235
2584;-4;36.4466;-20.227;11.0487;-28.194
2584;-4;36.4466;-20.227;11.0487;-28.194
2593;-4;443.692;47.7016;4.8893;-441.09
2593;-4;435.297;46.7978;4.79655;-432.745
2618;-4;53.9154;-8.16881;36.6497;-38.6611
2623;-4;328.573;17.1051;32.3201;326.528
2623;-4;324.673;16.9015;31.9356;322.653
2623;-4;325.781;16.8504;31.6639;323.797
2623;-4;325.781;16.8504;31.6639;323.797
2633;-4;11.5113;-1.93941;7.47672;8.40218
2633;-4;11.4876;-1.94716;7.47459;8.36989
2633;-4;11.4842;-1.94333;7.47459;8.36603
2643;-4;8.11706;-3.2055;4.5677;5.70067
2685;-4;600.054;-5.13215;39.1483;598.752
2685;-4;532.567;-4.55374;34.7369;531.411
2695;-4;6.68743;2.80551;5.8261;-0.810779
2695;-4;7.91544;3.33283;6.86298;-1.20426
2695;-4;7.91544;3.33283;6.86298;-1.20426
2698;-4;38.0559;-0.670568;1.80713;37.9775
2707;-4;39.6515;-31.2901;2.07346;-24.2202
2707;-4;39.5018;-31.1715;2.0657;-24.129
2707;-4;38.2027;-30.1425;1.99817;-23.3373
2707;-4;39.2705;-31.0097;2.24604;-23.909
2707;-4;39.2705;-31.0097;2.24604;-23.909
2717;-4;65.0701;-29.0967;20.98;54.2687
2717;-4;64.8039;-28.9774;20.894;54.0467
2717;-4;64.5232;-28.7446;20.3464;54.0441
2717;-4;63.9369;-28.4828;20.161;53.5531
2717;-4;63.9369;-28.4828;20.161;53.5531
2738;-4;130.678;2.93846;11.6506;130.116
2738;-4;131.521;2.76487;11.7374;130.958
2738;-4;131.196;2.7488;11.7256;130.633
2738;-4;126.452;2.6315;11.2782;125.911
2738;-4;126.455;2.70186;11.3232;125.909
2738;-4;126.455;2.70186;11.3232;125.909
2756;-4;21.918;21.0992;5.33081;-2.13475
2756;-4;20.1029;19.3367;4.91675;-1.94757
2756;-4;20.1029;19.3367;4.91675;-1.94757
2769;-4;133.886;4.2984;42.8807;126.752
2769;-4;127.202;4.70275;40.5434;120.467
2769;-4;127.202;4.70275;40.5434;120.467
2777;-4;250.709;-32.2788;1.39921;248.614
2777;-4;245.033;-31.4307;1.91038;242.997
2777;-4;245.033;-31.4307;1.91038;242.997
2786;-4;92.6046;4.68703;0.376315;92.473
2786;-4;90.6057;4.64172;0.398911;90.4734
2786;-4;69.5547;3.45472;0.388903;69.4516
2786;-4;69.5547;3.45472;0.388903;69.4516
2812;-4;4.04455;-0.917343;1.8437;3.14128
2837;-4;34.2516;22.6613;25.6369;-0.376793
2837;-4;33.8892;22.9194;24.9184;-0.0649114
2837;-4;33.8892;22.9194;24.9184;-0.0649114
2848;-4;41.2609;6.49;20.1297;35.3962
2848;-4;41.2454;6.48756;20.1221;35.3829
2848;-4;40.5121;6.37204;19.7638;34.753
2848;-4;41.1842;6.45538;20.1347;35.3072
2848;-4;41.1842;6.45538;20.1347;35.3072
2854;-4;83.8449;-18.2989;14.3882;-80.5348
2854;-4;70.4537;-14.7621;11.521;-67.903
2854;-4;70.4537;-14.7621;11.521;-67.903
2863;-4;234.734;-15.7307;0.248664;-234.201
2863;-4;234.569;-15.7252;0.246312;-234.036
2863;-4;234.922;-15.9722;0.117169;-234.373
2863;-4;234.922;-15.9722;0.117169;-234.373
2866;-4;131.524;-24.1345;15.4082;128.36
2866;-4;16.0345;-5.54717;5.52642;-13.912
2866;-4;15.3711;-5.30174;5.28196;-13.3421
2866;-4;15.0411;-5.23243;5.22404;-13.0121
2866;-4;15.169;-5.139;5.37475;-13.1358
2866;-4;21.1882;-7.22883;7.63405;-18.3003
2866;-4;23.3418;-7.59654;8.26703;-20.3256
2866;-4;23.3418;-7.59654;8.26703;-20.3256
2897;-4;102.592;7.01728;42.3703;-93.1576
2897;-4;99.8529;6.82956;41.2388;-90.6702
2897;-4;97.6849;7.60429;40.7058;-88.4608
2897;-4;79.6439;6.18565;33.183;-72.1216
2897;-4;73.2315;6.13188;29.9148;-66.544
2897;-4;71.5738;6.25526;29.1779;-65.0391
2897;-4;71.5738;6.25526;29.1779;-65.0391
2906;-4;102.444;-27.0138;31.372;93.6942
2906;-4;99.2575;-26.1723;30.3948;90.7798
2942;-4;45.1411;-8.7541;14.5905;41.7846
2942;-4;45.1411;-8.7541;14.5905;41.7846
2942;-4;10.2086;2.11131;7.11226;-6.80854
2942;-4;10.2086;2.11131;7.11226;-6.80854
2947;-4;127.006;-6.69501;36.3208;-121.508
2975;-4;13.6491;11.0483;3.578;-7.01307
2997;-4;35.3309;4.37557;12.7518;-32.6231
2997;-4;35.3309;4.37557;12.7518;-32.6231
3010;-4;59.9482;21.955;13.4328;-54.1209
3010;-4;59.8428;21.9164;13.4091;-54.0257
3010;-4;43.8921;15.4346;9.90127;-39.8497
3010;-4;43.8921;15.4346;9.90127;-39.8497
3025;-4;625.129;13.2562;37.7394;623.846
3025;-4;515.355;10.9282;31.0979;514.298
3025;-4;434.106;9.63357;25.6983;433.235
3025;-4;434.106;9.63357;25.6983;433.235
3028;-4;51.1065;33.8361;18.904;33.2774
3028;-4;50.6126;33.8057;18.1921;32.9485
3028;-4;46.5065;31.0556;16.7191;30.2759
3028;-4;46.5065;31.0556;16.7191;30.2759
3042;-4;592.266;8.62724;57.673;-589.386
3042;-4;583.769;8.50367;56.8451;-580.931
3042;-4;562.439;8.19382;54.7661;-559.704
3042;-4;562.439;8.19382;54.7661;-559.704
3128;-4;164.479;-38.2185;8.26387;-159.757
3128;-4;161.806;-37.5971;8.12951;-157.16
3128;-4;161.236;-36.3521;9.03759;-156.818
3128;-4;136.193;-30.7059;7.62979;-132.458
3128;-4;117.993;-26.5371;6.59276;-114.771
3128;-4;117.993;-26.5371;6.59276;-114.771
3139;-4;29.5652;12.8151;22.6645;-13.9264
3139;-4;29.327;12.7114;22.4811;-13.8146
3141;-4;50.636;-22.5698;17.2828;41.8768
3143;-4;54.8459;-23.98;25.8845;41.9616
3143;-4;44.812;-20.6458;21.8031;33.2301
3143;-4;44.812;-20.6458;21.8031;33.2301
3203;-4;130.44;-12.1807;3.64672;129.811
3203;-4;165.877;-15.3231;4.65741;165.093
3203;-4;165.877;-15.3231;4.65741;165.093
3205;-4;11.4991;3.66406;7.82286;-7.44014
3205;-4;11.8325;3.43048;8.09926;-7.77123
3205;-4;11.8086;3.43568;8.03882;-7.79531
3205;-4;11.6514;3.38945;7.93047;-7.68921
3205;-4;11.5606;3.21061;7.83268;-7.72906
3205;-4;11.5683;3.23408;7.8284;-7.73522
3205;-4;13.9266;4.04472;9.68632;-8.94041
3205;-4;13.9266;4.04472;9.68632;-8.94041
3217;-4;51.2393;9.66791;24.8259;-43.7427
3217;-4;50.5106;9.52892;24.4712;-43.1211
3217;-4;49.1;9.25998;23.7853;-41.9174
3217;-4;49.1;9.25998;23.7853;-41.9174
3327;-4;70.9982;-25.4413;47.2381;46.4737
3327;-4;69.2085;-24.7986;46.0472;45.3017
3327;-4;68.5378;-24.5579;45.6009;44.8625
3327;-4;49.941;-18.5518;33.6578;31.8565
3327;-4;49.941;-18.5518;33.6578;31.8565
3400;-4;4.1786;-3.60566;1.4693;-0.226134
3400;-4;4.35789;-3.78117;1.51062;-0.402517
3400;-4;4.52216;-3.9805;1.51616;-0.238314
3400;-4;4.52216;-3.9805;1.51616;-0.238314
3433;-4;31.034;18.3152;1.89749;24.9362
3433;-4;28.3631;16.7168;1.73179;22.7984
3433;-4;27.5961;16.2558;1.68549;22.1857
3433;-4;27.5961;16.2558;1.68549;22.1857
3433;-4;2.36919;1.5121;0.928977;0.462159
3433;-4;2.36963;1.51453;0.925661;0.463132
3436;-4;54.2727;-2.80287;50.8434;18.7182
3436;-4;53.9504;-2.78634;50.5411;18.6071
3436;-4;51.5946;-2.70563;48.6811;16.8103
3436;-4;48.5705;-2.55202;45.8227;15.8306
3436;-4;51.0992;-2.74617;48.2251;16.5958
3436;-4;51.0992;-2.74617;48.2251;16.5958
3439;-4;207.194;-7.77288;3.24654;207.017
3439;-4;207.194;-7.77288;3.24654;207.017
3461;-4;20.8834;5.69595;3.30444;-19.7612
3466;-4;6.55274;4.4974;1.84337;4.13082
3466;-4;6.56129;4.51466;1.83051;4.1313
3466;-4;7.26346;4.98183;1.8624;4.65453
3466;-4;7.26346;4.98183;1.8624;4.65453
3471;-4;326.04;-1.10259;32.6672;324.394
3471;-4;317.961;-1.07535;31.8546;316.355
3471;-4;312.771;-1.05794;31.3328;311.193
3471;-4;320.862;-0.803681;31.566;319.301
3471;-4;252.09;-1.1303;25.4502;250.795
3471;-4;252.09;-1.1303;25.4502;250.795
3472;-4;256.995;26.3883;14.6037;255.215
3472;-4;256.995;26.3883;14.6037;255.215
3476;-4;70.1653;32.9567;15.1644;-60.0402
3476;-4;70.038;32.8967;15.1368;-59.9312
3476;-4;68.9555;32.387;14.9023;-59.0052
3476;-4;65.4659;30.4063;13.6865;-56.3176
3476;-4;65.4659;30.4063;13.6865;-56.3176
3501;-4;15.2879;-1.60923;4.6816;-14.3862
3501;-4;15.9629;-1.90594;5.00904;-14.8965
3501;-4;15.9629;-1.90594;5.00904;-14.8965
3502;-4;71.7638;13.9251;23.364;-66.3928
3502;-4;67.7952;13.1543;22.0707;-62.7199
3502;-4;61.5234;10.6284;20.7383;-56.9196
3502;-4;57.8822;10.0117;19.5026;-53.5491
3502;-4;57.8822;10.0117;19.5026;-53.5491
3505;-4;3.11045;-0.345893;0.644464;-2.62487
3512;-4;45.0036;39.1747;2.34528;21.9754
3512;-4;38.626;33.6162;2.00696;18.8585
3512;-4;31.3709;27.2926;1.63087;15.3082
3512;-4;30.9557;26.9309;1.61105;15.1041
3512;-4;30.9557;26.9309;1.61105;15.1041
3528;-4;48.2683;-22.5749;30.9172;29.3612
3528;-4;36.0999;-15.7832;22.8844;22.9814
3542;-4;914.88;-19.0142;23.2603;-914.385
3561;-4;877.158;-2.52317;5.24347;877.138
3561;-4;877.158;-2.52317;5.24347;877.138
3584;-4;586.069;30.6618;19.2844;584.947
3584;-4;417.224;21.7984;13.7012;416.427
3584;-4;417.224;21.7984;13.7012;416.427
3588;-4;59.0464;12.7022;19.1666;-54.3647
3588;-4;58.0556;12.4873;18.8424;-53.4531
3595;-4;84.3441;49.469;27.6267;-62.4601
3595;-4;74.3845;43.6359;24.3631;-55.074
3595;-4;48.0149;28.0074;16.7481;-35.189
3595;-4;48.0149;28.0074;16.7481;-35.189
3602;-4;61.6541;6.58044;0.924756;61.2766
3618;-4;314.199;-43.153;20.8182;310.521
3618;-4;284.321;-40.3558;17.4175;280.899
3618;-4;247.571;-35.1122;15.1785;244.593
3618;-4;197.347;-27.9347;12.059;194.982
3618;-4;226.592;-32.185;13.4852;223.881
3618;-4;226.592;-32.185;13.4852;223.881
3620;-4;12.1267;7.67461;8.17847;4.36105
3620;-4;11.2736;7.1265;7.60719;4.02344
3620;-4;11.2736;7.1265;7.60719;4.02344
3648;-4;397.28;17.9392;32.4619;-395.543
3648;-4;396.98;17.9256;32.4372;-395.243
3648;-4;291.848;14.0136;23.7746;-290.537
3648;-4;389.652;18.4652;31.541;-387.93
3648;-4;389.652;18.4652;31.541;-387.93
3651;-4;324.188;-20.4473;30.7385;322.075
3651;-4;309.835;-19.5408;29.3754;307.816
3651;-4;289.656;-18.2657;27.459;287.769
3651;-4;289.656;-18.2657;27.459;287.769
3667;-4;304.26;-22.1011;29.1017;302.054
3667;-4;296.946;-21.57;28.4004;294.793
3667;-4;296.946;-21.57;28.4004;294.793
3695;-4;94.677;-22.2932;48.9038;77.9289
3695;-4;75.3402;-18.8546;38.839;61.7246
3695;-4;58.4994;-14.8191;30.4256;47.6928
3698;-4;248.351;37.8624;14.2881;245.027
3698;-4;243.468;37.117;14.0068;240.209
3698;-4;227.201;34.629;13.0734;224.161
3698;-4;227.201;34.629;13.0734;224.161
3703;-4;14.9588;6.62581;9.38181;9.46559
3703;-4;14.9711;6.61498;9.40303;9.47142
3703;-4;15.1496;7.05561;9.45718;9.38291
3703;-4;15.1496;7.05561;9.45718;9.38291
3723;-4;46.2301;-5.82924;30.1012;34.5674
3723;-4;43.5908;-5.49583;28.3788;32.5937
3723;-4;36.5788;-3.83669;23.4855;27.7393
3723;-4;36.5788;-3.83669;23.4855;27.7393
3727;-4;90.2602;35.5073;-0.0621718;-82.9692
3727;-4;78.5541;30.8983;-0.0538252;-72.2066
3727;-4;75.5845;29.7295;-0.0518902;-69.476
3727;-4;73.8062;29.0292;-0.0508717;-67.841
3727;-4;71.6996;28.1993;-0.0494175;-65.9043
3727;-4;67.0354;26.3571;-0.0528215;-61.6182
3727;-4;67.0354;26.3571;-0.0528215;-61.6182
3733;-4;3.4414;0.419609;2.83096;-1.1844
3748;-4;183.215;-31.1612;11.3156;180.184
3748;-4;157.054;-26.7017;9.70242;154.455
3748;-4;157.054;-26.7017;9.70242;154.455
3751;-4;66.4802;9.96664;0.998643;-65.7041
3751;-4;65.7605;9.85819;0.987876;-64.9926
3751;-4;65.25;9.78117;0.980293;-64.4879
3751;-4;65.25;9.78117;0.980293;-64.4879
3760;-4;8.3756;-7.03588;0.357422;-4.27426
3760;-4;8.32835;-7.0069;0.342147;-4.23058
3760;-4;8.32835;-7.0069;0.342147;-4.23058
3766;-4;114.86;9.11973;27.4353;111.152
3766;-4;114.86;9.11973;27.4353;111.152
3778;-4;46.5777;11.6252;42.146;-15.9936
3778;-4;38.1361;10.0762;34.4301;-12.8511
3778;-4;32.7137;8.6984;29.5404;-10.9381
3778;-4;32.7137;8.6984;29.5404;-10.9381
3786;-4;122.961;112.589;32.183;37.4853
3786;-4;120.177;110.039;31.454;36.637
3786;-4;117.485;107.528;29.0006;37.3771
3786;-4;113.873;104.222;28.1103;36.2269
3786;-4;101.944;93.3003;25.1624;32.4379
3786;-4;101.944;93.3003;25.1624;32.4379
3788;-4;364.835;4.27304;1.1846;-364.805
3788;-4;364.18;4.26785;1.19452;-364.15
3794;-4;27.1882;-19.6799;18.1625;-4.44664
3794;-4;27.0745;-19.5973;18.0864;-4.42833
3794;-4;26.6819;-19.3119;17.8233;-4.36504
3794;-4;26.6819;-19.3119;17.8233;-4.36504
3811;-4;87.5032;13.7144;4.34036;86.2997
3811;-4;91.7139;14.1115;4.63584;90.4812
3811;-4;91.7139;14.1115;4.63584;90.4812
3813;-4;519.67;-28.0582;55.4556;-515.938
3813;-4;509.361;-27.4801;53.3935;-505.807
3813;-4;495.77;-26.7447;51.9682;-492.311
3813;-4;495.77;-26.7447;51.9682;-492.311
3815;-4;43.9889;42.0125;9.88091;-8.37206
3815;-4;42.407;40.0547;8.20715;-11.152
3815;-4;31.9608;29.754;8.1241;-8.24251
3815;-4;32.4444;30.1694;8.1748;-8.48482
3815;-4;32.4444;30.1694;8.1748;-8.48482
3832;-4;41.158;7.44833;33.3905;22.8325
3832;-4;41.0707;7.4325;33.3195;22.7842
3832;-4;40.8209;7.38719;33.1163;22.6459
3832;-4;40.1229;7.26065;32.5483;22.2595
3832;-4;34.3742;6.23486;27.8729;19.0673
3832;-4;37.121;6.57586;30.0816;20.6643
3832;-4;37.121;6.57586;30.0816;20.6643
3832;-4;30.6507;20.2558;12.3324;-19.3606
3832;-4;30.5469;20.3692;12.3486;-19.0649
3832;-4;21.6654;14.051;8.4561;-14.0785
3832;-4;21.6654;14.051;8.4561;-14.0785
3836;-4;84.1593;-18.593;7.50325;81.7223
3836;-4;83.499;-18.4458;7.444;81.0812
3836;-4;73.4843;-17.2262;5.99505;71.1689
3836;-4;72.1734;-16.9139;5.88773;69.9
3836;-4;72.1734;-16.9139;5.88773;69.9
3838;-4;89.8746;-34.0698;22.6128;-80.0195
3838;-4;87.2371;-33.0688;21.9485;-77.6709
3838;-4;83.1641;-31.5224;20.9219;-74.0448
3838;-4;66.3825;-25.1662;16.6639;-59.1047
3838;-4;66.3825;-25.1662;16.6639;-59.1047
3839;-4;19.0507;-8.60133;13.3338;10.436
3839;-4;18.6581;-8.42577;13.055;10.2199
3839;-4;18.3164;-8.27316;12.8126;10.0315
3839;-4;17.5845;-7.94495;12.2931;9.62927
3839;-4;17.5845;-7.94495;12.2931;9.62927
3869;-4;76.062;24.5458;2.3128;-71.9398
3869;-4;76.062;24.5458;2.3128;-71.9398
3886;-4;51.0559;-24.9488;10.7389;43.2052
3886;-4;47.6217;-23.2578;10.0109;40.3043
3886;-4;51.1696;-24.9301;10.5553;43.3856
3886;-4;51.1696;-24.9301;10.5553;43.3856
3890;-4;63.6919;33.2516;21.5529;49.8419
3933;-4;273.576;37.7876;4.30173;270.915
3933;-4;267.285;36.9178;4.20248;264.686
3933;-4;218.5;29.9553;2.7691;216.414
3933;-4;218.5;29.9553;2.7691;216.414
3979;-4;185.244;20.5478;8.16662;-183.914
3979;-4;151.794;16.8145;6.6785;-150.705
3979;-4;129.642;14.36;5.686;-128.71
4018;-4;41.7477;16.3926;11.6982;-36.5384
4018;-4;43.5905;17.0494;12.4213;-38.1171
4018;-4;44.1689;17.065;12.7003;-38.6798
4018;-4;40.828;14.9414;11.979;-36.0269
4018;-4;40.3635;14.8757;11.8748;-35.5622
4018;-4;39.8434;14.832;11.6264;-35.0725
4018;-4;39.8434;14.832;11.6264;-35.0725
4036;-4;400.102;-25.4094;10.1105;-399.164
4068;-4;32.4294;23.8195;20.8123;-6.99248
4068;-4;30.5295;22.4204;19.5897;-6.58531
4068;-4;29.953;21.9956;19.219;-6.46184
4068;-4;29.953;21.9956;19.219;-6.46184
4095;-4;455.639;37.5838;20.2338;453.633
4095;-4;453.516;37.4085;20.1394;451.519
4095;-4;409.345;34.8881;18.4562;407.435
4095;-4;409.345;34.8881;18.4562;407.435
4099;-4;682.515;62.2709;93.7992;-673.163
4099;-4;665.625;60.7296;91.4773;-656.505
4099;-4;590.173;53.7941;83.6584;-581.73
4099;-4;457.582;41.6085;62.7077;-451.348
4099;-4;457.582;41.6085;62.7077;-451.348
4117;-4;30.7482;-2.90608;1.31884;-30.5453
4125;-4;2.00818;-0.332203;1.02008;0.794887
4125;-4;2.0109;-0.344768;1.02449;0.790746
4130;-4;143.123;21.101;29.1206;-138.524
4130;-4;121.502;17.3733;25.2192;-117.57
4130;-4;121.502;17.3733;25.2192;-117.57
4135;-4;148.157;64.7863;126.891;40.6163
4135;-4;148.383;67.0319;126.729;38.2336
4135;-4;105.689;51.0214;87.5383;30.028
4135;-4;105.74;50.0848;88.0711;30.2288
4135;-4;104.815;49.3988;87.6772;29.2645
4135;-4;74.2235;34.8944;62.1432;20.6756
4135;-4;74.3128;35.3175;62.0392;20.5902
4135;-4;74.1376;35.4176;61.7524;20.6484
4135;-4;74.1376;35.4176;61.7524;20.6484
4150;-4;6.08097;-3.08679;2.59986;-4.29426
4150;-4;6.06152;-3.07704;2.54913;-4.30416
4150;-4;6.06152;-3.07704;2.54913;-4.30416
4178;-4;328.804;-0.753224;36.2088;326.8
4178;-4;320.391;-0.733738;35.2806;318.438
4178;-4;235.024;-2.38095;27.1602;233.433
4178;-4;235.024;-2.38095;27.1602;233.433
4178;-4;5.84342;-0.732787;3.85154;3.83551
4178;-4;5.84342;-0.732787;3.85154;3.83551
4191;-4;37.775;-2.70693;0.313539;-37.6467
4192;-4;50.2028;47.7704;11.731;9.92219
4192;-4;49.6251;47.2202;11.5956;9.80792
4192;-4;49.2891;46.9466;11.5462;9.48008
4192;-4;49.2891;46.9466;11.5462;9.48008
4194;-4;79.6523;-42.3053;35.4629;-57.4011
4194;-4;79.2484;-42.0906;35.2828;-57.1101
4194;-4;78.2569;-41.5635;34.8409;-56.3957
4194;-4;26.2012;-13.5331;12.0358;-18.8744
4194;-4;26.2012;-13.5331;12.0358;-18.8744
4241;-4;81.9738;38.0283;56.1972;45.9693
4241;-4;66.6982;33.0754;45.4242;35.9035
4241;-4;54.5443;26.3763;35.8476;31.4971
4241;-4;54.5443;26.3763;35.8476;31.4971
4241;-4;14.5614;-1.83846;0.645447;14.3523
4257;-4;8.67506;6.93958;3.79328;3.23416
4278;-4;85.7314;12.4616;42.5315;73.3717
4278;-4;76.9436;11.1852;38.1676;65.8497
4278;-4;76.0827;11.06;37.7402;65.1129
4278;-4;48.6007;7.75056;23.9904;41.5231
4278;-4;68.4272;10.5497;33.649;58.6101
4278;-4;68.4272;10.5497;33.649;58.6101
4294;-4;38.4697;-26.9425;8.91466;-25.9287
4294;-4;33.6352;-23.541;7.79155;-22.6758
4294;-4;30.8779;-21.6019;7.16148;-20.815
4294;-4;30.8779;-21.6019;7.16148;-20.815
4295;-4;90.5043;36.3411;39.7558;72.7157
4295;-4;88.0422;35.8835;39.088;70.2402
4295;-4;84.9184;34.6102;37.7009;67.7471
4295;-4;82.7736;33.7358;36.7501;66.0344
4295;-4;72.6906;29.6143;32.2767;57.9904
4295;-4;72.983;29.8807;32.4951;58.0988
4295;-4;72.983;29.8807;32.4951;58.0988
4303;-4;103.988;0.856452;17.2846;102.527
4303;-4;103.736;0.841418;17.272;102.273
4303;-4;103.598;0.839903;17.2605;102.135
4303;-4;103.097;0.835796;17.1758;101.641
4303;-4;99.9897;0.810471;16.6505;98.5789
4303;-4;99.9403;0.808843;16.6464;98.5294
4303;-4;99.9249;0.810705;16.645;98.5141
4303;-4;94.3593;0.759836;15.706;93.0278
4303;-4;94.3598;0.769712;15.7381;93.0228
4303;-4;95.2576;0.720702;15.9508;93.8937
4303;-4;95.2576;0.720702;15.9508;93.8937
4307;-4;21.9134;1.64354;1.33557;21.7592
4310;-4;28.7595;-10.1163;23.0542;13.8213
4310;-4;28.6654;-10.3019;23.1691;13.286
4310;-4;28.6654;-10.3019;23.1691;13.286
4345;-4;9.1432;4.50539;0.298048;-7.80773
4345;-4;9.1432;4.50539;0.298048;-7.80773
4358;-4;73.1359;2.84515;27.2508;67.7931
4358;-4;72.8607;2.83446;27.1478;67.5381
4358;-4;71.1567;2.76868;26.5103;65.9588
4366;-4;727.556;-1.54912;15.4047;727.39
4366;-4;727.436;-1.6574;15.9422;727.257
4366;-4;727.436;-1.6574;15.9422;727.257
4383;-4;571.698;-12.27;32.0966;570.662
4383;-4;549.584;-11.7948;30.8525;548.588
4383;-4;549.584;-11.7948;30.8525;548.588
4385;-4;18.3901;-7.1768;14.7833;-8.11754
4385;-4;17.9948;-7.46915;14.422;-7.6013
4388;-4;661.773;-8.65671;24.7743;661.251
4388;-4;633.877;-8.29115;23.7306;633.377
4388;-4;557.729;-7.2893;20.8827;557.288
4388;-4;491.184;-6.41599;18.3848;490.795
4388;-4;491.184;-6.41599;18.3848;490.795
4399;-4;187.228;-8.3083;22.9305;-185.627
4399;-4;187.228;-8.3083;22.9305;-185.627
4414;-4;224.843;-22.9345;27.1762;-222.008
4414;-4;223.394;-22.7863;27.0006;-220.577
4414;-4;223.093;-22.7555;26.9641;-220.28
4458;-4;247.064;3.62045;39.1345;243.914
4463;-4;39.6626;-18.8381;25.0006;24.3098
4463;-4;38.2099;-18.147;24.0834;23.4183
4463;-4;35.6921;-16.9498;22.4937;21.8726
4463;-4;34.8461;-16.3908;22.5037;20.9027
4463;-4;31.9417;-15.0325;20.6128;19.1614
4463;-4;31.9417;-15.0325;20.6128;19.1614
4466;-4;38.2665;25.6774;14.5818;-24.2923
4466;-4;36.164;24.2619;13.7782;-22.9587
4466;-4;30.5667;20.4868;11.6511;-19.4066
4466;-4;29.187;19.5551;11.128;-18.531
4466;-4;29.187;19.5551;11.128;-18.531
4482;-4;81.1948;-15.1955;13.0084;-78.678
4482;-4;75.9541;-14.2073;12.1595;-73.6008
4482;-4;71.8272;-13.4265;11.4954;-69.6023
4482;-4;71.8272;-13.4265;11.4954;-69.6023
4499;-4;4.87538;-1.32493;4.35623;-0.887243
4501;-4;10.2538;7.04852;1.4954;7.13944
4519;-4;780.413;-54.14;22.5278;778.205
4519;-4;775.77;-53.8176;22.3933;773.575
4519;-4;740.394;-51.361;21.3689;738.3
4519;-4;740.394;-51.361;21.3689;738.3
4530;-4;219.829;-11.9204;36.2957;216.478
4530;-4;218.754;-11.862;36.1178;215.42
4530;-4;201.184;-12.0468;33.6968;197.97
4530;-4;208.449;-12.3774;34.796;205.144
4530;-4;208.449;-12.3774;34.796;205.144
4571;-4;126.095;-35.472;1.6893;120.982
4571;-4;123.748;-34.807;1.65718;118.731
4571;-4;123.748;-34.807;1.65718;118.731
4588;-4;376.358;-7.08375;6.1664;-376.238
4588;-4;371.806;-6.99791;6.09151;-371.687
4588;-4;369.353;-6.95158;6.0512;-369.235
4588;-4;353.353;-6.6485;5.78726;-353.24
4588;-4;353.353;-6.6485;5.78726;-353.24
4593;-4;179.035;-36.4841;12.6341;174.816
4593;-4;170.961;-34.8363;12.0635;166.932
4593;-4;142.083;-28.1608;9.93751;138.902
4593;-4;160.724;-31.6271;11.0151;157.185
4593;-4;160.724;-31.6271;11.0151;157.185
4599;-4;125.244;-11.8889;52.1972;113.216
4607;-4;142.627;-22.9572;21.6375;139.087
4607;-4;141.372;-22.7552;21.4467;137.862
4607;-4;137.6;-22.1488;20.8737;134.184
4607;-4;137.6;-22.1488;20.8737;134.184
4629;-4;16.2351;-6.01903;4.94948;-14.1634
4629;-4;16.2351;-6.01903;4.94948;-14.1634
4631;-4;677.738;12.2598;19.8128;677.335
4631;-4;636.514;11.337;18.424;636.144
4631;-4;639.497;11.3198;18.4947;639.127
4631;-4;607.89;10.7636;17.583;607.538
4631;-4;607.763;11.1492;17.3496;607.411
4631;-4;607.763;11.1492;17.3496;607.411
4667;-4;32.1993;3.4656;13.6953;28.8959
4667;-4;25.3266;2.72056;10.7638;22.7141
4667;-4;31.2052;3.01252;13.5384;27.8884
4667;-4;31.2052;3.01252;13.5384;27.8884
4671;-4;585.58;-25.2363;0.616519;-585.034
4671;-4;586.696;-24.1742;0.577219;-586.196
4671;-4;589.842;-24.2413;0.60681;-589.341
4671;-4;497.877;-21.6451;0.523498;-497.404
4671;-4;498.235;-21.6532;0.514798;-497.762
4671;-4;440.607;-19.0828;0.460507;-440.191
4671;-4;440.77;-19.1008;0.450352;-440.353
4671;-4;440.77;-19.1008;0.450352;-440.353
4686;-4;61.5991;-15.0439;25.4334;-54.028
4686;-4;58.8238;-14.3652;24.2866;-51.5926
4686;-4;57.8328;-14.1229;23.8766;-50.7231
4686;-4;56.9044;-13.8962;23.4922;-49.9087
4686;-4;56.9044;-13.8962;23.4922;-49.9087
4688;-4;115.37;6.05323;0.146586;-115.201
4688;-4;107.658;5.65227;0.141042;-107.499
4693;-4;6.72107;-4.49388;0.439154;4.7471
4693;-4;6.75611;-4.58572;0.399835;4.71237
4693;-4;6.77026;-4.59156;0.403786;4.72662
4693;-4;6.77026;-4.59156;0.403786;4.72662
4721;-4;52.6454;27.1852;29.0374;34.454
4721;-4;51.9423;26.8221;28.6491;33.9934
4721;-4;51.0759;26.3744;28.1708;33.4259
4721;-4;48.7079;25.1492;26.8642;31.8754
4721;-4;48.7079;25.1492;26.8642;31.8754
4730;-4;16.5922;16.3368;0.276851;-2.46684
4730;-4;14.804;14.5691;0.227544;-2.14395
4730;-4;14.804;14.5691;0.227544;-2.14395
4733;-4;65.9256;38.2115;37.8035;38.1406
4733;-4;66.079;38.4158;37.713;38.2902
4733;-4;66.0341;37.948;38.042;38.3536
4733;-4;60.8835;35.7165;35.2656;34.4271
4733;-4;45.537;26.3085;26.8868;25.6191
4733;-4;45.5476;26.3112;26.892;25.6297
4733;-4;45.4293;26.1015;26.8648;25.6626
4733;-4;58.6043;33.9547;34.5233;32.9602
4733;-4;58.6043;33.9547;34.5233;32.9602
4749;-4;4.52184;3.94099;1.15307;-1.15588
4749;-4;4.52184;3.94099;1.15307;-1.15588
4756;-4;87.9362;-24.8481;28.2373;-79.4718
4756;-4;83.8762;-25.5623;26.0339;-75.5101
4756;-4;83.8762;-25.5623;26.0339;-75.5101
4761;-4;17.8032;0.303733;15.8743;7.91333
4761;-4;17.8032;0.303733;15.8743;7.91333
4786;-4;99.7594;-2.81351;0.990054;-99.7035
4786;-4;98.8833;-2.81281;0.989367;-98.8269
4786;-4;98.3988;-2.81181;0.989149;-98.3422
4799;-4;226.594;-7.79031;24.6769;225.107
4799;-4;224.218;-7.7084;24.4172;222.746
4799;-4;220.051;-7.56501;23.9624;218.606
4799;-4;220.051;-7.56501;23.9624;218.606
4848;-4;45.6847;-11.4868;7.97777;-43.4655
4848;-4;44.6593;-11.2058;8.09645;-42.4391
4848;-4;44.7581;-11.2665;8.35296;-42.4775
4848;-4;44.6879;-11.0913;8.19066;-42.4812
4848;-4;44.6879;-11.0913;8.19066;-42.4812
4857;-4;20.896;-6.94949;17.79;8.34358
4857;-4;19.2612;-6.39898;16.3898;7.69213
4857;-4;19.2612;-6.39898;16.3898;7.69213
4870;-4;431.275;4.55725;50.7042;428.257
4870;-4;418.999;4.42743;49.259;416.068
4870;-4;413.976;4.37429;48.6677;411.08
4870;-4;409.221;4.32388;48.1083;406.357
4870;-4;403.56;4.26341;47.4424;400.737
4870;-4;403.56;4.26341;47.4424;400.737
4876;-4;208.259;17.6979;3.16352;207.476
4876;-4;172.442;14.6581;2.60885;171.792
4901;-4;40.7083;4.71894;7.0248;-39.7907
4901;-4;40.9666;4.75976;7.03877;-40.0476
4901;-4;40.9769;4.86304;6.84144;-40.0799
4901;-4;40.7348;4.9249;6.89058;-39.8163
4901;-4;40.7348;4.9249;6.89058;-39.8163
4925;-4;127.684;-3.75989;2.01402;127.604
4925;-4;127.684;-3.66693;2.07922;127.605
4925;-4;127.686;-3.66699;2.07921;127.608
4925;-4;127.685;-3.66699;2.07918;127.607
4925;-4;127.682;-3.67826;2.13129;127.603
4925;-4;127.682;-3.67826;2.13129;127.603
4953;-4;37.4928;0.497059;2.60037;37.3691
4965;-4;240.287;1.59978;7.30749;240.166
4965;-4;240.225;1.59715;7.30744;240.104
4965;-4;240.235;1.63024;7.11899;240.119
4965;-4;240.167;1.62924;7.11816;240.052
4965;-4;239.961;1.62784;7.11205;239.846
4965;-4;239.656;1.62576;7.10301;239.541
4965;-4;239.658;1.52582;7.07829;239.544
4965;-4;239.658;1.52582;7.07829;239.544
4967;-4;374.565;16.3942;17.7163;373.783
4969;-4;284.056;7.85927;2.10742;-283.933
4969;-4;284.056;7.85927;2.10742;-283.933
4972;-4;228.694;-14.8956;28.4612;-226.421
4972;-4;196.113;-12.7634;24.392;-194.166
4972;-4;190.517;-12.3969;23.6929;-188.626
4972;-4;177.558;-11.5464;22.0746;-175.795
4972;-4;177.558;-11.5464;22.0746;-175.795
4982;-4;9.5568;1.3905;0.190885;9.3334
4982;-4;9.10912;1.32615;0.164013;8.88484
4982;-4;9.17436;1.34012;0.153951;8.94982
4982;-4;9.18933;1.34296;0.152378;8.96477
4982;-4;9.17449;1.34076;0.152128;8.94989
4986;-4;11.1135;9.58362;0.477575;-5.40232
4994;-4;48.2756;21.5956;31.2729;29.7308
4994;-4;46.0668;20.5081;29.4613;28.8331
4994;-4;46.0668;20.5081;29.4613;28.8331
5008;-4;106.508;6.77682;24.4707;103.426
5008;-4;92.0052;5.85238;21.1364;89.3404
5008;-4;87.8858;5.58979;20.1901;85.3392
5008;-4;85.5984;5.444;19.6639;83.1176
5008;-4;80.5935;5.12461;18.5114;78.2569
5008;-4;80.5935;5.12461;18.5114;78.2569
5037;-4;57.1083;15.4217;26.8986;-47.9348
5039;-4;100.185;-16.6305;30.2645;94.033
5039;-4;96.1769;-15.9652;29.0532;90.2705
5039;-4;96.1769;-15.9652;29.0532;90.2705
5067;-4;12.7527;-11.8898;4.35383;0.240705
5067;-4;12.7527;-11.8898;4.35383;0.240705
5076;-4;238.688;28.3086;23.2672;235.854
5076;-4;237.498;28.1671;23.1509;234.678
5076;-4;208.886;24.7652;20.3449;206.407
5076;-4;208.886;24.7652;20.3449;206.407
5092;-4;18.0697;3.52394;17.6519;0.504106
5092;-4;18.123;3.67482;17.6743;0.553222
5092;-4;17.9517;3.63979;17.5061;0.549199
5095;-4;37.1236;14.5177;33.4451;6.82446
5095;-4;32.3008;12.6287;29.0923;5.93699
5095;-4;32.0858;12.5443;28.8982;5.89757
5125;-4;19.141;-3.51299;18.548;-2.78571
5125;-4;19.0424;-3.92626;18.3748;-2.70432
5131;-4;220.403;-9.65184;5.73025;-220.11
5131;-4;220.403;-9.65184;5.73025;-220.11
5133;-4;123.697;6.77498;10.155;-123.084
5143;-4;61.1313;-17.1141;4.89106;58.4634
5143;-4;60.9903;-17.1369;4.82728;58.3145
5143;-4;61.2587;-17.1673;4.88347;58.5816
5143;-4;57.3752;-16.0598;4.63125;54.8662
5143;-4;57.3752;-16.0598;4.63125;54.8662
5152;-4;30.5456;7.31975;12.7829;-26.7171
5206;-4;46.5317;26.7095;4.78433;37.7712
5206;-4;46.5317;26.7095;4.78433;37.7712
5209;-4;52.0072;-1.49459;7.27451;51.4523
5209;-4;47.4448;-1.40685;6.60776;46.9374
5216;-4;44.142;-2.67376;2.55989;-43.961
5216;-4;44.142;-2.67376;2.55989;-43.961
5247;-4;70.7596;-0.654036;0.708566;-70.7371
5257;-4;169.837;-33.0157;9.13465;166.339
5257;-4;169.837;-33.0157;9.13465;166.339
5258;-4;38.6145;-13.1057;35.1628;-8.9805
5258;-4;34.725;-11.783;31.6146;-8.078
5258;-4;34.2682;-11.4809;31.1184;-8.4793
5258;-4;34.2682;-11.4809;31.1184;-8.4793
5260;-4;19.4144;-3.30671;0.859835;19.0524
5272;-4;37.3967;-24.3696;7.8331;-27.2218
5272;-4;32.951;-21.4574;6.89851;-23.9897
5272;-4;32.0415;-20.8619;6.70728;-23.3281
5272;-4;29.3677;-19.1157;6.14596;-21.3782
5272;-4;29.3677;-19.1157;6.14596;-21.3782
5291;-4;28.3095;-24.8372;9.48128;-9.61216
5291;-4;27.5522;-24.1517;9.77537;-8.83239
5291;-4;27.8772;-24.4726;9.60459;-9.15053
5291;-4;25.2986;-21.7605;9.12959;-8.99455
5291;-4;25.3234;-21.7883;9.14742;-8.97885
5291;-4;25.2583;-21.7099;9.08578;-9.04774
5291;-4;25.2583;-21.7099;9.08578;-9.04774
5307;-4;205.453;31.5292;13.3135;202.577
5307;-4;197.333;30.2819;12.7874;194.57
5307;-4;129.331;18.9487;7.98851;127.677
5307;-4;129.331;18.9487;7.98851;127.677
5339;-4;60.3075;-20.7832;12.0267;-55.3007
5339;-4;56.5824;-19.4982;11.283;-51.8829
5339;-4;54.3236;-18.7203;10.8327;-49.8096
5367;-4;101.09;15.3352;14.2404;-98.889
5367;-4;100.152;15.1904;14.1049;-97.9718
5367;-4;100.152;15.1904;14.1049;-97.9718
5372;-4;14.0708;-13.7762;1.23184;2.10678
5372;-4;13.1684;-12.9771;0.580048;1.55379
5372;-4;13.1673;-12.9768;0.579275;1.54757
5372;-4;13.1673;-12.9768;0.579275;1.54757
5383;-4;45.7364;-7.63929;28.9594;34.5335
5385;-4;108.117;-3.1976;21.5777;105.883
5406;-4;17.7317;5.7939;6.87613;-15.209
5417;-4;87.4367;-13.8132;37.5246;-77.7433
5417;-4;83.0046;-13.1061;35.6138;-73.8065
5417;-4;74.0597;-11.7054;31.7446;-65.8624
5417;-4;74.0739;-11.7912;31.7752;-65.8482
5417;-4;73.9835;-11.3647;31.5678;-65.9214
5417;-4;73.9835;-11.3647;31.5678;-65.9214
5463;-4;7.11615;-2.67553;1.85596;6.14708
5475;-4;23.9702;-2.56754;3.83885;-23.445
5475;-4;23.9702;-2.56754;3.83885;-23.445
5495;-4;81.6754;-0.992893;13.5885;80.517
5495;-4;81.6754;-0.992893;13.5885;80.517
5499;-4;20.9981;-14.4501;7.38548;13.2408
5500;-4;11.4714;-0.509961;2.50267;-11.0824
5526;-4;40.9532;19.2985;14.235;-33.1639
5526;-4;36.5744;17.2399;12.7252;-29.6022
5526;-4;36.5744;17.2399;12.7252;-29.6022
5535;-4;101.73;5.93827;40.3869;93.1686
5535;-4;83.841;4.89624;33.2461;76.7971
5535;-4;83.841;4.89624;33.2461;76.7971
5559;-4;31.904;-6.94237;0.645819;31.0966
5559;-4;31.0558;-6.71445;0.648594;30.2772
5567;-4;295.136;9.17186;34.009;293.022
5567;-4;286.172;8.89245;32.9738;284.122
5567;-4;283.812;8.81872;32.7013;281.78
5567;-4;281.151;8.26438;32.1961;279.175
5567;-4;281.151;8.26438;32.1961;279.175
5579;-4;66.2118;54.0414;26.5664;27.4865
5579;-4;61.708;50.3632;24.7587;25.616
5579;-4;57.946;47.2934;23.2457;24.0512
5579;-4;37.9089;30.3752;16.6249;15.3557
5579;-4;44.2855;35.5339;18.4521;18.8631
5579;-4;44.2855;35.5339;18.4521;18.8631
5587;-4;35.227;4.0992;19.0245;-29.325
5587;-4;34.9887;4.07146;18.8957;-29.1262
5587;-4;34.4431;4.00799;18.6006;-28.671
5587;-4;34.4431;4.00799;18.6006;-28.671
5595;-4;5.28168;-0.762096;1.98311;-4.59703
5598;-4;110.322;9.61605;1.75572;-109.878
5598;-4;110.639;9.79694;1.97912;-110.176
5598;-4;104.391;9.21166;1.87583;-103.956
5610;-4;3.46447;-0.0694457;0.54267;-3.07461
5610;-4;3.46447;-0.0694457;0.54267;-3.07461
5612;-4;127.741;-3.75553;3.67434;127.625
5664;-4;30.8618;11.8339;0.575035;-28.4575
5683;-4;153.162;34.5567;14.5939;148.489
5683;-4;152.67;34.4455;14.547;148.012
5683;-4;148.759;33.5619;14.1735;144.221
5683;-4;135.15;30.4811;12.8667;131.029
5683;-4;135.15;30.4811;12.8667;131.029
5690;-4;14.1898;6.0277;1.33622;12.6879
5690;-4;14.1832;5.98019;1.4071;12.6953
5690;-4;13.7879;5.81392;1.36612;12.3365
5690;-4;11.6625;4.94963;1.15115;10.3894
5690;-4;11.619;4.94404;1.1761;10.3404
5690;-4;18.4081;7.56623;1.71631;16.5498
5690;-4;18.4081;7.56623;1.71631;16.5498
5693;-4;27.8545;4.23731;1.87061;27.4257
5693;-4;27.8545;4.23731;1.87061;27.4257
5711;-4;18.5245;16.4046;0.790442;8.43633
5711;-4;18.5309;16.4084;0.795484;8.44258
5711;-4;18.4661;16.3067;0.795239;8.49747
5711;-4;18.4661;16.3067;0.795239;8.49747
5718;-4;180.621;-34.3533;5.55403;-177.231
5718;-4;149.319;-29.0366;4.31027;-146.397
5718;-4;149.319;-29.0366;4.31027;-146.397
5728;-4;50.7942;-18.9539;20.5266;-42.3935
5728;-4;50.8025;-18.4156;20.8969;-42.4597
5728;-4;47.8809;-16.8057;20.6826;-39.7509
5728;-4;48.5617;-16.6164;20.637;-40.6694
5728;-4;41.0198;-14.0555;17.42;-34.3418
5728;-4;40.9575;-14.3316;17.4217;-34.1519
5728;-4;47.3985;-16.3437;20.0322;-39.6858
5728;-4;47.3985;-16.3437;20.0322;-39.6858
5751;-4;578.114;-17.8444;16.2362;577.609
5751;-4;575.295;-17.7572;16.1569;574.792
5751;-4;567.636;-17.5206;15.9416;567.14
5751;-4;537.133;-16.5775;15.0812;536.664
5751;-4;454.879;-14.014;12.7504;454.481
5751;-4;454.879;-14.014;12.7504;454.481
5763;-4;43.31;-37.4712;6.14202;20.7771
5763;-4;42.9242;-37.137;6.08728;20.5919
5763;-4;29.1199;-24.4222;4.19734;15.2201
5763;-4;29.1199;-24.4222;4.19734;15.2201
5776;-4;166.035;5.8577;30.9006;163.022
5776;-4;165.438;5.83656;30.7892;162.436
5776;-4;169.298;6.28744;30.855;166.337
5776;-4;151.715;5.62897;27.6414;149.062
5776;-4;168.181;5.97985;30.9209;165.194
5776;-4;168.181;5.97985;30.9209;165.194
5782;-4;361.046;-2.36332;26.5537;360.057
5782;-4;356.037;-2.33024;26.1834;355.062
5782;-4;356.037;-2.33024;26.1834;355.062
5792;-4;1391.71;-15.4842;50.8715;-1390.69
5792;-4;1207.07;-13.1297;43.423;-1206.22
5792;-4;1207.06;-13.1298;43.4228;-1206.21
5792;-4;1207.08;-13.8982;43.4373;-1206.22
5792;-4;1207.08;-13.8982;43.4373;-1206.22
5841;-4;429.143;-10.7839;5.72051;428.967
5841;-4;439.08;-11.1631;5.8646;438.896
5841;-4;439.08;-11.1631;5.8646;438.896
5842;-4;33.6618;1.22392;13.3217;-30.8529
5842;-4;33.6618;1.22392;13.3217;-30.8529
5843;-4;102.766;-11.8035;2.3834;102.047
5843;-4;99.2517;-11.4017;2.30495;98.5563
5843;-4;83.1653;-9.59571;1.92574;82.5738
5843;-4;83.1653;-9.59571;1.92574;82.5738
5846;-4;540.815;1.6082;4.7463;-540.789
5846;-4;540.815;1.6082;4.7463;-540.789
5860;-4;512.92;-11.8314;17.4206;512.485
5878;-4;83.2474;21.1837;11.674;-79.642
5878;-4;60.9154;14.9917;8.80865;-58.3618
5901;-4;7.69172;-0.0265561;6.97944;-2.86343
5901;-4;7.68277;-0.0387579;6.972;-2.85739
5901;-4;7.68277;-0.0387579;6.972;-2.85739
5907;-4;43.214;-1.65007;0.000692476;43.1564
5930;-4;269.759;8.8141;30.3957;267.892
5930;-4;269.759;8.8141;30.3957;267.892
5933;-4;84.1425;28.6016;3.26241;-79.0508
5933;-4;77.8994;26.4769;3.02161;-73.184
5933;-4;77.8994;26.4769;3.02161;-73.184
5958;-4;257.615;5.39628;37.9095;-254.749
5958;-4;239.426;5.0146;35.2256;-236.762
5958;-4;229.253;4.79741;33.7281;-226.703
5958;-4;221.322;4.62739;32.5571;-218.86
5965;-4;165.569;4.7157;0.731965;-165.493
5965;-4;162.917;4.63934;0.71991;-162.843
5965;-4;147.165;4.18374;0.660326;-147.096
5965;-4;147.162;4.15587;0.67958;-147.094
5965;-4;173.94;4.95033;0.991343;-173.85
5965;-4;173.94;4.95033;0.991343;-173.85
5989;-4;53.2397;-16.3862;47.7023;16.9763
5989;-4;27.5896;-9.16322;24.1347;9.61725
5989;-4;27.5896;-9.16322;24.1347;9.61725
6021;-4;51.7579;-42.6379;16.9335;-23.9145
6021;-4;51.4585;-42.3909;16.8355;-23.7762
6021;-4;51.2955;-42.2564;16.7821;-23.7009
6021;-4;50.2618;-41.4038;16.4433;-23.2238
6021;-4;51.0512;-42.0207;16.7387;-23.6179
6021;-4;51.0512;-42.0207;16.7387;-23.6179
6024;-4;20.6197;-9.4873;5.81866;17.2932
6024;-4;20.6197;-9.4873;5.81866;17.2932
6031;-4;15.2399;-9.18466;8.28869;8.77177
6031;-4;15.2399;-9.18466;8.28869;8.77177
6039;-4;28.1818;20.7322;8.33079;17.1095
6039;-4;27.8765;20.5062;8.24007;16.9248
6039;-4;23.0879;16.5243;6.39166;14.7273
6039;-4;17.2654;12.4272;4.93715;10.8183
6039;-4;17.2654;12.4272;4.93715;10.8183
6051;-4;25.2786;-8.78738;21.4127;-10.0518
6051;-4;23.2104;-7.47386;19.7226;-9.57261
6051;-4;23.2104;-7.47386;19.7226;-9.57261
6063;-4;62.5338;6.74287;20.8235;58.5589
6063;-4;62.1154;6.69768;20.6841;58.1669
6063;-4;62.1154;6.69768;20.6841;58.1669
6075;-4;1678.87;39.9378;31.1599;1678.1
6078;-4;24.0543;-4.97588;5.97933;22.7123
6078;-4;24.8744;-4.96317;6.14639;23.5388
6078;-4;24.8744;-4.96317;6.14639;23.5388
6108;-4;3.85716;0.239594;0.59746;3.49475
6115;-4;48.443;-32.0416;4.01793;36.0787
6115;-4;46.7468;-30.924;3.88185;34.8087
6115;-4;46.7468;-30.924;3.88185;34.8087
6119;-4;599.695;-23.7763;30.7391;-598.433
6119;-4;533.594;-20.6696;28.4643;-532.431
6119;-4;533.594;-20.6696;28.4643;-532.431
6122;-4;487.56;6.31484;20.5534;487.083
6122;-4;469.322;6.08057;19.7859;468.863
6122;-4;469.322;6.08057;19.7859;468.863
6125;-4;16.3252;-3.07866;12.9282;9.36205
6125;-4;16.3729;-3.05495;12.9594;9.40968
6125;-4;16.3643;-3.04722;12.9609;9.39521
6125;-4;16.3643;-3.04722;12.9609;9.39521
6133;-4;36.9855;28.6038;20.512;-11.2587
6133;-4;32.7008;25.2836;18.1299;-9.95696
6133;-4;32.5693;25.1816;18.0568;-9.91708
6133;-4;31.3246;24.1585;17.098;-10.1493
6142;-4;44.5422;-0.106422;43.8306;-7.78585
6142;-4;42.7333;-0.10287;42.0488;-7.46823
6142;-4;41.1053;-0.0989655;40.4452;-7.18136
6142;-4;39.6757;-0.0949941;39.037;-6.92902
6155;-4;40.2474;-17.1226;21.9173;-29.0525
6155;-4;38.3741;-17.4631;20.4751;-27.3155
6155;-4;31.7013;-13.6529;17.7176;-22.4145
6155;-4;31.7013;-13.6529;17.7176;-22.4145
6162;-4;366.632;106.166;28.4515;-349.766
6162;-4;331.942;96.8868;29.7347;-316.088
6162;-4;291.309;85.0242;26.0866;-277.397
6162;-4;254.829;74.357;22.7829;-242.668
6162;-4;235.826;68.8101;21.0455;-224.575
6162;-4;235.826;68.8101;21.0455;-224.575
6170;-4;32.8969;7.42065;5.4547;31.5458
6179;-4;83.7975;3.43006;5.74381;83.5095
6179;-4;83.7975;3.43006;5.74381;83.5095
6185;-4;3221.7;1.30448;7.21364;-3221.69
6185;-4;3221.7;1.30448;7.21364;-3221.69
6185;-4;94.459;-1.38461;5.38256;-94.2835
6185;-4;95.1314;-1.40991;5.47703;-94.9487
6185;-4;95.1314;-1.40991;5.47703;-94.9487
6190;-4;37.5465;-29.8416;9.6554;20.5849
6190;-4;34.4516;-27.3781;8.85495;18.8862
6190;-4;34.4516;-27.3781;8.85495;18.8862
6192;-4;642.203;22.8695;47.6887;640.02
6192;-4;642.203;22.8695;47.6887;640.02
6205;-4;83.5004;-12.1933;17.7613;-80.6593
6205;-4;83.5004;-12.1933;17.7613;-80.6593
6206;-4;1392.22;30.7628;13.4764;-1391.81
6206;-4;863.526;19.0728;8.34982;-863.274
6206;-4;758.975;16.7571;7.33806;-758.753
6206;-4;670.697;14.8168;6.48306;-670.5
6206;-4;600.348;13.7645;5.05905;-600.167
6206;-4;506.54;11.6068;4.30697;-506.387
6206;-4;593.69;13.3049;4.95992;-593.517
6206;-4;593.69;13.3049;4.95992;-593.517
6242;-4;45.496;38.205;15.6652;19.0425
6242;-4;44.0054;36.9519;15.1513;18.418
6242;-4;42.4984;35.6849;14.632;17.7864
6242;-4;42.4984;35.6849;14.632;17.7864
6253;-4;144.96;8.24145;18.4801;-143.533
6253;-4;144.96;8.24145;18.4801;-143.533
6277;-4;15.3664;13.912;3.32272;5.41221
6294;-4;76.7885;-42.2755;8.2762;63.5493
6294;-4;75.7641;-41.711;8.16573;62.7014
6294;-4;72.2869;-39.7951;7.78985;59.8232
6294;-4;72.2869;-39.7951;7.78985;59.8232
6330;-4;52.1137;28.8427;20.8036;-38.0644
6330;-4;34.4551;19.0535;13.7451;-25.1583
6330;-4;33.9826;18.7914;13.5561;-24.813
6330;-4;32.3967;17.9106;12.9221;-23.6544
6330;-4;27.5515;15.2288;10.9927;-20.1017
6330;-4;27.5515;15.2288;10.9927;-20.1017
6392;-4;81.7109;1.7749;7.85608;-81.2992
6392;-4;81.7109;1.7749;7.85608;-81.2992
6411;-4;7.09228;-6.57802;2.17491;0.223029
6411;-4;7.09228;-6.57802;2.17491;0.223029
6435;-4;58.1703;-3.27847;11.1257;-56.9825
6435;-4;57.2276;-3.42409;10.9819;-56.0394
6435;-4;57.236;-3.47563;10.9181;-56.0573
6435;-4;57.2393;-3.42569;10.9501;-56.0575
6435;-4;56.3486;-3.37311;10.7812;-55.1843
6435;-4;56.2874;-3.34617;10.7489;-55.1297
6435;-4;56.2874;-3.34617;10.7489;-55.1297
6461;-4;272.512;32.4888;3.58084;-270.541
6461;-4;265.712;29.7716;3.25747;-264.015
6461;-4;2.29662;1.33042;0.992621;0.518765
6463;-4;120.302;4.91738;16.454;-119.061
6463;-4;115.75;4.73584;15.8279;-114.555
6463;-4;115.75;4.73584;15.8279;-114.555
6468;-4;95.9639;39.6361;12.8838;-86.428
6468;-4;95.2629;39.3462;12.7897;-85.7966
6481;-4;74.5881;9.43083;27.5738;-68.6431
6481;-4;73.5975;9.65416;27.096;-67.727
6481;-4;73.5975;9.65416;27.096;-67.727
6495;-4;178.363;39.9645;11.0063;-173.472
6495;-4;153.146;34.3057;9.44769;-148.948
6495;-4;150.468;33.2167;9.69991;-146.427
6495;-4;150.468;33.2167;9.69991;-146.427
6503;-4;94.5655;29.8626;38.9287;-80.828
6503;-4;93.6461;29.572;38.5498;-80.0423
6503;-4;93.0721;29.3905;38.3132;-79.5516
6503;-4;72.7439;22.16;28.7446;-63.0247
6503;-4;72.7439;22.16;28.7446;-63.0247
6504;-4;47.6391;-25.4559;24.7882;-31.6982
6504;-4;47.3693;-25.3114;24.6475;-31.5188
6504;-4;31.6508;-17.1612;15.8;-21.3395
6504;-4;31.6508;-17.1612;15.8;-21.3395
6538;-4;48.7661;14.7506;9.13845;-45.5499
6538;-4;44.2234;12.7239;7.71994;-41.6169
6538;-4;44.2153;12.7352;7.56732;-41.6328
6538;-4;44.2153;12.7352;7.56732;-41.6328
6539;-4;118.852;-15.4341;24.4078;-115.281
6539;-4;119.513;-17.7544;23.792;-115.757
6539;-4;108.162;-15.5561;22.9684;-104.533
6539;-4;108.189;-15.579;22.9573;-104.56
6539;-4;102.71;-14.7872;21.7828;-99.2668
6539;-4;102.714;-14.8351;21.7873;-99.2633
6539;-4;102.943;-14.8397;21.9711;-99.4593
6539;-4;102.943;-14.8397;21.9711;-99.4593
6564;-4;15.6914;11.329;1.8491;10.5926
6564;-4;15.5954;11.2578;1.83756;10.5287
6564;-4;15.2284;10.9852;1.7934;10.2841
6566;-4;177.711;28.8802;13.6435;174.811
6566;-4;175.442;28.51;13.4687;172.578
6566;-4;150.28;24.6721;12.2081;147.73
6566;-4;150.28;24.6721;12.2081;147.73
6571;-4;20.7602;-11.6472;15.2418;-7.79541
6571;-4;20.6143;-11.565;15.1342;-7.73993
6571;-4;19.6577;-10.5038;14.975;-7.04234
6571;-4;19.6577;-10.5038;14.975;-7.04234
6578;-4;524.979;36.0693;-0.0165782;523.736
6578;-4;524.002;36.0022;-0.016558;522.762
6578;-4;516.913;35.5146;-0.0163915;515.689
6578;-4;492.786;33.8565;-0.0169737;491.619
6578;-4;453.683;31.1703;-0.0115614;452.608
6578;-4;453.683;31.1703;-0.0115614;452.608
6584;-4;163.228;33.9465;1.58317;159.644
6584;-4;159.783;33.2284;1.54949;156.274
6584;-4;158.283;33.184;1.39352;154.752
6584;-4;158.283;33.184;1.39352;154.752
6592;-4;224.563;15.5966;38.884;-220.615
6592;-4;209.945;14.5802;36.3495;-206.254
6592;-4;180.178;12.5161;31.1652;-177.014
6592;-4;180.178;12.5161;31.1652;-177.014
6603;-4;38.7874;8.66941;36.8486;8.32066
6603;-4;37.8779;8.46573;35.9833;8.1252
6625;-4;363.168;-7.69114;38.8808;360.995
6625;-4;350.522;-6.49682;37.7957;348.415
6625;-4;319.2;-5.92728;34.4061;317.281
6625;-4;357.074;-6.81427;38.3006;354.944
6625;-4;357.074;-6.81427;38.3006;354.944
6677;-4;2.76611;-0.786822;0.601386;-2.10252
6687;-4;294.905;-34.2193;12.1391;292.658
6687;-4;286.233;-33.2104;11.7814;284.052
6687;-4;284.575;-33.0176;11.7132;282.406
6687;-4;277.999;-32.2534;11.4427;275.88
6687;-4;277.999;-32.2534;11.4427;275.88
6690;-4;99.9255;25.1567;3.9932;96.6129
6690;-4;94.1827;23.7017;3.7622;91.0615
6690;-4;91.4025;22.9979;3.65061;88.3739
6690;-4;88.9533;21.7046;3.2926;86.1888
6690;-4;93.7994;22.9615;3.76932;90.8448
6690;-4;93.7994;22.9615;3.76932;90.8448
6696;-4;225.07;0.0727408;7.28115;224.948
6749;-4;310.427;9.31581;33.0953;-308.513
6749;-4;109.18;2.59007;11.4366;-108.538
6749;-4;109.18;2.59007;11.4366;-108.538
6763;-4;376.172;6.33846;42.56;373.7
6769;-4;17.5056;-10.3357;13.0749;5.13985
6769;-4;16.6206;-9.80777;12.4047;4.89118
6769;-4;16.6206;-9.80777;12.4047;4.89118
6778;-4;281.028;28.4192;29.6728;278.004
6780;-4;582.472;-25.4542;12.8985;-581.77
6780;-4;584.299;-25.9132;12.8359;-583.581
6808;-4;272.451;-56.2196;40.664;263.463
6808;-4;326.083;-62.5197;46.0799;316.695
6808;-4;324.284;-62.1392;46.2876;314.888
6809;-4;20.7112;3.10539;1.29357;-20.3811
6809;-4;22.4752;3.27682;1.33115;-22.1444
6858;-4;68.4079;28.7072;36.0151;-50.5589
6860;-4;184.012;12.8849;17.0744;182.758
6860;-4;195.507;12.9791;17.8448;194.252
6860;-4;195.498;12.9246;17.6108;194.267
6860;-4;194.834;12.8803;17.5504;193.608
6860;-4;191.026;12.6257;17.2039;189.824
6860;-4;191.027;12.6814;17.2674;189.816
6860;-4;191.027;12.6814;17.2674;189.816
6895;-4;398.888;25.707;10.3526;-397.921
6895;-4;348.644;22.4715;9.01466;-347.799
6895;-4;348.644;22.4715;9.01466;-347.799
6903;-4;126.55;-5.94118;18.8106;-124.994
6903;-4;143.206;-6.56421;20.6438;-141.55
6903;-4;135.039;-6.18684;19.4449;-133.48
6903;-4;135.039;-6.18684;19.4449;-133.48
6919;-4;85.1112;-0.106951;17.8037;-83.2147
6954;-4;27.4005;26.746;3.2039;4.78818
6954;-4;22.56;22.0071;2.63626;3.92985
6957;-4;46.8283;17.6181;3.76183;43.1983
6957;-4;45.8453;17.247;3.68606;42.2906
6957;-4;45.8453;17.247;3.68606;42.2906
6971;-4;219.709;-22.1729;20.6983;-217.6
6971;-4;180.309;-18.1827;16.9741;-178.579
6971;-4;180.309;-18.1827;16.9741;-178.579
6976;-4;16.6075;4.28028;9.62898;12.7484
6976;-4;16.581;4.26971;9.62359;12.7215
6976;-4;16.6068;4.27279;9.6326;12.7473
6976;-4;16.6074;4.26793;9.63498;12.7478
6976;-4;15.4953;3.98843;8.93282;11.9227
6976;-4;15.4925;3.98482;8.93193;11.9209
6976;-4;15.4925;3.98482;8.93193;11.9209
6996;-4;55.2941;36.84;20.1115;35.9657
6996;-4;53.4078;35.5822;19.4253;34.7377
6996;-4;51.7329;34.4399;20.1549;32.8894
6996;-4;48.4048;32.2228;18.8495;30.776
6996;-4;48.4048;32.2228;18.8495;30.776
7003;-4;66.0369;18.7002;27.887;56.844
7003;-4;66.0043;18.691;27.8732;56.8159
7003;-4;48.2566;14.4514;20.6839;41.107
7003;-4;56.7059;16.6407;24.4719;48.3353
7003;-4;56.7059;16.6407;24.4719;48.3353
7010;-4;3.76701;-0.685913;2.13105;2.63221
7010;-4;3.76599;-0.688215;2.12721;2.63324
7010;-4;3.76355;-0.691042;2.12033;2.63456
7027;-4;26.033;6.06684;3.82639;-24.9804
7027;-4;26.033;6.06684;3.82639;-24.9804
7061;-4;22.0406;-15.9835;14.9702;1.98928
7061;-4;20.8823;-15.1343;14.1862;1.87747
7061;-4;20.8823;-15.1343;14.1862;1.87747
7069;-4;104.432;3.86784;28.4043;-100.409
7069;-4;104.526;1.94117;29.2448;-100.321
7069;-4;104.546;1.94907;29.2476;-100.342
7090;-4;58.7039;-0.621371;1.33329;-58.6663
7090;-4;58.7039;-0.621371;1.33329;-58.6663
7109;-4;12.4561;6.82171;9.10549;-4.84342
7109;-4;12.4561;6.82171;9.10549;-4.84342
7114;-4;92.0712;17.5316;30.5248;-85.0632
7114;-4;91.93;17.5047;30.4779;-84.9326
7114;-4;91.5823;17.4384;30.3626;-84.6113
7114;-4;76.8533;15.4233;25.9394;-70.6643
7114;-4;76.8533;15.4233;25.9394;-70.6643
7127;-4;82.6616;10.8698;6.56398;81.6668
7127;-4;78.1769;10.2795;6.20746;77.2345
7127;-4;75.3712;9.90465;5.9833;74.4625
7127;-4;75.3712;9.90465;5.9833;74.4625
7147;-4;19.326;-0.079168;2.74093;-19.0716
7168;-4;159.095;22.0443;8.88912;-157.302
7168;-4;157.818;21.9562;8.90197;-156.022
7168;-4;130.726;18.1572;7.35526;-129.241
7168;-4;130.653;18.1685;7.32314;-129.168
7168;-4;128.579;17.8769;7.20468;-127.118
7168;-4;126.349;17.5629;7.07754;-124.913
7168;-4;126.259;17.5576;7.07397;-124.823
7178;-4;48.2823;17.6854;21.3821;-39.4837
7178;-4;47.8895;17.5411;21.2076;-39.1625
7178;-4;46.3107;16.9608;20.5059;-37.8717
7178;-4;45.091;16.4888;19.6823;-37.0361
7178;-4;45.091;16.4888;19.6823;-37.0361
7182;-4;438.704;23.7686;26.4402;-437.258
7182;-4;416.223;22.5489;25.0836;-414.852
7182;-4;416.035;21.8957;24.0501;-414.759
7182;-4;416.035;21.8957;24.0501;-414.759
7219;-4;41.2132;-38.2441;12.1824;9.23345
7219;-4;39.7325;-36.8679;11.7442;8.90255
7235;-4;36.4224;21.4962;28.3689;-7.58002
7235;-4;33.8247;19.9595;26.3421;-7.0406
7235;-4;33.6633;20.001;26.1045;-7.03451
7235;-4;32.7536;19.4577;25.3986;-6.84526
7235;-4;29.9954;17.8068;23.2608;-6.27104
7235;-4;32.6461;19.3847;25.3652;-6.59989
7235;-4;32.6461;19.3847;25.3652;-6.59989
7250;-4;30.8911;-23.5561;7.86786;18.3089
7250;-4;32.2725;-24.0023;7.30987;20.2415
7250;-4;31.3676;-22.8794;9.1959;19.3298
7250;-4;31.3279;-22.8505;9.18426;19.3053
7250;-4;31.3034;-22.8326;9.17706;19.2901
7253;-4;51.6263;27.5985;21.6028;37.8771
7253;-4;50.3943;26.9389;21.0866;36.9728
7253;-4;49.05;26.2182;20.5242;35.9863
7253;-4;49.05;26.2182;20.5242;35.9863
7265;-4;234.418;-23.4882;32.1817;-231.003
7265;-4;234.418;-23.4882;32.1817;-231.003
7290;-4;13.3258;10.4816;6.57609;-4.71362
7290;-4;13.3258;10.4816;6.57609;-4.71362
7303;-4;42.7832;21.579;6.64595;36.3087
7303;-4;44.5546;22.4743;7.03017;37.7883
7303;-4;44.5546;22.4743;7.03017;37.7883
7345;-4;1225.05;-33.2378;22.5169;1224.39
7345;-4;1220.92;-33.1255;22.4407;1220.26
7345;-4;1209.9;-32.8259;22.2378;1209.25
7345;-4;1209.9;-32.8259;22.2378;1209.25
7347;-4;138.716;15.8845;15.1422;-136.96
7347;-4;136.13;15.5859;14.8586;-134.407
7347;-4;128.078;14.6564;13.9821;-126.457
7347;-4;128.078;14.6564;13.9821;-126.457
7391;-4;13.9828;2.73026;3.63296;13.1383
7391;-4;13.5594;2.6461;3.5226;12.7357
7391;-4;13.4994;2.61667;3.53094;12.6755
7391;-4;13.0659;2.53159;3.41554;12.2634
7391;-4;11.0044;2.08769;2.85339;10.3124
7401;-4;38.8389;-11.8624;33.9246;-14.6496
7401;-4;38.4913;-11.7561;33.6207;-14.5181
7401;-4;33.1459;-8.7333;29.2894;-12.7382
7401;-4;30.3645;-8.02178;26.819;-11.6681
7401;-4;30.3645;-8.02178;26.819;-11.6681
7404;-4;54.4264;-11.5005;45.8213;26.9838
7404;-4;45.5842;-9.6307;38.3693;22.599
7404;-4;32.5617;-6.88525;27.3914;16.1344
7404;-4;24.4137;-5.17408;20.5106;12.0965
7415;-4;32.8238;-24.9685;6.79543;-20.1382
7420;-4;6.65578;0.0502758;5.26963;-3.77861
7420;-4;6.71714;0.0260188;5.34841;-3.77676
7420;-4;6.23978;0.0511086;4.92726;-3.52197
7422;-4;11.1169;7.57915;2.68523;7.52866
7422;-4;11.1089;7.56964;2.71925;7.51421
7436;-4;87.349;-4.93714;9.68951;-86.6564
7436;-4;87.349;-4.93714;9.68951;-86.6564
7450;-4;36.1899;-9.98937;5.20504;34.3596
7450;-4;36.5757;-10.0822;5.25129;34.7311
7450;-4;39.3151;-10.8296;5.35537;37.3646
7450;-4;39.3151;-10.8296;5.35537;37.3646
7453;-4;54.4586;-43.2806;2.92942;32.8891
7453;-4;53.4523;-42.48;2.87533;32.2813
7453;-4;11.4285;-9.22584;0.354222;6.5665
7453;-4;11.4285;-9.22584;0.354222;6.5665
7470;-4;51.2589;29.9085;7.5592;40.9092
7470;-4;48.4004;28.2368;7.14201;38.6268
7470;-4;44.0045;25.6551;6.49606;35.125
7470;-4;42.3158;24.6626;6.2429;33.781
7470;-4;42.3158;24.6626;6.2429;33.781
7475;-4;120.53;21.9655;20.6833;116.683
7475;-4;107.647;19.6297;18.4476;104.211
7475;-4;107.647;19.6297;18.4476;104.211
7478;-4;7.67438;6.48086;3.80468;-0.411214
7478;-4;7.24728;6.09739;3.59821;-0.384376
7478;-4;7.25366;6.11412;3.58168;-0.393297
7478;-4;7.93749;6.63403;3.96427;-0.265907
7478;-4;7.93749;6.63403;3.96427;-0.265907
7486;-4;13.2067;-0.764044;3.15004;12.7146
7486;-4;13.2067;-0.764044;3.15004;12.7146
7522;-4;476.056;-20.2044;22.9549;475.071
7522;-4;476.056;-20.2044;22.9549;475.071
7549;-4;45.2164;-40.1457;18.7927;-8.79961
7549;-4;44.0505;-39.1092;18.3076;-8.57294
7549;-4;37.3879;-32.4717;17.1613;-6.83233
7549;-4;34.7814;-30.2153;15.9391;-6.36191
7549;-4;34.7814;-30.2153;15.9391;-6.36191
7550;-4;2.33553;1.2761;1.00487;-0.752668
7550;-4;2.33505;1.27639;1.0043;-0.751451
7550;-4;2.33505;1.27639;1.0043;-0.751451
7574;-4;22.3563;5.19854;11.1971;-18.5783
7577;-4;57.0122;-2.44717;46.0298;33.5173
7577;-4;55.3011;-2.37274;44.6463;32.5122
7577;-4;53.552;-2.29684;43.2316;31.4852
7577;-4;46.2754;-2.85552;36.6981;28.0046
7577;-4;46.2754;-2.85552;36.6981;28.0046
7588;-4;45.2396;37.6983;2.68628;-24.8193
7588;-4;45.0054;37.503;2.6725;-24.6904
7623;-4;394.091;18.3138;24.6905;-392.887
7623;-4;387.38;18.0013;24.2689;-386.197
7623;-4;347.192;16.1409;21.7491;-346.13
7623;-4;381.992;17.5815;24.2278;-380.813
7623;-4;381.992;17.5815;24.2278;-380.813
7645;-4;51.5998;12.4458;27.3051;-41.9502
7645;-4;51.5998;12.4458;27.3051;-41.9502
7653;-4;63.4537;-61.1816;2.19226;-16.6172
7661;-4;48.9936;-16.7603;40.6434;-21.5716
7661;-4;46.2075;-15.8054;38.33;-20.3442
7672;-4;90.85;66.9118;12.9955;60.0451
7672;-4;90.0954;66.3556;12.8872;59.5464
7672;-4;86.8243;63.9455;12.4172;57.3847
7672;-4;86.0608;63.383;12.3075;56.88
7672;-4;86.0608;63.383;12.3075;56.88
7673;-4;66.4718;-5.9135;1.36225;66.1772
7694;-4;24.0038;-5.11125;8.50683;-21.8046
7725;-4;529.849;-10.1919;3.19233;529.739
7725;-4;529.842;-10.3604;3.56827;529.727
7725;-4;529.842;-10.3604;3.56827;529.727
7740;-4;36.1307;-6.10537;9.14141;34.3852
7740;-4;38.6655;-6.09728;9.58907;36.9276
7740;-4;38.7658;-6.1155;9.59102;37.029
7740;-4;38.7658;-6.1155;9.59102;37.029
7753;-4;33.084;2.96202;8.82491;31.7119
7753;-4;32.5493;2.91415;8.68227;31.1983
7753;-4;32.4204;2.90256;8.64779;31.0745
7753;-4;32.4285;3.09054;8.68946;31.0532
7753;-4;32.4285;3.09054;8.68946;31.0532
7756;-4;289.439;49.7454;9.44981;-284.971
7756;-4;281.168;48.3223;9.17987;-276.828
7756;-4;273.945;47.0795;8.94434;-269.717
7756;-4;219.236;38.226;8.05055;-215.723
7756;-4;219.236;38.226;8.05055;-215.723
7766;-4;130.12;-8.06836;30.9182;126.127
7766;-4;127.716;-7.91886;30.3449;123.797
7766;-4;126.466;-7.84129;30.0469;122.585
7766;-4;126.466;-7.84129;30.0469;122.585
7775;-4;564.996;10.8119;22.5111;-564.442
7775;-4;560.467;10.7254;22.3306;-559.917
7775;-4;560.467;10.7254;22.3306;-559.917
7802;-4;31.7034;-28.7901;13.0468;-1.94144
7802;-4;22.6124;-20.5114;9.29998;-1.36474
7802;-4;21.2973;-19.3123;8.75998;-1.27385
7802;-4;18.3709;-16.6388;7.56255;-1.09566
7802;-4;17.5224;-15.8623;7.21627;-1.04773
7802;-4;17.5224;-15.8623;7.21627;-1.04773
7810;-4;975.753;-61.6974;30.1412;-973.333
7810;-4;431.578;-27.2624;13.3171;-430.508
7810;-4;426.624;-26.9496;13.1637;-425.566
7810;-4;371.427;-23.471;11.4685;-370.504
7810;-4;416.294;-25.9956;12.6484;-415.285
7810;-4;416.294;-25.9956;12.6484;-415.285
7811;-4;35.5786;-10.3644;12.1318;31.7645
7811;-4;34.5753;-10.0671;11.7854;30.87
7811;-4;34.6076;-10.0426;11.7167;30.9402
7811;-4;34.6023;-9.96823;11.741;30.9492
7811;-4;35.0814;-10.0472;11.9133;31.3939
7811;-4;35.4665;-10.1213;12.0777;31.7343
7811;-4;35.4665;-10.1213;12.0777;31.7343
7828;-4;10.2916;-8.34791;0.235256;-5.8245
7828;-4;11.1696;-9.05606;0.314753;-6.35599
7828;-4;11.2436;-9.16026;0.118875;-6.34384
7830;-4;47.5289;-7.57637;20.9336;-41.9659
7830;-4;44.4491;-7.08042;19.573;-39.2459
7835;-4;345.07;-41.2538;9.24987;342.467
7835;-4;341.111;-40.7801;9.14397;338.538
7835;-4;333.634;-39.8862;8.94408;331.117
7835;-4;333.634;-39.8862;8.94408;331.117
7847;-4;13.6437;-6.30719;2.06503;-11.8261
7847;-4;12.8386;-5.91792;1.93219;-11.1277
7847;-4;12.8386;-5.91792;1.93219;-11.1277
7851;-4;13.6515;0.389828;5.34563;-12.4654
7851;-4;13.647;0.390893;5.34455;-12.4609
7851;-4;13.62;0.371716;5.33639;-12.4354
7851;-4;13.62;0.371716;5.33639;-12.4354
7857;-4;112.736;-34.0294;7.72503;-107.189
7857;-4;98.8192;-29.8157;6.76857;-93.9585
7857;-4;98.2635;-29.6474;6.73041;-93.4301
7857;-4;95.4582;-28.7986;6.53707;-90.763
7857;-4;95.4582;-28.7986;6.53707;-90.763
7897;-4;261.52;-4.6862;18.0618;260.849
7902;-4;40.9213;-25.4777;25.739;-18.992
7902;-4;40.7371;-24.5676;26.1816;-19.189
7902;-4;40.5751;-24.5595;26.056;-19.0264
7902;-4;40.5959;-24.5734;26.0601;-19.0473
7902;-4;40.5506;-24.4531;26.1239;-19.0182
7902;-4;40.5506;-24.4531;26.1239;-19.0182
7910;-4;4.51348;-0.779054;3.94648;-1.39278
7911;-4;39.5183;32.2527;17.741;14.2993
7911;-4;37.9769;30.9923;17.0492;13.7403
7911;-4;37.9056;30.7063;16.9926;14.2462
7911;-4;30.1476;24.2998;13.0923;12.0306
7911;-4;30.1476;24.2998;13.0923;12.0306
7913;-4;24.388;14.484;5.44225;18.7915
7913;-4;22.793;13.5184;5.09039;17.5674
7913;-4;22.8024;13.4967;5.13133;17.5843
7913;-4;20.5915;12.1644;4.65361;15.8786
7913;-4;20.66;12.1958;4.57734;15.9655
7913;-4;20.66;12.1958;4.57734;15.9655
7947;-4;505.625;35.8898;16.0237;504.093
7947;-4;440.996;31.4398;13.1257;439.676
7947;-4;440.996;31.4398;13.1257;439.676
7991;-4;216.184;-1.45396;3.01476;-216.153
8011;-4;45.2526;18.5457;6.73152;-40.6976
8011;-4;44.909;18.4034;6.67988;-40.3888
8011;-4;43.4896;17.8153;6.46671;-39.1138
8028;-4;43.5633;0.830076;1.75237;43.4942
8064;-4;21.8027;-21.1564;4.8667;1.35274
8064;-4;21.5311;-20.8915;4.80587;1.33706
8064;-4;21.5907;-20.9283;4.76072;1.32471
8064;-4;21.5907;-20.9283;4.76072;1.32471
8081;-4;4.50339;0.145759;0.848699;-4.158
8107;-4;141.793;-4.77076;27.5764;138.996
8107;-4;140.262;-4.84475;27.494;137.447
8107;-4;140.288;-4.4185;27.3745;137.512
8107;-4;139.89;-4.41133;27.3427;137.112
8107;-4;139.744;-4.39175;27.3312;136.967
8107;-4;139.577;-4.22943;27.8243;136.702
8107;-4;143.128;-4.43781;28.4759;140.186
8107;-4;143.128;-4.43781;28.4759;140.186
8112;-4;47.66;14.5287;9.03652;-44.4577
8112;-4;48.9664;14.7301;9.21073;-45.7564
8112;-4;48.7556;14.6511;9.26787;-45.5446
8112;-4;46.7675;14.0457;8.8883;-43.6883
8112;-4;46.8352;14.4421;8.92409;-43.6242
8112;-4;46.152;14.2282;8.7929;-42.9884
8131;-4;205.594;11.0105;14.1312;-204.807
8131;-4;205.606;11.2206;14.4286;-204.786
8131;-4;205.606;11.2206;14.4286;-204.786
8135;-4;45.3881;-24.4947;21.8607;-31.3041
8135;-4;44.2943;-23.9028;21.3324;-30.5502
8135;-4;29.1524;-15.6503;13.1059;-20.7586
8135;-4;29.1524;-15.6503;13.1059;-20.7586
8138;-4;55.3327;16.9096;6.76223;-52.2283
8161;-4;11.6379;8.13846;8.17242;0.410107
8161;-4;11.612;8.05974;8.20961;0.480307
8161;-4;11.612;8.05974;8.20961;0.480307
8178;-4;9.65238;-5.11266;7.73107;-2.23822
8178;-4;9.9954;-5.20819;7.9923;-2.57988
8179;-4;185.567;-10.5373;28.3835;183.075
8179;-4;158.061;-9.00022;24.1798;155.934
8179;-4;140.798;-8.04696;21.5327;138.901
8179;-4;140.798;-8.04696;21.5327;138.901
8188;-4;31.7111;-9.25333;17.1791;24.952
8188;-4;31.7111;-9.25333;17.1791;24.952
8189;-4;587.141;2.04756;23.9157;586.648
8189;-4;588.252;2.06464;23.9459;587.758
8189;-4;567.617;1.99272;23.1058;567.141
8193;-4;153.35;39.9929;7.4552;-147.847
8193;-4;148.566;38.7455;7.22274;-143.235
8193;-4;143.017;37.301;6.95286;-137.884
8193;-4;131.074;34.2102;6.37003;-126.361
8193;-4;102.737;26.7939;4.92906;-99.0481
8193;-4;102.737;26.7939;4.92906;-99.0481
8202;-4;76.1869;-54.5877;10.3636;52.1055
8202;-4;76.2936;-54.6267;10.6716;52.1585
8202;-4;75.8219;-54.4185;10.7077;51.6786
8202;-4;75.7711;-54.3322;10.516;51.7342
8202;-4;75.1818;-53.9094;10.4344;51.3317
8202;-4;73.8462;-52.9516;10.2493;50.4192
8202;-4;73.7494;-52.9097;10.2454;50.3221
8202;-4;73.4017;-52.4;10.6396;50.2653
8202;-4;73.4017;-52.4;10.6396;50.2653
8209;-4;6.87539;3.97037;2.88353;4.57628
8237;-4;49.5697;-46.1287;15.8931;-8.6288
8237;-4;50.2028;-46.1257;17.5581;-9.06634
8241;-4;4.12087;1.93731;3.27636;-0.493841
8245;-4;112.123;-13.2497;3.83672;111.261
8245;-4;112.123;-13.2497;3.83672;111.261
8340;-4;3.98922;-1.0136;3.27502;-1.38228
8383;-4;7.71558;6.92974;3.02013;-0.371092
8383;-4;7.71558;6.92974;3.02013;-0.371092
8389;-4;30.1108;-22.4791;16.8924;10.6653
8389;-4;25.8736;-19.2997;14.5093;9.17583
8389;-4;25.4446;-18.9776;14.2675;9.02594
8421;-4;10.5809;-1.42792;10.3305;0.973429
8428;-4;39.7085;-18.6619;30.9201;16.4378
8433;-4;82.9358;13.1277;39.6941;-71.6111
8433;-4;81.1675;12.8475;38.8465;-70.0843
8456;-4;34.1092;30.5342;13.6391;-6.54414
8456;-4;32.0339;28.6731;12.8079;-6.14226
8456;-4;31.74;28.4862;12.3279;-6.46011
8462;-4;43.7634;-0.415202;0.823581;-43.7279
8462;-4;43.7634;-0.415202;0.823581;-43.7279
8488;-4;45.9666;-3.51159;20.2443;-41.0915
8488;-4;38.8215;-2.96045;17.065;-34.7113
8488;-4;37.9434;-2.89261;16.6738;-33.9274
8488;-4;34.7917;-2.65296;15.2646;-31.1154
8488;-4;36.2754;-2.50426;15.9715;-32.4113
8488;-4;36.2754;-2.50426;15.9715;-32.4113
8494;-4;7.28268;1.02822;5.11348;-4.85618
8494;-4;7.28767;1.03321;5.11113;-4.86507
8507;-4;117.494;-20.9838;12.5466;-114.912
8507;-4;116.791;-20.8572;12.4712;-114.224
8507;-4;110.941;-19.806;11.8443;-108.504
8507;-4;110.941;-19.806;11.8443;-108.504
8507;-4;4.76968;-2.79574;0.47253;-3.52993
8507;-4;4.76968;-2.79574;0.47253;-3.52993
8527;-4;2.28269;0.183845;0.0903427;-1.70842
8531;-4;1159.36;-2.98612;2.76849;-1159.35
8531;-4;1159.36;-2.98612;2.76849;-1159.35
8567;-4;1487.52;-42.6665;24.4471;-1486.7
8567;-4;1449.84;-41.5846;23.8273;-1449.04
8567;-4;1409.38;-41.1288;23.3766;-1408.59
8567;-4;669.249;-18.5982;11.3248;-668.893
8567;-4;669.249;-18.5982;11.3248;-668.893
8579;-4;77.6137;-9.4503;23.4229;73.3736
8579;-4;66.5893;-8.10297;20.081;62.9522
8579;-4;60.1874;-7.32268;18.1626;56.8926
8579;-4;55.1925;-6.72662;16.6487;52.1683
8579;-4;55.1925;-6.72662;16.6487;52.1683
8587;-4;112.037;3.91192;1.98375;111.941
8590;-4;870.629;29.1189;9.91361;-870.084
8590;-4;860.79;28.7896;9.80152;-860.252
8590;-4;848.556;28.3801;9.66219;-848.025
8590;-4;835.509;27.9437;9.51324;-834.986
8590;-4;835.509;27.9437;9.51324;-834.986
8599;-4;729.817;-13.0987;6.39731;729.67
8599;-4;729.817;-13.0987;6.39731;729.67
8623;-4;453.291;-6.07772;36.7977;-451.75
8623;-4;453.291;-6.07772;36.7977;-451.75
8643;-4;45.9182;-7.13865;44.0628;10.6648
8643;-4;44.1625;-6.86482;42.3761;10.2578
8643;-4;43.8221;-7.32283;41.8656;10.5722
8643;-4;42.8402;-7.15739;40.9265;10.3356
8658;-4;2.28659;-0.874548;1.48604;0.073163
8658;-4;2.25019;-0.848348;1.44338;0.101525
8658;-4;2.36355;-0.959583;1.54252;0.190278
8658;-4;2.36355;-0.959583;1.54252;0.190278
8662;-4;173.003;12.9514;27.9755;-170.228
8662;-4;160.074;13.3634;27.0015;-157.207
8666;-4;31.5192;-9.02004;5.20675;-29.7109
8666;-4;31.6609;-9.06151;5.06695;-29.8726
8666;-4;33.0215;-9.33231;5.17161;-31.2143
8666;-4;32.63;-9.2214;5.11021;-30.8435
8666;-4;32.3721;-9.14829;5.06973;-30.5992
8666;-4;31.5435;-8.91274;4.93957;-29.8145
8666;-4;27.6581;-7.79574;4.31583;-26.1405
8710;-4;20.3356;8.97458;14.727;-10.6705
8710;-4;20.3847;8.97406;14.8141;-10.644
8710;-4;20.2874;8.93074;14.7426;-10.5937
8710;-4;19.9288;8.77109;14.479;-10.4084
8710;-4;20.083;9.14719;14.3506;-10.5578
8710;-4;19.4834;8.87239;13.9164;-10.2453
8710;-4;18.063;8.34537;13.2864;-8.82302
8710;-4;18.063;8.34537;13.2864;-8.82302
8738;-4;5.19335;-0.783557;4.06119;-2.75928
8738;-4;5.19335;-0.783557;4.06119;-2.75928
8741;-4;1278.56;21.9414;13.4963;1278.3
8741;-4;1273.47;21.854;13.4425;1273.21
8741;-4;1267.87;21.7576;13.3832;1267.61
8741;-4;1267.87;21.7576;13.3832;1267.61
8749;-4;20.9221;-17.8976;3.14936;-10.2589
8763;-4;81.7363;9.00644;24.4822;-77.4473
8763;-4;75.9464;8.35643;22.7335;-71.965
8763;-4;75.9464;8.35643;22.7335;-71.965
8770;-4;19.2305;-3.7693;1.87104;-18.7044
8770;-4;18.9736;-3.63286;1.90815;-18.4637
8770;-4;7.7655;-1.18733;3.90902;6.43139
8788;-4;162.297;21.7501;21.7199;-159.353
8788;-4;160.696;21.5347;21.5048;-157.781
8788;-4;134.485;18.3197;18.7731;-131.894
8788;-4;134.485;18.3197;18.7731;-131.894
8800;-4;537.268;-2.62049;29.8653;-536.429
8800;-4;378.589;-1.84727;21.0363;-377.997
8800;-4;360.08;-1.76319;19.9953;-359.516
8800;-4;324.163;-1.59597;17.9888;-323.656
8800;-4;324.163;-1.59597;17.9888;-323.656
8877;-4;46.8573;7.17226;22.6878;40.3383
8877;-4;46.8808;7.16871;22.6957;40.3618
8877;-4;46.9011;7.2848;22.752;40.3329
8877;-4;46.9011;7.2848;22.752;40.3329
8899;-4;109.628;-37.8327;19.1143;101.091
8899;-4;103.976;-35.88;18.128;95.8793
8899;-4;87.056;-30.0313;15.1817;80.2754
8901;-4;186.438;-33.4236;9.62656;183.158
8901;-4;126.697;-22.9191;7.01159;124.4
8901;-4;62.4105;-10.8714;3.07606;61.361
8901;-4;62.4105;-10.8714;3.07606;61.361
8921;-4;46.3281;-14.9116;14.2787;41.4464
8921;-4;46.1143;-14.8422;14.2121;41.2553
8921;-4;45.5159;-14.648;14.0255;40.7207
8921;-4;45.0127;-13.8162;14.1223;40.4023
8921;-4;45.0127;-13.8162;14.1223;40.4023
8924;-4;135.176;-5.26609;9.16675;134.754
8924;-4;135.176;-5.26609;9.16675;134.754
8983;-4;43.8252;6.86283;6.28989;-42.7988
8983;-4;43.9195;6.84573;6.32437;-42.893
8983;-4;43.8496;6.83049;6.32972;-42.8231
8983;-4;43.8761;6.84312;6.36562;-42.8429
8983;-4;46.3819;7.02818;6.81947;-45.3003
8983;-4;46.3819;7.02818;6.81947;-45.3003
9025;-4;538.237;-9.07631;7.0415;538.113
9025;-4;538.237;-9.07631;7.0415;538.113
9029;-4;36.5159;8.60112;32.2619;14.709
9029;-4;35.9215;8.46095;31.7358;14.4691
9029;-4;31.7643;7.2995;28.346;12.2452
9029;-4;31.7643;7.2995;28.346;12.2452
9031;-4;177.044;-20.3931;9.53112;-175.601
9031;-4;185.614;-21.4399;10.0174;-184.093
9031;-4;185.614;-21.4399;10.0174;-184.093
9058;-4;60.89;30.1708;22.9765;47.6145
9058;-4;59.7718;29.6157;22.5539;46.7402
9058;-4;52.1903;25.854;19.684;40.8128
9058;-4;52.1903;25.854;19.684;40.8128
9059;-4;9.05151;-3.757;2.4974;-7.70245
9059;-4;8.4858;-3.47362;2.30659;-7.23688
9065;-4;153.734;-0.644855;0.49232;-153.724
9065;-4;153.734;-0.644855;0.49232;-153.724
9066;-4;35.2885;-22.281;8.8443;25.8527
9066;-4;31.033;-19.5479;7.86439;22.7339
9066;-4;31.033;-19.5479;7.86439;22.7339
9070;-4;328.862;-8.54839;6.81902;328.676
9070;-4;313.253;-8.13703;6.5008;313.076
9070;-4;313.253;-8.13703;6.5008;313.076
9077;-4;74.158;13.7387;26.1195;-68.016
9077;-4;73.7709;13.6673;25.9828;-67.6608
9077;-4;73.7709;13.6673;25.9828;-67.6608
9078;-4;616.234;41.5343;24.3886;614.347
9078;-4;595.365;40.1258;23.5611;593.542
9087;-4;7.8478;0.1634;0.260824;-7.69696
9087;-4;7.8478;0.1634;0.260824;-7.69696
9097;-4;57.1099;-29.2164;4.22147;48.8658
9097;-4;57.1099;-29.2164;4.22147;48.8658
9152;-4;52.3094;9.02664;41.0976;31.0409
9152;-4;51.0367;8.80674;40.0966;30.2854
9170;-4;93.5705;17.3002;31.5309;-86.3695
9170;-4;91.4462;16.907;30.816;-84.4078
9170;-4;87.7994;16.2313;29.5917;-81.0393
9170;-4;87.7994;16.2313;29.5917;-81.0393
9173;-4;138.443;-38.2182;51.5771;122.652
9173;-4;137.994;-38.0942;51.4097;122.254
9173;-4;135.098;-37.2943;50.3298;119.688
9173;-4;131.592;-36.3267;49.0212;116.583
9173;-4;131.592;-36.3267;49.0212;116.583
9204;-4;60.3106;16.026;5.47178;-57.8649
9204;-4;60.3106;16.026;5.47178;-57.8649
9208;-4;118.119;34.0666;91.5839;-66.345
9208;-4;117.445;33.8723;91.0615;-65.9668
9208;-4;111.83;34.662;87.5285;-60.3402
9208;-4;111.873;34.8218;87.5277;-60.329
9208;-4;102.012;30.4512;81.0977;-53.853
9208;-4;101.408;30.3175;80.6994;-53.3837
9208;-4;101.408;30.3175;80.6994;-53.3837
9210;-4;37.6871;-30.4806;22.1101;-0.372919
9210;-4;37.27;-30.1429;21.865;-0.36861
9210;-4;37.1367;-30.1122;21.6723;-0.668392
9210;-4;33.048;-26.7916;19.2816;-0.588934
9210;-4;37.1917;-30.333;21.4312;-0.495957
9210;-4;37.1917;-30.333;21.4312;-0.495957
9213;-4;80.6037;-16.1494;30.0056;-73.0313
9213;-4;80.4345;-16.6396;29.7696;-72.831
9213;-4;81.0499;-16.9536;29.7971;-73.4271
9213;-4;80.7535;-16.8456;29.789;-73.1281
9222;-4;77.6319;-18.7942;23.597;71.5152
9222;-4;78.0988;-20.3763;22.7208;71.873
9222;-4;78.8916;-20.1755;23.1616;72.6507
9222;-4;78.817;-19.9372;23.3605;72.5718
9230;-4;31.7899;26.3887;6.86947;16.2726
9230;-4;31.8205;26.4008;6.79146;16.3452
9230;-4;31.234;26.0217;6.92304;15.7561
9230;-4;31.2257;25.9757;7.05258;15.7581
9252;-4;29.2623;3.48725;1.09329;28.9859
9252;-4;29.2623;3.48725;1.09329;28.9859
9253;-4;658.196;30.0619;61.1116;-654.662
9253;-4;441.464;20.1838;39.5306;-439.225
9253;-4;441.464;20.1838;39.5306;-439.225
9264;-4;27.408;-19.5359;9.62152;-16.5749
9264;-4;26.271;-18.7267;9.21578;-15.8838
9264;-4;24.6526;-17.5728;8.63023;-14.907
9264;-4;24.6526;-17.5728;8.63023;-14.907
9268;-4;209.047;-4.52799;22.247;-207.805
9268;-4;209.047;-4.52799;22.247;-207.805
9277;-4;3.00499;-1.56215;1.08271;1.77972
9277;-4;3.01719;-1.56702;1.08948;1.7919
9286;-4;34.0346;-19.1884;20.1678;-19.5235
9286;-4;33.519;-18.8961;19.8631;-19.2267
9286;-4;33.519;-18.8961;19.8631;-19.2267
9287;-4;100.648;-2.03339;3.20825;-100.565
9287;-4;100.666;-2.02319;3.26926;-100.581
9287;-4;100.666;-2.02319;3.26926;-100.581
9306;-4;49.9145;-3.8059;1.5789;49.7215
9315;-4;44.7675;-22.9476;2.26599;-38.3425
9315;-4;40.8609;-20.9132;2.10167;-35.0084
9333;-4;156.354;-38.0886;8.46577;-151.4
9333;-4;146.609;-36.7687;8.75754;-141.645
9333;-4;146.71;-36.9368;8.99063;-141.691
9333;-4;116.322;-30.2988;7.37873;-112.054
9333;-4;115.381;-30.2025;7.22962;-111.113
9333;-4;115.44;-30.2323;7.232;-111.166
9333;-4;115.44;-30.2323;7.232;-111.166
9351;-4;4.0304;-3.02438;0.580988;2.12361
9368;-4;51.5511;-13.7416;27.7575;-41.182
9368;-4;50.0914;-13.3511;26.9685;-40.0169
9368;-4;47.1893;-12.5725;25.3983;-37.702
9380;-4;5.62566;-2.91845;1.59314;-4.28283
9380;-4;7.33662;-3.68477;2.08945;-5.72573
9380;-4;7.33662;-3.68477;2.08945;-5.72573
9391;-4;64.1594;-3.70156;34.2475;-54.1072
9391;-4;63.5362;-3.21488;33.4696;-53.8892
9391;-4;63.5362;-3.21488;33.4696;-53.8892
9402;-4;67.2713;26.0465;9.3067;61.3037
9402;-4;56.1966;21.5649;8.40092;51.1878
9402;-4;51.8237;20.5579;8.29011;46.8199
9402;-4;51.8237;20.5579;8.29011;46.8199
9431;-4;48.8951;-9.04154;24.1245;-41.53
9431;-4;48.76;-9.01652;24.0578;-41.4151
9431;-4;48.654;-8.9969;24.0055;-41.325
9431;-4;48.5638;-8.9802;23.9609;-41.2484
9431;-4;48.253;-8.9226;23.8075;-40.984
9431;-4;48.253;-8.9226;23.8075;-40.984
9441;-4;30.9863;-30.1327;7.0624;-0.212154
9441;-4;27.1659;-26.5179;5.69271;0.359398
9441;-4;27.1659;-26.5179;5.69271;0.359398
9476;-4;49.1649;-46.3919;9.97345;12.777
9476;-4;44.3136;-41.8092;8.98986;11.5157
9476;-4;43.4621;-41.0045;8.81772;11.2951
9476;-4;41.4013;-39.0554;8.40134;10.7662
9476;-4;41.4013;-39.0554;8.40134;10.7662
9484;-4;268.656;3.3293;11.9897;-268.363
9484;-4;250.078;3.09185;11.1469;-249.806
9491;-4;83.8683;10.7844;14.2616;-81.9265
9491;-4;78.5693;10.0941;13.3553;-76.7505
9491;-4;60.5993;7.82954;10.3271;-59.1783
9491;-4;60.5993;7.82954;10.3271;-59.1783
9506;-4;156.33;1.76389;0.266902;156.313
9547;-4;47.5823;12.6482;27.9276;36.3579
9547;-4;41.7336;11.0873;24.4818;31.8928
9547;-4;41.7336;11.0873;24.4818;31.8928
9573;-4;2.60944;0.825831;0.0359398;1.96873
9573;-4;2.50966;0.764737;0.0232881;1.86093
9576;-4;224.476;-18.1977;26.6068;222.144
9576;-4;140.172;-10.5876;15.7942;138.869
9576;-4;140.172;-10.5876;15.7942;138.869
9578;-4;56.5708;-23.2882;23.8354;-45.6897
9578;-4;53.0126;-21.8221;22.3345;-42.8141
9595;-4;162.131;-36.0501;17.0542;157.142
9596;-4;37.994;14.6273;35.0334;0.0128012
9596;-4;40.6199;17.0816;36.7772;-1.83905
9596;-4;39.6937;17.0952;35.7877;-0.580543
9596;-4;39.4945;17.0092;35.6079;-0.577322
9596;-4;40.1402;17.1125;36.2784;-0.15424
9596;-4;39.4281;16.8085;35.634;-0.150393
9596;-4;34.0293;14.2573;30.8429;-1.08872
9596;-4;29.4495;12.1044;26.7765;-1.23515
9596;-4;29.6672;12.4551;26.8572;-1.20572
9596;-4;31.4141;12.9831;28.5222;-1.17398
9596;-4;31.4141;12.9831;28.5222;-1.17398
9602;-4;380.306;-25.3012;10.2115;-379.323
9602;-4;380.306;-25.3012;10.2115;-379.323
9609;-4;115.562;10.4367;27.8102;111.669
9609;-4;111.921;10.1074;26.9337;108.15
9609;-4;111.921;10.1074;26.9337;108.15
9611;-4;25.9791;-17.8897;9.79417;-16.0217
9611;-4;25.0666;-17.2555;9.44877;-15.4613
9611;-4;25.0666;-17.2555;9.44877;-15.4613
9624;-4;205.006;17.6602;50.3792;-197.927
9624;-4;204.189;17.5899;50.1785;-197.139
9628;-4;26.9695;-9.04578;11.815;22.4429
9628;-4;27.0385;-9.14952;11.9427;22.4162
9628;-4;26.78;-9.25283;11.7629;22.1572
9628;-4;26.2207;-9.05934;11.5171;21.6924
9628;-4;26.1996;-9.07349;11.4978;21.6713
9628;-4;23.5678;-8.15778;10.3428;19.485
9628;-4;23.5769;-8.21081;10.3348;19.4781
9628;-4;23.5769;-8.21081;10.3348;19.4781
9632;-4;177.633;-11.1186;35.5292;-173.681
9632;-4;174.647;-10.9313;34.9309;-170.762
9632;-4;108.359;-5.89321;22.1757;-105.891
9632;-4;108.359;-5.89321;22.1757;-105.891
9635;-4;168.392;42.3576;36.7439;-158.774
9635;-4;168.392;42.3576;36.7439;-158.774
9659;-4;60.3614;-2.14056;3.67895;-60.1925
9682;-4;48.3016;-8.76809;0.348963;47.4741
9698;-4;238.984;-30.1804;17.6357;-236.409
9707;-4;197.589;-22.1127;29.9786;194.039
9707;-4;147.257;-16.4644;22.3216;144.614
9707;-4;141.232;-15.7879;21.4018;138.697
9707;-4;141.232;-15.7879;21.4018;138.697
9707;-4;7.83185;-2.85975;7.03794;1.17352
9710;-4;11.9194;8.09363;1.96019;-8.39478
9710;-4;11.9707;8.00087;1.90642;-8.56736
9710;-4;11.9777;7.99947;1.89349;-8.58129
9710;-4;12.2148;8.10543;1.86864;-8.81822
9710;-4;12.0664;8.04;2.0257;-8.63725
9710;-4;12.0664;8.04;2.0257;-8.63725
9728;-4;179.739;-28.1851;0.0543756;-177.509
9728;-4;175.496;-27.894;0.469135;-173.258
9728;-4;176.771;-28.0032;0.324629;-174.532
9728;-4;175.555;-27.9069;0.349017;-173.315
9728;-4;176.128;-27.9529;0.367157;-173.889
9728;-4;174.32;-27.6659;0.363394;-172.104
9728;-4;174.358;-27.6689;0.366799;-172.142
9728;-4;160.144;-25.4063;0.332914;-158.108
9728;-4;160.195;-25.652;0.404895;-158.12
9728;-4;160.195;-25.652;0.404895;-158.12
9740;-4;493.063;5.28804;38.2998;-491.542
9752;-4;37.8209;-7.95687;21.5021;-30.0419
9752;-4;37.4081;-7.86991;21.2671;-29.7135
9752;-4;37.4081;-7.86991;21.2671;-29.7135
9780;-4;19.3207;12.0126;13.9667;5.6275
9780;-4;19.1995;11.9366;13.8783;5.59293
9780;-4;19.0569;11.8472;13.7744;5.55221
9780;-4;18.8848;11.7392;13.6489;5.50302
9780;-4;18.3974;11.4334;13.2934;5.36466
9780;-4;18.3541;11.4656;13.1975;5.38412
9780;-4;18.3541;11.4656;13.1975;5.38412
9799;-4;42.9568;-23.7506;34.3164;10.0663
9799;-4;23.4339;-14.3809;17.5128;5.77827
9799;-4;23.4306;-14.3395;17.54;5.7853
9799;-4;21.3879;-13.0242;16.0422;5.31113
9799;-4;21.4181;-12.9364;16.1559;5.30298
9799;-4;21.4181;-12.9364;16.1559;5.30298
9799;-4;2.77988;-1.05586;1.59445;-1.3493
9799;-4;8.04373;-1.98828;3.17088;-6.96016
9806;-4;772.551;25.0471;10.351;-772.074
9806;-4;776.746;25.1423;10.7803;-776.263
9806;-4;761.207;24.946;10.5545;-760.723
9806;-4;751.327;25.0888;10.8641;-750.828
9806;-4;651.231;22.3962;9.31472;-650.777
9806;-4;650.391;22.6128;9.35638;-649.929
9806;-4;650.391;22.6128;9.35638;-649.929
9832;-4;3.37927;1.06327;0.708982;2.74523
9845;-4;119.788;8.56478;16.4871;-118.329
9847;-4;37.3543;-24.2938;14.9715;-24.0574
9847;-4;25.177;-17.2787;9.04835;-15.8494
9847;-4;21.9846;-14.9816;7.95442;-13.9051
9847;-4;28.9963;-19.4727;10.4404;-18.6815
9847;-4;28.9963;-19.4727;10.4404;-18.6815
9861;-4;20.7001;0.203631;18.8723;8.36885
9861;-4;32.8578;8.44729;3.41966;31.5331
9861;-4;32.8436;8.38113;3.44298;31.5334
9861;-4;32.8436;8.38113;3.44298;31.5334
9863;-4;99.7788;-21.8364;41.8601;-87.8889
9863;-4;99.3768;-21.7483;41.6912;-87.5348
9863;-4;85.3231;-18.1873;36.6583;-74.8544
9863;-4;78.8838;-16.8231;33.8692;-69.2118
9863;-4;78.8838;-16.8231;33.8692;-69.2118
9886;-4;64.6261;-13.4999;26.8366;-57.1999
9886;-4;59.8488;-12.491;24.8483;-52.9732
9886;-4;59.7615;-12.5031;24.6711;-52.9547
9886;-4;59.7615;-12.5031;24.6711;-52.9547
9889;-4;67.4795;43.6144;11.6232;50.139
9889;-4;62.5331;40.0633;9.82306;46.9742
9889;-4;62.5331;40.0633;9.82306;46.9742
9915;-4;292.348;-34.9141;2.82478;290.238
9915;-4;266.165;-32.9626;1.46965;264.108
9915;-4;266.165;-32.9626;1.46965;264.108
9931;-4;41.4481;-34.512;4.9239;22.369
9931;-4;39.8822;-33.2061;4.73739;21.5234
9961;-4;393.24;9.67361;20.6602;-392.575
9961;-4;393.159;9.67256;20.6581;-392.494
9961;-4;380.315;9.35041;19.9846;-379.672
9961;-4;380.311;9.12324;20.3867;-379.651
9961;-4;380.311;9.12324;20.3867;-379.651
9962;-4;300.822;2.1172;15.8646;-300.393
9962;-4;300.822;2.1172;15.8646;-300.393
9986;-4;49.7482;16.4164;42.2947;20.3541
9986;-4;44.3625;13.2866;38.0751;18.4264
9986;-4;40.5696;12.1821;34.8048;16.8483
9986;-4;40.5696;12.1821;34.8048;16.8483
