
## Job iniciado em 11-08-2020 as 13:24:40 ###################

## Diretorio de submissao do job: /home/samuel.silveira/JetsAnalysis 


 *------------------------------------------------------------------------------------* 
 |                                                                                    | 
 |  *------------------------------------------------------------------------------*  | 
 |  |                                                                              |  | 
 |  |                                                                              |  | 
 |  |   PPP   Y   Y  TTTTT  H   H  III    A      Welcome to the Lund Monte Carlo!  |  | 
 |  |   P  P   Y Y     T    H   H   I    A A     This is PYTHIA version 8.244      |  | 
 |  |   PPP     Y      T    HHHHH   I   AAAAA    Last date of change: 20 Dec 2019  |  | 
 |  |   P       Y      T    H   H   I   A   A                                      |  | 
 |  |   P       Y      T    H   H  III  A   A    Now is 11 Aug 2020 at 13:24:42    |  | 
 |  |                                                                              |  | 
 |  |   Christian Bierlich;  Department of Astronomy and Theoretical Physics,      |  | 
 |  |      Lund University, Solvegatan 14A, SE-223 62 Lund, Sweden;                |  | 
 |  |      e-mail: christian.bierlich@thep.lu.se                                   |  | 
 |  |   Nishita Desai;  Department of Theoretical Physics, Tata Institute,         |  | 
 |  |      Homi Bhabha Road, Mumbai 400005, India;                                 |  | 
 |  |      e-mail: desai@theory.tifr.res.in                                        |  | 
 |  |   Ilkka Helenius;  Department of Physics, University of Jyvaskyla,           |  | 
 |  |      P.O. Box 35, FI-40014 University of Jyvaskyla, Finland;                 |  | 
 |  |      e-mail: ilkka.m.helenius@jyu.fi                                         |  | 
 |  |   Philip Ilten;  School of Physics and Astronomy,                            |  | 
 |  |      University of Birmingham, Birmingham, B152 2TT, UK;                     |  | 
 |  |      e-mail: philten@cern.ch                                                 |  | 
 |  |   Leif Lonnblad;  Department of Astronomy and Theoretical Physics,           |  | 
 |  |      Lund University, Solvegatan 14A, SE-223 62 Lund, Sweden;                |  | 
 |  |      e-mail: leif.lonnblad@thep.lu.se                                        |  | 
 |  |   Stephen Mrenna;  Computing Division, Simulations Group,                    |  | 
 |  |      Fermi National Accelerator Laboratory, MS 234, Batavia, IL 60510, USA;  |  | 
 |  |      e-mail: mrenna@fnal.gov                                                 |  | 
 |  |   Stefan Prestel;  Department of Astronomy and Theoretical Physics,          |  | 
 |  |      Lund University, Solvegatan 14A, SE-223 62 Lund, Sweden;                |  | 
 |  |      e-mail: stefan.prestel@thep.lu.se                                       |  | 
 |  |   Christine O. Rasmussen;  Department of Astronomy and Theoretical Physics,  |  | 
 |  |      Lund University, Solvegatan 14A, SE-223 62 Lund, Sweden;                |  | 
 |  |      e-mail: christine.rasmussen@thep.lu.se                                  |  | 
 |  |   Torbjorn Sjostrand;  Department of Astronomy and Theoretical Physics,      |  | 
 |  |      Lund University, Solvegatan 14A, SE-223 62 Lund, Sweden;                |  | 
 |  |      e-mail: torbjorn@thep.lu.se                                             |  | 
 |  |   Peter Skands;  School of Physics,                                          |  | 
 |  |      Monash University, PO Box 27, 3800 Melbourne, Australia;                |  | 
 |  |      e-mail: peter.skands@monash.edu                                         |  | 
 |  |                                                                              |  | 
 |  |   The main program reference is 'An Introduction to PYTHIA 8.2',             |  | 
 |  |   T. Sjostrand et al, Comput. Phys. Commun. 191 (2015) 159                   |  | 
 |  |   [arXiv:1410.3012 [hep-ph]]                                                 |  | 
 |  |                                                                              |  | 
 |  |   The main physics reference is the 'PYTHIA 6.4 Physics and Manual',         |  | 
 |  |   T. Sjostrand, S. Mrenna and P. Skands, JHEP05 (2006) 026 [hep-ph/0603175]  |  | 
 |  |                                                                              |  | 
 |  |   An archive of program versions and documentation is found on the web:      |  | 
 |  |   http://www.thep.lu.se/Pythia                                               |  | 
 |  |                                                                              |  | 
 |  |   This program is released under the GNU General Public Licence version 2.   |  | 
 |  |   Please respect the MCnet Guidelines for Event Generator Authors and Users. |  | 
 |  |                                                                              |  | 
 |  |   Disclaimer: this program comes without any guarantees.                     |  | 
 |  |   Beware of errors and use common sense when interpreting results.           |  | 
 |  |                                                                              |  | 
 |  |   Copyright (C) 2019 Torbjorn Sjostrand                                      |  | 
 |  |                                                                              |  | 
 |  |                                                                              |  | 
 |  *------------------------------------------------------------------------------*  | 
 |                                                                                    | 
 *------------------------------------------------------------------------------------* 


 *-------  PYTHIA Process Initialization  --------------------------*
 |                                                                  |
 | We collide p+ with p+ at a CM energy of 1.300e+04 GeV            |
 |                                                                  |
 |------------------------------------------------------------------|
 |                                                    |             |
 | Subprocess                                    Code |   Estimated |
 |                                                    |    max (mb) |
 |                                                    |             |
 |------------------------------------------------------------------|
 |                                                    |             |
 | f fbar' -> W+-                                 222 |   3.889e-04 |
 | f_1 fbar_2 -> f_3 fbar_4 (s-channel W+-)       225 |   1.565e-03 |
 |                                                                  |
 *-------  End PYTHIA Process Initialization -----------------------*

 *-------  PYTHIA Multiparton Interactions Initialization  ---------* 
 |                                                                  | 
 |                   sigmaNonDiffractive =    56.42 mb              | 
 |                                                                  | 
 |    pT0 =  2.60 gives sigmaInteraction =   319.31 mb: accepted    | 
 |                                                                  | 
 *-------  End PYTHIA Multiparton Interactions Initialization  -----* 

 *-------  PYTHIA Flag + Mode + Parm + Word + FVec + MVec + PVec + WVec Settings (changes only)  ------------------* 
 |                                                                                                                 | 
 | Name                                          |                      Now |      Default         Min         Max | 
 |                                               |                          |                                      | 
 | Beams:eCM                                     |                13000.000 |    14000.000    10.00000             | 
 | Random:seed                                   |                       47 |           -1               900000000 | 
 | Random:setSeed                                |                       on |          off                         | 
 | WeakSingleBoson:ffbar2ffbar(s:W)              |                       on |          off                         | 
 | WeakSingleBoson:ffbar2W                       |                       on |          off                         | 
 |                                                                                                                 | 
 *-------  End PYTHIA Flag + Mode + Parm + Word + FVec + MVec + PVec + WVec Settings  -----------------------------* 

 --------  PYTHIA Particle Data Table (changed only)  ------------------------------------------------------------------------------
 
      id   name            antiName         spn chg col      m0        mWidth      mMin       mMax       tau0    res dec ext vis wid
             no onMode   bRatio   meMode     products 

 no particle data has been changed from its default value 

 --------  End PYTHIA Particle Data Table  -----------------------------------------------------------------------------------------


 --------  PYTHIA Info Listing  ---------------------------------------- 
 
 Beam A: id =   2212, pz =  6.500e+03, e =  6.500e+03, m =  9.383e-01.
 Beam B: id =   2212, pz = -6.500e+03, e =  6.500e+03, m =  9.383e-01.

 In 1: id =   -1, x =  3.817e-04, pdf =  2.098e+00 at Q2 =  6.408e+03.
 In 2: id =    2, x =  9.933e-02, pdf =  5.919e-01 at same Q2.

 Subprocess f_1 fbar_2 -> f_3 fbar_4 (s-channel W+-) with code 225 is 2 -> 2.
 It has sHat =  6.408e+03,    tHat = -4.773e+02,    uHat = -5.930e+03,
       pTHat =  2.102e+01,   m3Hat =  5.110e-04,   m4Hat =  0.000e+00,
    thetaHat =  5.529e-01,  phiHat =  4.492e+00.
     alphaEM =  7.806e-03,  alphaS =  1.327e-01    at Q2 =  6.408e+03.

 Impact parameter b =  1.223e+00 gives enhancement factor =  2.576e-01.
 Max pT scale for MPI =  1.300e+04, ISR =  1.300e+04, FSR =  1.300e+04.
 Number of MPI =     2, ISR =     2, FSRproc =     3, FSRreson =     1.

 --------  End PYTHIA Info Listing  ------------------------------------

 --------  PYTHIA Event Listing  (hard process)  -----------------------------------------------------------------------------------
 
    no         id  name            status     mothers   daughters     colours      p_x        p_y        p_z         e          m 
     0         90  (system)           -11     0     0     0     0     0     0      0.000      0.000      0.000  13000.000  13000.000
     1       2212  (p+)               -12     0     0     3     0     0     0      0.000      0.000   6500.000   6500.000      0.938
     2       2212  (p+)               -12     0     0     4     0     0     0      0.000      0.000  -6500.000   6500.000      0.938
     3         -1  (dbar)             -21     1     0     5     0     0   101      0.000      0.000      2.481      2.481      0.000
     4          2  (u)                -21     2     0     5     0   101     0      0.000      0.000   -645.613    645.613      0.000
     5         24  (W+)               -22     3     4     6     7     0     0      0.000      0.000   -643.131    648.094     80.049
     6        -11  e+                  23     5     0     0     0     0     0     -4.590    -20.511    -45.797     50.390      0.001
     7         12  nu_e                23     5     0     0     0     0     0      4.590     20.511   -597.335    597.704      0.000
                                   Charge sum:  1.000           Momentum sum:      0.000      0.000   -643.131    648.094     80.049

 --------  End PYTHIA Event Listing  -----------------------------------------------------------------------------------------------

 --------  PYTHIA Event Listing  (complete event)  ---------------------------------------------------------------------------------
 
    no         id  name            status     mothers   daughters     colours      p_x        p_y        p_z         e          m 
     0         90  (system)           -11     0     0     0     0     0     0      0.000      0.000      0.000  13000.000  13000.000
     1       2212  (p+)               -12     0     0    28     0     0     0      0.000      0.000   6500.000   6500.000      0.938
     2       2212  (p+)               -12     0     0    29     0     0     0      0.000      0.000  -6500.000   6500.000      0.938
     3         -1  (dbar)             -21     6     0     5     0     0   101      0.000      0.000      2.481      2.481      0.000
     4          2  (u)                -21     7     7     5     0   101     0      0.000      0.000   -645.613    645.613      0.000
     5         24  (W+)               -22     3     4     8     8     0     0      0.000      0.000   -643.131    648.094     80.049
     6         21  (g)                -41    14     0     9     3   102   101      0.000     -0.000     12.141     12.141      0.000
     7          2  (u)                -42    15    15     4     4   101     0     -0.000      0.000   -645.613    645.613      0.000
     8         24  (W+)               -44     5     5    16    16     0     0     -2.694     12.444   -638.818    643.940     80.049
     9          1  (d)                -43     6     0    17    17   102     0      2.694    -12.444      5.347     13.814      0.330
    10         21  (g)                -31    27    27    12    13   103   104      0.000      0.000      0.161      0.161      0.000
    11         -1  (dbar)             -31    34    34    12    13     0   103      0.000      0.000    -26.194     26.194      0.000
    12         21  (g)                -33    10    11    19    20   105   104     -1.470     -0.177     -3.911      4.182      0.000
    13         -1  (dbar)             -33    10    11    21    21     0   105      1.470      0.177    -22.122     22.174      0.330
    14          2  (u)                -41    28    28    18     6   102     0      0.000      0.000    236.218    236.218      0.000
    15          2  (u)                -42    29    29     7     7   101     0     -0.000     -0.000   -645.613    645.613      0.000
    16         24  (W+)               -44     8     8    30    30     0     0     -2.625     12.619   -639.193    644.315     80.049
    17          1  (d)                -44     9     9    31    31   102     0      2.950    -11.791      5.722     13.438      0.330
    18          2  (u)                -43    14     0    32    32   101     0     -0.324     -0.828    224.076    224.078      0.330
    19         21  (g)                -51    12     0    25    26   106   104     -1.083     -0.115     -5.720      5.823      0.000
    20         21  (g)                -51    12     0    22    23   105   106     -0.257     -0.046     -0.112      0.284      0.000
    21         -1  (dbar)             -52    13    13    24    24     0   105      1.340      0.161    -20.201     20.249      0.330
    22         21  (g)                -51    20     0    37    37   107   106     -0.083     -0.316     -3.835      3.849      0.000
    23         21  (g)                -51    20     0    38    38   105   107      0.089      0.301     -0.213      0.379      0.000
    24         -1  (dbar)             -52    21    21    36    36     0   105      1.077      0.129    -16.264     16.304      0.330
    25         21  (g)                -51    19     0    35    35   106   108     -0.266     -0.442     -1.069      1.187      0.000
    26         21  (g)                -51    19     0    39    39   108   104     -0.818      0.327     -4.602      4.685      0.000
    27         21  (g)                -53    33    33    10    10   103   104      0.000      0.000      0.211      0.211      0.000
    28          2  (u)                -61     1     0    14    14   104     0      0.301      0.551    236.214    236.215      0.000
    29          2  (u)                -61     2     0    15    15   103     0     -2.979     -2.641   -645.612    645.624      0.000
    30         24  (W+)               -62    16    16    43    44     0     0     -5.583     10.000   -639.225    644.320     80.049
    31          1  (d)                -62    17    17    48     0   102     0      2.944    -11.785      5.751     13.444      0.330
    32          2  (u)                -62    18    18    62    62   101     0     -0.038     -0.305    224.076    224.076      0.330
    33         21  (g)                -61     1     0    27    27   103   104      0.012     -1.033     -1.165      1.557      0.000
    34         -1  (dbar)             -61     2     0    11    11     0   103      1.230      0.854    -25.731     25.775      0.000
    35         21  (g)                -62    25    25    63    63   106   101     -0.159     -0.654     -2.586      2.672      0.000
    36         -1  (dbar)             -62    24    24    57    57     0   104      1.824      0.538    -15.646     15.765      0.330
    37         21  (g)                -62    22    22    65    65   103   108      0.134     -0.197     -4.622      4.628      0.000
    38         21  (g)                -62    23    23    48     0   104   102      0.074     -0.124      0.023      0.146      0.000
    39         21  (g)                -62    26    26    64    64   108   106     -0.629      0.256     -4.065      4.121      0.000
    40       2103  (ud_1)             -63     1     0    66    66     0   103     -0.314      0.482   6263.555   6263.555      0.771
    41       2101  (ud_0)             -63     2     0    50    50     0   110      0.947      0.847  -5765.656   5765.656      0.579
    42          1  (d)                -63     2     0    49    49   110     0      0.802      0.940    -61.604     61.618      0.330
    43        -11  (e+)               -23    30     0    45    46     0     0     -5.023    -19.736    -45.494     49.844      0.001
    44         12  (nu_e)             -23    30     0    47    47     0     0     -0.560     29.735   -593.731    594.476      0.000
    45        -11  e+                  51    43     0     0     0     0     0     -5.020    -19.142    -44.184     48.414      0.001
    46         22  gamma               51    43     0     0     0     0     0     -0.003     -0.590     -1.379      1.500      0.000
    47         12  nu_e                52    44    44     0     0     0     0     -0.560     29.732   -593.661    594.406      0.000
    48          1  (d)                -73    31    38    56    56   104     0      3.018    -11.909      5.774     13.590      0.646
    49          1  (d)                -71    42    42    51    55   110     0      0.802      0.940    -61.604     61.618      0.330
    50       2101  (ud_0)             -71    41    41    51    55     0   110      0.947      0.847  -5765.656   5765.656      0.579
    51       -211  pi-                 83    49    50     0     0     0     0      0.089      0.603    -53.806     53.810      0.140
    52        111  (pi0)              -83    49    50   109   110     0     0      0.553     -0.223    -45.849     45.853      0.135
    53        213  (rho+)             -83    49    50    96    97     0     0     -0.415      0.740   -132.645    132.650      0.745
    54       -211  pi-                 84    49    50     0     0     0     0      0.573     -0.392   -388.012    388.013      0.140
    55       2212  p+                  84    49    50     0     0     0     0      0.949      1.060  -5206.948   5206.948      0.938
    56          1  (d)                -71    48    48    58    61   104     0      3.018    -11.909      5.774     13.590      0.646
    57         -1  (dbar)             -71    36    36    58    61     0   104      1.824      0.538    -15.646     15.765      0.330
    58       -211  pi-                 83    56    57     0     0     0     0      2.980    -12.094      5.504     13.618      0.140
    59        111  (pi0)              -83    56    57   111   112     0     0     -0.007      0.148     -0.972      0.993      0.135
    60        321  K+                  83    56    57     0     0     0     0      0.225      0.228     -0.642      0.871      0.494
    61       -311  (Kbar0)            -84    56    57    98    98     0     0      1.644      0.347    -13.761     13.872      0.498
    62          2  (u)                -71    32    32    67    95   101     0     -0.038     -0.305    224.076    224.076      0.330
    63         21  (g)                -71    35    35    67    95   106   101     -0.159     -0.654     -2.586      2.672      0.000
    64         21  (g)                -71    39    39    67    95   108   106     -0.629      0.256     -4.065      4.121      0.000
    65         21  (g)                -71    37    37    67    95   103   108      0.134     -0.197     -4.622      4.628      0.000
    66       2103  (ud_1)             -71    40    40    67    95     0   103     -0.314      0.482   6263.555   6263.555      0.771
    67        211  pi+                 83    62    66     0     0     0     0      0.227     -0.071      9.298      9.303      0.140
    68       -213  (rho-)             -83    62    66    99   100     0     0      0.056     -0.209     65.753     65.759      0.821
    69        211  pi+                 83    62    66     0     0     0     0     -0.617     -0.230     30.841     30.848      0.140
    70       3122  (Lambda0)          -83    62    66   113   114     0     0      0.551      0.308     85.293     85.303      1.116
    71        311  (K0)               -83    62    66   101   101     0     0     -0.523     -0.307     18.063     18.080      0.498
    72      -2212  pbar-               83    62    66     0     0     0     0      0.129     -0.160      8.341      8.396      0.938
    73        213  (rho+)             -83    62    66   102   103     0     0     -0.008     -0.078      2.324      2.455      0.787
    74       -211  pi-                 83    62    66     0     0     0     0      0.019      0.445      2.047      2.099      0.140
    75       2212  p+                  83    62    66     0     0     0     0      0.146     -0.014      1.223      1.548      0.938
    76      -2112  nbar0               83    62    66     0     0     0     0     -0.224     -0.341     -0.747      1.268      0.940
    77        311  (K0)               -83    62    66   104   104     0     0     -0.192      0.338     -0.686      0.932      0.498
    78       -321  K-                  83    62    66     0     0     0     0      0.467     -0.054     -0.394      0.787      0.494
    79        211  pi+                 83    62    66     0     0     0     0     -0.131     -0.307     -0.672      0.763      0.140
    80       -211  pi-                 83    62    66     0     0     0     0     -0.088     -0.058     -0.880      0.897      0.140
    81        211  pi+                 83    62    66     0     0     0     0      0.158     -0.276     -3.118      3.137      0.140
    82       -211  pi-                 83    62    66     0     0     0     0     -0.833      0.244     -3.551      3.658      0.140
    83        211  pi+                 84    62    66     0     0     0     0     -0.139      0.124      0.171      0.289      0.140
    84        311  (K0)               -84    62    66   105   105     0     0      0.552     -0.197      2.673      2.781      0.498
    85       -311  (Kbar0)            -84    62    66   106   106     0     0     -0.046      0.123      0.486      0.708      0.498
    86       -211  pi-                 84    62    66     0     0     0     0      0.247     -0.454      3.336      3.379      0.140
    87        211  pi+                 84    62    66     0     0     0     0     -0.385      0.299      7.299      7.317      0.140
    88        221  (eta)              -84    62    66   115   117     0     0      0.415     -0.197      3.645      3.714      0.548
    89        111  (pi0)              -84    62    66   118   119     0     0     -0.600     -0.061     20.751     20.760      0.135
    90       2112  n0                  84    62    66     0     0     0     0     -0.025      0.336    101.519    101.524      0.940
    91        223  (omega)            -84    62    66   120   122     0     0      0.616      0.005    344.714    344.716      0.804
    92      -3122  (Lambdabar0)       -84    62    66   123   124     0     0     -0.878     -0.283    995.462    995.463      1.116
    93       -321  K-                  84    62    66     0     0     0     0      0.339      0.274   1132.840   1132.841      0.494
    94       2214  (Delta+)           -84    62    66   107   108     0     0     -0.361      0.379   2922.561   2922.561      1.241
    95        221  (eta)              -84    62    66   125   126     0     0      0.121      0.006    727.766    727.766      0.548
    96        211  pi+                 91    53     0     0     0     0     0     -0.566      0.412    -70.359     70.363      0.140
    97        111  (pi0)              -91    53     0   127   128     0     0      0.150      0.328    -62.286     62.287      0.135
    98        130  K_L0                91    61    61     0     0     0     0      1.644      0.347    -13.761     13.872      0.498
    99       -211  pi-                 91    68     0     0     0     0     0     -0.154      0.239     18.598     18.601      0.140
   100        111  (pi0)              -91    68     0   129   130     0     0      0.210     -0.448     47.155     47.158      0.135
   101        310  (K_S0)             -91    71    71   131   132     0     0     -0.523     -0.307     18.063     18.080      0.498
   102        211  pi+                 91    73     0     0     0     0     0      0.293     -0.005      1.817      1.846      0.140
   103        111  (pi0)              -91    73     0   133   134     0     0     -0.301     -0.073      0.507      0.609      0.135
   104        310  (K_S0)             -91    77    77   135   136     0     0     -0.192      0.338     -0.686      0.932      0.498
   105        310  (K_S0)             -91    84    84   137   138     0     0      0.552     -0.197      2.673      2.781      0.498
   106        310  (K_S0)             -91    85    85   139   140     0     0     -0.046      0.123      0.486      0.708      0.498
   107       2212  p+                  91    94     0     0     0     0     0     -0.042      0.267   1994.455   1994.456      0.938
   108        111  (pi0)              -91    94     0   141   142     0     0     -0.319      0.113    928.106    928.106      0.135
   109         22  gamma               91    52     0     0     0     0     0      0.165     -0.122    -18.443     18.444      0.000
   110         22  gamma               91    52     0     0     0     0     0      0.388     -0.101    -27.406     27.409      0.000
   111         22  gamma               91    59     0     0     0     0     0     -0.018      0.152     -0.969      0.981      0.000
   112         22  gamma               91    59     0     0     0     0     0      0.011     -0.004     -0.003      0.012      0.000
   113       2112  n0                  91    70     0     0     0     0     0      0.396      0.325     68.361     68.370      0.940
   114        111  (pi0)              -91    70     0   143   144     0     0      0.155     -0.017     16.932     16.933      0.135
   115        111  (pi0)              -91    88     0   145   146     0     0      0.036     -0.017      0.413      0.437      0.135
   116        111  (pi0)              -91    88     0   147   148     0     0      0.042     -0.105      0.953      0.970      0.135
   117        111  (pi0)              -91    88     0   149   150     0     0      0.338     -0.075      2.278      2.308      0.135
   118         22  gamma               91    89     0     0     0     0     0     -0.521     -0.009     16.872     16.880      0.000
   119         22  gamma               91    89     0     0     0     0     0     -0.079     -0.052      3.879      3.880      0.000
   120        111  (pi0)              -91    91     0   151   152     0     0      0.088     -0.099    216.428    216.428      0.135
   121         11  e-                  91    91     0     0     0     0     0      0.367      0.176    102.227    102.228      0.001
   122        -11  e+                  91    91     0     0     0     0     0      0.161     -0.071     26.060     26.060      0.001
   123      -2212  pbar-               91    92     0     0     0     0     0     -0.827     -0.266    829.765    829.766      0.938
   124        211  pi+                 91    92     0     0     0     0     0     -0.051     -0.017    165.697    165.697      0.140
   125         22  gamma               91    95     0     0     0     0     0      0.151     -0.226    229.335    229.336      0.000
   126         22  gamma               91    95     0     0     0     0     0     -0.031      0.232    498.430    498.430      0.000
   127         22  gamma               91    97     0     0     0     0     0      0.158      0.205    -45.706     45.707      0.000
   128         22  gamma               91    97     0     0     0     0     0     -0.008      0.123    -16.580     16.580      0.000
   129         22  gamma               91   100     0     0     0     0     0      0.022     -0.015      0.950      0.951      0.000
   130         22  gamma               91   100     0     0     0     0     0      0.188     -0.433     46.204     46.207      0.000
   131        211  pi+                 91   101     0     0     0     0     0     -0.556     -0.214     14.643     14.656      0.140
   132       -211  pi-                 91   101     0     0     0     0     0      0.032     -0.093      3.420      3.425      0.140
   133         22  gamma               91   103     0     0     0     0     0     -0.177     -0.065      0.185      0.264      0.000
   134         22  gamma               91   103     0     0     0     0     0     -0.124     -0.009      0.322      0.346      0.000
   135        211  pi+                 91   104     0     0     0     0     0     -0.026      0.236     -0.090      0.290      0.140
   136       -211  pi-                 91   104     0     0     0     0     0     -0.166      0.102     -0.596      0.642      0.140
   137        111  (pi0)              -91   105     0   153   154     0     0      0.438     -0.218      2.417      2.470      0.135
   138        111  (pi0)              -91   105     0   155   156     0     0      0.113      0.021      0.256      0.311      0.135
   139        211  pi+                 91   106     0     0     0     0     0     -0.008      0.037     -0.045      0.151      0.140
   140       -211  pi-                 91   106     0     0     0     0     0     -0.038      0.086      0.530      0.556      0.140
   141         22  gamma               91   108     0     0     0     0     0     -0.146      0.011    258.451    258.451      0.000
   142         22  gamma               91   108     0     0     0     0     0     -0.173      0.102    669.655    669.655      0.000
   143         22  gamma               91   114     0     0     0     0     0      0.096     -0.053     14.061     14.061      0.000
   144         22  gamma               91   114     0     0     0     0     0      0.059      0.036      2.872      2.872      0.000
   145         22  gamma               91   115     0     0     0     0     0     -0.032      0.034      0.230      0.234      0.000
   146         22  gamma               91   115     0     0     0     0     0      0.068     -0.051      0.184      0.202      0.000
   147         22  gamma               91   116     0     0     0     0     0      0.068     -0.110      0.543      0.558      0.000
   148         22  gamma               91   116     0     0     0     0     0     -0.026      0.005      0.410      0.411      0.000
   149         22  gamma               91   117     0     0     0     0     0      0.269     -0.100      1.548      1.574      0.000
   150         22  gamma               91   117     0     0     0     0     0      0.069      0.026      0.730      0.733      0.000
   151         22  gamma               91   120     0     0     0     0     0      0.009     -0.088    162.142    162.142      0.000
   152         22  gamma               91   120     0     0     0     0     0      0.079     -0.012     54.286     54.286      0.000
   153         22  gamma               91   137     0     0     0     0     0      0.173     -0.108      0.708      0.737      0.000
   154         22  gamma               91   137     0     0     0     0     0      0.265     -0.110      1.709      1.733      0.000
   155         22  gamma               91   138     0     0     0     0     0      0.066     -0.040      0.205      0.219      0.000
   156         22  gamma               91   138     0     0     0     0     0      0.047      0.061      0.051      0.092      0.000
                                   Charge sum:  2.000           Momentum sum:      0.000      0.000     -0.000  13000.000  13000.000

 --------  End PYTHIA Event Listing  -----------------------------------------------------------------------------------------------
 PYTHIA Warning in StringFragmentation::fragmentToJunction: bad convergence junction rest frame  
 PYTHIA Warning in SimpleTimeShower::findMEcorr: ME weight above PS one  
 PYTHIA Warning in MultipartonInteractions::pTnext: weight above unity  
 PYTHIA Warning in SimpleTimeShower::pTnext: negative dipole mass.  

 Pythia::next(): 1000 events have been generated 
 PYTHIA Warning in TauDecays::decay: maximum decay weight exceeded in tau decay  
 PYTHIA Error in StringFragmentation::fragmentToJunction: caught in junction flavour loop  
 PYTHIA Error in Pythia::next: hadronLevel failed; try again  
 PYTHIA Error in StringFragmentation::fragment: stuck in joining  

 Pythia::next(): 2000 events have been generated 
 PYTHIA Warning in Pythia::check: not quite matched particle energy/momentum/mass  
 PYTHIA Warning in Pythia::check: energy-momentum not quite conserved  

 Pythia::next(): 3000 events have been generated 

 Pythia::next(): 4000 events have been generated 

 Pythia::next(): 5000 events have been generated 

 Pythia::next(): 6000 events have been generated 
 PYTHIA Warning in SimpleSpaceShower::pT2nextQCD: small daughter PDF  
 PYTHIA Warning in SimpleSpaceShower::pT2nextQCD: weight above unity  

 Pythia::next(): 7000 events have been generated 
 PYTHIA Error in SimpleSpaceShower::pT2nearThreshold: stuck in loop  

 Pythia::next(): 8000 events have been generated 

 Pythia::next(): 9000 events have been generated 

 Pythia::next(): 10000 events have been generated 

 Pythia::next(): 11000 events have been generated 

 Pythia::next(): 12000 events have been generated 

 Pythia::next(): 13000 events have been generated 

 Pythia::next(): 14000 events have been generated 

 Pythia::next(): 15000 events have been generated 

 Pythia::next(): 16000 events have been generated 

 Pythia::next(): 17000 events have been generated 

 Pythia::next(): 18000 events have been generated 

 Pythia::next(): 19000 events have been generated 

 Pythia::next(): 20000 events have been generated 

 Pythia::next(): 21000 events have been generated 

 Pythia::next(): 22000 events have been generated 

 Pythia::next(): 23000 events have been generated 

 Pythia::next(): 24000 events have been generated 

 Pythia::next(): 25000 events have been generated 

 Pythia::next(): 26000 events have been generated 

 Pythia::next(): 27000 events have been generated 

 Pythia::next(): 28000 events have been generated 

 Pythia::next(): 29000 events have been generated 

 Pythia::next(): 30000 events have been generated 

 Pythia::next(): 31000 events have been generated 

 Pythia::next(): 32000 events have been generated 

 Pythia::next(): 33000 events have been generated 

 Pythia::next(): 34000 events have been generated 

 Pythia::next(): 35000 events have been generated 

 Pythia::next(): 36000 events have been generated 

 Pythia::next(): 37000 events have been generated 

 Pythia::next(): 38000 events have been generated 

 Pythia::next(): 39000 events have been generated 

 Pythia::next(): 40000 events have been generated 

 Pythia::next(): 41000 events have been generated 

 Pythia::next(): 42000 events have been generated 

 Pythia::next(): 43000 events have been generated 

 Pythia::next(): 44000 events have been generated 

 Pythia::next(): 45000 events have been generated 

 Pythia::next(): 46000 events have been generated 

 Pythia::next(): 47000 events have been generated 

 Pythia::next(): 48000 events have been generated 

 Pythia::next(): 49000 events have been generated 

 Pythia::next(): 50000 events have been generated 

 Pythia::next(): 51000 events have been generated 

 Pythia::next(): 52000 events have been generated 

 Pythia::next(): 53000 events have been generated 

 Pythia::next(): 54000 events have been generated 

 Pythia::next(): 55000 events have been generated 

 Pythia::next(): 56000 events have been generated 

 Pythia::next(): 57000 events have been generated 

 Pythia::next(): 58000 events have been generated 

 Pythia::next(): 59000 events have been generated 

 Pythia::next(): 60000 events have been generated 

 Pythia::next(): 61000 events have been generated 

 Pythia::next(): 62000 events have been generated 

 Pythia::next(): 63000 events have been generated 

 Pythia::next(): 64000 events have been generated 

 Pythia::next(): 65000 events have been generated 

 Pythia::next(): 66000 events have been generated 

 Pythia::next(): 67000 events have been generated 

 Pythia::next(): 68000 events have been generated 

 Pythia::next(): 69000 events have been generated 

 Pythia::next(): 70000 events have been generated 

 Pythia::next(): 71000 events have been generated 

 Pythia::next(): 72000 events have been generated 

 Pythia::next(): 73000 events have been generated 

 Pythia::next(): 74000 events have been generated 

 Pythia::next(): 75000 events have been generated 

 Pythia::next(): 76000 events have been generated 

 Pythia::next(): 77000 events have been generated 

 Pythia::next(): 78000 events have been generated 

 Pythia::next(): 79000 events have been generated 

 Pythia::next(): 80000 events have been generated 

 Pythia::next(): 81000 events have been generated 

 Pythia::next(): 82000 events have been generated 

 Pythia::next(): 83000 events have been generated 

 Pythia::next(): 84000 events have been generated 

 Pythia::next(): 85000 events have been generated 

 Pythia::next(): 86000 events have been generated 

 Pythia::next(): 87000 events have been generated 

 Pythia::next(): 88000 events have been generated 

 Pythia::next(): 89000 events have been generated 

 Pythia::next(): 90000 events have been generated 

 Pythia::next(): 91000 events have been generated 
 PYTHIA Warning in TauDecays::decay: unknown correlated tau production, assuming from unpolarized photon  

 Pythia::next(): 92000 events have been generated 

 Pythia::next(): 93000 events have been generated 

 Pythia::next(): 94000 events have been generated 

 Pythia::next(): 95000 events have been generated 

 Pythia::next(): 96000 events have been generated 

 Pythia::next(): 97000 events have been generated 

 Pythia::next(): 98000 events have been generated 

 Pythia::next(): 99000 events have been generated 

 Pythia::next(): 100000 events have been generated 

 Pythia::next(): 101000 events have been generated 

 Pythia::next(): 102000 events have been generated 

 Pythia::next(): 103000 events have been generated 

 Pythia::next(): 104000 events have been generated 

 Pythia::next(): 105000 events have been generated 

 Pythia::next(): 106000 events have been generated 

 Pythia::next(): 107000 events have been generated 

 Pythia::next(): 108000 events have been generated 

 Pythia::next(): 109000 events have been generated 

 Pythia::next(): 110000 events have been generated 

 Pythia::next(): 111000 events have been generated 

 Pythia::next(): 112000 events have been generated 

 Pythia::next(): 113000 events have been generated 

 Pythia::next(): 114000 events have been generated 

 Pythia::next(): 115000 events have been generated 

 Pythia::next(): 116000 events have been generated 

 Pythia::next(): 117000 events have been generated 

 Pythia::next(): 118000 events have been generated 

 Pythia::next(): 119000 events have been generated 

 Pythia::next(): 120000 events have been generated 

 Pythia::next(): 121000 events have been generated 

 Pythia::next(): 122000 events have been generated 

 Pythia::next(): 123000 events have been generated 

 Pythia::next(): 124000 events have been generated 

 Pythia::next(): 125000 events have been generated 

 Pythia::next(): 126000 events have been generated 

 Pythia::next(): 127000 events have been generated 

 Pythia::next(): 128000 events have been generated 

 Pythia::next(): 129000 events have been generated 

 Pythia::next(): 130000 events have been generated 

 Pythia::next(): 131000 events have been generated 

 Pythia::next(): 132000 events have been generated 

 Pythia::next(): 133000 events have been generated 

 Pythia::next(): 134000 events have been generated 

 Pythia::next(): 135000 events have been generated 

 Pythia::next(): 136000 events have been generated 

 Pythia::next(): 137000 events have been generated 

 Pythia::next(): 138000 events have been generated 

 Pythia::next(): 139000 events have been generated 

 Pythia::next(): 140000 events have been generated 

 Pythia::next(): 141000 events have been generated 

 Pythia::next(): 142000 events have been generated 

 Pythia::next(): 143000 events have been generated 

 Pythia::next(): 144000 events have been generated 

 Pythia::next(): 145000 events have been generated 

 Pythia::next(): 146000 events have been generated 

 Pythia::next(): 147000 events have been generated 

 Pythia::next(): 148000 events have been generated 

 Pythia::next(): 149000 events have been generated 

 Pythia::next(): 150000 events have been generated 

 Pythia::next(): 151000 events have been generated 

 Pythia::next(): 152000 events have been generated 

 Pythia::next(): 153000 events have been generated 

 Pythia::next(): 154000 events have been generated 

 Pythia::next(): 155000 events have been generated 

 Pythia::next(): 156000 events have been generated 

 Pythia::next(): 157000 events have been generated 

 Pythia::next(): 158000 events have been generated 

 Pythia::next(): 159000 events have been generated 

 Pythia::next(): 160000 events have been generated 

 Pythia::next(): 161000 events have been generated 

 Pythia::next(): 162000 events have been generated 

 Pythia::next(): 163000 events have been generated 

 Pythia::next(): 164000 events have been generated 

 Pythia::next(): 165000 events have been generated 

 Pythia::next(): 166000 events have been generated 

 Pythia::next(): 167000 events have been generated 

 Pythia::next(): 168000 events have been generated 

 Pythia::next(): 169000 events have been generated 

 Pythia::next(): 170000 events have been generated 

 Pythia::next(): 171000 events have been generated 

 Pythia::next(): 172000 events have been generated 

 Pythia::next(): 173000 events have been generated 

 Pythia::next(): 174000 events have been generated 

 Pythia::next(): 175000 events have been generated 

 Pythia::next(): 176000 events have been generated 

 Pythia::next(): 177000 events have been generated 

 Pythia::next(): 178000 events have been generated 

 Pythia::next(): 179000 events have been generated 

 Pythia::next(): 180000 events have been generated 

 Pythia::next(): 181000 events have been generated 

 Pythia::next(): 182000 events have been generated 

 Pythia::next(): 183000 events have been generated 

 Pythia::next(): 184000 events have been generated 

 Pythia::next(): 185000 events have been generated 
 PYTHIA Warning in StringFragmentation::fragmentToJunction: Negative invariant masses in junction rest frame  

 Pythia::next(): 186000 events have been generated 

 Pythia::next(): 187000 events have been generated 

 Pythia::next(): 188000 events have been generated 

 Pythia::next(): 189000 events have been generated 

 Pythia::next(): 190000 events have been generated 

 Pythia::next(): 191000 events have been generated 

 Pythia::next(): 192000 events have been generated 

 Pythia::next(): 193000 events have been generated 

 Pythia::next(): 194000 events have been generated 

 Pythia::next(): 195000 events have been generated 

 Pythia::next(): 196000 events have been generated 

 Pythia::next(): 197000 events have been generated 

 Pythia::next(): 198000 events have been generated 

 Pythia::next(): 199000 events have been generated 

 Pythia::next(): 200000 events have been generated 

 Pythia::next(): 201000 events have been generated 

 Pythia::next(): 202000 events have been generated 

 Pythia::next(): 203000 events have been generated 

 Pythia::next(): 204000 events have been generated 

 Pythia::next(): 205000 events have been generated 

 Pythia::next(): 206000 events have been generated 

 Pythia::next(): 207000 events have been generated 

 Pythia::next(): 208000 events have been generated 

 Pythia::next(): 209000 events have been generated 

 Pythia::next(): 210000 events have been generated 

 Pythia::next(): 211000 events have been generated 

 Pythia::next(): 212000 events have been generated 

 Pythia::next(): 213000 events have been generated 

 Pythia::next(): 214000 events have been generated 

 Pythia::next(): 215000 events have been generated 

 Pythia::next(): 216000 events have been generated 

 Pythia::next(): 217000 events have been generated 

 Pythia::next(): 218000 events have been generated 

 Pythia::next(): 219000 events have been generated 

 Pythia::next(): 220000 events have been generated 

 Pythia::next(): 221000 events have been generated 

 Pythia::next(): 222000 events have been generated 

 Pythia::next(): 223000 events have been generated 

 Pythia::next(): 224000 events have been generated 

 Pythia::next(): 225000 events have been generated 

 Pythia::next(): 226000 events have been generated 

 Pythia::next(): 227000 events have been generated 

 Pythia::next(): 228000 events have been generated 

 Pythia::next(): 229000 events have been generated 

 Pythia::next(): 230000 events have been generated 

 Pythia::next(): 231000 events have been generated 

 Pythia::next(): 232000 events have been generated 

 Pythia::next(): 233000 events have been generated 

 Pythia::next(): 234000 events have been generated 

 Pythia::next(): 235000 events have been generated 

 Pythia::next(): 236000 events have been generated 

 Pythia::next(): 237000 events have been generated 

 Pythia::next(): 238000 events have been generated 

 Pythia::next(): 239000 events have been generated 

 Pythia::next(): 240000 events have been generated 

 Pythia::next(): 241000 events have been generated 

 Pythia::next(): 242000 events have been generated 

 Pythia::next(): 243000 events have been generated 

 Pythia::next(): 244000 events have been generated 

 Pythia::next(): 245000 events have been generated 

 Pythia::next(): 246000 events have been generated 

 Pythia::next(): 247000 events have been generated 

 Pythia::next(): 248000 events have been generated 

 Pythia::next(): 249000 events have been generated 

 Pythia::next(): 250000 events have been generated 

 Pythia::next(): 251000 events have been generated 

 Pythia::next(): 252000 events have been generated 

 Pythia::next(): 253000 events have been generated 

 Pythia::next(): 254000 events have been generated 

 Pythia::next(): 255000 events have been generated 

 Pythia::next(): 256000 events have been generated 

 Pythia::next(): 257000 events have been generated 

 Pythia::next(): 258000 events have been generated 

 Pythia::next(): 259000 events have been generated 

 Pythia::next(): 260000 events have been generated 

 Pythia::next(): 261000 events have been generated 

 Pythia::next(): 262000 events have been generated 

 Pythia::next(): 263000 events have been generated 

 Pythia::next(): 264000 events have been generated 

 Pythia::next(): 265000 events have been generated 

 Pythia::next(): 266000 events have been generated 

 Pythia::next(): 267000 events have been generated 

 Pythia::next(): 268000 events have been generated 

 Pythia::next(): 269000 events have been generated 

 Pythia::next(): 270000 events have been generated 

 Pythia::next(): 271000 events have been generated 

 Pythia::next(): 272000 events have been generated 

 Pythia::next(): 273000 events have been generated 

 Pythia::next(): 274000 events have been generated 

 Pythia::next(): 275000 events have been generated 

 Pythia::next(): 276000 events have been generated 

 Pythia::next(): 277000 events have been generated 

 Pythia::next(): 278000 events have been generated 

 Pythia::next(): 279000 events have been generated 

 Pythia::next(): 280000 events have been generated 

 Pythia::next(): 281000 events have been generated 

 Pythia::next(): 282000 events have been generated 

 Pythia::next(): 283000 events have been generated 

 Pythia::next(): 284000 events have been generated 

 Pythia::next(): 285000 events have been generated 

 Pythia::next(): 286000 events have been generated 

 Pythia::next(): 287000 events have been generated 

 Pythia::next(): 288000 events have been generated 

 Pythia::next(): 289000 events have been generated 

 Pythia::next(): 290000 events have been generated 

 Pythia::next(): 291000 events have been generated 

 Pythia::next(): 292000 events have been generated 

 Pythia::next(): 293000 events have been generated 

 Pythia::next(): 294000 events have been generated 

 Pythia::next(): 295000 events have been generated 

 Pythia::next(): 296000 events have been generated 

 Pythia::next(): 297000 events have been generated 

 Pythia::next(): 298000 events have been generated 

 Pythia::next(): 299000 events have been generated 

 Pythia::next(): 300000 events have been generated 

 Pythia::next(): 301000 events have been generated 

 Pythia::next(): 302000 events have been generated 

 Pythia::next(): 303000 events have been generated 

 Pythia::next(): 304000 events have been generated 

 Pythia::next(): 305000 events have been generated 

 Pythia::next(): 306000 events have been generated 

 Pythia::next(): 307000 events have been generated 

 Pythia::next(): 308000 events have been generated 

 Pythia::next(): 309000 events have been generated 

 Pythia::next(): 310000 events have been generated 

 Pythia::next(): 311000 events have been generated 

 Pythia::next(): 312000 events have been generated 

 Pythia::next(): 313000 events have been generated 

 Pythia::next(): 314000 events have been generated 

 Pythia::next(): 315000 events have been generated 

 Pythia::next(): 316000 events have been generated 

 Pythia::next(): 317000 events have been generated 

 Pythia::next(): 318000 events have been generated 

 Pythia::next(): 319000 events have been generated 

 Pythia::next(): 320000 events have been generated 

 Pythia::next(): 321000 events have been generated 

 Pythia::next(): 322000 events have been generated 

 Pythia::next(): 323000 events have been generated 

 Pythia::next(): 324000 events have been generated 

 Pythia::next(): 325000 events have been generated 

 Pythia::next(): 326000 events have been generated 

 Pythia::next(): 327000 events have been generated 

 Pythia::next(): 328000 events have been generated 

 Pythia::next(): 329000 events have been generated 

 Pythia::next(): 330000 events have been generated 

 Pythia::next(): 331000 events have been generated 

 Pythia::next(): 332000 events have been generated 

 Pythia::next(): 333000 events have been generated 

 Pythia::next(): 334000 events have been generated 

 Pythia::next(): 335000 events have been generated 

 Pythia::next(): 336000 events have been generated 

 Pythia::next(): 337000 events have been generated 

 Pythia::next(): 338000 events have been generated 

 Pythia::next(): 339000 events have been generated 

 Pythia::next(): 340000 events have been generated 

 Pythia::next(): 341000 events have been generated 

 Pythia::next(): 342000 events have been generated 

 Pythia::next(): 343000 events have been generated 

 Pythia::next(): 344000 events have been generated 

 Pythia::next(): 345000 events have been generated 

 Pythia::next(): 346000 events have been generated 

 Pythia::next(): 347000 events have been generated 

 Pythia::next(): 348000 events have been generated 

 Pythia::next(): 349000 events have been generated 

 Pythia::next(): 350000 events have been generated 

 Pythia::next(): 351000 events have been generated 

 Pythia::next(): 352000 events have been generated 

 Pythia::next(): 353000 events have been generated 

 Pythia::next(): 354000 events have been generated 

 Pythia::next(): 355000 events have been generated 

 Pythia::next(): 356000 events have been generated 

 Pythia::next(): 357000 events have been generated 

 Pythia::next(): 358000 events have been generated 

 Pythia::next(): 359000 events have been generated 

 Pythia::next(): 360000 events have been generated 

 Pythia::next(): 361000 events have been generated 

 Pythia::next(): 362000 events have been generated 

 Pythia::next(): 363000 events have been generated 

 Pythia::next(): 364000 events have been generated 

 Pythia::next(): 365000 events have been generated 

 Pythia::next(): 366000 events have been generated 

 Pythia::next(): 367000 events have been generated 

 Pythia::next(): 368000 events have been generated 

 Pythia::next(): 369000 events have been generated 

 Pythia::next(): 370000 events have been generated 

 Pythia::next(): 371000 events have been generated 

 Pythia::next(): 372000 events have been generated 

 Pythia::next(): 373000 events have been generated 

 Pythia::next(): 374000 events have been generated 

 Pythia::next(): 375000 events have been generated 

 Pythia::next(): 376000 events have been generated 

 Pythia::next(): 377000 events have been generated 

 Pythia::next(): 378000 events have been generated 

 Pythia::next(): 379000 events have been generated 

 Pythia::next(): 380000 events have been generated 

 Pythia::next(): 381000 events have been generated 

 Pythia::next(): 382000 events have been generated 

 Pythia::next(): 383000 events have been generated 

 Pythia::next(): 384000 events have been generated 

 Pythia::next(): 385000 events have been generated 

 Pythia::next(): 386000 events have been generated 

 Pythia::next(): 387000 events have been generated 

 Pythia::next(): 388000 events have been generated 

 Pythia::next(): 389000 events have been generated 

 Pythia::next(): 390000 events have been generated 

 Pythia::next(): 391000 events have been generated 

 Pythia::next(): 392000 events have been generated 

 Pythia::next(): 393000 events have been generated 

 Pythia::next(): 394000 events have been generated 

 Pythia::next(): 395000 events have been generated 

 Pythia::next(): 396000 events have been generated 

 Pythia::next(): 397000 events have been generated 

 Pythia::next(): 398000 events have been generated 

 Pythia::next(): 399000 events have been generated 

 Pythia::next(): 400000 events have been generated 

 Pythia::next(): 401000 events have been generated 

 Pythia::next(): 402000 events have been generated 

 Pythia::next(): 403000 events have been generated 

 Pythia::next(): 404000 events have been generated 

 Pythia::next(): 405000 events have been generated 

 Pythia::next(): 406000 events have been generated 

 Pythia::next(): 407000 events have been generated 

 Pythia::next(): 408000 events have been generated 

 Pythia::next(): 409000 events have been generated 

 Pythia::next(): 410000 events have been generated 

 Pythia::next(): 411000 events have been generated 

 Pythia::next(): 412000 events have been generated 

 Pythia::next(): 413000 events have been generated 

 Pythia::next(): 414000 events have been generated 

 Pythia::next(): 415000 events have been generated 

 Pythia::next(): 416000 events have been generated 

 Pythia::next(): 417000 events have been generated 

 Pythia::next(): 418000 events have been generated 

 Pythia::next(): 419000 events have been generated 

 Pythia::next(): 420000 events have been generated 

 Pythia::next(): 421000 events have been generated 

 Pythia::next(): 422000 events have been generated 

 Pythia::next(): 423000 events have been generated 

 Pythia::next(): 424000 events have been generated 

 Pythia::next(): 425000 events have been generated 

 Pythia::next(): 426000 events have been generated 

 Pythia::next(): 427000 events have been generated 

 Pythia::next(): 428000 events have been generated 

 Pythia::next(): 429000 events have been generated 

 Pythia::next(): 430000 events have been generated 

 Pythia::next(): 431000 events have been generated 

 Pythia::next(): 432000 events have been generated 

 Pythia::next(): 433000 events have been generated 

 Pythia::next(): 434000 events have been generated 

 Pythia::next(): 435000 events have been generated 

 Pythia::next(): 436000 events have been generated 

 Pythia::next(): 437000 events have been generated 

 Pythia::next(): 438000 events have been generated 

 Pythia::next(): 439000 events have been generated 

 Pythia::next(): 440000 events have been generated 

 Pythia::next(): 441000 events have been generated 

 Pythia::next(): 442000 events have been generated 

 Pythia::next(): 443000 events have been generated 

 Pythia::next(): 444000 events have been generated 

 Pythia::next(): 445000 events have been generated 

 Pythia::next(): 446000 events have been generated 

 Pythia::next(): 447000 events have been generated 

 Pythia::next(): 448000 events have been generated 

 Pythia::next(): 449000 events have been generated 

 Pythia::next(): 450000 events have been generated 

 Pythia::next(): 451000 events have been generated 

 Pythia::next(): 452000 events have been generated 

 Pythia::next(): 453000 events have been generated 

 Pythia::next(): 454000 events have been generated 

 Pythia::next(): 455000 events have been generated 

 Pythia::next(): 456000 events have been generated 

 Pythia::next(): 457000 events have been generated 

 Pythia::next(): 458000 events have been generated 

 Pythia::next(): 459000 events have been generated 

 Pythia::next(): 460000 events have been generated 

 Pythia::next(): 461000 events have been generated 

 Pythia::next(): 462000 events have been generated 

 Pythia::next(): 463000 events have been generated 

 Pythia::next(): 464000 events have been generated 

 Pythia::next(): 465000 events have been generated 

 Pythia::next(): 466000 events have been generated 

 Pythia::next(): 467000 events have been generated 

 Pythia::next(): 468000 events have been generated 

 Pythia::next(): 469000 events have been generated 

 Pythia::next(): 470000 events have been generated 

 Pythia::next(): 471000 events have been generated 

 Pythia::next(): 472000 events have been generated 

 Pythia::next(): 473000 events have been generated 

 Pythia::next(): 474000 events have been generated 

 Pythia::next(): 475000 events have been generated 

 Pythia::next(): 476000 events have been generated 

 Pythia::next(): 477000 events have been generated 

 Pythia::next(): 478000 events have been generated 

 Pythia::next(): 479000 events have been generated 

 Pythia::next(): 480000 events have been generated 

 Pythia::next(): 481000 events have been generated 

 Pythia::next(): 482000 events have been generated 

 Pythia::next(): 483000 events have been generated 

 Pythia::next(): 484000 events have been generated 

 Pythia::next(): 485000 events have been generated 

 Pythia::next(): 486000 events have been generated 

 Pythia::next(): 487000 events have been generated 

 Pythia::next(): 488000 events have been generated 

 Pythia::next(): 489000 events have been generated 

 Pythia::next(): 490000 events have been generated 

 Pythia::next(): 491000 events have been generated 

 Pythia::next(): 492000 events have been generated 

 Pythia::next(): 493000 events have been generated 

 Pythia::next(): 494000 events have been generated 

 Pythia::next(): 495000 events have been generated 

 Pythia::next(): 496000 events have been generated 

 Pythia::next(): 497000 events have been generated 

 Pythia::next(): 498000 events have been generated 

 Pythia::next(): 499000 events have been generated 

 Pythia::next(): 500000 events have been generated 

 Pythia::next(): 501000 events have been generated 

 Pythia::next(): 502000 events have been generated 

 Pythia::next(): 503000 events have been generated 

 Pythia::next(): 504000 events have been generated 

 Pythia::next(): 505000 events have been generated 

 Pythia::next(): 506000 events have been generated 

 Pythia::next(): 507000 events have been generated 

 Pythia::next(): 508000 events have been generated 

 Pythia::next(): 509000 events have been generated 

 Pythia::next(): 510000 events have been generated 

 Pythia::next(): 511000 events have been generated 

 Pythia::next(): 512000 events have been generated 

 Pythia::next(): 513000 events have been generated 

 Pythia::next(): 514000 events have been generated 

 Pythia::next(): 515000 events have been generated 

 Pythia::next(): 516000 events have been generated 

 Pythia::next(): 517000 events have been generated 

 Pythia::next(): 518000 events have been generated 

 Pythia::next(): 519000 events have been generated 

 Pythia::next(): 520000 events have been generated 

 Pythia::next(): 521000 events have been generated 

 Pythia::next(): 522000 events have been generated 

 Pythia::next(): 523000 events have been generated 

 Pythia::next(): 524000 events have been generated 

 Pythia::next(): 525000 events have been generated 

 Pythia::next(): 526000 events have been generated 

 Pythia::next(): 527000 events have been generated 

 Pythia::next(): 528000 events have been generated 

 Pythia::next(): 529000 events have been generated 

 Pythia::next(): 530000 events have been generated 

 Pythia::next(): 531000 events have been generated 

 Pythia::next(): 532000 events have been generated 

 Pythia::next(): 533000 events have been generated 

 Pythia::next(): 534000 events have been generated 

 Pythia::next(): 535000 events have been generated 

 Pythia::next(): 536000 events have been generated 

 Pythia::next(): 537000 events have been generated 

 Pythia::next(): 538000 events have been generated 

 Pythia::next(): 539000 events have been generated 

 Pythia::next(): 540000 events have been generated 

 Pythia::next(): 541000 events have been generated 

 Pythia::next(): 542000 events have been generated 

 Pythia::next(): 543000 events have been generated 

 Pythia::next(): 544000 events have been generated 

 Pythia::next(): 545000 events have been generated 

 Pythia::next(): 546000 events have been generated 

 Pythia::next(): 547000 events have been generated 

 Pythia::next(): 548000 events have been generated 

 Pythia::next(): 549000 events have been generated 

 Pythia::next(): 550000 events have been generated 

 Pythia::next(): 551000 events have been generated 

 Pythia::next(): 552000 events have been generated 

 Pythia::next(): 553000 events have been generated 

 Pythia::next(): 554000 events have been generated 

 Pythia::next(): 555000 events have been generated 

 Pythia::next(): 556000 events have been generated 

 Pythia::next(): 557000 events have been generated 

 Pythia::next(): 558000 events have been generated 

 Pythia::next(): 559000 events have been generated 

 Pythia::next(): 560000 events have been generated 

 Pythia::next(): 561000 events have been generated 

 Pythia::next(): 562000 events have been generated 

 Pythia::next(): 563000 events have been generated 

 Pythia::next(): 564000 events have been generated 

 Pythia::next(): 565000 events have been generated 

 Pythia::next(): 566000 events have been generated 

 Pythia::next(): 567000 events have been generated 

 Pythia::next(): 568000 events have been generated 

 Pythia::next(): 569000 events have been generated 

 Pythia::next(): 570000 events have been generated 

 Pythia::next(): 571000 events have been generated 

 Pythia::next(): 572000 events have been generated 

 Pythia::next(): 573000 events have been generated 

 Pythia::next(): 574000 events have been generated 

 Pythia::next(): 575000 events have been generated 

 Pythia::next(): 576000 events have been generated 

 Pythia::next(): 577000 events have been generated 

 Pythia::next(): 578000 events have been generated 

 Pythia::next(): 579000 events have been generated 

 Pythia::next(): 580000 events have been generated 

 Pythia::next(): 581000 events have been generated 

 Pythia::next(): 582000 events have been generated 

 Pythia::next(): 583000 events have been generated 

 Pythia::next(): 584000 events have been generated 

 Pythia::next(): 585000 events have been generated 

 Pythia::next(): 586000 events have been generated 

 Pythia::next(): 587000 events have been generated 

 Pythia::next(): 588000 events have been generated 

 Pythia::next(): 589000 events have been generated 

 Pythia::next(): 590000 events have been generated 

 Pythia::next(): 591000 events have been generated 

 Pythia::next(): 592000 events have been generated 

 Pythia::next(): 593000 events have been generated 

 Pythia::next(): 594000 events have been generated 

 Pythia::next(): 595000 events have been generated 

 Pythia::next(): 596000 events have been generated 

 Pythia::next(): 597000 events have been generated 

 Pythia::next(): 598000 events have been generated 

 Pythia::next(): 599000 events have been generated 

 Pythia::next(): 600000 events have been generated 

 Pythia::next(): 601000 events have been generated 

 Pythia::next(): 602000 events have been generated 

 Pythia::next(): 603000 events have been generated 

 Pythia::next(): 604000 events have been generated 

 Pythia::next(): 605000 events have been generated 

 Pythia::next(): 606000 events have been generated 

 Pythia::next(): 607000 events have been generated 

 Pythia::next(): 608000 events have been generated 

 Pythia::next(): 609000 events have been generated 

 Pythia::next(): 610000 events have been generated 

 Pythia::next(): 611000 events have been generated 

 Pythia::next(): 612000 events have been generated 

 Pythia::next(): 613000 events have been generated 

 Pythia::next(): 614000 events have been generated 

 Pythia::next(): 615000 events have been generated 

 Pythia::next(): 616000 events have been generated 

 Pythia::next(): 617000 events have been generated 

 Pythia::next(): 618000 events have been generated 

 Pythia::next(): 619000 events have been generated 

 Pythia::next(): 620000 events have been generated 

 Pythia::next(): 621000 events have been generated 

 Pythia::next(): 622000 events have been generated 

 Pythia::next(): 623000 events have been generated 

 Pythia::next(): 624000 events have been generated 

 Pythia::next(): 625000 events have been generated 

 Pythia::next(): 626000 events have been generated 

 Pythia::next(): 627000 events have been generated 

 Pythia::next(): 628000 events have been generated 

 Pythia::next(): 629000 events have been generated 

 Pythia::next(): 630000 events have been generated 

 Pythia::next(): 631000 events have been generated 

 Pythia::next(): 632000 events have been generated 

 Pythia::next(): 633000 events have been generated 

 Pythia::next(): 634000 events have been generated 

 Pythia::next(): 635000 events have been generated 

 Pythia::next(): 636000 events have been generated 

 Pythia::next(): 637000 events have been generated 

 Pythia::next(): 638000 events have been generated 

 Pythia::next(): 639000 events have been generated 

 Pythia::next(): 640000 events have been generated 

 Pythia::next(): 641000 events have been generated 

 Pythia::next(): 642000 events have been generated 

 Pythia::next(): 643000 events have been generated 

 Pythia::next(): 644000 events have been generated 

 Pythia::next(): 645000 events have been generated 

 Pythia::next(): 646000 events have been generated 

 Pythia::next(): 647000 events have been generated 

 Pythia::next(): 648000 events have been generated 

 Pythia::next(): 649000 events have been generated 

 Pythia::next(): 650000 events have been generated 

 Pythia::next(): 651000 events have been generated 

 Pythia::next(): 652000 events have been generated 

 Pythia::next(): 653000 events have been generated 

 Pythia::next(): 654000 events have been generated 

 Pythia::next(): 655000 events have been generated 

 Pythia::next(): 656000 events have been generated 

 Pythia::next(): 657000 events have been generated 

 Pythia::next(): 658000 events have been generated 

 Pythia::next(): 659000 events have been generated 

 Pythia::next(): 660000 events have been generated 

 Pythia::next(): 661000 events have been generated 

 Pythia::next(): 662000 events have been generated 

 Pythia::next(): 663000 events have been generated 

 Pythia::next(): 664000 events have been generated 

 Pythia::next(): 665000 events have been generated 

 Pythia::next(): 666000 events have been generated 

 Pythia::next(): 667000 events have been generated 

 Pythia::next(): 668000 events have been generated 

 Pythia::next(): 669000 events have been generated 

 Pythia::next(): 670000 events have been generated 

 Pythia::next(): 671000 events have been generated 

 Pythia::next(): 672000 events have been generated 

 Pythia::next(): 673000 events have been generated 

 Pythia::next(): 674000 events have been generated 

 Pythia::next(): 675000 events have been generated 

 Pythia::next(): 676000 events have been generated 

 Pythia::next(): 677000 events have been generated 

 Pythia::next(): 678000 events have been generated 

 Pythia::next(): 679000 events have been generated 

 Pythia::next(): 680000 events have been generated 

 Pythia::next(): 681000 events have been generated 

 Pythia::next(): 682000 events have been generated 

 Pythia::next(): 683000 events have been generated 

 Pythia::next(): 684000 events have been generated 

 Pythia::next(): 685000 events have been generated 

 Pythia::next(): 686000 events have been generated 

 Pythia::next(): 687000 events have been generated 

 Pythia::next(): 688000 events have been generated 

 Pythia::next(): 689000 events have been generated 

 Pythia::next(): 690000 events have been generated 

 Pythia::next(): 691000 events have been generated 

 Pythia::next(): 692000 events have been generated 

 Pythia::next(): 693000 events have been generated 

 Pythia::next(): 694000 events have been generated 

 Pythia::next(): 695000 events have been generated 

 Pythia::next(): 696000 events have been generated 

 Pythia::next(): 697000 events have been generated 

 Pythia::next(): 698000 events have been generated 

 Pythia::next(): 699000 events have been generated 

 Pythia::next(): 700000 events have been generated 

 Pythia::next(): 701000 events have been generated 

 Pythia::next(): 702000 events have been generated 

 Pythia::next(): 703000 events have been generated 

 Pythia::next(): 704000 events have been generated 

 Pythia::next(): 705000 events have been generated 

 Pythia::next(): 706000 events have been generated 

 Pythia::next(): 707000 events have been generated 

 Pythia::next(): 708000 events have been generated 

 Pythia::next(): 709000 events have been generated 

 Pythia::next(): 710000 events have been generated 

 Pythia::next(): 711000 events have been generated 

 Pythia::next(): 712000 events have been generated 

 Pythia::next(): 713000 events have been generated 

 Pythia::next(): 714000 events have been generated 

 Pythia::next(): 715000 events have been generated 

 Pythia::next(): 716000 events have been generated 

 Pythia::next(): 717000 events have been generated 

 Pythia::next(): 718000 events have been generated 

 Pythia::next(): 719000 events have been generated 

 Pythia::next(): 720000 events have been generated 

 Pythia::next(): 721000 events have been generated 

 Pythia::next(): 722000 events have been generated 

 Pythia::next(): 723000 events have been generated 

 Pythia::next(): 724000 events have been generated 

 Pythia::next(): 725000 events have been generated 

 Pythia::next(): 726000 events have been generated 

 Pythia::next(): 727000 events have been generated 

 Pythia::next(): 728000 events have been generated 

 Pythia::next(): 729000 events have been generated 

 Pythia::next(): 730000 events have been generated 

 Pythia::next(): 731000 events have been generated 

 Pythia::next(): 732000 events have been generated 

 Pythia::next(): 733000 events have been generated 

 Pythia::next(): 734000 events have been generated 

 Pythia::next(): 735000 events have been generated 

 Pythia::next(): 736000 events have been generated 

 Pythia::next(): 737000 events have been generated 

 Pythia::next(): 738000 events have been generated 

 Pythia::next(): 739000 events have been generated 

 Pythia::next(): 740000 events have been generated 

 Pythia::next(): 741000 events have been generated 

 Pythia::next(): 742000 events have been generated 

 Pythia::next(): 743000 events have been generated 

 Pythia::next(): 744000 events have been generated 

 Pythia::next(): 745000 events have been generated 

 Pythia::next(): 746000 events have been generated 

 Pythia::next(): 747000 events have been generated 

 Pythia::next(): 748000 events have been generated 

 Pythia::next(): 749000 events have been generated 

 Pythia::next(): 750000 events have been generated 

 Pythia::next(): 751000 events have been generated 

 Pythia::next(): 752000 events have been generated 

 Pythia::next(): 753000 events have been generated 

 Pythia::next(): 754000 events have been generated 

 Pythia::next(): 755000 events have been generated 

 Pythia::next(): 756000 events have been generated 

 Pythia::next(): 757000 events have been generated 

 Pythia::next(): 758000 events have been generated 

 Pythia::next(): 759000 events have been generated 

 Pythia::next(): 760000 events have been generated 

 Pythia::next(): 761000 events have been generated 

 Pythia::next(): 762000 events have been generated 

 Pythia::next(): 763000 events have been generated 

 Pythia::next(): 764000 events have been generated 

 Pythia::next(): 765000 events have been generated 

 Pythia::next(): 766000 events have been generated 

 Pythia::next(): 767000 events have been generated 

 Pythia::next(): 768000 events have been generated 

 Pythia::next(): 769000 events have been generated 

 Pythia::next(): 770000 events have been generated 

 Pythia::next(): 771000 events have been generated 

 Pythia::next(): 772000 events have been generated 

 Pythia::next(): 773000 events have been generated 

 Pythia::next(): 774000 events have been generated 

 Pythia::next(): 775000 events have been generated 

 Pythia::next(): 776000 events have been generated 

 Pythia::next(): 777000 events have been generated 

 Pythia::next(): 778000 events have been generated 

 Pythia::next(): 779000 events have been generated 

 Pythia::next(): 780000 events have been generated 

 Pythia::next(): 781000 events have been generated 

 Pythia::next(): 782000 events have been generated 

 Pythia::next(): 783000 events have been generated 

 Pythia::next(): 784000 events have been generated 

 Pythia::next(): 785000 events have been generated 

 Pythia::next(): 786000 events have been generated 

 Pythia::next(): 787000 events have been generated 

 Pythia::next(): 788000 events have been generated 

 Pythia::next(): 789000 events have been generated 

 Pythia::next(): 790000 events have been generated 

 Pythia::next(): 791000 events have been generated 

 Pythia::next(): 792000 events have been generated 

 Pythia::next(): 793000 events have been generated 

 Pythia::next(): 794000 events have been generated 

 Pythia::next(): 795000 events have been generated 

 Pythia::next(): 796000 events have been generated 

 Pythia::next(): 797000 events have been generated 

 Pythia::next(): 798000 events have been generated 

 Pythia::next(): 799000 events have been generated 

 Pythia::next(): 800000 events have been generated 

 Pythia::next(): 801000 events have been generated 

 Pythia::next(): 802000 events have been generated 

 Pythia::next(): 803000 events have been generated 

 Pythia::next(): 804000 events have been generated 

 Pythia::next(): 805000 events have been generated 

 Pythia::next(): 806000 events have been generated 

 Pythia::next(): 807000 events have been generated 

 Pythia::next(): 808000 events have been generated 

 Pythia::next(): 809000 events have been generated 

 Pythia::next(): 810000 events have been generated 

 Pythia::next(): 811000 events have been generated 

 Pythia::next(): 812000 events have been generated 

 Pythia::next(): 813000 events have been generated 

 Pythia::next(): 814000 events have been generated 

 Pythia::next(): 815000 events have been generated 

 Pythia::next(): 816000 events have been generated 

 Pythia::next(): 817000 events have been generated 

 Pythia::next(): 818000 events have been generated 

 Pythia::next(): 819000 events have been generated 

 Pythia::next(): 820000 events have been generated 

 Pythia::next(): 821000 events have been generated 

 Pythia::next(): 822000 events have been generated 

 Pythia::next(): 823000 events have been generated 

 Pythia::next(): 824000 events have been generated 

 Pythia::next(): 825000 events have been generated 

 Pythia::next(): 826000 events have been generated 

 Pythia::next(): 827000 events have been generated 

 Pythia::next(): 828000 events have been generated 

 Pythia::next(): 829000 events have been generated 

 Pythia::next(): 830000 events have been generated 

 Pythia::next(): 831000 events have been generated 

 Pythia::next(): 832000 events have been generated 

 Pythia::next(): 833000 events have been generated 

 Pythia::next(): 834000 events have been generated 

 Pythia::next(): 835000 events have been generated 

 Pythia::next(): 836000 events have been generated 

 Pythia::next(): 837000 events have been generated 

 Pythia::next(): 838000 events have been generated 

 Pythia::next(): 839000 events have been generated 

 Pythia::next(): 840000 events have been generated 

 Pythia::next(): 841000 events have been generated 

 Pythia::next(): 842000 events have been generated 

 Pythia::next(): 843000 events have been generated 

 Pythia::next(): 844000 events have been generated 

 Pythia::next(): 845000 events have been generated 

 Pythia::next(): 846000 events have been generated 

 Pythia::next(): 847000 events have been generated 

 Pythia::next(): 848000 events have been generated 

 Pythia::next(): 849000 events have been generated 

 Pythia::next(): 850000 events have been generated 

 Pythia::next(): 851000 events have been generated 

 Pythia::next(): 852000 events have been generated 

 Pythia::next(): 853000 events have been generated 

 Pythia::next(): 854000 events have been generated 

 Pythia::next(): 855000 events have been generated 

 Pythia::next(): 856000 events have been generated 

 Pythia::next(): 857000 events have been generated 

 Pythia::next(): 858000 events have been generated 

 Pythia::next(): 859000 events have been generated 

 Pythia::next(): 860000 events have been generated 

 Pythia::next(): 861000 events have been generated 

 Pythia::next(): 862000 events have been generated 

 Pythia::next(): 863000 events have been generated 

 Pythia::next(): 864000 events have been generated 

 Pythia::next(): 865000 events have been generated 

 Pythia::next(): 866000 events have been generated 

 Pythia::next(): 867000 events have been generated 

 Pythia::next(): 868000 events have been generated 

 Pythia::next(): 869000 events have been generated 

 Pythia::next(): 870000 events have been generated 

 Pythia::next(): 871000 events have been generated 

 Pythia::next(): 872000 events have been generated 

 Pythia::next(): 873000 events have been generated 

 Pythia::next(): 874000 events have been generated 

 Pythia::next(): 875000 events have been generated 

 Pythia::next(): 876000 events have been generated 

 Pythia::next(): 877000 events have been generated 

 Pythia::next(): 878000 events have been generated 

 Pythia::next(): 879000 events have been generated 

 Pythia::next(): 880000 events have been generated 

 Pythia::next(): 881000 events have been generated 

 Pythia::next(): 882000 events have been generated 

 Pythia::next(): 883000 events have been generated 

 Pythia::next(): 884000 events have been generated 

 Pythia::next(): 885000 events have been generated 

 Pythia::next(): 886000 events have been generated 

 Pythia::next(): 887000 events have been generated 

 Pythia::next(): 888000 events have been generated 

 Pythia::next(): 889000 events have been generated 

 Pythia::next(): 890000 events have been generated 

 Pythia::next(): 891000 events have been generated 

 Pythia::next(): 892000 events have been generated 

 Pythia::next(): 893000 events have been generated 

 Pythia::next(): 894000 events have been generated 

 Pythia::next(): 895000 events have been generated 

 Pythia::next(): 896000 events have been generated 

 Pythia::next(): 897000 events have been generated 

 Pythia::next(): 898000 events have been generated 

 Pythia::next(): 899000 events have been generated 

 Pythia::next(): 900000 events have been generated 

 Pythia::next(): 901000 events have been generated 

 Pythia::next(): 902000 events have been generated 

 Pythia::next(): 903000 events have been generated 

 Pythia::next(): 904000 events have been generated 

 Pythia::next(): 905000 events have been generated 

 Pythia::next(): 906000 events have been generated 

 Pythia::next(): 907000 events have been generated 

 Pythia::next(): 908000 events have been generated 

 Pythia::next(): 909000 events have been generated 

 Pythia::next(): 910000 events have been generated 

 Pythia::next(): 911000 events have been generated 

 Pythia::next(): 912000 events have been generated 

 Pythia::next(): 913000 events have been generated 

 Pythia::next(): 914000 events have been generated 

 Pythia::next(): 915000 events have been generated 

 Pythia::next(): 916000 events have been generated 

 Pythia::next(): 917000 events have been generated 

 Pythia::next(): 918000 events have been generated 

 Pythia::next(): 919000 events have been generated 

 Pythia::next(): 920000 events have been generated 

 Pythia::next(): 921000 events have been generated 

 Pythia::next(): 922000 events have been generated 

 Pythia::next(): 923000 events have been generated 

 Pythia::next(): 924000 events have been generated 

 Pythia::next(): 925000 events have been generated 

 Pythia::next(): 926000 events have been generated 

 Pythia::next(): 927000 events have been generated 

 Pythia::next(): 928000 events have been generated 

 Pythia::next(): 929000 events have been generated 

 Pythia::next(): 930000 events have been generated 

 Pythia::next(): 931000 events have been generated 

 Pythia::next(): 932000 events have been generated 

 Pythia::next(): 933000 events have been generated 

 Pythia::next(): 934000 events have been generated 

 Pythia::next(): 935000 events have been generated 

 Pythia::next(): 936000 events have been generated 

 Pythia::next(): 937000 events have been generated 

 Pythia::next(): 938000 events have been generated 

 Pythia::next(): 939000 events have been generated 

 Pythia::next(): 940000 events have been generated 

 Pythia::next(): 941000 events have been generated 

 Pythia::next(): 942000 events have been generated 

 Pythia::next(): 943000 events have been generated 

 Pythia::next(): 944000 events have been generated 

 Pythia::next(): 945000 events have been generated 

 Pythia::next(): 946000 events have been generated 

 Pythia::next(): 947000 events have been generated 

 Pythia::next(): 948000 events have been generated 

 Pythia::next(): 949000 events have been generated 

 Pythia::next(): 950000 events have been generated 

 Pythia::next(): 951000 events have been generated 

 Pythia::next(): 952000 events have been generated 

 Pythia::next(): 953000 events have been generated 

 Pythia::next(): 954000 events have been generated 

 Pythia::next(): 955000 events have been generated 

 Pythia::next(): 956000 events have been generated 

 Pythia::next(): 957000 events have been generated 

 Pythia::next(): 958000 events have been generated 

 Pythia::next(): 959000 events have been generated 

 Pythia::next(): 960000 events have been generated 

 Pythia::next(): 961000 events have been generated 

 Pythia::next(): 962000 events have been generated 

 Pythia::next(): 963000 events have been generated 

 Pythia::next(): 964000 events have been generated 

 Pythia::next(): 965000 events have been generated 

 Pythia::next(): 966000 events have been generated 

 Pythia::next(): 967000 events have been generated 

 Pythia::next(): 968000 events have been generated 

 Pythia::next(): 969000 events have been generated 

 Pythia::next(): 970000 events have been generated 

 Pythia::next(): 971000 events have been generated 

 Pythia::next(): 972000 events have been generated 

 Pythia::next(): 973000 events have been generated 

 Pythia::next(): 974000 events have been generated 

 Pythia::next(): 975000 events have been generated 

 Pythia::next(): 976000 events have been generated 

 Pythia::next(): 977000 events have been generated 

 Pythia::next(): 978000 events have been generated 

 Pythia::next(): 979000 events have been generated 

 Pythia::next(): 980000 events have been generated 

 Pythia::next(): 981000 events have been generated 

 Pythia::next(): 982000 events have been generated 

 Pythia::next(): 983000 events have been generated 

 Pythia::next(): 984000 events have been generated 

 Pythia::next(): 985000 events have been generated 

 Pythia::next(): 986000 events have been generated 

 Pythia::next(): 987000 events have been generated 

 Pythia::next(): 988000 events have been generated 

 Pythia::next(): 989000 events have been generated 

 Pythia::next(): 990000 events have been generated 

 Pythia::next(): 991000 events have been generated 

 Pythia::next(): 992000 events have been generated 

 Pythia::next(): 993000 events have been generated 

 Pythia::next(): 994000 events have been generated 

 Pythia::next(): 995000 events have been generated 

 Pythia::next(): 996000 events have been generated 

 Pythia::next(): 997000 events have been generated 

 Pythia::next(): 998000 events have been generated 

 Pythia::next(): 999000 events have been generated 
   ------------------------------------------------------------
  | Welcome to ROOT 6.16/00                  https://root.cern |
  |                               (c) 1995-2018, The ROOT Team |
  | Built for linuxx8664gcc on Jan 23 2019, 09:06:13           |
  | From tags/v6-16-00@v6-16-00                                |
  | Try '.help', '.demo', '.license', '.credits', '.quit'/'.q' |
   ------------------------------------------------------------


Processing analysisQuarksInvariantMass.C(1000000,47,100)...
Loading charms (1/4) ...
 185706 charmed jets loaded
Loading antistranges (2/4) ...
 185706 antistranges loaded
Loading anticharms (3/4) ...
 133546 anticharms loaded
Loading stranges (4/4) ...
 133546 stranges loaded
Merging W+ Jets (1/2)...
Merging W- Jets (2/2)...
hadd Target file: 100M_WInvariantMass.root
hadd compression setting for all ouput: 1
hadd Source file 1: 1000000_100_hresultsWInvariantMass.root
hadd Source file 2: 1000000_11_hresultsWInvariantMass.root
hadd Source file 3: 1000000_12_hresultsWInvariantMass.root
hadd Source file 4: 1000000_14_hresultsWInvariantMass.root
hadd Source file 5: 1000000_15_hresultsWInvariantMass.root
hadd Source file 6: 1000000_16_hresultsWInvariantMass.root
hadd Source file 7: 1000000_18_hresultsWInvariantMass.root
hadd Source file 8: 1000000_21_hresultsWInvariantMass.root
hadd Source file 9: 1000000_22_hresultsWInvariantMass.root
hadd Source file 10: 1000000_23_hresultsWInvariantMass.root
hadd Source file 11: 1000000_25_hresultsWInvariantMass.root
hadd Source file 12: 1000000_26_hresultsWInvariantMass.root
hadd Source file 13: 1000000_28_hresultsWInvariantMass.root
hadd Source file 14: 1000000_29_hresultsWInvariantMass.root
hadd Source file 15: 1000000_30_hresultsWInvariantMass.root
hadd Source file 16: 1000000_31_hresultsWInvariantMass.root
hadd Source file 17: 1000000_32_hresultsWInvariantMass.root
hadd Source file 18: 1000000_33_hresultsWInvariantMass.root
hadd Source file 19: 1000000_34_hresultsWInvariantMass.root
hadd Source file 20: 1000000_35_hresultsWInvariantMass.root
hadd Source file 21: 1000000_36_hresultsWInvariantMass.root
hadd Source file 22: 1000000_37_hresultsWInvariantMass.root
hadd Source file 23: 1000000_38_hresultsWInvariantMass.root
hadd Source file 24: 1000000_39_hresultsWInvariantMass.root
hadd Source file 25: 1000000_40_hresultsWInvariantMass.root
hadd Source file 26: 1000000_42_hresultsWInvariantMass.root
hadd Source file 27: 1000000_43_hresultsWInvariantMass.root
hadd Source file 28: 1000000_46_hresultsWInvariantMass.root
hadd Source file 29: 1000000_47_hresultsWInvariantMass.root
hadd Source file 30: 1000000_48_hresultsWInvariantMass.root
hadd Source file 31: 1000000_49_hresultsWInvariantMass.root
hadd Source file 32: 1000000_4_hresultsWInvariantMass.root
hadd Source file 33: 1000000_50_hresultsWInvariantMass.root
hadd Source file 34: 1000000_51_hresultsWInvariantMass.root
hadd Source file 35: 1000000_52_hresultsWInvariantMass.root
hadd Source file 36: 1000000_53_hresultsWInvariantMass.root
hadd Source file 37: 1000000_54_hresultsWInvariantMass.root
hadd Source file 38: 1000000_55_hresultsWInvariantMass.root
hadd Source file 39: 1000000_56_hresultsWInvariantMass.root
hadd Source file 40: 1000000_57_hresultsWInvariantMass.root
hadd Source file 41: 1000000_58_hresultsWInvariantMass.root
hadd Source file 42: 1000000_5_hresultsWInvariantMass.root
hadd Source file 43: 1000000_60_hresultsWInvariantMass.root
hadd Source file 44: 1000000_61_hresultsWInvariantMass.root
hadd Source file 45: 1000000_62_hresultsWInvariantMass.root
hadd Source file 46: 1000000_63_hresultsWInvariantMass.root
hadd Source file 47: 1000000_64_hresultsWInvariantMass.root
hadd Source file 48: 1000000_67_hresultsWInvariantMass.root
hadd Source file 49: 1000000_68_hresultsWInvariantMass.root
hadd Source file 50: 1000000_69_hresultsWInvariantMass.root
hadd Source file 51: 1000000_6_hresultsWInvariantMass.root
hadd Source file 52: 1000000_70_hresultsWInvariantMass.root
hadd Source file 53: 1000000_72_hresultsWInvariantMass.root
hadd Source file 54: 1000000_74_hresultsWInvariantMass.root
hadd Source file 55: 1000000_75_hresultsWInvariantMass.root
hadd Source file 56: 1000000_76_hresultsWInvariantMass.root
hadd Source file 57: 1000000_77_hresultsWInvariantMass.root
hadd Source file 58: 1000000_78_hresultsWInvariantMass.root
hadd Source file 59: 1000000_79_hresultsWInvariantMass.root
hadd Source file 60: 1000000_7_hresultsWInvariantMass.root
hadd Source file 61: 1000000_80_hresultsWInvariantMass.root
hadd Source file 62: 1000000_81_hresultsWInvariantMass.root
hadd Source file 63: 1000000_82_hresultsWInvariantMass.root
hadd Source file 64: 1000000_83_hresultsWInvariantMass.root
hadd Source file 65: 1000000_85_hresultsWInvariantMass.root
hadd Source file 66: 1000000_86_hresultsWInvariantMass.root
hadd Source file 67: 1000000_87_hresultsWInvariantMass.root
hadd Source file 68: 1000000_88_hresultsWInvariantMass.root
hadd Source file 69: 1000000_8_hresultsWInvariantMass.root
hadd Source file 70: 1000000_90_hresultsWInvariantMass.root
hadd Source file 71: 1000000_91_hresultsWInvariantMass.root
hadd Source file 72: 1000000_93_hresultsWInvariantMass.root
hadd Source file 73: 1000000_94_hresultsWInvariantMass.root
hadd Source file 74: 1000000_96_hresultsWInvariantMass.root
hadd Source file 75: 1000000_97_hresultsWInvariantMass.root
hadd Source file 76: 1000000_98_hresultsWInvariantMass.root
hadd Source file 77: 1000000_99_hresultsWInvariantMass.root
hadd Source file 78: 1000000_9_hresultsWInvariantMass.root
hadd Target path: 100M_WInvariantMass.root:/

## Job finalizado em 12-08-2020 as 04:24:45 ###################
