4;4;0.824869;0.00389377;0.00698243;0.824831
4;4;0.824869;0.00389377;0.00698243;0.824831
13;4;30.7189;3.35235;1.20223;-30.5059
13;4;30.7189;3.35235;1.20223;-30.5059
13;4;30.7189;3.35235;1.20223;-30.5059
16;4;14.382;-6.95076;2.62386;-11.9534
16;4;14.382;-6.95076;2.62386;-11.9534
20;4;17.9196;1.54954;0.523878;17.8442
28;4;18.004;-5.40938;0.779112;-16.9039
28;4;18.004;-5.40938;0.779112;-16.9039
28;4;18.004;-5.40938;0.779112;-16.9039
28;4;18.004;-5.40938;0.779112;-16.9039
31;4;40.7903;7.66288;0.291858;-40.0301
39;4;96.7188;-26.6787;22.4719;-90.0512
45;4;114.533;-47.6226;24.8648;100.912
45;4;114.533;-47.6226;24.8648;100.912
45;4;114.533;-47.6226;24.8648;100.912
45;4;114.533;-47.6226;24.8648;100.912
45;4;114.533;-47.6226;24.8648;100.912
45;4;114.533;-47.6226;24.8648;100.912
45;4;114.533;-47.6226;24.8648;100.912
45;4;114.533;-47.6226;24.8648;100.912
45;4;114.533;-47.6226;24.8648;100.912
45;4;114.533;-47.6226;24.8648;100.912
45;4;0.235791;-0.0556018;0.0577827;0.1723
45;4;0.235791;-0.0556018;0.0577827;0.1723
45;4;0.235791;-0.0556018;0.0577827;0.1723
45;4;0.235791;-0.0556018;0.0577827;0.1723
45;4;0.235791;-0.0556018;0.0577827;0.1723
54;4;284.678;36.2521;3.82182;-282.226
54;4;284.678;36.2521;3.82182;-282.226
54;4;284.678;36.2521;3.82182;-282.226
54;4;284.678;36.2521;3.82182;-282.226
54;4;284.678;36.2521;3.82182;-282.226
54;4;284.678;36.2521;3.82182;-282.226
54;4;284.678;36.2521;3.82182;-282.226
64;4;0.422821;-0.275113;0.0395048;-0.286444
64;4;0.422821;-0.275113;0.0395048;-0.286444
75;4;144.559;-6.56801;34.9867;140.004
75;4;144.559;-6.56801;34.9867;140.004
78;4;28.6976;6.06724;4.71611;27.6337
78;4;28.6976;6.06724;4.71611;27.6337
78;4;28.6976;6.06724;4.71611;27.6337
78;4;28.6976;6.06724;4.71611;27.6337
78;4;28.6976;6.06724;4.71611;27.6337
78;4;28.6976;6.06724;4.71611;27.6337
82;4;59.4879;-10.2341;15.9348;56.2939
82;4;59.4879;-10.2341;15.9348;56.2939
82;4;59.4879;-10.2341;15.9348;56.2939
82;4;59.4879;-10.2341;15.9348;56.2939
89;4;39.0246;-12.6351;4.88528;36.2938
94;4;399.957;-8.95031;19.2723;-399.368
94;4;399.957;-8.95031;19.2723;-399.368
94;4;399.957;-8.95031;19.2723;-399.368
94;4;399.957;-8.95031;19.2723;-399.368
94;4;399.957;-8.95031;19.2723;-399.368
94;4;399.957;-8.95031;19.2723;-399.368
99;4;134.262;-27.3385;6.01097;131.158
101;4;261.723;6.02249;26.1153;260.303
101;4;261.723;6.02249;26.1153;260.303
101;4;261.723;6.02249;26.1153;260.303
101;4;261.723;6.02249;26.1153;260.303
101;4;261.723;6.02249;26.1153;260.303
101;4;261.723;6.02249;26.1153;260.303
127;4;23.3696;-0.0743292;17.5476;14.6583
127;4;23.3696;-0.0743292;17.5476;14.6583
127;4;23.3696;-0.0743292;17.5476;14.6583
129;4;412.697;-30.1312;3.5417;411.549
129;4;412.697;-30.1312;3.5417;411.549
137;4;14.2274;-0.44489;4.52556;13.4254
137;4;14.2274;-0.44489;4.52556;13.4254
149;4;179.504;-0.134816;0.0469922;179.503
149;4;179.504;-0.134816;0.0469922;179.503
155;4;92.9723;38.9356;26.9047;-79.8705
155;4;92.9723;38.9356;26.9047;-79.8705
155;4;92.9723;38.9356;26.9047;-79.8705
155;4;92.9723;38.9356;26.9047;-79.8705
155;4;92.9723;38.9356;26.9047;-79.8705
168;4;129.364;-14.9874;10.2398;128.066
168;4;129.364;-14.9874;10.2398;128.066
168;4;129.364;-14.9874;10.2398;128.066
168;4;129.364;-14.9874;10.2398;128.066
181;4;73.3204;18.5742;32.7367;62.739
181;4;73.3204;18.5742;32.7367;62.739
181;4;73.3204;18.5742;32.7367;62.739
194;4;4.37092;2.20888;3.00274;2.15537
194;4;4.37092;2.20888;3.00274;2.15537
206;4;3.6276;2.27433;1.83455;2.09228
206;4;3.6276;2.27433;1.83455;2.09228
206;4;3.6276;2.27433;1.83455;2.09228
213;4;85.9478;19.6047;19.8181;81.0408
213;4;85.9478;19.6047;19.8181;81.0408
213;4;85.9478;19.6047;19.8181;81.0408
218;4;67.6114;9.28737;25.2297;-61.7484
218;4;67.6114;9.28737;25.2297;-61.7484
218;4;67.6114;9.28737;25.2297;-61.7484
218;4;67.6114;9.28737;25.2297;-61.7484
218;4;67.6114;9.28737;25.2297;-61.7484
219;4;139.12;-9.56009;35.8283;133.75
219;4;139.12;-9.56009;35.8283;133.75
219;4;139.12;-9.56009;35.8283;133.75
219;4;139.12;-9.56009;35.8283;133.75
233;4;97.7291;-22.3747;35.6964;87.9632
233;4;97.7291;-22.3747;35.6964;87.9632
233;4;97.7291;-22.3747;35.6964;87.9632
233;4;97.7291;-22.3747;35.6964;87.9632
233;4;97.7291;-22.3747;35.6964;87.9632
233;4;97.7291;-22.3747;35.6964;87.9632
244;4;1093.35;-10.1282;26.4218;1092.98
244;4;1093.35;-10.1282;26.4218;1092.98
244;4;1093.35;-10.1282;26.4218;1092.98
244;4;1093.35;-10.1282;26.4218;1092.98
245;4;90.9239;-31.0626;13.0802;84.3477
245;4;90.9239;-31.0626;13.0802;84.3477
245;4;90.9239;-31.0626;13.0802;84.3477
245;4;90.9239;-31.0626;13.0802;84.3477
245;4;90.9239;-31.0626;13.0802;84.3477
245;4;90.9239;-31.0626;13.0802;84.3477
245;4;90.9239;-31.0626;13.0802;84.3477
245;4;90.9239;-31.0626;13.0802;84.3477
247;4;10.0808;1.91054;3.849;-8.82991
264;4;243.572;25.4707;3.69152;242.152
264;4;243.572;25.4707;3.69152;242.152
264;4;243.572;25.4707;3.69152;242.152
264;4;243.572;25.4707;3.69152;242.152
267;4;4.97517;0.438701;0.716731;4.89276
269;4;106.509;-22.5426;10.392;-103.538
269;4;106.509;-22.5426;10.392;-103.538
269;4;106.509;-22.5426;10.392;-103.538
270;4;15.5113;0.645069;1.11322;15.457
270;4;15.5113;0.645069;1.11322;15.457
271;4;787.433;22.3039;19.3091;786.837
271;4;56.11;0.928321;2.06625;56.0641
272;4;40.1375;26.2835;0.74261;-30.2005
272;4;40.1375;26.2835;0.74261;-30.2005
272;4;40.1375;26.2835;0.74261;-30.2005
272;4;40.1375;26.2835;0.74261;-30.2005
272;4;40.1375;26.2835;0.74261;-30.2005
272;4;40.1375;26.2835;0.74261;-30.2005
272;4;40.1375;26.2835;0.74261;-30.2005
280;4;32.719;3.00835;1.88262;32.517
289;4;41.6532;18.9205;24.3203;27.7868
289;4;41.6532;18.9205;24.3203;27.7868
289;4;41.6532;18.9205;24.3203;27.7868
289;4;41.6532;18.9205;24.3203;27.7868
289;4;41.6532;18.9205;24.3203;27.7868
290;4;146.115;-11.5088;4.67097;145.577
290;4;146.115;-11.5088;4.67097;145.577
290;4;146.115;-11.5088;4.67097;145.577
297;4;29.4305;-18.0183;11.023;-20.3189
297;4;29.4305;-18.0183;11.023;-20.3189
301;4;76.5234;-75.3526;0.595667;-11.1166
301;4;76.5234;-75.3526;0.595667;-11.1166
301;4;76.5234;-75.3526;0.595667;-11.1166
301;4;76.5234;-75.3526;0.595667;-11.1166
301;4;76.5234;-75.3526;0.595667;-11.1166
301;4;76.5234;-75.3526;0.595667;-11.1166
301;4;76.5234;-75.3526;0.595667;-11.1166
301;4;76.5234;-75.3526;0.595667;-11.1166
312;4;40.7182;14.6857;37.4741;2.28616
312;4;40.7182;14.6857;37.4741;2.28616
312;4;40.7182;14.6857;37.4741;2.28616
312;4;40.7182;14.6857;37.4741;2.28616
318;4;5.7677;0.188242;5.33512;-2.00245
318;4;5.7677;0.188242;5.33512;-2.00245
318;4;5.7677;0.188242;5.33512;-2.00245
321;4;37.9412;-0.920325;1.38859;37.9032
322;4;271.529;1.83367;0.274072;271.523
322;4;271.529;1.83367;0.274072;271.523
332;4;38.067;-13.1892;30.7326;17.3347
332;4;38.067;-13.1892;30.7326;17.3347
332;4;38.067;-13.1892;30.7326;17.3347
332;4;38.067;-13.1892;30.7326;17.3347
332;4;38.067;-13.1892;30.7326;17.3347
332;4;38.067;-13.1892;30.7326;17.3347
337;4;118.85;11.4525;20.883;116.404
337;4;118.85;11.4525;20.883;116.404
343;4;818.941;2.37231;32.4651;-818.284
343;4;818.941;2.37231;32.4651;-818.284
343;4;818.941;2.37231;32.4651;-818.284
343;4;818.941;2.37231;32.4651;-818.284
343;4;818.941;2.37231;32.4651;-818.284
343;4;818.941;2.37231;32.4651;-818.284
353;4;674.544;-5.75658;2.392;674.514
353;4;674.544;-5.75658;2.392;674.514
353;4;674.544;-5.75658;2.392;674.514
353;4;674.544;-5.75658;2.392;674.514
361;4;28.174;10.5747;16.8359;19.8942
361;4;28.174;10.5747;16.8359;19.8942
361;4;28.174;10.5747;16.8359;19.8942
361;4;28.174;10.5747;16.8359;19.8942
361;4;28.174;10.5747;16.8359;19.8942
364;4;32.1714;-3.7162;4.53481;31.554
371;4;1.89856;-0.202114;0.073323;-1.88635
376;4;1394.12;38.0999;18.318;1393.45
376;4;1394.12;38.0999;18.318;1393.45
376;4;1394.12;38.0999;18.318;1393.45
382;4;388.116;-3.59468;26.1305;387.109
383;4;569.042;2.27445;1.68518;-569.034
383;4;569.042;2.27445;1.68518;-569.034
392;4;335.18;35.9694;38.7536;330.948
392;4;335.18;35.9694;38.7536;330.948
392;4;335.18;35.9694;38.7536;330.948
392;4;335.18;35.9694;38.7536;330.948
394;4;0.298952;0.286689;0.0682473;-0.0502381
397;4;104.806;60.6904;11.442;83.7075
397;4;104.806;60.6904;11.442;83.7075
397;4;104.806;60.6904;11.442;83.7075
397;4;104.806;60.6904;11.442;83.7075
397;4;104.806;60.6904;11.442;83.7075
397;4;104.806;60.6904;11.442;83.7075
402;4;10.0552;2.90285;1.91586;-9.40739
406;4;133.296;0.0623851;4.70863;-133.204
434;4;10.0965;-4.10189;7.10216;5.57104
434;4;10.0965;-4.10189;7.10216;5.57104
434;4;10.0965;-4.10189;7.10216;5.57104
438;4;0.178287;0.0507063;0.151698;-0.0787591
438;4;0.178287;0.0507063;0.151698;-0.0787591
438;4;0.178287;0.0507063;0.151698;-0.0787591
444;4;144.816;4.73106;36.7841;-139.95
444;4;144.816;4.73106;36.7841;-139.95
444;4;144.816;4.73106;36.7841;-139.95
444;4;144.816;4.73106;36.7841;-139.95
448;4;411.873;5.91244;6.29772;-411.779
448;4;411.873;5.91244;6.29772;-411.779
449;4;8.05612;2.66656;1.58385;7.3554
449;4;8.05612;2.66656;1.58385;7.3554
449;4;8.05612;2.66656;1.58385;7.3554
450;4;57.7989;26.5828;10.0237;49.922
466;4;34.975;-15.8927;24.9745;-18.166
466;4;34.975;-15.8927;24.9745;-18.166
466;4;34.975;-15.8927;24.9745;-18.166
466;4;34.975;-15.8927;24.9745;-18.166
466;4;34.975;-15.8927;24.9745;-18.166
466;4;34.975;-15.8927;24.9745;-18.166
467;4;124.715;-1.6511;0.123238;124.704
467;4;124.715;-1.6511;0.123238;124.704
482;4;79.4464;-7.13171;25.0306;-75.039
482;4;79.4464;-7.13171;25.0306;-75.039
482;4;79.4464;-7.13171;25.0306;-75.039
482;4;79.4464;-7.13171;25.0306;-75.039
491;4;109.975;-10.3915;3.30206;109.39
491;4;109.975;-10.3915;3.30206;109.39
491;4;109.975;-10.3915;3.30206;109.39
493;4;17.9768;-4.72264;2.97528;-16.9413
493;4;17.9768;-4.72264;2.97528;-16.9413
500;4;158.564;-0.422803;0.451035;158.562
511;4;35.622;30.3058;0.353788;-17.8062
511;4;35.622;30.3058;0.353788;-17.8062
511;4;35.622;30.3058;0.353788;-17.8062
511;4;35.622;30.3058;0.353788;-17.8062
511;4;35.622;30.3058;0.353788;-17.8062
514;4;330.594;42.603;10.547;-327.595
514;4;330.594;42.603;10.547;-327.595
514;4;330.594;42.603;10.547;-327.595
514;4;330.594;42.603;10.547;-327.595
531;4;96.263;29.9749;13.8245;-90.1744
531;4;96.263;29.9749;13.8245;-90.1744
533;4;1.38501;-0.063427;-0.00200742;1.3765
534;4;187.172;23.8959;27.5771;183.439
534;4;187.172;23.8959;27.5771;183.439
534;4;187.172;23.8959;27.5771;183.439
538;4;7.96142;3.28946;6.15521;0.564342
538;4;7.96142;3.28946;6.15521;0.564342
538;4;7.96142;3.28946;6.15521;0.564342
538;4;7.96142;3.28946;6.15521;0.564342
538;4;7.96142;3.28946;6.15521;0.564342
542;4;227.439;5.28996;1.71484;227.368
544;4;111.379;2.61569;5.37849;111.128
546;4;181.653;12.2308;36.9622;-177.36
549;4;37.2259;6.14132;32.8076;15.4115
549;4;37.2259;6.14132;32.8076;15.4115
549;4;37.2259;6.14132;32.8076;15.4115
552;4;523.198;-32.4982;6.8786;-522.074
563;4;43.5449;11.5186;12.2396;40.0446
563;4;43.5449;11.5186;12.2396;40.0446
563;4;0.988378;-0.260513;0.162911;0.939207
575;4;65.2314;4.13921;17.4773;-62.6509
575;4;65.2314;4.13921;17.4773;-62.6509
575;4;65.2314;4.13921;17.4773;-62.6509
575;4;65.2314;4.13921;17.4773;-62.6509
577;4;24.6848;-8.55957;3.53775;22.5532
578;4;33.8382;-9.33151;25.0778;-18.8841
578;4;33.8382;-9.33151;25.0778;-18.8841
587;4;46.722;0.787327;0.222851;46.7112
588;4;2.46539;-1.50759;0.443895;1.76995
596;4;9.1636;0.208964;0.00240552;-9.16122
596;4;9.1636;0.208964;0.00240552;-9.16122
597;4;5.44386;3.66183;1.77934;-3.57012
597;4;5.44386;3.66183;1.77934;-3.57012
601;4;40.3442;-8.02531;32.3726;21.5233
601;4;40.3442;-8.02531;32.3726;21.5233
602;4;979.811;-8.199;24.367;-979.468
602;4;979.811;-8.199;24.367;-979.468
603;4;174.521;25.3189;22.2431;-171.103
603;4;174.521;25.3189;22.2431;-171.103
603;4;174.521;25.3189;22.2431;-171.103
606;4;790.426;-21.8676;17.1769;-789.922
606;4;790.426;-21.8676;17.1769;-789.922
606;4;790.426;-21.8676;17.1769;-789.922
671;4;44.8542;-13.784;25.2426;-34.307
671;4;44.8542;-13.784;25.2426;-34.307
671;4;44.8542;-13.784;25.2426;-34.307
671;4;44.8542;-13.784;25.2426;-34.307
675;4;1.20284;-0.984872;0.0575976;-0.352772
675;4;1.20284;-0.984872;0.0575976;-0.352772
675;4;1.20284;-0.984872;0.0575976;-0.352772
675;4;1.20284;-0.984872;0.0575976;-0.352772
675;4;1.20284;-0.984872;0.0575976;-0.352772
684;4;48.3455;4.29152;3.0747;48.0021
684;4;48.3455;4.29152;3.0747;48.0021
687;4;442.635;20.0999;24.2206;441.395
687;4;442.635;20.0999;24.2206;441.395
687;4;442.635;20.0999;24.2206;441.395
687;4;442.635;20.0999;24.2206;441.395
692;4;21.7439;-20.8225;4.22596;2.22471
694;4;289.666;-15.2065;29.5125;287.717
694;4;289.666;-15.2065;29.5125;287.717
699;4;2.33716;1.05571;0.260875;2.05718
702;4;64.5937;17.2672;28.2518;-55.145
708;4;110.884;-2.0976;1.85668;110.845
725;4;138.216;-9.34179;20.0274;136.384
725;4;138.216;-9.34179;20.0274;136.384
725;4;138.216;-9.34179;20.0274;136.384
725;4;138.216;-9.34179;20.0274;136.384
728;4;195.67;24.9728;12.6207;193.559
728;4;195.67;24.9728;12.6207;193.559
728;4;195.67;24.9728;12.6207;193.559
728;4;195.67;24.9728;12.6207;193.559
728;4;195.67;24.9728;12.6207;193.559
728;4;195.67;24.9728;12.6207;193.559
728;4;195.67;24.9728;12.6207;193.559
728;4;195.67;24.9728;12.6207;193.559
728;4;195.67;24.9728;12.6207;193.559
738;4;263.316;19.1634;36.8095;259.946
745;4;124.654;3.4202;0.910872;-124.597
745;4;36.9256;1.02146;1.41497;36.8841
746;4;1.24306;-0.0269385;1.19717;-0.257043
754;4;531.015;-28.4732;2.83356;530.237
754;4;531.015;-28.4732;2.83356;530.237
754;4;531.015;-28.4732;2.83356;530.237
766;4;34.5729;-0.540006;6.06694;-33.9777
777;4;22.1627;-2.43607;1.94039;-21.9339
777;4;22.1627;-2.43607;1.94039;-21.9339
777;4;22.1627;-2.43607;1.94039;-21.9339
780;4;126.553;-2.21232;0.506397;126.524
788;4;83.3291;6.76973;5.93835;-82.8256
788;4;83.3291;6.76973;5.93835;-82.8256
795;4;1299.67;-25.2614;4.41336;-1299.41
795;4;1299.67;-25.2614;4.41336;-1299.41
795;4;1299.67;-25.2614;4.41336;-1299.41
795;4;1299.67;-25.2614;4.41336;-1299.41
795;4;1299.67;-25.2614;4.41336;-1299.41
795;4;1299.67;-25.2614;4.41336;-1299.41
795;4;14.7429;-1.60888;8.70162;10.6542
795;4;14.7429;-1.60888;8.70162;10.6542
795;4;14.7429;-1.60888;8.70162;10.6542
796;4;0.213075;-0.00023181;0.117357;-0.110221
796;4;0.213075;-0.00023181;0.117357;-0.110221
796;4;0.213075;-0.00023181;0.117357;-0.110221
800;4;66.7965;-4.41382;3.58669;66.5471
800;4;66.7965;-4.41382;3.58669;66.5471
800;4;66.7965;-4.41382;3.58669;66.5471
806;4;58.3618;-2.86265;31.017;49.0742
814;4;34.3649;3.62808;10.4965;-32.431
814;4;34.3649;3.62808;10.4965;-32.431
814;4;34.3649;3.62808;10.4965;-32.431
815;4;129.095;-4.13648;15.7345;-128.057
815;4;129.095;-4.13648;15.7345;-128.057
815;4;129.095;-4.13648;15.7345;-128.057
815;4;129.095;-4.13648;15.7345;-128.057
817;4;58.59;-29.6302;9.8044;49.3482
817;4;58.59;-29.6302;9.8044;49.3482
817;4;58.59;-29.6302;9.8044;49.3482
829;4;113.123;-2.96416;2.83382;-113.047
829;4;113.123;-2.96416;2.83382;-113.047
833;4;107.015;22.3956;9.8912;104.069
833;4;107.015;22.3956;9.8912;104.069
833;4;107.015;22.3956;9.8912;104.069
833;4;107.015;22.3956;9.8912;104.069
833;4;107.015;22.3956;9.8912;104.069
840;4;10.6994;-6.2393;3.71909;-7.45596
840;4;10.6994;-6.2393;3.71909;-7.45596
847;4;34.617;34.0038;3.71638;0.0531193
847;4;34.617;34.0038;3.71638;0.0531193
847;4;34.617;34.0038;3.71638;0.0531193
896;4;4.25526;1.53473;0.929396;-3.74236
898;4;276.543;33.0182;0.938459;-274.513
898;4;276.543;33.0182;0.938459;-274.513
898;4;25.8611;-11.655;6.28562;-21.9178
898;4;25.8611;-11.655;6.28562;-21.9178
898;4;25.8611;-11.655;6.28562;-21.9178
900;4;263.154;-2.56972;3.11907;-263.12
900;4;263.154;-2.56972;3.11907;-263.12
925;4;31.2316;2.89319;24.189;-18.1676
931;4;0.853251;-0.141485;0.271571;-0.79641
941;4;1817.17;-13.6871;32.8025;-1816.81
941;4;1817.17;-13.6871;32.8025;-1816.81
941;4;1817.17;-13.6871;32.8025;-1816.81
941;4;1817.17;-13.6871;32.8025;-1816.81
956;4;8.70413;6.2662;3.12371;4.70869
956;4;8.70413;6.2662;3.12371;4.70869
965;4;31.8844;8.42614;18.1718;-24.5697
965;4;31.8844;8.42614;18.1718;-24.5697
971;4;22.5221;1.85502;6.19568;21.5062
971;4;22.5221;1.85502;6.19568;21.5062
971;4;22.5221;1.85502;6.19568;21.5062
971;4;151.945;2.1718;0.400687;-151.927
975;4;54.9513;14.6703;0.44644;52.8847
975;4;54.9513;14.6703;0.44644;52.8847
975;4;54.9513;14.6703;0.44644;52.8847
975;4;54.9513;14.6703;0.44644;52.8847
975;4;54.9513;14.6703;0.44644;52.8847
975;4;54.9513;14.6703;0.44644;52.8847
975;4;54.9513;14.6703;0.44644;52.8847
975;4;54.9513;14.6703;0.44644;52.8847
975;4;54.9513;14.6703;0.44644;52.8847
992;4;188.195;10.4489;32.5746;-184.993
992;4;188.195;10.4489;32.5746;-184.993
992;4;188.195;10.4489;32.5746;-184.993
992;4;188.195;10.4489;32.5746;-184.993
992;4;188.195;10.4489;32.5746;-184.993
992;4;188.195;10.4489;32.5746;-184.993
992;4;188.195;10.4489;32.5746;-184.993
996;4;320.651;33.4356;22.7207;-317.841
996;4;320.651;33.4356;22.7207;-317.841
1005;4;61.1519;-7.38445;9.08314;-59.8325
1005;4;61.1519;-7.38445;9.08314;-59.8325
1029;4;93.5736;4.88225;0.307058;-93.4005
1035;4;1.16592;-0.176336;0.73441;0.885639
1037;4;14.6625;-3.43379;2.87289;13.9168
1037;4;14.6625;-3.43379;2.87289;13.9168
1043;4;22.5665;-3.65492;14.6656;16.5413
1043;4;22.5665;-3.65492;14.6656;16.5413
1043;4;22.5665;-3.65492;14.6656;16.5413
1043;4;22.5665;-3.65492;14.6656;16.5413
1043;4;22.5665;-3.65492;14.6656;16.5413
1050;4;0.715955;0.523876;0.396462;-0.193893
1060;4;41.6048;-1.38692;5.93048;-41.1475
1060;4;41.6048;-1.38692;5.93048;-41.1475
1065;4;159.113;-25.4186;34.5361;153.034
1065;4;159.113;-25.4186;34.5361;153.034
1065;4;159.113;-25.4186;34.5361;153.034
1065;4;159.113;-25.4186;34.5361;153.034
1066;4;75.0061;-3.76739;28.5113;69.0925
1066;4;75.0061;-3.76739;28.5113;69.0925
1066;4;75.0061;-3.76739;28.5113;69.0925
1076;4;82.9054;-21.3465;8.5127;79.4631
1076;4;82.9054;-21.3465;8.5127;79.4631
1076;4;82.9054;-21.3465;8.5127;79.4631
1076;4;82.9054;-21.3465;8.5127;79.4631
1076;4;82.9054;-21.3465;8.5127;79.4631
1076;4;82.9054;-21.3465;8.5127;79.4631
1088;4;10.2495;-4.8498;8.6273;-1.83734
1088;4;10.2495;-4.8498;8.6273;-1.83734
1088;4;10.2495;-4.8498;8.6273;-1.83734
1088;4;10.2495;-4.8498;8.6273;-1.83734
1089;4;19.6428;-1.24244;0.82018;19.5727
1094;4;67.645;0.843593;5.30107;67.4088
1094;4;67.645;0.843593;5.30107;67.4088
1094;4;67.645;0.843593;5.30107;67.4088
1100;4;43.6227;-17.7856;27.5543;27.8815
1100;4;43.6227;-17.7856;27.5543;27.8815
1101;4;175.783;23.9358;21.6238;172.594
1111;4;21.3471;-7.42611;19.7487;-0.234064
1111;4;21.3471;-7.42611;19.7487;-0.234064
1121;4;52.0564;-10.5683;35.7259;-35.5825
1121;4;52.0564;-10.5683;35.7259;-35.5825
1121;4;52.0564;-10.5683;35.7259;-35.5825
1121;4;52.0564;-10.5683;35.7259;-35.5825
1121;4;52.0564;-10.5683;35.7259;-35.5825
1130;4;132.112;-0.465855;8.81205;131.814
1130;4;132.112;-0.465855;8.81205;131.814
1132;4;34.5883;-4.02229;8.31941;33.3104
1132;4;34.5883;-4.02229;8.31941;33.3104
1134;4;6.12253;-3.34389;1.21269;-4.92606
1134;4;6.12253;-3.34389;1.21269;-4.92606
1139;4;22.3755;-6.31177;14.2769;-15.7169
1139;4;22.3755;-6.31177;14.2769;-15.7169
1144;4;49.518;25.8937;29.687;-29.3333
1144;4;49.518;25.8937;29.687;-29.3333
1144;4;49.518;25.8937;29.687;-29.3333
1144;4;49.518;25.8937;29.687;-29.3333
1147;4;35.5478;1.93963;5.08196;35.0869
1147;4;35.5478;1.93963;5.08196;35.0869
1155;4;47.9322;15.0232;12.0846;43.5568
1156;4;0.114519;-0.0171181;0.00178742;-0.113219
1156;4;0.114519;-0.0171181;0.00178742;-0.113219
1171;4;39.0722;32.7467;18.6527;-8.96284
1171;4;39.0722;32.7467;18.6527;-8.96284
1171;4;39.0722;32.7467;18.6527;-8.96284
1183;4;10.2104;-4.10738;8.47978;1.55699
1183;4;10.2104;-4.10738;8.47978;1.55699
1183;4;10.2104;-4.10738;8.47978;1.55699
1183;4;10.2104;-4.10738;8.47978;1.55699
1186;4;74.8242;34.9953;22.6106;-61.6799
1186;4;74.8242;34.9953;22.6106;-61.6799
1186;4;74.8242;34.9953;22.6106;-61.6799
1186;4;74.8242;34.9953;22.6106;-61.6799
1187;4;313.949;2.31636;1.81185;313.934
1211;4;95.0351;-23.6644;5.06306;-91.8024
1211;4;95.0351;-23.6644;5.06306;-91.8024
1211;4;95.0351;-23.6644;5.06306;-91.8024
1220;4;74.9702;25.6671;12.6989;-68.9983
1220;4;74.9702;25.6671;12.6989;-68.9983
1221;4;164.737;-10.7146;28.6973;161.555
1221;4;164.737;-10.7146;28.6973;161.555
1221;4;164.737;-10.7146;28.6973;161.555
1221;4;164.737;-10.7146;28.6973;161.555
1225;4;44.8115;-34.9694;24.2723;11.0646
1225;4;44.8115;-34.9694;24.2723;11.0646
1225;4;44.8115;-34.9694;24.2723;11.0646
1225;4;44.8115;-34.9694;24.2723;11.0646
1225;4;44.8115;-34.9694;24.2723;11.0646
1227;4;166.453;-10.3154;13.2564;165.579
1227;4;166.453;-10.3154;13.2564;165.579
1227;4;166.453;-10.3154;13.2564;165.579
1227;4;166.453;-10.3154;13.2564;165.579
1227;4;166.453;-10.3154;13.2564;165.579
1227;4;166.453;-10.3154;13.2564;165.579
1227;4;166.453;-10.3154;13.2564;165.579
1227;4;166.453;-10.3154;13.2564;165.579
1227;4;166.453;-10.3154;13.2564;165.579
1231;4;58.9474;10.7209;14.4255;56.0745
1232;4;196.344;-13.8575;37.733;-192.026
1232;4;196.344;-13.8575;37.733;-192.026
1232;4;196.344;-13.8575;37.733;-192.026
1232;4;196.344;-13.8575;37.733;-192.026
1232;4;196.344;-13.8575;37.733;-192.026
1233;4;128.754;-10.873;24.0937;125.921
1233;4;128.754;-10.873;24.0937;125.921
1233;4;128.754;-10.873;24.0937;125.921
1233;4;128.754;-10.873;24.0937;125.921
1233;4;128.754;-10.873;24.0937;125.921
1233;4;128.754;-10.873;24.0937;125.921
1248;4;33.0925;3.09176;32.3732;-4.64705
1248;4;33.0925;3.09176;32.3732;-4.64705
1248;4;33.0925;3.09176;32.3732;-4.64705
1252;4;63.4501;4.98373;42.6364;46.5438
1252;4;63.4501;4.98373;42.6364;46.5438
1252;4;63.4501;4.98373;42.6364;46.5438
1252;4;63.4501;4.98373;42.6364;46.5438
1252;4;63.4501;4.98373;42.6364;46.5438
1273;4;289.625;-17.8611;14.7893;-288.595
1283;4;46.4563;0.61005;0.19844;46.4407
1283;4;46.4563;0.61005;0.19844;46.4407
1289;4;74.1895;-56.2839;29.2423;-37.5746
1289;4;74.1895;-56.2839;29.2423;-37.5746
1289;4;74.1895;-56.2839;29.2423;-37.5746
1289;4;74.1895;-56.2839;29.2423;-37.5746
1290;4;90.118;-23.7977;15.2704;85.4848
1290;4;90.118;-23.7977;15.2704;85.4848
1301;4;54.5369;-25.2545;46.8769;9.86656
1301;4;54.5369;-25.2545;46.8769;9.86656
1301;4;54.5369;-25.2545;46.8769;9.86656
1301;4;54.5369;-25.2545;46.8769;9.86656
1309;4;46.4124;0.0734395;1.41602;-46.39
1309;4;46.4124;0.0734395;1.41602;-46.39
1309;4;46.4124;0.0734395;1.41602;-46.39
1309;4;46.4124;0.0734395;1.41602;-46.39
1312;4;52.8189;-3.54309;8.17771;52.0204
1312;4;52.8189;-3.54309;8.17771;52.0204
1312;4;52.8189;-3.54309;8.17771;52.0204
1312;4;52.8189;-3.54309;8.17771;52.0204
1334;4;40.2664;19.5589;11.5749;33.0856
1334;4;40.2664;19.5589;11.5749;33.0856
1334;4;40.2664;19.5589;11.5749;33.0856
1334;4;40.2664;19.5589;11.5749;33.0856
1336;4;488.596;-28.901;7.38192;-487.681
1336;4;488.596;-28.901;7.38192;-487.681
1336;4;488.596;-28.901;7.38192;-487.681
1336;4;488.596;-28.901;7.38192;-487.681
1343;4;94.2103;-16.0444;37.8613;84.6169
1343;4;94.2103;-16.0444;37.8613;84.6169
1343;4;94.2103;-16.0444;37.8613;84.6169
1343;4;94.2103;-16.0444;37.8613;84.6169
1343;4;94.2103;-16.0444;37.8613;84.6169
1353;4;478.846;15.9254;25.8754;-477.869
1353;4;478.846;15.9254;25.8754;-477.869
1353;4;478.846;15.9254;25.8754;-477.869
1353;4;478.846;15.9254;25.8754;-477.869
1353;4;478.846;15.9254;25.8754;-477.869
1353;4;478.846;15.9254;25.8754;-477.869
1361;4;386.026;-19.5706;39.3585;383.379
1378;4;92.9531;1.37002;2.27786;-92.9138
1378;4;92.9531;1.37002;2.27786;-92.9138
1378;4;92.9531;1.37002;2.27786;-92.9138
1379;4;112.01;10.506;31.0987;106.914
1379;4;112.01;10.506;31.0987;106.914
1379;4;112.01;10.506;31.0987;106.914
1379;4;112.01;10.506;31.0987;106.914
1379;4;112.01;10.506;31.0987;106.914
1379;4;112.01;10.506;31.0987;106.914
1379;4;112.01;10.506;31.0987;106.914
1393;4;10.3464;5.29195;4.41801;6.68325
1393;4;10.3464;5.29195;4.41801;6.68325
1393;4;10.3464;5.29195;4.41801;6.68325
1393;4;10.3464;5.29195;4.41801;6.68325
1394;4;874.41;-9.32394;25.0704;873.99
1394;4;874.41;-9.32394;25.0704;873.99
1394;4;874.41;-9.32394;25.0704;873.99
1394;4;874.41;-9.32394;25.0704;873.99
1394;4;874.41;-9.32394;25.0704;873.99
1394;4;874.41;-9.32394;25.0704;873.99
1398;4;87.801;-15.4862;17.8135;84.4477
1398;4;87.801;-15.4862;17.8135;84.4477
1398;4;87.801;-15.4862;17.8135;84.4477
1398;4;87.801;-15.4862;17.8135;84.4477
1398;4;87.801;-15.4862;17.8135;84.4477
1412;4;9.49226;2.68405;3.16186;-8.33513
1412;4;9.49226;2.68405;3.16186;-8.33513
1416;4;91.392;4.39412;3.78672;91.1963
1416;4;91.392;4.39412;3.78672;91.1963
1417;4;25.521;1.50601;12.0075;-22.2978
1436;4;16.7821;0.311195;0.555179;16.7699
1436;4;16.7821;0.311195;0.555179;16.7699
1442;4;317.043;-0.448553;12.1851;-316.8
1442;4;317.043;-0.448553;12.1851;-316.8
1448;4;39.5633;29.1862;13.0132;22.3547
1448;4;39.5633;29.1862;13.0132;22.3547
1448;4;39.5633;29.1862;13.0132;22.3547
1448;4;39.5633;29.1862;13.0132;22.3547
1450;4;71.0568;-13.8844;24.3105;-65.1587
1450;4;71.0568;-13.8844;24.3105;-65.1587
1450;4;71.0568;-13.8844;24.3105;-65.1587
1450;4;71.0568;-13.8844;24.3105;-65.1587
1451;4;123.556;7.08115;41.5742;-116.048
1451;4;123.556;7.08115;41.5742;-116.048
1454;4;87.5756;-3.04272;5.80343;87.3198
1454;4;87.5756;-3.04272;5.80343;87.3198
1459;4;212.98;7.83695;68.8172;-201.231
1459;4;212.98;7.83695;68.8172;-201.231
1459;4;212.98;7.83695;68.8172;-201.231
1459;4;212.98;7.83695;68.8172;-201.231
1461;4;16.6767;-9.13923;9.45337;-10.0105
1461;4;16.6767;-9.13923;9.45337;-10.0105
1461;4;16.6767;-9.13923;9.45337;-10.0105
1461;4;16.6767;-9.13923;9.45337;-10.0105
1475;4;28.8599;-26.0349;10.9186;3.1888
1475;4;28.8599;-26.0349;10.9186;3.1888
1475;4;28.8599;-26.0349;10.9186;3.1888
1476;4;119.562;-22.0446;4.38471;-117.268
1476;4;119.562;-22.0446;4.38471;-117.268
1476;4;119.562;-22.0446;4.38471;-117.268
1476;4;119.562;-22.0446;4.38471;-117.268
1477;4;44.5212;34.7044;9.67722;24.287
1477;4;44.5212;34.7044;9.67722;24.287
1478;4;98.1828;-13.7051;17.3876;95.5716
1478;4;98.1828;-13.7051;17.3876;95.5716
1483;4;348.925;-22.2253;17.4138;-347.757
1483;4;348.925;-22.2253;17.4138;-347.757
1484;4;218.065;58.5496;32.411;-207.441
1484;4;218.065;58.5496;32.411;-207.441
1491;4;75.939;-1.36341;4.31745;-75.8003
1493;4;2.48079;0.788194;0.414578;-2.25466
1494;4;17.8422;3.59284;8.41501;-14.9914
1494;4;17.8422;3.59284;8.41501;-14.9914
1494;4;17.8422;3.59284;8.41501;-14.9914
1501;4;58.1574;22.827;7.43976;-52.8621
1501;4;58.1574;22.827;7.43976;-52.8621
1501;4;58.1574;22.827;7.43976;-52.8621
1503;4;146.703;24.3281;17.6307;-143.497
1503;4;146.703;24.3281;17.6307;-143.497
1503;4;146.703;24.3281;17.6307;-143.497
1503;4;146.703;24.3281;17.6307;-143.497
1503;4;146.703;24.3281;17.6307;-143.497
1509;4;10.4125;-3.94519;3.03223;-8.9944
1513;4;40.4825;-12.5372;12.4656;35.8691
1513;4;40.4825;-12.5372;12.4656;35.8691
1530;4;3.92976;2.78385;0.14517;-2.71705
1530;4;3.92976;2.78385;0.14517;-2.71705
1530;4;3.92976;2.78385;0.14517;-2.71705
1530;4;3.92976;2.78385;0.14517;-2.71705
1530;4;3.92976;2.78385;0.14517;-2.71705
1534;4;1.11593;0.193277;0.0392966;-1.09819
1534;4;1.11593;0.193277;0.0392966;-1.09819
1534;4;1.11593;0.193277;0.0392966;-1.09819
1560;4;869.593;-5.54756;22.6872;-869.261
1560;4;869.593;-5.54756;22.6872;-869.261
1563;4;37.6021;-3.12411;26.5415;-26.15
1563;4;37.6021;-3.12411;26.5415;-26.15
1563;4;37.6021;-3.12411;26.5415;-26.15
1563;4;37.6021;-3.12411;26.5415;-26.15
1581;4;167.424;-38.2241;3.06247;162.702
1581;4;167.424;-38.2241;3.06247;162.702
1581;4;167.424;-38.2241;3.06247;162.702
1581;4;167.424;-38.2241;3.06247;162.702
1581;4;167.424;-38.2241;3.06247;162.702
1582;4;171.822;-40.1819;5.42679;-166.852
1582;4;171.822;-40.1819;5.42679;-166.852
1582;4;171.822;-40.1819;5.42679;-166.852
1582;4;171.822;-40.1819;5.42679;-166.852
1582;4;171.822;-40.1819;5.42679;-166.852
1582;4;171.822;-40.1819;5.42679;-166.852
1582;4;171.822;-40.1819;5.42679;-166.852
1582;4;171.822;-40.1819;5.42679;-166.852
1623;4;12.8692;-4.09129;6.7858;9.88318
1639;4;66.2387;5.46857;44.7644;-47.4942
1639;4;66.2387;5.46857;44.7644;-47.4942
1640;4;9.52118;-2.69224;0.337177;-9.06021
1642;4;32.9526;-18.8036;25.7913;-7.01026
1642;4;32.9526;-18.8036;25.7913;-7.01026
1642;4;32.9526;-18.8036;25.7913;-7.01026
1642;4;32.9526;-18.8036;25.7913;-7.01026
1642;4;32.9526;-18.8036;25.7913;-7.01026
1650;4;654.33;11.2534;16.746;653.993
1650;4;654.33;11.2534;16.746;653.993
1655;4;3.90774;-1.30943;3.20349;-1.19151
1655;4;3.90774;-1.30943;3.20349;-1.19151
1658;4;61.8952;19.4062;24.5062;-53.107
1658;4;61.8952;19.4062;24.5062;-53.107
1658;4;61.8952;19.4062;24.5062;-53.107
1658;4;61.8952;19.4062;24.5062;-53.107
1677;4;0.15324;-0.097064;0.0910344;-0.0759858
1686;4;31.0999;-19.9309;5.6665;22.0824
1686;4;31.0999;-19.9309;5.6665;22.0824
1686;4;31.0999;-19.9309;5.6665;22.0824
1694;4;184.872;4.26633;26.3166;-182.833
1694;4;184.872;4.26633;26.3166;-182.833
1694;4;184.872;4.26633;26.3166;-182.833
1694;4;184.872;4.26633;26.3166;-182.833
1694;4;184.872;4.26633;26.3166;-182.833
1706;4;58.3806;22.295;12.5226;52.0614
1706;4;532.807;-8.22051;17.4528;-532.434
1706;4;532.807;-8.22051;17.4528;-532.434
1706;4;532.807;-8.22051;17.4528;-532.434
1706;4;532.807;-8.22051;17.4528;-532.434
1706;4;532.807;-8.22051;17.4528;-532.434
1709;4;115.67;37.205;30.0804;-105.074
1709;4;115.67;37.205;30.0804;-105.074
1709;4;115.67;37.205;30.0804;-105.074
1709;4;115.67;37.205;30.0804;-105.074
1709;4;115.67;37.205;30.0804;-105.074
1709;4;115.67;37.205;30.0804;-105.074
1731;4;58.0137;-2.79242;12.7069;-56.4041
1731;4;58.0137;-2.79242;12.7069;-56.4041
1731;4;58.0137;-2.79242;12.7069;-56.4041
1732;4;240.25;-9.03918;41.0015;-236.518
1732;4;240.25;-9.03918;41.0015;-236.518
1732;4;240.25;-9.03918;41.0015;-236.518
1732;4;240.25;-9.03918;41.0015;-236.518
1732;4;240.25;-9.03918;41.0015;-236.518
1737;4;389.728;-10.1087;34.6785;387.999
1737;4;389.728;-10.1087;34.6785;387.999
1739;4;10.5944;1.66285;2.14608;-10.1812
1740;4;72.4879;-22.9972;7.99645;-68.1842
1740;4;72.4879;-22.9972;7.99645;-68.1842
1740;4;72.4879;-22.9972;7.99645;-68.1842
1740;4;72.4879;-22.9972;7.99645;-68.1842
1746;4;187.134;10.1716;28.6427;-184.583
1746;4;187.134;10.1716;28.6427;-184.583
1746;4;187.134;10.1716;28.6427;-184.583
1746;4;187.134;10.1716;28.6427;-184.583
1746;4;187.134;10.1716;28.6427;-184.583
1758;4;183.254;0.485638;0.329169;-183.253
1760;4;47.6202;-23.6376;3.11199;41.0942
1760;4;47.6202;-23.6376;3.11199;41.0942
1760;4;47.6202;-23.6376;3.11199;41.0942
1760;4;47.6202;-23.6376;3.11199;41.0942
1760;4;47.6202;-23.6376;3.11199;41.0942
1760;4;47.6202;-23.6376;3.11199;41.0942
1765;4;592.254;-12.3233;0.465048;-592.123
1765;4;592.254;-12.3233;0.465048;-592.123
1771;4;287.854;29.019;11.8434;-286.004
1801;4;31.4894;-0.137736;4.30376;-31.1689
1810;4;401.952;6.83208;5.66953;401.851
1810;4;401.952;6.83208;5.66953;401.851
1811;4;0.377046;-0.254556;0.101852;0.185794
1811;4;0.377046;-0.254556;0.101852;0.185794
1812;4;183.125;-3.59543;3.03287;183.061
1812;4;183.125;-3.59543;3.03287;183.061
1812;4;15.5945;1.22823;3.34068;-15.1604
1812;4;15.5945;1.22823;3.34068;-15.1604
1812;4;15.5945;1.22823;3.34068;-15.1604
1812;4;15.5945;1.22823;3.34068;-15.1604
1813;4;172.3;20.4725;19.3534;169.911
1813;4;172.3;20.4725;19.3534;169.911
1813;4;172.3;20.4725;19.3534;169.911
1813;4;172.3;20.4725;19.3534;169.911
1813;4;172.3;20.4725;19.3534;169.911
1814;4;14.8228;8.30407;2.75925;11.6729
1814;4;14.8228;8.30407;2.75925;11.6729
1826;4;1.65011;0.0337416;0.112856;-1.6459
1826;4;1.65011;0.0337416;0.112856;-1.6459
1828;4;32.2058;-7.79561;16.5064;26.4091
1828;4;32.2058;-7.79561;16.5064;26.4091
1828;4;32.2058;-7.79561;16.5064;26.4091
1828;4;32.2058;-7.79561;16.5064;26.4091
1841;4;15.3947;0.802116;0.495404;15.3625
1854;4;15.9455;7.98509;6.42487;11.6932
1854;4;15.9455;7.98509;6.42487;11.6932
1854;4;15.9455;7.98509;6.42487;11.6932
1854;4;15.9455;7.98509;6.42487;11.6932
1863;4;1018.43;-11.6061;27.5859;1017.98
1863;4;1018.43;-11.6061;27.5859;1017.98
1863;4;1018.43;-11.6061;27.5859;1017.98
1864;4;11.1369;-0.258635;9.92137;-4.08034
1864;4;11.1369;-0.258635;9.92137;-4.08034
1864;4;11.1369;-0.258635;9.92137;-4.08034
1864;4;11.1369;-0.258635;9.92137;-4.08034
1864;4;11.1369;-0.258635;9.92137;-4.08034
1864;4;11.1369;-0.258635;9.92137;-4.08034
1864;4;11.1369;-0.258635;9.92137;-4.08034
1864;4;11.1369;-0.258635;9.92137;-4.08034
1864;4;33.1697;-1.03565;2.00424;-33.0906
1867;4;19.7076;-18.4457;1.68056;-4.59105
1870;4;0.574676;-0.144094;0.119442;-0.218191
1870;4;0.574676;-0.144094;0.119442;-0.218191
1877;4;10.8936;-5.25655;9.09376;1.71795
1877;4;10.8936;-5.25655;9.09376;1.71795
1877;4;10.8936;-5.25655;9.09376;1.71795
1877;4;10.8936;-5.25655;9.09376;1.71795
1884;4;20.0876;15.2852;9.49338;8.13054
1884;4;20.0876;15.2852;9.49338;8.13054
1888;4;36.2707;-20.9877;22.1577;-18.52
1888;4;36.2707;-20.9877;22.1577;-18.52
1888;4;36.2707;-20.9877;22.1577;-18.52
1888;4;36.2707;-20.9877;22.1577;-18.52
1893;4;117.439;14.751;15.9085;-115.267
1897;4;18.7368;0.346001;6.0831;17.6565
1897;4;18.7368;0.346001;6.0831;17.6565
1921;4;579.274;-16.6638;22.6531;578.55
1934;4;38.9802;2.72664;14.4776;35.9272
1934;4;38.9802;2.72664;14.4776;35.9272
1934;4;38.9802;2.72664;14.4776;35.9272
1949;4;91.38;35.56;27.4351;79.1969
1949;4;91.38;35.56;27.4351;79.1969
1949;4;91.38;35.56;27.4351;79.1969
1949;4;91.38;35.56;27.4351;79.1969
1949;4;91.38;35.56;27.4351;79.1969
1949;4;91.38;35.56;27.4351;79.1969
1956;4;110.603;-6.8741;8.73451;110.017
1956;4;110.603;-6.8741;8.73451;110.017
1956;4;110.603;-6.8741;8.73451;110.017
1956;4;110.603;-6.8741;8.73451;110.017
1956;4;110.603;-6.8741;8.73451;110.017
1963;4;58.3974;27.3455;26.0757;-44.2663
1963;4;58.3974;27.3455;26.0757;-44.2663
1963;4;58.3974;27.3455;26.0757;-44.2663
1970;4;35.0659;23.6813;5.30575;-25.0225
1970;4;35.0659;23.6813;5.30575;-25.0225
1970;4;35.0659;23.6813;5.30575;-25.0225
1970;4;35.0659;23.6813;5.30575;-25.0225
1970;4;35.0659;23.6813;5.30575;-25.0225
1972;4;313.93;12.924;21.8299;-312.882
1973;4;95.4987;-11.527;30.0144;89.7981
1973;4;95.4987;-11.527;30.0144;89.7981
1973;4;95.4987;-11.527;30.0144;89.7981
1973;4;95.4987;-11.527;30.0144;89.7981
1973;4;95.4987;-11.527;30.0144;89.7981
1976;4;367.872;-34.2976;5.71164;366.194
1976;4;367.872;-34.2976;5.71164;366.194
1976;4;367.872;-34.2976;5.71164;366.194
1976;4;367.872;-34.2976;5.71164;366.194
1976;4;367.872;-34.2976;5.71164;366.194
1977;4;150.884;-7.56303;13.4127;-150.084
1977;4;150.884;-7.56303;13.4127;-150.084
1988;4;115.922;-15.3843;6.14931;-114.706
1988;4;115.922;-15.3843;6.14931;-114.706
