4;4;34.4509;12.1234;16.0273;-27.7847
4;4;34.4509;12.1234;16.0273;-27.7847
4;4;34.4509;12.1234;16.0273;-27.7847
4;4;34.4509;12.1234;16.0273;-27.7847
4;4;34.4509;12.1234;16.0273;-27.7847
4;4;34.4509;12.1234;16.0273;-27.7847
13;4;46.4232;13.7331;37.4121;23.2165
13;4;46.4232;13.7331;37.4121;23.2165
13;4;46.4232;13.7331;37.4121;23.2165
13;4;46.4232;13.7331;37.4121;23.2165
13;4;46.4232;13.7331;37.4121;23.2165
38;4;27.645;6.05206;1.58154;26.8825
38;4;27.645;6.05206;1.58154;26.8825
38;4;27.645;6.05206;1.58154;26.8825
38;4;27.645;6.05206;1.58154;26.8825
42;4;65.4497;5.09189;33.1332;-56.0852
42;4;65.4497;5.09189;33.1332;-56.0852
46;4;67.9166;-2.76544;6.82002;67.4994
53;4;154.517;-22.9004;33.5693;-148.998
53;4;154.517;-22.9004;33.5693;-148.998
53;4;154.517;-22.9004;33.5693;-148.998
53;4;154.517;-22.9004;33.5693;-148.998
64;4;26.5758;24.6737;1.18198;-8.99641
64;4;26.5758;24.6737;1.18198;-8.99641
64;4;26.5758;24.6737;1.18198;-8.99641
64;4;26.5758;24.6737;1.18198;-8.99641
64;4;26.5758;24.6737;1.18198;-8.99641
64;4;26.5758;24.6737;1.18198;-8.99641
68;4;209.154;-14.8194;26.3943;-206.893
68;4;209.154;-14.8194;26.3943;-206.893
68;4;209.154;-14.8194;26.3943;-206.893
68;4;209.154;-14.8194;26.3943;-206.893
68;4;209.154;-14.8194;26.3943;-206.893
79;4;74.2552;-2.09288;17.449;-71.9631
109;4;474.566;-17.8247;31.7639;-473.162
109;4;474.566;-17.8247;31.7639;-473.162
109;4;474.566;-17.8247;31.7639;-473.162
122;4;402.166;-24.412;32.9041;-399.987
122;4;402.166;-24.412;32.9041;-399.987
122;4;402.166;-24.412;32.9041;-399.987
135;4;114.943;17.2423;34.2443;-108.199
135;4;114.943;17.2423;34.2443;-108.199
155;4;29.6415;9.4064;0.101584;27.8497
155;4;29.6415;9.4064;0.101584;27.8497
160;4;54.8728;1.60057;1.12475;-54.8265
178;4;40.7888;15.8359;27.0614;25.6173
178;4;40.7888;15.8359;27.0614;25.6173
178;4;40.7888;15.8359;27.0614;25.6173
178;4;40.7888;15.8359;27.0614;25.6173
178;4;40.7888;15.8359;27.0614;25.6173
178;4;40.7888;15.8359;27.0614;25.6173
188;4;13.8458;4.63325;11.1848;-6.05822
188;4;13.8458;4.63325;11.1848;-6.05822
188;4;13.8458;4.63325;11.1848;-6.05822
188;4;13.8458;4.63325;11.1848;-6.05822
193;4;273.241;160.157;180.508;126.367
193;4;273.241;160.157;180.508;126.367
193;4;273.241;160.157;180.508;126.367
193;4;273.241;160.157;180.508;126.367
193;4;273.241;160.157;180.508;126.367
211;4;28.1266;7.12684;8.24444;-25.6375
217;4;907.082;37.5366;19.2308;-906.094
217;4;907.082;37.5366;19.2308;-906.094
217;4;907.082;37.5366;19.2308;-906.094
217;4;907.082;37.5366;19.2308;-906.094
233;4;223.799;-11.2673;3.56712;-223.474
233;4;223.799;-11.2673;3.56712;-223.474
251;4;47.4102;31.6369;23.8019;-24.9713
251;4;47.4102;31.6369;23.8019;-24.9713
285;4;16.4999;-11.871;2.50088;10.6815
285;4;16.4999;-11.871;2.50088;10.6815
285;4;16.4999;-11.871;2.50088;10.6815
308;4;327.092;32.9518;49.6005;-321.401
308;4;327.092;32.9518;49.6005;-321.401
308;4;327.092;32.9518;49.6005;-321.401
308;4;327.092;32.9518;49.6005;-321.401
308;4;327.092;32.9518;49.6005;-321.401
308;4;327.092;32.9518;49.6005;-321.401
308;4;327.092;32.9518;49.6005;-321.401
310;4;15.7094;-9.3193;3.83249;-11.3632
310;4;15.7094;-9.3193;3.83249;-11.3632
319;4;251.956;43.7223;7.2479;-247.944
319;4;251.956;43.7223;7.2479;-247.944
322;4;21.305;-0.114964;0.310299;21.3019
322;4;21.305;-0.114964;0.310299;21.3019
346;4;65.6838;14.729;7.14219;-63.5573
346;4;65.6838;14.729;7.14219;-63.5573
405;4;4.50471;0.233934;2.60513;-3.53317
410;4;99.3897;-9.75415;41.5402;-89.4199
416;4;26.5773;-13.7641;15.2304;16.2423
416;4;26.5773;-13.7641;15.2304;16.2423
416;4;26.5773;-13.7641;15.2304;16.2423
416;4;26.5773;-13.7641;15.2304;16.2423
416;4;26.5773;-13.7641;15.2304;16.2423
448;4;226.368;16.6615;19.1538;224.9
448;4;226.368;16.6615;19.1538;224.9
448;4;226.368;16.6615;19.1538;224.9
448;4;226.368;16.6615;19.1538;224.9
448;4;226.368;16.6615;19.1538;224.9
457;4;34.8443;-9.9697;9.31337;31.9077
457;4;34.8443;-9.9697;9.31337;31.9077
457;4;34.8443;-9.9697;9.31337;31.9077
462;4;385.527;14.307;40.5422;383.101
462;4;385.527;14.307;40.5422;383.101
462;4;385.527;14.307;40.5422;383.101
462;4;385.527;14.307;40.5422;383.101
479;4;20.2896;2.45894;1.11033;19.8413
486;4;57.5443;-21.3385;17.6019;-50.2905
486;4;57.5443;-21.3385;17.6019;-50.2905
487;4;20.3093;-8.28506;17.6167;4.3673
487;4;20.3093;-8.28506;17.6167;4.3673
487;4;20.3093;-8.28506;17.6167;4.3673
487;4;20.3093;-8.28506;17.6167;4.3673
487;4;20.3093;-8.28506;17.6167;4.3673
492;4;77.0917;-27.2907;18.8733;69.1818
492;4;77.0917;-27.2907;18.8733;69.1818
492;4;77.0917;-27.2907;18.8733;69.1818
492;4;77.0917;-27.2907;18.8733;69.1818
493;4;37.4029;16.9309;0.152456;33.0863
493;4;37.4029;16.9309;0.152456;33.0863
493;4;37.4029;16.9309;0.152456;33.0863
493;4;37.4029;16.9309;0.152456;33.0863
493;4;37.4029;16.9309;0.152456;33.0863
493;4;37.4029;16.9309;0.152456;33.0863
493;4;37.4029;16.9309;0.152456;33.0863
508;4;2.16261;-0.423067;0.690249;-2.00049
547;4;23.8109;-12.7531;19.6605;-1.62031
547;4;23.8109;-12.7531;19.6605;-1.62031
547;4;23.8109;-12.7531;19.6605;-1.62031
547;4;23.8109;-12.7531;19.6605;-1.62031
547;4;23.8109;-12.7531;19.6605;-1.62031
566;4;27.1946;-0.392341;0.323054;27.1853
569;4;438.442;-40.6453;4.53164;-436.505
569;4;438.442;-40.6453;4.53164;-436.505
569;4;438.442;-40.6453;4.53164;-436.505
569;4;438.442;-40.6453;4.53164;-436.505
569;4;438.442;-40.6453;4.53164;-436.505
581;4;45.5967;-14.5547;22.7046;36.531
581;4;45.5967;-14.5547;22.7046;36.531
593;4;71.8562;20.6716;23.1162;64.5072
593;4;71.8562;20.6716;23.1162;64.5072
593;4;71.8562;20.6716;23.1162;64.5072
593;4;71.8562;20.6716;23.1162;64.5072
593;4;71.8562;20.6716;23.1162;64.5072
600;4;169.152;24.8402;23.0671;165.603
600;4;169.152;24.8402;23.0671;165.603
600;4;169.152;24.8402;23.0671;165.603
600;4;169.152;24.8402;23.0671;165.603
600;4;169.152;24.8402;23.0671;165.603
600;4;169.152;24.8402;23.0671;165.603
600;4;169.152;24.8402;23.0671;165.603
600;4;169.152;24.8402;23.0671;165.603
600;4;169.152;24.8402;23.0671;165.603
600;4;169.152;24.8402;23.0671;165.603
600;4;169.152;24.8402;23.0671;165.603
601;4;4.0535;-1.19748;0.975886;-3.74518
608;4;25.9886;5.55606;17.5421;-17.95
608;4;25.9886;5.55606;17.5421;-17.95
608;4;25.9886;5.55606;17.5421;-17.95
622;4;55.8393;-11.0376;35.468;41.2678
622;4;55.8393;-11.0376;35.468;41.2678
622;4;55.8393;-11.0376;35.468;41.2678
629;4;82.9078;7.38316;32.3226;75.8997
629;4;82.9078;7.38316;32.3226;75.8997
629;4;82.9078;7.38316;32.3226;75.8997
629;4;82.9078;7.38316;32.3226;75.8997
629;4;82.9078;7.38316;32.3226;75.8997
632;4;106.396;37.0708;0.456545;-99.2235
649;4;37.8695;-26.4981;26.0841;6.14268
649;4;37.8695;-26.4981;26.0841;6.14268
649;4;37.8695;-26.4981;26.0841;6.14268
649;4;37.8695;-26.4981;26.0841;6.14268
649;4;37.8695;-26.4981;26.0841;6.14268
651;4;21.2856;-6.98016;19.9206;-0.00594963
651;4;21.2856;-6.98016;19.9206;-0.00594963
651;4;21.2856;-6.98016;19.9206;-0.00594963
651;4;21.2856;-6.98016;19.9206;-0.00594963
685;4;22.2062;-18.6501;0.364361;-11.2806
685;4;22.2062;-18.6501;0.364361;-11.2806
685;4;22.2062;-18.6501;0.364361;-11.2806
685;4;22.2062;-18.6501;0.364361;-11.2806
685;4;22.2062;-18.6501;0.364361;-11.2806
686;4;27.3002;-1.29345;0.852005;-27.2401
686;4;27.3002;-1.29345;0.852005;-27.2401
686;4;27.3002;-1.29345;0.852005;-27.2401
713;4;203.779;-44.4694;35.0261;195.553
736;4;214.619;-32.8778;15.241;-211.381
736;4;214.619;-32.8778;15.241;-211.381
757;4;2.76117;-0.0798627;0.906845;-2.57578
777;4;2.28312;0.406996;0.403289;-2.15421
777;4;2.28312;0.406996;0.403289;-2.15421
800;4;85.6374;14.4723;0.553647;-84.2803
800;4;85.6374;14.4723;0.553647;-84.2803
800;4;85.6374;14.4723;0.553647;-84.2803
800;4;85.6374;14.4723;0.553647;-84.2803
823;4;38.8283;14.1002;29.3331;20.7212
823;4;38.8283;14.1002;29.3331;20.7212
823;4;38.8283;14.1002;29.3331;20.7212
823;4;38.8283;14.1002;29.3331;20.7212
828;4;43.7181;-8.02484;15.508;-39.8671
829;4;132.126;-13.8603;27.0631;-128.511
829;4;132.126;-13.8603;27.0631;-128.511
829;4;132.126;-13.8603;27.0631;-128.511
856;4;26.2649;0.991071;24.3025;-7.92431
856;4;26.2649;0.991071;24.3025;-7.92431
856;4;26.2649;0.991071;24.3025;-7.92431
859;4;11.7023;0.586266;4.78076;-10.5713
859;4;11.7023;0.586266;4.78076;-10.5713
859;4;11.7023;0.586266;4.78076;-10.5713
880;4;29.9027;-5.25913;21.6918;19.4152
880;4;29.9027;-5.25913;21.6918;19.4152
897;4;47.6511;-18.3064;25.9442;-34.6825
897;4;47.6511;-18.3064;25.9442;-34.6825
898;4;55.3949;3.295;0.0148314;-55.2613
898;4;55.3949;3.295;0.0148314;-55.2613
915;4;40.7814;-14.9491;23.5777;-29.3915
915;4;40.7814;-14.9491;23.5777;-29.3915
915;4;40.7814;-14.9491;23.5777;-29.3915
915;4;40.7814;-14.9491;23.5777;-29.3915
922;4;44.6393;22.0436;7.01585;-37.7082
922;4;44.6393;22.0436;7.01585;-37.7082
922;4;44.6393;22.0436;7.01585;-37.7082
922;4;44.6393;22.0436;7.01585;-37.7082
922;4;44.6393;22.0436;7.01585;-37.7082
925;4;62.9273;9.98426;13.7988;60.3741
925;4;69.802;-8.91667;4.75106;-68.7775
925;4;69.802;-8.91667;4.75106;-68.7775
929;4;695.148;-31.0857;30.1026;693.762
929;4;695.148;-31.0857;30.1026;693.762
929;4;695.148;-31.0857;30.1026;693.762
929;4;695.148;-31.0857;30.1026;693.762
929;4;695.148;-31.0857;30.1026;693.762
932;4;173.915;-32.8776;18.4349;-169.624
932;4;173.915;-32.8776;18.4349;-169.624
932;4;173.915;-32.8776;18.4349;-169.624
932;4;173.915;-32.8776;18.4349;-169.624
932;4;173.915;-32.8776;18.4349;-169.624
951;4;710.396;-61.8858;20.1277;-707.379
951;4;710.396;-61.8858;20.1277;-707.379
951;4;710.396;-61.8858;20.1277;-707.379
951;4;710.396;-61.8858;20.1277;-707.379
951;4;710.396;-61.8858;20.1277;-707.379
951;4;710.396;-61.8858;20.1277;-707.379
951;4;710.396;-61.8858;20.1277;-707.379
958;4;33.6673;23.4188;9.34244;-22.1067
958;4;33.6673;23.4188;9.34244;-22.1067
958;4;33.6673;23.4188;9.34244;-22.1067
958;4;33.6673;23.4188;9.34244;-22.1067
958;4;33.6673;23.4188;9.34244;-22.1067
958;4;33.6673;23.4188;9.34244;-22.1067
958;4;33.6673;23.4188;9.34244;-22.1067
976;4;39.7705;-14.3924;36.5062;4.04064
976;4;39.7705;-14.3924;36.5062;4.04064
976;4;39.7705;-14.3924;36.5062;4.04064
976;4;39.7705;-14.3924;36.5062;4.04064
976;4;39.7705;-14.3924;36.5062;4.04064
976;4;5.97099;0.257588;1.39224;-5.51198
976;4;5.97099;0.257588;1.39224;-5.51198
979;4;361.425;28.0648;28.9301;359.145
979;4;361.425;28.0648;28.9301;359.145
979;4;361.425;28.0648;28.9301;359.145
979;4;361.425;28.0648;28.9301;359.145
979;4;361.425;28.0648;28.9301;359.145
1004;4;53.654;-22.3478;17.0197;-45.4748
1004;4;53.654;-22.3478;17.0197;-45.4748
1004;4;53.654;-22.3478;17.0197;-45.4748
1048;4;575.04;-26.1422;9.79619;574.345
1048;4;575.04;-26.1422;9.79619;574.345
1048;4;575.04;-26.1422;9.79619;574.345
1048;4;575.04;-26.1422;9.79619;574.345
1059;4;113.809;-7.35501;26.8197;-110.227
1059;4;113.809;-7.35501;26.8197;-110.227
1059;4;113.809;-7.35501;26.8197;-110.227
1059;4;113.809;-7.35501;26.8197;-110.227
1082;4;25.3897;0.746318;18.9932;-15.8751
1082;4;25.3897;0.746318;18.9932;-15.8751
1082;4;25.3897;0.746318;18.9932;-15.8751
1094;4;31.5633;25.564;17.2487;2.87218
1094;4;31.5633;25.564;17.2487;2.87218
1094;4;31.5633;25.564;17.2487;2.87218
1094;4;31.5633;25.564;17.2487;2.87218
1097;4;58.86;-25.407;19.698;49.1982
1097;4;58.86;-25.407;19.698;49.1982
1097;4;58.86;-25.407;19.698;49.1982
1097;4;58.86;-25.407;19.698;49.1982
1097;4;58.86;-25.407;19.698;49.1982
1097;4;58.86;-25.407;19.698;49.1982
1097;4;58.86;-25.407;19.698;49.1982
1123;4;171.569;33.73;2.76817;-168.147
1123;4;171.569;33.73;2.76817;-168.147
1123;4;171.569;33.73;2.76817;-168.147
1123;4;171.569;33.73;2.76817;-168.147
1123;4;171.569;33.73;2.76817;-168.147
1123;4;171.569;33.73;2.76817;-168.147
1160;4;22.1256;21.3324;2.80532;-3.33347
1160;4;22.1256;21.3324;2.80532;-3.33347
1160;4;22.1256;21.3324;2.80532;-3.33347
1160;4;22.1256;21.3324;2.80532;-3.33347
1160;4;22.1256;21.3324;2.80532;-3.33347
1160;4;22.1256;21.3324;2.80532;-3.33347
1166;4;145.942;39.4093;43.3796;133.205
1166;4;145.942;39.4093;43.3796;133.205
1166;4;145.942;39.4093;43.3796;133.205
1166;4;145.942;39.4093;43.3796;133.205
1166;4;145.942;39.4093;43.3796;133.205
1166;4;145.942;39.4093;43.3796;133.205
1182;4;110.956;94.5511;37.4799;-39.3677
1182;4;110.956;94.5511;37.4799;-39.3677
1184;4;42.3524;-15.7017;36.0786;-14.6818
1184;4;42.3524;-15.7017;36.0786;-14.6818
1184;4;42.3524;-15.7017;36.0786;-14.6818
1184;4;42.3524;-15.7017;36.0786;-14.6818
1209;4;65.2006;-32.2971;47.0505;-31.0793
1209;4;65.2006;-32.2971;47.0505;-31.0793
1209;4;65.2006;-32.2971;47.0505;-31.0793
1209;4;65.2006;-32.2971;47.0505;-31.0793
1209;4;65.2006;-32.2971;47.0505;-31.0793
1256;4;85.2248;7.60356;1.72514;-84.8322
1256;4;85.2248;7.60356;1.72514;-84.8322
1256;4;85.2248;7.60356;1.72514;-84.8322
1256;4;85.2248;7.60356;1.72514;-84.8322
1256;4;85.2248;7.60356;1.72514;-84.8322
1274;4;72.9211;7.23198;19.6948;-69.7677
1274;4;72.9211;7.23198;19.6948;-69.7677
1274;4;72.9211;7.23198;19.6948;-69.7677
1274;4;72.9211;7.23198;19.6948;-69.7677
1274;4;72.9211;7.23198;19.6948;-69.7677
1274;4;72.9211;7.23198;19.6948;-69.7677
1274;4;72.9211;7.23198;19.6948;-69.7677
1274;4;72.9211;7.23198;19.6948;-69.7677
1283;4;695.69;-21.7761;18.5942;695.082
1283;4;695.69;-21.7761;18.5942;695.082
1283;4;695.69;-21.7761;18.5942;695.082
1284;4;13.4107;12.8849;1.4543;-3.11325
1284;4;13.4107;12.8849;1.4543;-3.11325
1293;4;6.50526;-2.26503;1.7942;5.77391
1293;4;6.50526;-2.26503;1.7942;5.77391
1295;4;26.4373;-24.0211;7.60698;-6.59508
1295;4;26.4373;-24.0211;7.60698;-6.59508
1295;4;26.4373;-24.0211;7.60698;-6.59508
1295;4;26.4373;-24.0211;7.60698;-6.59508
1328;4;112.379;-7.63439;34.2954;-106.566
1328;4;112.379;-7.63439;34.2954;-106.566
1328;4;112.379;-7.63439;34.2954;-106.566
1342;4;505.35;7.86957;17.5761;-504.966
1342;4;505.35;7.86957;17.5761;-504.966
1344;4;24.5207;-5.43621;4.62976;23.4397
1344;4;24.5207;-5.43621;4.62976;23.4397
1344;4;24.5207;-5.43621;4.62976;23.4397
1422;4;1.59501;0.732031;0.825976;-1.06995
1422;4;1.59501;0.732031;0.825976;-1.06995
1422;4;1.59501;0.732031;0.825976;-1.06995
1422;4;1.59501;0.732031;0.825976;-1.06995
1422;4;1.59501;0.732031;0.825976;-1.06995
1422;4;1.59501;0.732031;0.825976;-1.06995
1422;4;1.59501;0.732031;0.825976;-1.06995
1444;4;30.7129;10.1657;12.4795;25.9494
1444;4;30.7129;10.1657;12.4795;25.9494
1444;4;30.7129;10.1657;12.4795;25.9494
1444;4;30.7129;10.1657;12.4795;25.9494
1444;4;30.7129;10.1657;12.4795;25.9494
1444;4;30.7129;10.1657;12.4795;25.9494
1473;4;183.788;3.0806;30.3964;-181.141
1473;4;183.788;3.0806;30.3964;-181.141
1473;4;183.788;3.0806;30.3964;-181.141
1473;4;183.788;3.0806;30.3964;-181.141
1473;4;183.788;3.0806;30.3964;-181.141
1482;4;22.6865;2.89955;0.925518;-22.4521
1482;4;22.6865;2.89955;0.925518;-22.4521
1482;4;22.6865;2.89955;0.925518;-22.4521
1491;4;22.0356;-15.2972;6.41921;-14.0793
1491;4;22.0356;-15.2972;6.41921;-14.0793
1491;4;22.0356;-15.2972;6.41921;-14.0793
1496;4;80.5676;-41.2776;16.2798;67.0716
1496;4;80.5676;-41.2776;16.2798;67.0716
1496;4;80.5676;-41.2776;16.2798;67.0716
1496;4;80.5676;-41.2776;16.2798;67.0716
1496;4;80.5676;-41.2776;16.2798;67.0716
1496;4;80.5676;-41.2776;16.2798;67.0716
1496;4;80.5676;-41.2776;16.2798;67.0716
1499;4;793.072;-25.9051;11.4341;792.55
1499;4;793.072;-25.9051;11.4341;792.55
1499;4;793.072;-25.9051;11.4341;792.55
1510;4;457.933;20.2033;18.7952;457.087
1510;4;457.933;20.2033;18.7952;457.087
1510;4;457.933;20.2033;18.7952;457.087
1510;4;457.933;20.2033;18.7952;457.087
1513;4;1.66175;-0.000266243;0.573715;1.55586
1521;4;6.21477;2.0686;5.67404;0.19755
1521;4;6.21477;2.0686;5.67404;0.19755
1524;4;22.1038;-3.77975;5.14759;21.1002
1524;4;22.1038;-3.77975;5.14759;21.1002
1527;4;204.73;0.864584;11.9739;-204.367
1527;4;204.73;0.864584;11.9739;-204.367
1527;4;204.73;0.864584;11.9739;-204.367
1527;4;204.73;0.864584;11.9739;-204.367
1535;4;117.469;33.0772;9.98707;111.911
1535;4;117.469;33.0772;9.98707;111.911
1535;4;117.469;33.0772;9.98707;111.911
1537;4;123.805;46.1263;34.4197;-109.314
1537;4;123.805;46.1263;34.4197;-109.314
1537;4;123.805;46.1263;34.4197;-109.314
1537;4;123.805;46.1263;34.4197;-109.314
1537;4;123.805;46.1263;34.4197;-109.314
1539;4;44.4568;-22.3516;21.6284;-30.783
1539;4;44.4568;-22.3516;21.6284;-30.783
1539;4;44.4568;-22.3516;21.6284;-30.783
1539;4;44.4568;-22.3516;21.6284;-30.783
1539;4;44.4568;-22.3516;21.6284;-30.783
1540;4;1.95143;-0.387441;0.0793626;1.90954
1545;4;49.8068;-15.5276;33.0512;33.353
1555;4;359.551;-40.2544;20.2871;356.615
1555;4;359.551;-40.2544;20.2871;356.615
1555;4;359.551;-40.2544;20.2871;356.615
1555;4;359.551;-40.2544;20.2871;356.615
1577;4;68.0072;33.0634;36.5468;46.1334
1597;4;1.81312;0.0763092;0.651962;-1.48318
1607;4;365.655;1.44965;4.83171;-365.618
1637;4;130.727;-6.85447;26.2703;-127.794
1637;4;130.727;-6.85447;26.2703;-127.794
1637;4;130.727;-6.85447;26.2703;-127.794
1637;4;130.727;-6.85447;26.2703;-127.794
1637;4;130.727;-6.85447;26.2703;-127.794
1638;4;27.0504;-18.4674;18.8767;4.05769
1638;4;43.7736;-7.05735;13.7431;40.7235
1638;4;43.7736;-7.05735;13.7431;40.7235
1638;4;43.7736;-7.05735;13.7431;40.7235
1638;4;43.7736;-7.05735;13.7431;40.7235
1638;4;43.7736;-7.05735;13.7431;40.7235
1658;4;9.36292;-0.0499485;0.112049;-9.36212
1663;4;246.555;17.5704;18.9606;245.167
1663;4;246.555;17.5704;18.9606;245.167
1663;4;246.555;17.5704;18.9606;245.167
1663;4;246.555;17.5704;18.9606;245.167
1685;4;32.1555;0.436779;27.7652;15.5091
1685;4;32.1555;0.436779;27.7652;15.5091
1685;4;32.1555;0.436779;27.7652;15.5091
1685;4;32.1555;0.436779;27.7652;15.5091
1685;4;32.1555;0.436779;27.7652;15.5091
1685;4;32.1555;0.436779;27.7652;15.5091
1685;4;32.1555;0.436779;27.7652;15.5091
1685;4;32.1555;0.436779;27.7652;15.5091
1690;4;139.655;-10.7578;23.6858;-137.065
1690;4;139.655;-10.7578;23.6858;-137.065
1690;4;139.655;-10.7578;23.6858;-137.065
1690;4;139.655;-10.7578;23.6858;-137.065
1690;4;139.655;-10.7578;23.6858;-137.065
1690;4;139.655;-10.7578;23.6858;-137.065
1690;4;139.655;-10.7578;23.6858;-137.065
1697;4;29.6709;11.0452;26.572;5.06959
1697;4;29.6709;11.0452;26.572;5.06959
1697;4;29.6709;11.0452;26.572;5.06959
1697;4;29.6709;11.0452;26.572;5.06959
1700;4;525.052;-10.2566;11.6859;-524.798
1700;4;525.052;-10.2566;11.6859;-524.798
1700;4;525.052;-10.2566;11.6859;-524.798
1700;4;525.052;-10.2566;11.6859;-524.798
1700;4;525.052;-10.2566;11.6859;-524.798
1712;4;37.1379;-14.9253;15.3636;29.773
1712;4;37.1379;-14.9253;15.3636;29.773
1712;4;37.1379;-14.9253;15.3636;29.773
1712;4;37.1379;-14.9253;15.3636;29.773
1712;4;37.1379;-14.9253;15.3636;29.773
1712;4;37.1379;-14.9253;15.3636;29.773
1716;4;32.3894;-2.14395;3.15422;-32.1489
1721;4;6.67657;-0.191739;0.422593;-6.65299
1721;4;6.67657;-0.191739;0.422593;-6.65299
1729;4;127.414;-17.4599;-0.16143;-126.175
1729;4;127.414;-17.4599;-0.16143;-126.175
1729;4;127.414;-17.4599;-0.16143;-126.175
1730;4;794.26;-31.1842;11.3356;793.534
1730;4;794.26;-31.1842;11.3356;793.534
1730;4;794.26;-31.1842;11.3356;793.534
1749;4;130.942;-13.8471;34.9351;-125.346
1749;4;130.942;-13.8471;34.9351;-125.346
1749;4;130.942;-13.8471;34.9351;-125.346
1754;4;46.2551;23.3771;7.66334;38.9499
1754;4;46.2551;23.3771;7.66334;38.9499
1754;4;46.2551;23.3771;7.66334;38.9499
1754;4;46.2551;23.3771;7.66334;38.9499
1754;4;46.2551;23.3771;7.66334;38.9499
1764;4;576.206;27.0898;28.0886;574.84
1773;4;44.2588;-10.0574;28.0461;32.4075
1773;4;44.2588;-10.0574;28.0461;32.4075
1773;4;44.2588;-10.0574;28.0461;32.4075
1773;4;44.2588;-10.0574;28.0461;32.4075
1778;4;47.3588;-16.873;11.9056;42.4657
1778;4;47.3588;-16.873;11.9056;42.4657
1778;4;47.3588;-16.873;11.9056;42.4657
1783;4;49.8792;-3.74638;24.2895;-43.2837
1783;4;49.8792;-3.74638;24.2895;-43.2837
1783;4;49.8792;-3.74638;24.2895;-43.2837
1783;4;49.8792;-3.74638;24.2895;-43.2837
1783;4;49.8792;-3.74638;24.2895;-43.2837
1783;4;49.8792;-3.74638;24.2895;-43.2837
1783;4;49.8792;-3.74638;24.2895;-43.2837
1785;4;71.8215;10.2277;30.0131;-63.8505
1785;4;71.8215;10.2277;30.0131;-63.8505
1785;4;71.8215;10.2277;30.0131;-63.8505
1792;4;99.1212;21.3849;5.64695;96.5104
1792;4;99.1212;21.3849;5.64695;96.5104
1792;4;99.1212;21.3849;5.64695;96.5104
1792;4;99.1212;21.3849;5.64695;96.5104
1792;4;99.1212;21.3849;5.64695;96.5104
1803;4;416.082;40.1533;9.34076;-413.958
1803;4;416.082;40.1533;9.34076;-413.958
1803;4;416.082;40.1533;9.34076;-413.958
1811;4;35.1274;32.8799;8.32409;-2.51215
1811;4;35.1274;32.8799;8.32409;-2.51215
1811;4;35.1274;32.8799;8.32409;-2.51215
1811;4;35.1274;32.8799;8.32409;-2.51215
1812;4;80.1175;-1.6393;16.4979;-78.2953
1828;4;34.0047;-8.08193;20.6452;-25.3055
1828;4;34.0047;-8.08193;20.6452;-25.3055
1828;4;34.0047;-8.08193;20.6452;-25.3055
1828;4;34.0047;-8.08193;20.6452;-25.3055
1828;4;10.1544;-0.987156;4.00434;-9.04554
1833;4;47.9845;18.852;5.51405;43.6049
1833;4;47.9845;18.852;5.51405;43.6049
1835;4;42.5734;25.2201;26.2082;21.6872
1835;4;42.5734;25.2201;26.2082;21.6872
1835;4;42.5734;25.2201;26.2082;21.6872
1835;4;42.5734;25.2201;26.2082;21.6872
1843;4;1206.1;-8.75886;39.778;1205.4
1843;4;1206.1;-8.75886;39.778;1205.4
1843;4;1206.1;-8.75886;39.778;1205.4
1843;4;1206.1;-8.75886;39.778;1205.4
1843;4;1206.1;-8.75886;39.778;1205.4
1843;4;1206.1;-8.75886;39.778;1205.4
1846;4;327.09;-12.5548;36.531;324.739
1854;4;51.34;13.269;6.63132;48.9567
1854;4;51.34;13.269;6.63132;48.9567
1868;4;64.4368;-34.9197;22.7988;47.333
1868;4;64.4368;-34.9197;22.7988;47.333
1870;4;68.0183;-12.8359;4.74701;66.5312
1870;4;68.0183;-12.8359;4.74701;66.5312
1870;4;68.0183;-12.8359;4.74701;66.5312
1870;4;68.0183;-12.8359;4.74701;66.5312
1870;4;68.0183;-12.8359;4.74701;66.5312
1873;4;174.282;-34.1655;4.05764;170.646
1873;4;174.282;-34.1655;4.05764;170.646
1873;4;174.282;-34.1655;4.05764;170.646
1873;4;174.282;-34.1655;4.05764;170.646
1873;4;174.282;-34.1655;4.05764;170.646
1880;4;135.419;0.344569;32.269;-131.371
1880;4;135.419;0.344569;32.269;-131.371
1880;4;135.419;0.344569;32.269;-131.371
1880;4;135.419;0.344569;32.269;-131.371
1882;4;2.31313;-1.88198;0.52631;0.436717
1882;4;2.31313;-1.88198;0.52631;0.436717
1882;4;2.31313;-1.88198;0.52631;0.436717
1894;4;149.787;27.6639;6.49318;146.828
1898;4;16.3868;5.37005;13.7807;6.36346
1898;4;16.3868;5.37005;13.7807;6.36346
1898;4;16.3868;5.37005;13.7807;6.36346
1898;4;16.3868;5.37005;13.7807;6.36346
1943;4;27.7645;-20.7409;3.32994;17.8069
1943;4;27.7645;-20.7409;3.32994;17.8069
1943;4;27.7645;-20.7409;3.32994;17.8069
1961;4;87.4399;-13.5661;24.82;82.666
1961;4;87.4399;-13.5661;24.82;82.666
1961;4;87.4399;-13.5661;24.82;82.666
1964;4;60.2522;13.2174;7.72937;58.2169
1964;4;60.2522;13.2174;7.72937;58.2169
1980;4;412.317;-24.2801;1.67953;-411.579
1980;4;412.317;-24.2801;1.67953;-411.579
1981;4;42.042;-1.05075;40.9832;-3.81718
1981;4;42.042;-1.05075;40.9832;-3.81718
1981;4;42.042;-1.05075;40.9832;-3.81718
1981;4;42.042;-1.05075;40.9832;-3.81718
