4;-3;35.8323;0.167817;0.316921;35.827
4;-3;35.8323;0.167817;0.316921;35.827
13;-3;15.7667;1.74179;0.590973;-15.6511
13;-3;15.7649;1.73787;0.640085;-15.6477
13;-3;15.7649;1.73787;0.640085;-15.6477
16;-3;13.4533;-6.40613;2.70831;-11.5051
16;-3;13.4533;-6.40613;2.70831;-11.5051
20;-3;22.7719;1.89902;0.695685;22.6764
28;-3;5.74239;-1.82689;0.254121;-5.41507
28;-3;5.80881;-1.84059;0.240987;-5.48146
28;-3;5.88196;-1.85219;0.210347;-5.55631
28;-3;5.88196;-1.85219;0.210347;-5.55631
31;-3;43.9506;8.30555;0.238587;-43.1551
39;-3;98.7623;-26.572;23.8039;-92.0926
45;-3;119.641;-48.7688;25.9769;106.115
45;-3;119.733;-49.1642;25.8065;106.078
45;-3;112.098;-47.1224;24.3403;98.756
45;-3;111.439;-46.8285;24.5462;98.0964
45;-3;95.5114;-40.133;21.0395;84.0766
45;-3;95.5114;-40.0835;21.1328;84.0768
45;-3;33.2447;-13.9721;7.28456;29.2691
45;-3;33.2546;-13.9844;7.32807;29.2636
45;-3;81.1669;-33.9734;17.3437;71.6394
45;-3;81.1669;-33.9734;17.3437;71.6394
45;-3;10.8504;-3.24129;3.43908;9.75439
45;-3;10.8513;-3.23561;3.44978;9.7535
45;-3;8.38544;-2.50229;2.64954;7.53552
45;-3;8.38997;-2.50552;2.66038;7.53567
45;-3;8.38997;-2.50552;2.66038;7.53567
54;-3;344.583;44.4369;5.54259;-341.661
54;-3;321.059;41.4029;5.16417;-318.336
54;-3;309.436;39.9039;4.97715;-306.811
54;-3;307.743;39.6856;4.94992;-305.133
54;-3;304.717;39.2953;4.90124;-302.132
54;-3;287.867;37.7625;4.04187;-285.351
54;-3;287.867;37.7625;4.04187;-285.351
64;-3;1.64903;-1.11118;0.117067;-1.10494
64;-3;1.64903;-1.11118;0.117067;-1.10494
75;-3;136.594;-6.10433;33.2914;132.333
75;-3;104.027;-4.76673;24.3184;101.031
78;-3;39.3856;8.21304;6.56831;37.9523
78;-3;33.4848;6.97643;5.58087;32.2671
78;-3;33.5218;6.97982;5.58521;32.304
78;-3;31.0765;6.46525;5.17432;29.9487
78;-3;31.1246;6.77463;5.33545;29.902
78;-3;31.1246;6.77463;5.33545;29.902
82;-3;63.764;-11.2021;17.34;60.3278
82;-3;63.3164;-11.1234;17.2182;59.9042
82;-3;61.7646;-10.8508;16.7962;58.4359
82;-3;61.7646;-10.8508;16.7962;58.4359
89;-3;28.358;-9.28957;3.36877;26.576
94;-3;469.671;-11.1411;23.2913;-468.96
94;-3;442.527;-10.4962;21.9446;-441.858
94;-3;407.52;-9.66441;20.2073;-406.904
94;-3;400.367;-9.49444;19.8523;-399.761
94;-3;395.878;-9.38776;19.6296;-395.279
94;-3;395.878;-9.38776;19.6296;-395.279
99;-3;182.171;-38.7721;7.8054;177.825
101;-3;243.774;6.13324;25.4518;242.363
101;-3;241.23;6.06921;25.186;239.834
101;-3;238.825;6.00867;24.9348;237.444
101;-3;228.82;5.75677;23.8894;227.497
101;-3;208.399;5.24281;21.7542;207.194
101;-3;208.399;5.24281;21.7542;207.194
127;-3;22.7338;-0.385728;17.3553;14.6704
127;-3;22.7371;-0.396399;17.3806;14.6452
127;-3;22.7371;-0.396399;17.3806;14.6452
129;-3;433.357;-32.9111;4.07056;432.086
129;-3;420.752;-30.6228;3.39165;419.622
137;-3;14.2306;-0.374935;4.34625;13.5362
137;-3;14.2306;-0.374935;4.34625;13.5362
149;-3;99.7143;-0.0758191;0.0284512;99.713
149;-3;99.7143;-0.0758191;0.0284512;99.713
155;-3;99.5716;40.7308;29.5705;-85.9118
155;-3;93.6356;39.0559;26.9809;-80.7097
155;-3;88.5275;37.533;25.6179;-75.9728
155;-3;72.9284;30.9129;21.1028;-62.5889
155;-3;72.9284;30.9129;21.1028;-62.5889
168;-3;171.994;-19.2846;14.0515;170.33
168;-3;125.294;-14.0453;10.2343;124.082
168;-3;121.765;-13.6493;9.94616;120.587
168;-3;121.765;-13.6493;9.94616;120.587
181;-3;72.24;18.0365;33.4166;61.4522
181;-3;66.3662;16.5696;30.6992;56.4556
181;-3;53.1522;13.2707;24.578;45.2185
194;-3;2.59606;1.3587;1.72096;1.29684
194;-3;2.64838;1.37888;1.74442;1.34893
206;-3;4.9288;3.01957;2.55288;2.89965
206;-3;5.3019;3.18929;2.69745;3.19882
206;-3;5.3019;3.18929;2.69745;3.19882
213;-3;91.042;21.5837;20.6492;86.0009
213;-3;88.4478;20.9686;20.0608;83.5502
213;-3;88.4478;20.9686;20.0608;83.5502
218;-3;35.9754;4.66987;13.9419;-32.8298
218;-3;34.1634;4.43642;13.2376;-31.1765
218;-3;27.7923;3.61267;10.7665;-25.3613
218;-3;27.7006;3.53012;10.57;-25.3552
218;-3;27.7006;3.53012;10.57;-25.3552
219;-3;138.061;-9.24843;36.9561;132.7
219;-3;136.486;-9.14293;36.5345;131.186
219;-3;129.372;-9.40766;35.0201;124.185
219;-3;129.372;-9.40766;35.0201;124.185
233;-3;100.664;-23.0457;37.0262;90.7245
233;-3;100.34;-22.9715;36.907;90.4326
233;-3;99.3856;-22.753;36.5559;89.5724
233;-3;95.6498;-22.2337;35.5689;85.9601
233;-3;85.206;-19.8045;31.6826;76.5754
233;-3;85.206;-19.8045;31.6826;76.5754
244;-3;1131.23;-10.0495;27.7053;1130.84
244;-3;1076.81;-9.56516;26.3718;1076.44
244;-3;907.788;-8.06375;22.2293;907.48
244;-3;907.788;-8.06375;22.2293;907.48
245;-3;92.1494;-32.0449;13.6739;85.3077
245;-3;92.9642;-32.0117;14.1683;86.1197
245;-3;93.9476;-32.1365;14.3614;87.1027
245;-3;94.0527;-32.1762;14.323;87.2078
245;-3;92.7049;-31.715;14.1177;85.9582
245;-3;85.9133;-29.3914;13.0825;79.6607
245;-3;85.932;-29.4063;13.2364;79.65
245;-3;85.932;-29.4063;13.2364;79.65
247;-3;2.47573;0.429192;0.97737;-2.17711
264;-3;270.398;29.1583;3.66507;268.796
264;-3;263.898;28.457;3.57697;262.334
264;-3;250.927;27.058;3.40116;249.44
264;-3;242.951;26.1978;3.2933;241.511
267;-3;2.00345;0.158516;0.279337;1.91328
269;-3;100.144;-21.036;9.38724;-97.4571
269;-3;76.2135;-15.6958;7.39862;-74.2101
269;-3;76.2135;-15.6958;7.39862;-74.2101
270;-3;22.7027;0.966214;1.67589;22.6146
270;-3;22.7027;0.966214;1.67589;22.6146
271;-3;855.847;24.1288;21.7584;855.23
271;-3;226.73;3.70323;8.02298;226.558
272;-3;40.1683;26.2733;1.49252;-30.3436
272;-3;40.8064;26.5407;0.85816;-30.9802
272;-3;40.8001;26.5181;0.984156;-30.9874
272;-3;39.3131;25.5516;0.948331;-29.8578
272;-3;39.1622;25.4093;0.989535;-29.7795
272;-3;39.1887;25.5036;0.942296;-29.7352
272;-3;39.1887;25.5036;0.942296;-29.7352
280;-3;35.9811;3.20948;2.03506;35.7764
289;-3;46.367;21.4373;27.2952;30.742
289;-3;42.3817;19.5943;24.9485;28.0997
289;-3;41.7318;19.2937;24.5658;27.669
289;-3;38.1256;17.6254;22.4426;25.2782
289;-3;38.1256;17.6254;22.4426;25.2782
290;-3;156.905;-12.8511;4.84645;156.302
290;-3;108.933;-8.65163;3.80199;108.522
290;-3;108.933;-8.65163;3.80199;108.522
297;-3;30.2118;-18.0789;11.3617;-21.3674
297;-3;30.2118;-18.0789;11.3617;-21.3674
301;-3;74.4633;-73.6151;3.05361;-10.7716
301;-3;74.3266;-73.5662;1.2052;-10.5239
301;-3;75.312;-74.6532;2.39025;-9.63504
301;-3;74.6642;-74.011;2.36968;-9.55219
301;-3;74.4966;-73.8449;2.36436;-9.53075
301;-3;66.2533;-65.6486;2.62113;-8.52292
301;-3;66.4892;-65.8528;1.33596;-9.06533
301;-3;66.4892;-65.8528;1.33596;-9.06533
312;-3;43.9868;15.7778;41.0154;1.84221
312;-3;43.6557;15.659;40.7066;1.82833
312;-3;38.7618;13.6733;36.1307;3.13739
312;-3;38.7618;13.6733;36.1307;3.13739
318;-3;9.73953;0.192896;8.96837;-3.76026
318;-3;8.46083;0.601663;7.92408;-2.86054
318;-3;8.45558;0.619526;7.91919;-2.8547
321;-3;22.5173;-0.547298;0.831057;22.4897
322;-3;405.647;2.64997;0.42334;405.637
322;-3;405.647;2.64997;0.42334;405.637
332;-3;56.1556;-18.9845;46.2816;25.5109
332;-3;40.4451;-13.6724;33.332;18.3739
332;-3;39.4001;-13.3192;32.4706;17.8991
332;-3;38.5981;-13.0481;31.8094;17.5348
332;-3;22.3267;-8.09553;18.3054;9.87943
332;-3;22.3267;-8.09553;18.3054;9.87943
337;-3;111.839;10.7254;19.6375;109.577
337;-3;108.084;10.3656;18.9785;105.898
343;-3;884.586;1.35507;35.4084;-883.876
343;-3;870.382;1.33328;34.8397;-869.683
343;-3;839.912;1.28664;33.6201;-839.238
343;-3;780.233;1.19554;31.2317;-779.607
343;-3;723.014;1.81257;28.6497;-722.444
343;-3;723.014;1.81257;28.6497;-722.444
353;-3;744.712;-6.46501;2.73372;744.679
353;-3;670.324;-5.8214;2.46034;670.294
353;-3;665.573;-5.78011;2.4429;665.543
353;-3;665.573;-5.78011;2.4429;665.543
361;-3;33.4866;13.1762;20.2762;23.1597
361;-3;30.7911;12.1149;18.6428;21.296
361;-3;30.4479;11.9797;18.4348;21.0587
361;-3;28.3672;11.1604;17.1738;19.6202
361;-3;28.3672;11.1604;17.1738;19.6202
364;-3;20.1955;-2.23526;2.91973;19.8516
371;-3;3.16662;-0.329394;0.107951;-3.10763
376;-3;1511.11;42.9082;18.7156;1510.39
376;-3;1248.96;32.7504;16.6195;1248.42
376;-3;1163.21;30.502;15.4786;1162.71
382;-3;246.345;-1.94396;16.3587;245.793
383;-3;700.398;2.9116;2.12885;-700.388
383;-3;700.398;2.9116;2.12885;-700.388
392;-3;351.362;38.9205;39.6596;346.94
392;-3;281.297;31.9732;33.4738;277.462
392;-3;243.258;27.1652;27.9398;240.116
392;-3;243.258;27.1652;27.9398;240.116
394;-3;5.42165;5.11481;1.4552;-0.930283
397;-3;117.453;68.0321;13.3455;94.8076
397;-3;101.476;60.9049;10.3314;80.5044
397;-3;97.3958;58.4559;9.91623;77.2676
397;-3;95.3599;57.2339;9.70901;75.6523
397;-3;92.3857;55.4488;9.40645;73.2926
397;-3;92.3857;55.4488;9.40645;73.2926
402;-3;10.4817;3.15913;1.93633;-9.79215
406;-3;139.696;0.151276;4.75763;-139.614
434;-3;5.56648;-2.22007;3.94978;3.19472
434;-3;5.58922;-2.14598;4.04256;3.16889
434;-3;6.35397;-2.48667;4.6206;3.53582
438;-3;0.707942;0.155458;0.414801;-0.234425
438;-3;0.704807;0.153256;0.41269;-0.230115
438;-3;0.704807;0.153256;0.41269;-0.230115
444;-3;150.036;4.7343;38.176;-145.02
444;-3;148.507;4.68606;37.787;-143.542
444;-3;119.961;4.66036;30.7546;-115.857
444;-3;119.961;4.66036;30.7546;-115.857
448;-3;490.582;6.79729;7.12742;-490.483
448;-3;490.582;6.79729;7.12742;-490.483
449;-3;10.7862;3.52323;2.13358;9.95627
449;-3;10.7225;3.55885;2.20362;9.85903
449;-3;10.7225;3.55885;2.20362;9.85903
450;-3;64.9788;29.0775;11.2325;57.0116
466;-3;40.4439;-19.3537;28.8437;-20.7107
466;-3;39.687;-18.9915;28.3038;-20.3231
466;-3;37.4618;-17.9266;26.7167;-19.1832
466;-3;36.4052;-17.4207;25.963;-18.6421
466;-3;36.2218;-17.2796;25.9711;-18.4034
466;-3;36.2218;-17.2796;25.9711;-18.4034
467;-3;41.1487;-0.557253;0.0306308;41.1419
467;-3;41.1487;-0.557253;0.0306308;41.1419
482;-3;91.2343;-8.03545;29.6948;-85.8901
482;-3;88.0835;-7.75786;28.6689;-82.9238
482;-3;67.4901;-5.94097;21.9633;-63.5373
482;-3;67.4901;-5.94097;21.9633;-63.5373
491;-3;80.3688;-7.46317;2.04873;79.9938
491;-3;80.3976;-7.62792;2.05087;80.0071
491;-3;80.3976;-7.62792;2.05087;80.0071
493;-3;9.63792;-2.54109;1.50707;-9.07759
493;-3;9.63792;-2.54109;1.50707;-9.07759
500;-3;200.841;-0.537669;0.598002;200.839
511;-3;46.7228;39.3865;1.07631;-25.1062
511;-3;42.8144;36.0911;0.98628;-23.0061
511;-3;36.148;31.5818;0.0728312;-17.5787
511;-3;30.3807;26.4481;0.876951;-14.9152
511;-3;30.3807;26.4481;0.876951;-14.9152
514;-3;300.789;39.171;10.9183;-298.028
514;-3;249.781;32.5277;9.06594;-247.487
514;-3;220.142;28.6622;7.99448;-218.121
514;-3;220.142;28.6622;7.99448;-218.121
531;-3;80.8219;25.4564;10.5214;-75.9816
531;-3;78.1405;25.0482;10.2745;-73.2987
533;-3;9.935;-0.458521;0.000588419;9.91181
534;-3;179.687;23.9611;27.064;176.013
534;-3;178.729;23.8333;26.9197;175.075
534;-3;152.397;19.6397;23.4431;149.296
538;-3;7.24804;3.464;6.32026;0.582345
538;-3;6.64825;3.17404;5.7957;0.533509
538;-3;6.48516;3.09522;5.65298;0.520275
538;-3;6.51184;3.10844;5.67352;0.550296
538;-3;6.51184;3.10844;5.67352;0.550296
542;-3;153.948;3.72022;1.16267;153.897
544;-3;90.0347;2.12879;4.35067;89.9029
546;-3;182.886;13.6629;37.6748;-178.44
549;-3;36.6239;6.14977;32.876;14.9134
549;-3;36.4889;6.1271;32.7548;14.8585
549;-3;36.0972;6.06131;32.403;14.699
552;-3;461.337;-28.8886;6.70002;-460.383
563;-3;49.3393;12.5408;13.5591;45.7493
563;-3;48.5402;12.3374;13.3392;45.0084
563;-3;4.53979;-1.16664;0.771075;4.29
575;-3;59.2094;3.67704;15.2967;-57.0788
575;-3;63.3767;3.53774;17.2418;-60.8815
575;-3;62.9901;3.46455;16.8746;-60.5867
575;-3;62.9901;3.46455;16.8746;-60.5867
577;-3;16.8333;-5.71466;2.63986;15.604
578;-3;5.83719;-1.81846;4.43161;-3.29801
578;-3;5.8575;-1.82611;4.46733;-3.28156
587;-3;5.19996;0.0887192;0.0221041;5.17506
588;-3;1.99674;-1.21235;0.402999;1.45078
596;-3;58.5947;1.32607;-0.0206684;-58.5775
596;-3;56.1335;1.31678;0.0460667;-56.1158
597;-3;6.27948;4.10511;2.16803;-4.19876
597;-3;6.27948;4.10511;2.16803;-4.19876
601;-3;45.5513;-9.82792;37.0998;24.5293
601;-3;42.7837;-9.23079;34.8454;23.0389
602;-3;832.414;-7.3488;21.3189;-832.108
602;-3;832.414;-7.3488;21.3189;-832.108
603;-3;192.459;27.0636;25.8491;-188.785
603;-3;186.059;27.9495;23.8674;-182.392
603;-3;178.389;26.7969;22.8832;-174.873
606;-3;776.065;-22.575;17.6342;-775.536
606;-3;696.606;-20.263;15.8265;-696.131
606;-3;659.536;-19.1837;14.9824;-659.086
671;-3;46.8913;-13.4528;27.1138;-35.8107
671;-3;24.5917;-7.70928;13.9991;-18.684
671;-3;30.448;-9.42076;17.5296;-23.0318
671;-3;30.448;-9.42076;17.5296;-23.0318
675;-3;0.810932;-0.605935;0.0154511;-0.200538
675;-3;0.810799;-0.605697;0.0139763;-0.200824
675;-3;0.811208;-0.606382;0.0138275;-0.20042
675;-3;0.814164;-0.60821;0.0195921;-0.2063
675;-3;0.814164;-0.60821;0.0195921;-0.2063
684;-3;37.0677;3.13647;2.39509;36.8537
684;-3;37.0677;3.13647;2.39509;36.8537
687;-3;328.654;14.4212;18.5173;327.814
687;-3;109.034;4.77267;6.12825;108.756
687;-3;101.066;4.42875;5.67141;100.808
687;-3;101.066;4.42875;5.67141;100.808
692;-3;24.3065;-23.4736;5.4158;3.19581
694;-3;290.247;-15.2606;29.4927;288.341
694;-3;281.118;-14.7806;28.565;279.272
699;-3;1.10676;0.442434;0.109841;0.875841
702;-3;67.3004;18.5541;30.1862;-57.2157
708;-3;103.446;-1.96328;1.67477;103.412
725;-3;161.286;-11.7209;22.6105;159.262
725;-3;147.965;-10.7514;20.743;146.108
725;-3;142.165;-10.5399;20.3361;140.307
725;-3;142.165;-10.5399;20.3361;140.307
728;-3;213.768;27.7119;13.6518;211.524
728;-3;213.926;27.0424;13.872;211.755
728;-3;195.148;24.6684;12.6541;193.168
728;-3;196.021;24.7273;12.6764;194.041
728;-3;196.122;25.3588;12.8248;194.052
728;-3;66.5378;8.58005;4.34703;65.837
728;-3;66.5458;8.58027;4.3479;65.845
728;-3;66.5412;8.53308;4.34411;65.8468
728;-3;66.5412;8.53308;4.34411;65.8468
738;-3;81.8754;6.10971;12.0838;80.7464
745;-3;38.1786;1.0787;0.285779;-38.1591
745;-3;105.547;2.8326;3.93928;105.434
746;-3;2.04212;-0.0998072;1.93681;-0.398864
754;-3;545.664;-29.5243;3.21338;544.855
754;-3;477.454;-25.8312;2.8105;476.746
754;-3;477.454;-25.8312;2.8105;476.746
766;-3;24.4825;-0.300882;4.13006;-24.1246
777;-3;20.0121;-2.30337;1.66421;-19.803
777;-3;24.42;-2.80197;2.24101;-24.1445
777;-3;24.42;-2.80197;2.24101;-24.1445
780;-3;244.726;-4.38233;1.07307;244.684
788;-3;33.3697;2.82231;2.49193;-33.1447
788;-3;33.3697;2.82231;2.49193;-33.1447
795;-3;1410.3;-27.7694;4.77208;-1410.02
795;-3;1364.5;-26.8674;4.61709;-1364.23
795;-3;1338.08;-26.3471;4.52773;-1337.81
795;-3;1314.71;-25.887;4.44869;-1314.45
795;-3;1205.59;-23.7371;4.07887;-1205.35
795;-3;1205.59;-23.7371;4.07887;-1205.35
795;-3;4.44375;-0.389828;2.75163;3.43124
795;-3;4.44186;-0.397011;2.74652;3.43207
795;-3;4.44186;-0.397011;2.74652;3.43207
796;-3;12.8111;0.208157;9.22609;-8.87191
796;-3;12.4809;0.202715;8.98714;-8.64373
796;-3;12.2369;0.198688;8.81047;-8.47509
800;-3;77.5323;-5.26254;4.42965;77.2249
800;-3;77.5365;-5.22275;4.30695;77.2388
800;-3;77.5365;-5.22275;4.30695;77.2388
806;-3;59.8377;-3.00859;31.6128;50.7137
814;-3;24.5203;2.82085;7.77008;-23.0795
814;-3;34.5334;3.73164;11.0428;-32.4987
814;-3;34.5334;3.73164;11.0428;-32.4987
815;-3;139.756;-4.52292;16.8652;-138.66
815;-3;134.385;-4.0209;16.3381;-133.327
815;-3;135.58;-4.32015;16.5666;-134.494
815;-3;135.58;-4.32015;16.5666;-134.494
817;-3;62.9269;-32.0638;10.6539;53.0844
817;-3;61.125;-31.1454;10.3488;51.5643
817;-3;60.1773;-30.6624;10.1883;50.7649
829;-3;136.392;-3.70465;3.2202;-136.303
829;-3;136.392;-3.70465;3.2202;-136.303
833;-3;116.112;24.2895;10.1434;113.087
833;-3;111.268;23.2761;9.72066;108.37
833;-3;107.259;22.4371;9.37097;104.466
833;-3;97.377;20.8656;8.80206;94.7057
833;-3;97.377;20.8656;8.80206;94.7057
840;-3;9.59528;-5.91322;3.1993;-6.82772
840;-3;7.53708;-4.64239;2.51426;-5.35577
847;-3;30.7432;30.5444;3.39765;-0.624384
847;-3;27.1481;26.9713;3.00235;-0.548998
847;-3;27.1481;26.9713;3.00235;-0.548998
896;-3;5.03937;1.76488;1.10571;-4.56157
898;-3;234.407;28.9369;0.966985;-232.611
898;-3;234.407;28.9369;0.966985;-232.611
898;-3;3.55421;-1.61374;0.89674;-2.99568
898;-3;3.55572;-1.61758;0.900795;-2.99418
898;-3;3.55907;-1.62257;0.908399;-2.99316
900;-3;79.3625;-0.780665;0.938253;-79.3515
900;-3;73.6758;-0.718574;0.870106;-73.6654
925;-3;31.4121;3.41672;25.3327;-18.2495
931;-3;4.87467;-0.859296;1.55137;-4.51301
941;-3;1827.04;-14.0154;33.5002;-1826.68
941;-3;1802.37;-13.8261;33.0476;-1802.01
941;-3;1692.66;-12.984;31.035;-1692.32
941;-3;1692.66;-12.984;31.035;-1692.32
956;-3;4.47389;3.33131;1.59761;2.47299
956;-3;4.47389;3.33131;1.59761;2.47299
965;-3;26.1512;7.21464;15.131;-20.0657
965;-3;25.6273;7.06991;14.8275;-19.664
971;-3;18.2374;1.63801;5.04152;17.4429
971;-3;18.2324;1.72252;5.13554;17.402
971;-3;18.2324;1.72252;5.13554;17.402
971;-3;169.482;2.42483;0.361122;-169.463
975;-3;66.1724;17.4356;0.892499;63.8259
975;-3;64.8359;17.0835;0.874583;62.5367
975;-3;61.4269;16.1855;0.828768;59.2483
975;-3;61.3363;16.1741;0.815109;59.1576
975;-3;56.9834;15.5805;1.00552;54.8005
975;-3;45.4701;12.4222;0.795257;43.7302
975;-3;45.4779;12.4232;0.796762;43.7381
975;-3;45.452;12.2799;0.732153;43.7528
975;-3;45.452;12.2799;0.732153;43.7528
992;-3;200.803;11.5985;34.9675;-197.394
992;-3;198.591;11.4708;34.5824;-195.22
992;-3;197.363;11.3999;34.3684;-194.012
992;-3;149.44;7.93345;25.5149;-147.031
992;-3;100.784;5.39885;17.2411;-99.1506
992;-3;164.277;9.14013;27.9784;-161.617
992;-3;164.277;9.14013;27.9784;-161.617
996;-3;7.2629;0.757915;0.46967;-7.15107
996;-3;7.2629;0.757915;0.46967;-7.15107
1005;-3;44.6306;-5.47741;6.70584;-43.7798
1005;-3;44.6306;-5.47741;6.70584;-43.7798
1029;-3;236.44;12.6546;0.383306;-236.101
1035;-3;5.11395;-0.725721;3.21487;3.91029
1037;-3;15.3379;-3.71989;3.04369;14.5567
1037;-3;14.916;-3.6175;2.95994;14.1559
1043;-3;29.3161;-4.94449;18.6235;22.0884
1043;-3;26.1984;-4.42003;16.6428;19.738
1043;-3;22.5494;-3.80448;14.3264;16.9854
1043;-3;11.9677;-1.99795;7.60036;9.01213
1043;-3;11.9677;-1.99795;7.60036;9.01213
1050;-3;0.543875;0.166156;0.124655;-0.0515082
1060;-3;42.5509;-1.31442;5.78688;-42.1295
1060;-3;42.5509;-1.31442;5.78688;-42.1295
1065;-3;165.411;-26.2329;36.207;159.253
1065;-3;164.052;-26.0175;35.9096;157.945
1065;-3;155.716;-24.6952;34.0845;149.918
1065;-3;155.716;-24.6952;34.0845;149.918
1066;-3;69.9658;-3.0894;26.5276;64.6661
1066;-3;46.3735;-2.50142;18.0156;42.6549
1066;-3;46.3735;-2.50142;18.0156;42.6549
1076;-3;129.051;-33.0813;14.2986;123.916
1076;-3;77.2629;-19.8011;8.55865;74.1887
1076;-3;72.9571;-18.6966;8.08131;70.0544
1076;-3;69.4407;-17.7945;7.69116;66.678
1076;-3;45.2952;-11.587;4.99265;43.4996
1076;-3;45.2952;-11.587;4.99265;43.4996
1088;-3;8.66205;-4.0002;7.5557;-1.30036
1088;-3;8.14402;-3.87835;6.92465;-1.75577
1088;-3;8.14815;-3.8829;6.92794;-1.75191
1088;-3;8.14815;-3.8829;6.92794;-1.75191
1089;-3;18.4213;-1.12113;0.744107;18.3653
1094;-3;8.40801;0.101605;0.638752;8.36817
1094;-3;8.40878;0.0775136;0.651228;8.36824
1094;-3;8.40878;0.0775136;0.651228;8.36824
1100;-3;45.5287;-18.6023;29.5691;29.1931
1100;-3;44.5676;-18.2095;28.9448;28.5768
1101;-3;151.046;20.6983;18.2933;148.498
1111;-3;17.6932;-6.49457;16.4238;-0.936067
1111;-3;17.6932;-6.49457;16.4238;-0.936067
1121;-3;54.6136;-11.052;38.6423;-36.9732
1121;-3;50.4522;-10.2097;35.6973;-34.1561
1121;-3;49.6184;-10.0409;35.1072;-33.5917
1121;-3;24.4791;-5.46186;16.7554;-16.9824
1121;-3;24.4791;-5.46186;16.7554;-16.9824
1130;-3;134.202;-0.573211;9.37933;133.869
1130;-3;134.202;-0.573211;9.37933;133.869
1132;-3;45.9607;-5.41487;11.2312;44.2343
1132;-3;45.9607;-5.41487;11.2312;44.2343
1134;-3;5.90122;-3.14743;1.28439;-4.79775
1134;-3;5.90122;-3.14743;1.28439;-4.79775
1139;-3;18.4777;-4.87154;12.0348;-13.138
1139;-3;18.4777;-4.87154;12.0348;-13.138
1144;-3;47.1851;24.4377;29.1218;-27.9447
1144;-3;46.4977;24.0816;28.6975;-27.5376
1144;-3;46.0706;24.0054;28.2369;-27.3618
1144;-3;46.0706;24.0054;28.2369;-27.3618
1147;-3;14.8695;0.734116;2.16197;14.6847
1147;-3;14.8772;0.747666;2.19466;14.6869
1155;-3;37.7125;12.582;9.28729;34.3137
1156;-3;10.6555;-1.56207;0.18553;-10.5268
1156;-3;7.41304;-1.07143;0.135053;-7.31689
1171;-3;40.2084;34.2642;18.858;-9.31693
1171;-3;40.0415;34.122;18.7798;-9.27825
1171;-3;40.0025;33.87;19.1459;-9.28496
1183;-3;12.1736;-5.01373;10.8562;2.22541
1183;-3;12.1012;-4.99385;10.7989;2.15273
1183;-3;11.7944;-4.86731;10.5245;2.09778
1183;-3;11.5385;-4.76173;10.2958;2.0519
1186;-3;81.5148;37.814;24.4768;-67.9367
1186;-3;66.881;31.0247;20.0822;-55.7403
1186;-3;65.6394;30.4489;19.7094;-54.7054
1186;-3;65.6394;30.4489;19.7094;-54.7054
1187;-3;641.589;5.02157;3.75652;641.558
1211;-3;100.552;-25.5134;6.19208;-97.0624
1211;-3;90.8889;-23.7263;5.07731;-87.589
1211;-3;90.8889;-23.7263;5.07731;-87.589
1220;-3;54.3971;19.2063;9.61933;-49.9738
1220;-3;54.3971;19.2063;9.61933;-49.9738
1221;-3;165.082;-11.2468;30.2641;161.893
1221;-3;162.029;-11.0388;29.7044;158.9
1221;-3;153.056;-10.816;27.3468;150.204
1221;-3;153.056;-10.816;27.3468;150.204
1225;-3;46.8803;-36.8746;26.4828;11.6808
1225;-3;45.7596;-35.993;25.8496;11.4015
1225;-3;43.6082;-34.3006;24.6341;10.8651
1225;-3;30.6908;-24.0177;17.6824;7.22215
1225;-3;30.6908;-24.0177;17.6824;7.22215
1227;-3;122.932;-7.76813;9.72422;122.299
1227;-3;123.086;-7.7733;9.73018;122.453
1227;-3;123.078;-7.77278;9.72953;122.445
1227;-3;122.985;-7.76696;9.72225;122.353
1227;-3;122.476;-7.73476;9.68194;121.846
1227;-3;122.091;-7.71047;9.65153;121.463
1227;-3;120.921;-7.63657;9.55902;120.299
1227;-3;120.9;-7.68628;9.58892;120.273
1227;-3;120.9;-7.68628;9.58892;120.273
1231;-3;63.2307;11.6542;15.0942;60.2844
1232;-3;189.636;-13.8415;38.2838;-185.214
1232;-3;188.536;-13.7612;38.0617;-184.14
1232;-3;190.63;-13.5885;37.5816;-186.393
1232;-3;154.952;-10.9695;30.0385;-151.615
1232;-3;154.952;-10.9695;30.0385;-151.615
1233;-3;132.359;-10.3874;24.9993;129.56
1233;-3;131.06;-10.3727;24.9997;128.234
1233;-3;130.659;-10.341;24.9233;127.842
1233;-3;91.7062;-7.54883;16.5335;89.8857
1233;-3;91.8979;-7.50449;16.4228;90.1052
1233;-3;91.8979;-7.50449;16.4228;90.1052
1248;-3;31.9729;2.39783;31.6497;-3.81596
1248;-3;25.2354;2.80037;24.8635;-3.1271
1248;-3;25.2354;2.80037;24.8635;-3.1271
1252;-3;67.9837;5.9112;46.2366;49.485
1252;-3;65.8523;5.07061;45.4483;47.3817
1252;-3;59.0465;4.54679;40.7501;42.4852
1252;-3;53.3733;4.38063;36.4828;38.7075
1252;-3;53.3733;4.38063;36.4828;38.7075
1273;-3;392.376;-23.2036;19.6224;-391.197
1283;-3;434.897;5.99838;1.84;434.851
1283;-3;434.897;5.99838;1.84;434.851
1289;-3;61.2867;-46.7653;24.7177;-30.9492
1289;-3;61.0781;-46.6061;24.6336;-30.8438
1289;-3;34.3499;-26.3821;12.6558;-17.9856
1289;-3;34.3499;-26.3821;12.6558;-17.9856
1290;-3;82.7203;-21.8923;15.1187;78.3234
1290;-3;75.5972;-20.0068;13.8139;71.5793
1301;-3;56.8958;-27.1168;49.2923;8.47554
1301;-3;54.0561;-25.7634;46.8318;8.05276
1301;-3;51.2213;-23.6679;44.4835;9.18812
1301;-3;51.2213;-23.6679;44.4835;9.18812
1309;-3;103.804;0.194961;3.24432;-103.752
1309;-3;62.8875;0.156656;1.98381;-62.854
1309;-3;62.8148;0.160153;1.98233;-62.7813
1309;-3;62.8753;0.146329;1.96424;-62.8425
1312;-3;67.2929;-4.82404;10.2459;66.3312
1312;-3;65.6595;-4.7065;9.99603;64.7213
1312;-3;63.2361;-4.53222;9.62523;62.3327
1312;-3;63.2361;-4.53222;9.62523;62.3327
1334;-3;42.1173;20.9674;12.3016;34.3898
1334;-3;41.9608;20.8894;12.2559;34.262
1334;-3;41.8391;20.8287;12.2203;34.1626
1334;-3;41.3272;20.5737;12.0707;33.7448
1336;-3;482.259;-28.8078;7.83376;-481.334
1336;-3;478.686;-28.5943;7.77568;-477.767
1336;-3;466.798;-27.8838;7.58245;-465.903
1336;-3;466.798;-27.8838;7.58245;-465.903
1343;-3;97.4289;-17.0518;40.2627;87.0648
1343;-3;96.0281;-16.8066;39.6838;85.813
1343;-3;93.596;-16.381;38.6785;83.6397
1343;-3;76.0738;-14.0154;30.6776;68.1867
1343;-3;76.0738;-14.0154;30.6776;68.1867
1353;-3;772.08;26.3179;41.5147;-770.513
1353;-3;708.908;24.1641;38.1178;-707.47
1353;-3;596.094;20.3175;32.0522;-594.884
1353;-3;517.426;17.6335;27.8227;-516.376
1353;-3;264.563;9.08634;14.392;-264.014
1353;-3;264.563;9.08634;14.392;-264.014
1361;-3;390.219;-19.9657;40.2537;387.623
1378;-3;102.843;1.51237;2.48061;-102.801
1378;-3;102.842;1.58204;2.5921;-102.796
1378;-3;102.842;1.58204;2.5921;-102.796
1379;-3;125.783;11.8961;35.248;120.155
1379;-3;114.233;10.8035;32.0106;109.122
1379;-3;113.502;10.7344;31.8058;108.423
1379;-3;112.666;10.6553;31.5714;107.625
1379;-3;108.313;10.2436;30.3515;103.467
1379;-3;112.861;10.7806;31.4887;107.837
1379;-3;112.861;10.7806;31.4887;107.837
1393;-3;4.34305;2.39579;1.92432;3.02808
1393;-3;4.32032;2.39179;1.92196;3.00009
1393;-3;4.32354;2.39369;1.92442;3.00163
1393;-3;4.32298;2.39309;1.92586;3.00039
1394;-3;1067.05;-12.941;31.0575;1066.51
1394;-3;1002.54;-12.1587;29.1798;1002.05
1394;-3;914.484;-11.0906;26.6158;914.029
1394;-3;874.206;-10.6016;25.4432;873.771
1394;-3;641.702;-7.7688;18.6818;641.382
1394;-3;641.702;-7.7688;18.6818;641.382
1398;-3;92.9405;-16.8246;19.9019;89.2106
1398;-3;91.8806;-16.6327;19.6748;88.1933
1398;-3;85.3474;-15.4494;18.2748;81.9223
1398;-3;85.3764;-15.4157;18.248;81.9649
1398;-3;85.3764;-15.4157;18.248;81.9649
1412;-3;7.54234;2.29166;2.58641;-6.68548
1412;-3;5.64618;1.69245;1.91014;-5.01162
1416;-3;100.255;4.58917;4.13423;100.063
1416;-3;100.255;4.58917;4.13423;100.063
1417;-3;26.074;1.76979;12.4137;-22.8554
1436;-3;55.4565;1.0349;1.90891;55.4117
1436;-3;55.4565;1.0349;1.90891;55.4117
1442;-3;332.609;-0.79893;12.9063;-332.357
1442;-3;332.609;-0.79893;12.9063;-332.357
1448;-3;40.78;31.2142;13.4716;22.5154
1448;-3;40.271;30.8245;13.3034;22.2344
1448;-3;39.9068;30.2776;13.5499;22.1804
1448;-3;39.9068;30.2776;13.5499;22.1804
1450;-3;83.4552;-16.2591;28.2889;-76.8108
1450;-3;82.638;-16.0999;28.0118;-76.0587
1450;-3;79.968;-15.5796;27.1065;-73.6012
1450;-3;78.551;-15.3035;26.6261;-72.2971
1451;-3;120.577;8.00439;41.8811;-112.785
1451;-3;113.12;7.50888;39.2901;-105.81
1454;-3;135.105;-5.02772;8.7999;134.723
1454;-3;129.857;-4.621;8.80777;129.474
1459;-3;39.795;1.13798;13.1958;-37.5229
1459;-3;38.5108;1.10114;12.7687;-36.3122
1459;-3;38.5672;1.09586;12.8551;-36.3418
1459;-3;38.5672;1.09586;12.8551;-36.3418
1461;-3;18.1996;-10.4291;10.2652;-10.809
1461;-3;18.0338;-10.3716;10.2041;-10.6431
1461;-3;17.9421;-10.3013;10.2472;-10.5141
1461;-3;17.9421;-10.3013;10.2472;-10.5141
1475;-3;28.7809;-26.2419;11.4931;2.7142
1475;-3;28.7073;-26.1747;11.4636;2.70726
1475;-3;28.511;-25.9957;11.3852;2.68876
1476;-3;122.529;-22.7492;4.86844;-120.3
1476;-3;116.838;-21.6926;4.64195;-114.712
1476;-3;80.9463;-15.3838;2.48401;-79.4306
1476;-3;80.9463;-15.3838;2.48401;-79.4306
1477;-3;13.1027;10.7546;2.70596;6.96048
1477;-3;13.1027;10.7546;2.70596;6.96048
1478;-3;103.796;-15.3609;19.0045;100.877
1478;-3;103.796;-15.3609;19.0045;100.877
1483;-3;343.882;-22.5436;17.8465;-342.678
1483;-3;340.633;-22.3304;17.6778;-339.439
1484;-3;231.758;62.0779;34.5868;-220.594
1484;-3;227.395;60.9091;33.9356;-216.44
1491;-3;95.8972;-1.73668;5.69116;-95.7111
1493;-3;2.30232;0.696648;0.371274;-2.10417
1494;-3;1.57655;0.307205;0.737101;-1.26405
1494;-3;1.57801;0.306525;0.736803;-1.26621
1494;-3;1.57801;0.306525;0.736803;-1.26621
1501;-3;62.4948;24.7731;8.67056;-56.7139
1501;-3;57.0323;22.7854;7.29428;-51.7693
1501;-3;57.0323;22.7854;7.29428;-51.7693
1503;-3;145.133;25.031;18.1655;-141.798
1503;-3;141.525;24.4084;17.7136;-138.273
1503;-3;139.514;24.0615;17.4618;-136.309
1503;-3;119.345;20.0161;15.0927;-116.681
1503;-3;119.345;20.0161;15.0927;-116.681
1509;-3;6.83141;-2.65544;1.94339;-5.96573
1513;-3;31.0665;-9.43252;10.0496;27.8373
1513;-3;31.0665;-9.43252;10.0496;27.8373
1530;-3;0.537355;0.144735;0.00700598;-0.13324
1530;-3;0.538813;0.14225;0.00695011;-0.141549
1530;-3;0.538775;0.142131;0.00722936;-0.141511
1530;-3;0.539525;0.144509;0.00592773;-0.142017
1530;-3;0.539525;0.144509;0.00592773;-0.142017
1534;-3;2.33505;0.396319;0.0894951;-2.24441
1534;-3;2.33556;0.405072;0.0865193;-2.2435
1534;-3;2.33556;0.405072;0.0865193;-2.2435
1560;-3;941.839;-5.99765;24.6856;-941.496
1560;-3;872.362;-5.35077;21.6958;-872.076
1563;-3;49.7807;-4.50944;35.59;-34.5092
1563;-3;36.4694;-3.30327;26.0714;-25.2813
1563;-3;34.3782;-3.11316;24.5755;-23.832
1563;-3;34.3782;-3.11316;24.5755;-23.832
1581;-3;146.275;-33.5805;1.9865;142.353
1581;-3;133.916;-30.742;1.81877;130.326
1581;-3;134.588;-29.9034;3.33098;131.18
1581;-3;37.3228;-8.83672;0.900884;36.2469
1581;-3;37.3228;-8.83672;0.900884;36.2469
1582;-3;235.086;-56.2127;8.41856;-228.11
1582;-3;197.532;-47.2325;7.07326;-191.671
1582;-3;177.916;-42.5413;6.37026;-172.636
1582;-3;174.81;-41.0654;6.39759;-169.797
1582;-3;168.19;-39.51;6.1551;-163.367
1582;-3;126.431;-29.6976;4.61618;-122.806
1582;-3;158.267;-37.5228;5.92765;-153.637
1582;-3;158.267;-37.5228;5.92765;-153.637
1623;-3;3.1114;-1.00235;1.61419;2.41258
1639;-3;70.8637;8.25451;48.7265;-50.7839
1639;-3;47.1918;3.85615;32.9694;-33.5406
1640;-3;44.0959;-12.4159;1.66201;-42.2762
1642;-3;38.3115;-21.4854;30.8049;-7.54673
1642;-3;36.9509;-20.7222;29.7107;-7.27871
1642;-3;29.3301;-17.6617;22.332;-7.0249
1642;-3;26.4092;-15.7024;20.3992;-5.8742
1642;-3;26.4092;-15.7024;20.3992;-5.8742
1650;-3;432.121;7.81294;11.353;431.901
1650;-3;397.57;7.18318;10.4432;397.367
1655;-3;3.9351;-1.24259;3.48487;-1.24366
1655;-3;3.9351;-1.24259;3.48487;-1.24366
1658;-3;65.427;20.3797;26.64;-56.1731
1658;-3;50.8382;15.8368;20.6963;-43.6478
1658;-3;42.4523;13.372;16.6311;-36.6953
1658;-3;42.4523;13.372;16.6311;-36.6953
1677;-3;1.51264;-0.932941;0.809768;-0.715531
1686;-3;4.04391;-2.57201;0.704563;2.99859
1686;-3;3.84662;-2.43998;0.668413;2.85416
1686;-3;3.84662;-2.43998;0.668413;2.85416
1694;-3;211.758;4.51735;31.1276;-209.409
1694;-3;198.713;4.239;29.2098;-196.508
1694;-3;192.538;4.10728;28.3021;-190.402
1694;-3;182.938;3.29674;26.4189;-180.989
1694;-3;182.938;3.29674;26.4189;-180.989
1706;-3;51.2817;19.3469;11.9317;45.9662
1706;-3;405.763;-6.03738;13.5649;-405.491
1706;-3;400.008;-5.95169;13.3725;-399.74
1706;-3;370.729;-5.51489;12.3931;-370.481
1706;-3;370.721;-6.27636;11.9928;-370.473
1706;-3;370.721;-6.27636;11.9928;-370.473
1709;-3;134.864;43.4345;37.255;-122.121
1709;-3;117.026;37.6892;32.3267;-105.969
1709;-3;115.781;37.764;30.8111;-105.022
1709;-3;56.9683;18.9969;14.116;-51.8169
1709;-3;80.3154;26.0179;20.6486;-73.1233
1709;-3;80.3154;26.0179;20.6486;-73.1233
1731;-3;65.0311;-2.96935;14.0452;-63.4249
1731;-3;64.6048;-2.94988;13.9531;-63.0091
1731;-3;64.2625;-3.16328;14.464;-62.5316
1732;-3;246.394;-9.13678;42.8878;-242.46
1732;-3;237.991;-8.82508;41.4246;-234.191
1732;-3;229.039;-8.49297;39.8661;-225.382
1732;-3;227.717;-8.61115;39.6821;-224.067
1732;-3;227.717;-8.61115;39.6821;-224.067
1737;-3;441.235;-12.9745;38.6713;439.345
1737;-3;431.406;-12.6854;37.8098;429.558
1739;-3;1.50308;0.221534;0.306256;-1.36616
1740;-3;76.1594;-24.2503;8.48047;-71.6938
1740;-3;74.8321;-23.8276;8.33262;-70.4444
1740;-3;69.3529;-21.3499;7.96211;-65.5008
1740;-3;69.3529;-21.3499;7.96211;-65.5008
1746;-3;200.515;11.9819;31.1676;-197.715
1746;-3;196.954;11.769;30.6138;-194.203
1746;-3;188.305;11.252;29.269;-185.675
1746;-3;102.189;5.48598;15.8941;-100.795
1746;-3;102.189;5.48598;15.8941;-100.795
1758;-3;113.265;0.288732;0.201714;-113.264
1760;-3;50.6595;-25.0604;4.32556;43.811
1760;-3;49.6031;-24.5376;4.23522;42.8974
1760;-3;47.4489;-23.4712;4.05105;41.0346
1760;-3;43.9314;-22.2415;2.76984;37.7804
1760;-3;40.6993;-20.2008;2.58472;35.2339
1760;-3;40.6993;-20.2008;2.58472;35.2339
1765;-3;569.804;-11.3726;0.360737;-569.69
1765;-3;569.804;-11.3726;0.360737;-569.69
1771;-3;289.556;28.6266;13.0747;-287.84
1801;-3;9.61821;-0.019583;1.29244;-9.51784
1810;-3;369.969;6.11447;5.38333;369.879
1810;-3;369.969;6.11447;5.38333;369.879
1811;-3;1.90494;-1.42166;0.541313;1.03184
1811;-3;1.90805;-1.43388;0.533661;1.02461
1812;-3;194.988;-3.99587;3.39654;194.916
1812;-3;194.988;-3.99587;3.39654;194.916
1812;-3;15.6651;1.16678;3.41372;-15.2358
1812;-3;15.6608;1.10452;3.37925;-15.2438
1812;-3;15.0054;1.05646;3.23193;-14.6065
1812;-3;14.5482;1.07066;3.09175;-14.1667
1813;-3;194.83;24.0167;21.2292;192.174
1813;-3;194.164;23.9346;21.1567;191.517
1813;-3;192.143;23.6854;20.9365;189.524
1813;-3;187.692;23.1366;20.4514;185.134
1813;-3;187.692;23.1366;20.4514;185.134
1814;-3;19.8217;10.9392;3.79775;16.0798
1814;-3;19.4832;10.7523;3.73293;15.805
1826;-3;18.571;0.344896;1.25956;-18.5026
1826;-3;18.571;0.344896;1.25956;-18.5026
1828;-3;38.2823;-8.39249;19.8795;31.6173
1828;-3;33.6376;-8.32478;17.3452;27.5877
1828;-3;33.6396;-8.61784;17.217;27.5804
1828;-3;33.6396;-8.61784;17.217;27.5804
1841;-3;4.24482;0.21155;0.139619;4.20764
1854;-3;13.6126;6.85297;5.62298;10.3185
1854;-3;13.2657;6.67821;5.47958;10.0551
1854;-3;12.4492;6.26709;5.14178;9.43494
1854;-3;12.4492;6.26709;5.14178;9.43494
1863;-3;978.401;-12.2425;26.8548;977.956
1863;-3;851.264;-10.6475;23.3663;850.877
1863;-3;851.264;-10.6475;23.3663;850.877
1864;-3;11.6756;-0.409755;10.7163;-4.58957
1864;-3;11.7936;-0.338139;10.7981;-4.70365
1864;-3;11.8509;-0.334331;10.8365;-4.75961
1864;-3;11.879;-0.367956;10.8781;-4.73194
1864;-3;11.7925;-0.365284;10.7988;-4.69747
1864;-3;11.4338;-0.354136;10.4696;-4.55452
1864;-3;11.4587;-0.254735;10.5036;-4.54569
1864;-3;11.4587;-0.254735;10.5036;-4.54569
1864;-3;37.17;-1.21525;2.30796;-37.075
1867;-3;20.743;-20.1042;1.38591;-4.89142
1870;-3;4.43733;-2.20016;1.88286;-3.25734
1870;-3;4.43733;-2.20016;1.88286;-3.25734
1877;-3;10.0826;-4.75245;8.76712;1.40029
1877;-3;10.1758;-4.9112;8.77318;1.48572
1877;-3;9.99335;-4.80834;8.58248;1.68462
1877;-3;10.0653;-4.93718;8.60714;1.61316
1884;-3;25.3881;19.2555;13.1459;10.0358
1884;-3;20.4818;15.533;10.6046;8.09469
1888;-3;38.0274;-22.4754;23.4983;-19.7108
1888;-3;37.6404;-22.2466;23.2591;-19.5103
1888;-3;34.6297;-20.4668;21.398;-17.95
1888;-3;34.6297;-20.4668;21.398;-17.95
1893;-3;152.825;20.1011;20.0116;-150.169
1897;-3;18.9206;0.480478;6.01483;17.9257
1897;-3;18.3792;0.300168;6.11961;17.3207
1921;-3;639.214;-18.6636;26.0585;638.409
1934;-3;41.9674;3.49644;15.5044;38.8381
1934;-3;40.0025;3.33172;14.778;37.0198
1934;-3;40.0025;3.33172;14.778;37.0198
1949;-3;129.047;50.4118;38.999;112.208
1949;-3;91.8197;35.8688;27.748;79.8379
1949;-3;90.8874;35.5046;27.4663;79.0272
1949;-3;87.2078;34.0673;26.3544;75.8275
1949;-3;79.5591;30.5944;24.3655;69.2799
1949;-3;79.5591;30.5944;24.3655;69.2799
1956;-3;103.51;-6.46149;8.24805;102.978
1956;-3;103.894;-6.42842;8.29891;103.361
1956;-3;102.211;-6.32433;8.16456;101.687
1956;-3;102.162;-6.2347;8.27517;101.634
1956;-3;102.162;-6.2347;8.27517;101.634
1963;-3;58.7119;27.3757;26.2764;-44.7991
1963;-3;25.8613;12.5575;11.1621;-19.6538
1963;-3;25.8613;12.5575;11.1621;-19.6538
1970;-3;42.4617;28.0175;6.63569;-31.2047
1970;-3;39.6538;26.1639;6.19676;-29.1415
1970;-3;38.7313;25.5549;6.05252;-28.4636
1970;-3;33.2858;23.0043;5.39025;-23.4402
1970;-3;33.2858;23.0043;5.39025;-23.4402
1972;-3;277.256;11.0863;19.564;-276.342
1973;-3;93.0417;-11.7151;29.5229;87.451
1973;-3;89.4192;-11.2584;28.3733;84.0462
1973;-3;75.4536;-9.49947;23.9417;70.9193
1973;-3;75.3933;-9.52397;23.5626;70.9789
1973;-3;75.3933;-9.52397;23.5626;70.9789
1976;-3;391.869;-36.4396;5.89134;390.126
1976;-3;387.304;-36.0151;5.8227;385.581
1976;-3;383.084;-35.6226;5.75923;381.38
1976;-3;372.916;-34.6769;5.60637;371.257
1976;-3;372.916;-34.6769;5.60637;371.257
1977;-3;135.96;-6.87371;12.3419;-135.223
1977;-3;135.96;-6.87371;12.3419;-135.223
1988;-3;130.063;-17.832;6.43836;-128.673
1988;-3;130.063;-17.832;6.43836;-128.673
