Warning in <TFile::Init>: file 1000000_0.4_0.05_12_hresultsJetsInvariantMass.root has no keys
Warning in <TFile::Init>: file 1000000_0.4_0.05_20_hresultsJetsInvariantMass.root has no keys
Warning in <TFile::Init>: file 1000000_0.4_0.05_23_hresultsJetsInvariantMass.root has no keys
Warning in <TFile::Init>: file 1000000_0.4_0.05_30_hresultsJetsInvariantMass.root has no keys
Warning in <TFile::Init>: file 1000000_0.4_0.05_62_hresultsJetsInvariantMass.root has no keys
Warning in <TFile::Init>: file 1000000_0.4_0.05_63_hresultsJetsInvariantMass.root has no keys
Warning in <TFile::Init>: file 1000000_0.4_0.05_68_hresultsJetsInvariantMass.root has no keys
Warning in <TFile::Init>: file 1000000_0.4_0.05_71_hresultsJetsInvariantMass.root has no keys
Warning in <TFile::Init>: file 1000000_0.4_0.05_73_hresultsJetsInvariantMass.root has no keys
Error in <TFile::ReadBuffer>: error reading all requested bytes from file 100M_0.4_0.05_JetsInvariantMass.root, got 268 of 300
Error in <TFile::Init>: 100M_0.4_0.05_JetsInvariantMass.root failed to read the file type data.
Error in <TFileMerger::AddFile>: cannot open file 100M_0.4_0.05_JetsInvariantMass.root
hadd exiting due to error in 100M_0.4_0.05_JetsInvariantMass.root
Warning in <TFile::Init>: file 1000000_0.4_0.05_25_resultsMatchesCharmJets.root has no keys
Warning in <TFile::Init>: file 1000000_0.4_0.05_29_resultsMatchesCharmJets.root has no keys
Warning in <TFile::Init>: file 1000000_0.4_0.05_35_resultsMatchesCharmJets.root has no keys
Warning in <TFile::Init>: file 1000000_0.4_0.05_36_resultsMatchesCharmJets.root has no keys
Warning in <TFile::Init>: file 1000000_0.4_0.05_37_resultsMatchesCharmJets.root has no keys
Warning in <TFile::Init>: file 1000000_0.4_0.05_43_resultsMatchesCharmJets.root has no keys
Warning in <TFile::Init>: file 1000000_0.4_0.05_49_resultsMatchesCharmJets.root has no keys
Warning in <TFile::Init>: file 1000000_0.4_0.05_54_resultsMatchesCharmJets.root has no keys
Warning in <TFile::Init>: file 1000000_0.4_0.05_57_resultsMatchesCharmJets.root has no keys
Warning in <TFile::Init>: file 1000000_0.4_0.05_61_resultsMatchesCharmJets.root has no keys
Warning in <TFile::Init>: file 1000000_0.4_0.05_65_resultsMatchesCharmJets.root has no keys
Warning in <TFile::Init>: file 1000000_0.4_0.05_69_resultsMatchesCharmJets.root has no keys
Error in <TFile::ReadBuffer>: error reading all requested bytes from file 100M_0.4_0.05_MatchesJets.root, got 256 of 300
Error in <TFile::Init>: 100M_0.4_0.05_MatchesJets.root failed to read the file type data.
Error in <TFileMerger::AddFile>: cannot open file 100M_0.4_0.05_MatchesJets.root
hadd exiting due to error in 100M_0.4_0.05_MatchesJets.root
Warning in <TFile::Init>: file 1000000_0.4_0.05_14_resultsJetsQuarksPt.root has no keys
Warning in <TFile::Init>: file 1000000_0.4_0.05_16_resultsJetsQuarksPt.root has no keys
Warning in <TFile::Init>: file 1000000_0.4_0.05_18_resultsJetsQuarksPt.root has no keys
Warning in <TFile::Init>: file 1000000_0.4_0.05_22_resultsJetsQuarksPt.root has no keys
Warning in <TFile::Init>: file 1000000_0.4_0.05_28_resultsJetsQuarksPt.root has no keys
Warning in <TFile::Init>: file 1000000_0.4_0.05_31_resultsJetsQuarksPt.root has no keys
Warning in <TFile::Init>: file 1000000_0.4_0.05_32_resultsJetsQuarksPt.root has no keys
Warning in <TFile::Init>: file 1000000_0.4_0.05_34_resultsJetsQuarksPt.root has no keys
Warning in <TFile::Init>: file 1000000_0.4_0.05_38_resultsJetsQuarksPt.root has no keys
Warning in <TFile::Init>: file 1000000_0.4_0.05_44_resultsJetsQuarksPt.root has no keys
Warning in <TFile::Init>: file 1000000_0.4_0.05_47_resultsJetsQuarksPt.root has no keys
Warning in <TFile::Init>: file 1000000_0.4_0.05_48_resultsJetsQuarksPt.root has no keys
Warning in <TFile::Init>: file 1000000_0.4_0.05_50_resultsJetsQuarksPt.root has no keys
Warning in <TFile::Init>: file 1000000_0.4_0.05_53_resultsJetsQuarksPt.root has no keys
Warning in <TFile::Init>: file 1000000_0.4_0.05_56_resultsJetsQuarksPt.root has no keys
Warning in <TFile::Init>: file 1000000_0.4_0.05_60_resultsJetsQuarksPt.root has no keys
Warning in <TFile::Init>: file 1000000_0.4_0.05_64_resultsJetsQuarksPt.root has no keys
Error in <TFile::ReadBuffer>: error reading all requested bytes from file 100M_0.4_0.05_JetsQuarksPt.root, got 258 of 300
Error in <TFile::Init>: 100M_0.4_0.05_JetsQuarksPt.root failed to read the file type data.
Error in <TFileMerger::AddFile>: cannot open file 100M_0.4_0.05_JetsQuarksPt.root
hadd exiting due to error in 100M_0.4_0.05_JetsQuarksPt.root
Error in <Merge>: Cannot merge histograms - limits are inconsistent:
 first: ne (200, 0.000000, 4650.000000), second: ne (200, 0.000000, 5300.000000)
Error in <TFileMerger::MergeRecursive>: calling Merge() on 'ne' with the corresponding object in '1000000_0.4_0.05_19_hresultsNeutrinos.root'
Error in <Merge>: Cannot merge histograms - limits are inconsistent:
 first: ne (200, 0.000000, 4650.000000), second: ne (200, 0.000000, 5350.000000)
Error in <TFileMerger::MergeRecursive>: calling Merge() on 'ne' with the corresponding object in '1000000_0.4_0.05_21_hresultsNeutrinos.root'
Error in <Merge>: Cannot merge histograms - limits are inconsistent:
 first: ne (200, 0.000000, 4650.000000), second: ne (200, 0.000000, 4300.000000)
Error in <TFileMerger::MergeRecursive>: calling Merge() on 'ne' with the corresponding object in '1000000_0.4_0.05_26_hresultsNeutrinos.root'
Error in <Merge>: Cannot merge histograms - limits are inconsistent:
 first: ne (200, 0.000000, 4650.000000), second: ne (200, 0.000000, 5000.000000)
Error in <TFileMerger::MergeRecursive>: calling Merge() on 'ne' with the corresponding object in '1000000_0.4_0.05_27_hresultsNeutrinos.root'
Error in <Merge>: Cannot merge histograms - limits are inconsistent:
 first: ne (200, 0.000000, 4650.000000), second: ne (200, 0.000000, 4050.000000)
Error in <TFileMerger::MergeRecursive>: calling Merge() on 'ne' with the corresponding object in '1000000_0.4_0.05_39_hresultsNeutrinos.root'
Error in <Merge>: Cannot merge histograms - limits are inconsistent:
 first: ne (200, 0.000000, 4650.000000), second: ne (200, 0.000000, 4050.000000)
Error in <TFileMerger::MergeRecursive>: calling Merge() on 'ne' with the corresponding object in '1000000_0.4_0.05_40_hresultsNeutrinos.root'
Error in <Merge>: Cannot merge histograms - limits are inconsistent:
 first: ne (200, 0.000000, 4650.000000), second: ne (200, 0.000000, 5900.000000)
Error in <TFileMerger::MergeRecursive>: calling Merge() on 'ne' with the corresponding object in '1000000_0.4_0.05_42_hresultsNeutrinos.root'
Error in <Merge>: Cannot merge histograms - limits are inconsistent:
 first: ne (200, 0.000000, 4650.000000), second: ne (200, 0.000000, 4150.000000)
Error in <TFileMerger::MergeRecursive>: calling Merge() on 'ne' with the corresponding object in '1000000_0.4_0.05_46_hresultsNeutrinos.root'
Error in <Merge>: Cannot merge histograms - limits are inconsistent:
 first: ne (200, 0.000000, 4650.000000), second: ne (200, 0.000000, 4450.000000)
Error in <TFileMerger::MergeRecursive>: calling Merge() on 'ne' with the corresponding object in '1000000_0.4_0.05_51_hresultsNeutrinos.root'
Error in <Merge>: Cannot merge histograms - limits are inconsistent:
 first: ne (200, 0.000000, 4650.000000), second: ne (200, 0.000000, 5200.000000)
Error in <TFileMerger::MergeRecursive>: calling Merge() on 'ne' with the corresponding object in '1000000_0.4_0.05_52_hresultsNeutrinos.root'
Error in <Merge>: Cannot merge histograms - limits are inconsistent:
 first: ne (200, 0.000000, 4650.000000), second: ne (200, 0.000000, 4000.000000)
Error in <TFileMerger::MergeRecursive>: calling Merge() on 'ne' with the corresponding object in '1000000_0.4_0.05_55_hresultsNeutrinos.root'
Error in <Merge>: Cannot merge histograms - limits are inconsistent:
 first: ne (200, 0.000000, 4650.000000), second: ne (200, 0.000000, 5050.000000)
Error in <TFileMerger::MergeRecursive>: calling Merge() on 'ne' with the corresponding object in '1000000_0.4_0.05_67_hresultsNeutrinos.root'
Error in <Merge>: Cannot merge histograms - limits are inconsistent:
 first: ne (200, 0.000000, 4650.000000), second: ne (200, 0.000000, 4800.000000)
Error in <TFileMerger::MergeRecursive>: calling Merge() on 'ne' with the corresponding object in '1000000_0.4_0.05_70_hresultsNeutrinos.root'
Error in <Merge>: Cannot merge histograms - limits are inconsistent:
 first: ne (200, 0.000000, 4650.000000), second: ne (200, 0.000000, 4550.000000)
Error in <TFileMerger::MergeRecursive>: calling Merge() on 'ne' with the corresponding object in '1000000_0.4_0.05_72_hresultsNeutrinos.root'
Error in <Merge>: Cannot merge histograms - limits are inconsistent:
 first: npt (200, 0.000000, 121.000000), second: npt (200, 0.000000, 137.000000)
Error in <TFileMerger::MergeRecursive>: calling Merge() on 'npt' with the corresponding object in '1000000_0.4_0.05_19_hresultsNeutrinos.root'
Error in <Merge>: Cannot merge histograms - limits are inconsistent:
 first: npt (200, 0.000000, 121.000000), second: npt (200, 0.000000, 142.000000)
Error in <TFileMerger::MergeRecursive>: calling Merge() on 'npt' with the corresponding object in '1000000_0.4_0.05_21_hresultsNeutrinos.root'
Error in <Merge>: Cannot merge histograms - limits are inconsistent:
 first: npt (200, 0.000000, 121.000000), second: npt (200, 0.000000, 163.000000)
Error in <TFileMerger::MergeRecursive>: calling Merge() on 'npt' with the corresponding object in '1000000_0.4_0.05_26_hresultsNeutrinos.root'
Error in <Merge>: Cannot merge histograms - limits are inconsistent:
 first: npt (200, 0.000000, 121.000000), second: npt (200, 0.000000, 120.000000)
Error in <TFileMerger::MergeRecursive>: calling Merge() on 'npt' with the corresponding object in '1000000_0.4_0.05_27_hresultsNeutrinos.root'
Error in <Merge>: Cannot merge histograms - limits are inconsistent:
 first: npt (200, 0.000000, 121.000000), second: npt (200, 0.000000, 149.000000)
Error in <TFileMerger::MergeRecursive>: calling Merge() on 'npt' with the corresponding object in '1000000_0.4_0.05_33_hresultsNeutrinos.root'
Error in <Merge>: Cannot merge histograms - limits are inconsistent:
 first: npt (200, 0.000000, 121.000000), second: npt (200, 0.000000, 226.000000)
Error in <TFileMerger::MergeRecursive>: calling Merge() on 'npt' with the corresponding object in '1000000_0.4_0.05_39_hresultsNeutrinos.root'
Error in <Merge>: Cannot merge histograms - limits are inconsistent:
 first: npt (200, 0.000000, 121.000000), second: npt (200, 0.000000, 152.000000)
Error in <TFileMerger::MergeRecursive>: calling Merge() on 'npt' with the corresponding object in '1000000_0.4_0.05_40_hresultsNeutrinos.root'
Error in <Merge>: Cannot merge histograms - limits are inconsistent:
 first: npt (200, 0.000000, 121.000000), second: npt (200, 0.000000, 148.000000)
Error in <TFileMerger::MergeRecursive>: calling Merge() on 'npt' with the corresponding object in '1000000_0.4_0.05_42_hresultsNeutrinos.root'
Error in <Merge>: Cannot merge histograms - limits are inconsistent:
 first: npt (200, 0.000000, 121.000000), second: npt (200, 0.000000, 132.000000)
Error in <TFileMerger::MergeRecursive>: calling Merge() on 'npt' with the corresponding object in '1000000_0.4_0.05_46_hresultsNeutrinos.root'
Error in <Merge>: Cannot merge histograms - limits are inconsistent:
 first: npt (200, 0.000000, 121.000000), second: npt (200, 0.000000, 193.000000)
Error in <TFileMerger::MergeRecursive>: calling Merge() on 'npt' with the corresponding object in '1000000_0.4_0.05_51_hresultsNeutrinos.root'
Error in <Merge>: Cannot merge histograms - limits are inconsistent:
 first: npt (200, 0.000000, 121.000000), second: npt (200, 0.000000, 155.000000)
Error in <TFileMerger::MergeRecursive>: calling Merge() on 'npt' with the corresponding object in '1000000_0.4_0.05_52_hresultsNeutrinos.root'
Error in <Merge>: Cannot merge histograms - limits are inconsistent:
 first: npt (200, 0.000000, 121.000000), second: npt (200, 0.000000, 106.000000)
Error in <TFileMerger::MergeRecursive>: calling Merge() on 'npt' with the corresponding object in '1000000_0.4_0.05_55_hresultsNeutrinos.root'
Error in <Merge>: Cannot merge histograms - limits are inconsistent:
 first: npt (200, 0.000000, 121.000000), second: npt (200, 0.000000, 133.000000)
Error in <TFileMerger::MergeRecursive>: calling Merge() on 'npt' with the corresponding object in '1000000_0.4_0.05_67_hresultsNeutrinos.root'
Error in <Merge>: Cannot merge histograms - limits are inconsistent:
 first: npt (200, 0.000000, 121.000000), second: npt (200, 0.000000, 117.000000)
Error in <TFileMerger::MergeRecursive>: calling Merge() on 'npt' with the corresponding object in '1000000_0.4_0.05_70_hresultsNeutrinos.root'
Error in <Merge>: Cannot merge histograms - limits are inconsistent:
 first: npt (200, 0.000000, 121.000000), second: npt (200, 0.000000, 276.000000)
Error in <TFileMerger::MergeRecursive>: calling Merge() on 'npt' with the corresponding object in '1000000_0.4_0.05_72_hresultsNeutrinos.root'
