Warning in <TFile::Init>: file 1000000_0.4_0.05_25_hresultsJetsInvariantMass.root has no keys
Warning in <TFile::Init>: file 1000000_0.4_0.05_28_hresultsJetsInvariantMass.root has no keys
Warning in <TFile::Init>: file 1000000_0.4_0.05_29_hresultsJetsInvariantMass.root has no keys
Warning in <TFile::Init>: file 1000000_0.4_0.05_32_hresultsJetsInvariantMass.root has no keys
Warning in <TFile::Init>: file 1000000_0.4_0.05_36_hresultsJetsInvariantMass.root has no keys
Warning in <TFile::Init>: file 1000000_0.4_0.05_49_hresultsJetsInvariantMass.root has no keys
Warning in <TFile::Init>: file 1000000_0.4_0.05_54_hresultsJetsInvariantMass.root has no keys
Warning in <TFile::Init>: file 1000000_0.4_0.05_57_hresultsJetsInvariantMass.root has no keys
Warning in <TFile::Init>: file 1000000_0.4_0.05_58_hresultsJetsInvariantMass.root has no keys
Warning in <TFile::Init>: file 1000000_0.4_0.05_65_hresultsJetsInvariantMass.root has no keys
Warning in <TFile::Init>: file 1000000_0.4_0.05_69_hresultsJetsInvariantMass.root has no keys
Error in <TFile::ReadBuffer>: error reading all requested bytes from file 100M_0.4_0.05_JetsInvariantMass.root, got 268 of 300
Error in <TFile::Init>: 100M_0.4_0.05_JetsInvariantMass.root failed to read the file type data.
Error in <TFileMerger::AddFile>: cannot open file 100M_0.4_0.05_JetsInvariantMass.root
hadd exiting due to error in 100M_0.4_0.05_JetsInvariantMass.root
Warning in <TFile::Init>: file 1000000_0.4_0.05_27_resultsMatchesCharmJets.root has no keys
Warning in <TFile::Init>: file 1000000_0.4_0.05_52_resultsMatchesCharmJets.root has no keys
Warning in <TFile::Init>: file 1000000_0.4_0.05_70_resultsMatchesCharmJets.root has no keys
Error in <TFile::ReadBuffer>: error reading all requested bytes from file 100M_0.4_0.05_MatchesJets.root, got 256 of 300
Error in <TFile::Init>: 100M_0.4_0.05_MatchesJets.root failed to read the file type data.
Error in <TFileMerger::AddFile>: cannot open file 100M_0.4_0.05_MatchesJets.root
hadd exiting due to error in 100M_0.4_0.05_MatchesJets.root
Warning in <TFile::Init>: file 1000000_0.4_0.05_19_resultsJetsQuarksPt.root has no keys
Warning in <TFile::Init>: file 1000000_0.4_0.05_21_resultsJetsQuarksPt.root has no keys
Warning in <TFile::Init>: file 1000000_0.4_0.05_26_resultsJetsQuarksPt.root has no keys
Warning in <TFile::Init>: file 1000000_0.4_0.05_35_resultsJetsQuarksPt.root has no keys
Warning in <TFile::Init>: file 1000000_0.4_0.05_37_resultsJetsQuarksPt.root has no keys
Warning in <TFile::Init>: file 1000000_0.4_0.05_40_resultsJetsQuarksPt.root has no keys
Warning in <TFile::Init>: file 1000000_0.4_0.05_43_resultsJetsQuarksPt.root has no keys
Warning in <TFile::Init>: file 1000000_0.4_0.05_46_resultsJetsQuarksPt.root has no keys
Warning in <TFile::Init>: file 1000000_0.4_0.05_61_resultsJetsQuarksPt.root has no keys
Error in <TFile::ReadBuffer>: error reading all requested bytes from file 100M_0.4_0.05_JetsQuarksPt.root, got 258 of 300
Error in <TFile::Init>: 100M_0.4_0.05_JetsQuarksPt.root failed to read the file type data.
Error in <TFileMerger::AddFile>: cannot open file 100M_0.4_0.05_JetsQuarksPt.root
hadd exiting due to error in 100M_0.4_0.05_JetsQuarksPt.root
Error in <Merge>: Cannot merge histograms - limits are inconsistent:
 first: ne (200, 0.000000, 4650.000000), second: ne (200, 0.000000, 4050.000000)
Error in <TFileMerger::MergeRecursive>: calling Merge() on 'ne' with the corresponding object in '1000000_0.4_0.05_39_hresultsNeutrinos.root'
Error in <Merge>: Cannot merge histograms - limits are inconsistent:
 first: ne (200, 0.000000, 4650.000000), second: ne (200, 0.000000, 5900.000000)
Error in <TFileMerger::MergeRecursive>: calling Merge() on 'ne' with the corresponding object in '1000000_0.4_0.05_42_hresultsNeutrinos.root'
Error in <Merge>: Cannot merge histograms - limits are inconsistent:
 first: ne (200, 0.000000, 4650.000000), second: ne (200, 0.000000, 4450.000000)
Error in <TFileMerger::MergeRecursive>: calling Merge() on 'ne' with the corresponding object in '1000000_0.4_0.05_51_hresultsNeutrinos.root'
Error in <Merge>: Cannot merge histograms - limits are inconsistent:
 first: ne (200, 0.000000, 4650.000000), second: ne (200, 0.000000, 4000.000000)
Error in <TFileMerger::MergeRecursive>: calling Merge() on 'ne' with the corresponding object in '1000000_0.4_0.05_55_hresultsNeutrinos.root'
Error in <Merge>: Cannot merge histograms - limits are inconsistent:
 first: ne (200, 0.000000, 4650.000000), second: ne (200, 0.000000, 5050.000000)
Error in <TFileMerger::MergeRecursive>: calling Merge() on 'ne' with the corresponding object in '1000000_0.4_0.05_67_hresultsNeutrinos.root'
Error in <Merge>: Cannot merge histograms - limits are inconsistent:
 first: ne (200, 0.000000, 4650.000000), second: ne (200, 0.000000, 4550.000000)
Error in <TFileMerger::MergeRecursive>: calling Merge() on 'ne' with the corresponding object in '1000000_0.4_0.05_72_hresultsNeutrinos.root'
Error in <Merge>: Cannot merge histograms - limits are inconsistent:
 first: npt (200, 0.000000, 121.000000), second: npt (200, 0.000000, 149.000000)
Error in <TFileMerger::MergeRecursive>: calling Merge() on 'npt' with the corresponding object in '1000000_0.4_0.05_33_hresultsNeutrinos.root'
Error in <Merge>: Cannot merge histograms - limits are inconsistent:
 first: npt (200, 0.000000, 121.000000), second: npt (200, 0.000000, 226.000000)
Error in <TFileMerger::MergeRecursive>: calling Merge() on 'npt' with the corresponding object in '1000000_0.4_0.05_39_hresultsNeutrinos.root'
Error in <Merge>: Cannot merge histograms - limits are inconsistent:
 first: npt (200, 0.000000, 121.000000), second: npt (200, 0.000000, 148.000000)
Error in <TFileMerger::MergeRecursive>: calling Merge() on 'npt' with the corresponding object in '1000000_0.4_0.05_42_hresultsNeutrinos.root'
Error in <Merge>: Cannot merge histograms - limits are inconsistent:
 first: npt (200, 0.000000, 121.000000), second: npt (200, 0.000000, 193.000000)
Error in <TFileMerger::MergeRecursive>: calling Merge() on 'npt' with the corresponding object in '1000000_0.4_0.05_51_hresultsNeutrinos.root'
Error in <Merge>: Cannot merge histograms - limits are inconsistent:
 first: npt (200, 0.000000, 121.000000), second: npt (200, 0.000000, 106.000000)
Error in <TFileMerger::MergeRecursive>: calling Merge() on 'npt' with the corresponding object in '1000000_0.4_0.05_55_hresultsNeutrinos.root'
Error in <Merge>: Cannot merge histograms - limits are inconsistent:
 first: npt (200, 0.000000, 121.000000), second: npt (200, 0.000000, 133.000000)
Error in <TFileMerger::MergeRecursive>: calling Merge() on 'npt' with the corresponding object in '1000000_0.4_0.05_67_hresultsNeutrinos.root'
Error in <Merge>: Cannot merge histograms - limits are inconsistent:
 first: npt (200, 0.000000, 121.000000), second: npt (200, 0.000000, 276.000000)
Error in <TFileMerger::MergeRecursive>: calling Merge() on 'npt' with the corresponding object in '1000000_0.4_0.05_72_hresultsNeutrinos.root'
