Error in <Merge>: Cannot merge histograms - limits are inconsistent:
 first: cjp (15, 0.000000, 13.000000), second: cjp (15, 0.000000, 14.000000)
Error in <TFileMerger::MergeRecursive>: calling Merge() on 'cjp' with the corresponding object in '1000000_0.4_0.05_67_resultsMatchesCharmJets.root'
Error in <Merge>: Cannot merge histograms - limits are inconsistent:
 first: acjp (15, 1.000000, 10.000000), second: acjp (15, 0.000000, 14.000000)
Error in <TFileMerger::MergeRecursive>: calling Merge() on 'acjp' with the corresponding object in '1000000_0.4_0.05_67_resultsMatchesCharmJets.root'
Error in <Merge>: Cannot merge histograms - limits are inconsistent:
 first: sjp (15, 0.000000, 13.000000), second: sjp (15, 0.000000, 12.000000)
Error in <TFileMerger::MergeRecursive>: calling Merge() on 'sjp' with the corresponding object in '1000000_0.4_0.05_67_resultsMatchesCharmJets.root'
Error in <Merge>: Cannot merge histograms - limits are inconsistent:
 first: asjp (15, 0.000000, 13.000000), second: asjp (15, 0.000000, 14.000000)
Error in <TFileMerger::MergeRecursive>: calling Merge() on 'asjp' with the corresponding object in '1000000_0.4_0.05_67_resultsMatchesCharmJets.root'
Error in <Merge>: Cannot merge histograms - limits are inconsistent:
 first: jp (15, 0.000000, 13.000000), second: jp (15, 0.000000, 14.000000)
Error in <TFileMerger::MergeRecursive>: calling Merge() on 'jp' with the corresponding object in '1000000_0.4_0.05_67_resultsMatchesCharmJets.root'
Warning in <TFile::Init>: file 1000000_0.4_0.05_33_resultsJetsQuarksPt.root has no keys
Warning in <TFile::Init>: file 1000000_0.4_0.05_72_resultsJetsQuarksPt.root has no keys
Error in <Merge>: Cannot merge histograms - limits are inconsistent:
 first: ne (200, 0.000000, 4050.000000), second: ne (200, 0.000000, 5050.000000)
Error in <TFileMerger::MergeRecursive>: calling Merge() on 'ne' with the corresponding object in '1000000_0.4_0.05_67_hresultsNeutrinos.root'
Error in <Merge>: Cannot merge histograms - limits are inconsistent:
 first: npt (200, 0.000000, 226.000000), second: npt (200, 0.000000, 133.000000)
Error in <TFileMerger::MergeRecursive>: calling Merge() on 'npt' with the corresponding object in '1000000_0.4_0.05_67_hresultsNeutrinos.root'
