
## Job iniciado em 20-08-2020 as 14:19:52 ###################

## Diretorio de submissao do job: /home/samuel.silveira/JetsAnalysis 

   ------------------------------------------------------------
  | Welcome to ROOT 6.16/00                  https://root.cern |
  |                               (c) 1995-2018, The ROOT Team |
  | Built for linuxx8664gcc on Jan 23 2019, 09:06:13           |
  | From tags/v6-16-00@v6-16-00                                |
  | Try '.help', '.demo', '.license', '.credits', '.quit'/'.q' |
   ------------------------------------------------------------


Processing analysisJetsInvariantMass_WN.C(1000000,0.4,0.05,47,100)...
Loading charmed jets (1/4) ...
 346000 charmed jets loaded
Loading antistrange jets (2/4) ...
 405989 antistrange jets loaded
Loading anticharmed jets (3/4) ...
 261826 anticharmed jets loaded
Loading strange jets (4/4) ...
 362901 strange jets loaded
Merging W+ Jets (1/2)...
Merging W- Jets (2/2)...
   ------------------------------------------------------------
  | Welcome to ROOT 6.16/00                  https://root.cern |
  |                               (c) 1995-2018, The ROOT Team |
  | Built for linuxx8664gcc on Jan 23 2019, 09:06:13           |
  | From tags/v6-16-00@v6-16-00                                |
  | Try '.help', '.demo', '.license', '.credits', '.quit'/'.q' |
   ------------------------------------------------------------


Processing analysisJetsQuarksPt_WN.C(1000000,0.4,0.05,47,100)...
Loading charmed jets (1/4) ...
 346000 charmed jets loaded
Loading antistrange jets (2/4) ...
 405989 antistrange jets loaded
Loading anticharmed jets (3/4) ...
 261826 anticharmed jets loaded
Loading strange jets (4/4) ...
 362901 strange jets loaded
Loading charms (1/4) ...
 346000 charms loaded
Loading antistranges (2/4) ...
 405989 antistranges loaded
Loading anticharmes (3/4) ...
 261826 anticharms loaded
Loading stranges (4/4) ...
 362901 stranges loaded
Building for charms(1/4)
Building for anticharms(2/4)
Building for stranges(3/4)
Building for antistranges(4/4)
   ------------------------------------------------------------
  | Welcome to ROOT 6.16/00                  https://root.cern |
  |                               (c) 1995-2018, The ROOT Team |
  | Built for linuxx8664gcc on Jan 23 2019, 09:06:13           |
  | From tags/v6-16-00@v6-16-00                                |
  | Try '.help', '.demo', '.license', '.credits', '.quit'/'.q' |
   ------------------------------------------------------------


Processing analysisMatchesCharmJets_WN.C(1000000,0.4,0.05,47,100)...
Loading charmed jets (1/4) ...
 346000 charmed jets loaded
Loading antistrange jets (2/4) ...
 405989 antistrange jets loaded
Loading anticharmed jets (3/4) ...
 261826 anticharmed jets loaded
Loading strange jets (4/4) ...
 362901 strange jets loaded
Loading charms (1/4) ...
 346000 charms loaded
Loading antistranges (2/4) ...
 405989 antistranges loaded
Loading anticharmes (3/4) ...
 261826 anticharms loaded
Loading stranges (4/4) ...
 362901 stranges loaded
Analysing Charm Quarks Promiscuity (1/8)
Analysing Charm Jets Promiscuity (2/8)
Analysing AntiCharm Quarks Promiscuity (3/8)
Analysing AntiCharm Jets Promiscuity (4/8)
Analysing Strange Quarks Promiscuity (5/8)
Analysing Strange Jets Promiscuity (6/8)
Analysing AntiStrange Quarks Promiscuity (7/8)
Analysing AntiStrange Jets Promiscuity (8/8)
   ------------------------------------------------------------
  | Welcome to ROOT 6.16/00                  https://root.cern |
  |                               (c) 1995-2018, The ROOT Team |
  | Built for linuxx8664gcc on Jan 23 2019, 09:06:13           |
  | From tags/v6-16-00@v6-16-00                                |
  | Try '.help', '.demo', '.license', '.credits', '.quit'/'.q' |
   ------------------------------------------------------------


Processing analysisNeutrinos.C(1000000,0.4,0.05,47,100)...
Loading neutrinos ...
58473 netrinos loaded

## Job finalizado em 20-08-2020 as 14:36:54 ###################
