Warning in <TFile::Init>: file 1000000_0.4_0.15_56_hresultsJetsInvariantMass.root has no keys
Warning in <TFile::Init>: file 1000000_0.4_0.15_61_hresultsJetsInvariantMass.root has no keys
Error in <TFile::ReadBuffer>: error reading all requested bytes from file 1000000_0.4_0.15_63_hresultsJetsInvariantMass.root, got 63 of 300
Error in <TFile::Init>: 1000000_0.4_0.15_63_hresultsJetsInvariantMass.root failed to read the file type data.
Error in <TFileMerger::AddFile>: cannot open file 1000000_0.4_0.15_63_hresultsJetsInvariantMass.root
hadd exiting due to error in 1000000_0.4_0.15_63_hresultsJetsInvariantMass.root
Warning in <TFile::Init>: file 1000000_0.4_0.15_13_resultsMatchesCharmJets.root has no keys
Warning in <TFile::Init>: file 1000000_0.4_0.15_20_resultsMatchesCharmJets.root has no keys
Warning in <TFile::Init>: file 1000000_0.4_0.15_24_resultsMatchesCharmJets.root has no keys
Warning in <TFile::Init>: file 1000000_0.4_0.15_35_resultsMatchesCharmJets.root has no keys
Warning in <TFile::Init>: file 1000000_0.4_0.15_37_resultsMatchesCharmJets.root has no keys
Warning in <TFile::Init>: file 1000000_0.4_0.15_42_resultsMatchesCharmJets.root has no keys
Warning in <TFile::Init>: file 1000000_0.4_0.15_46_resultsMatchesCharmJets.root has no keys
Warning in <TFile::Init>: file 1000000_0.4_0.15_47_resultsMatchesCharmJets.root has no keys
Warning in <TFile::Init>: file 1000000_0.4_0.15_51_resultsMatchesCharmJets.root has no keys
Warning in <TFile::Init>: file 1000000_0.4_0.15_60_resultsMatchesCharmJets.root has no keys
Warning in <TFile::Init>: file 1000000_0.4_0.15_62_resultsMatchesCharmJets.root has no keys
Error in <TFile::ReadBuffer>: error reading all requested bytes from file 100M_0.4_0.15_MatchesJets.root, got 256 of 300
Error in <TFile::Init>: 100M_0.4_0.15_MatchesJets.root failed to read the file type data.
Error in <TFileMerger::AddFile>: cannot open file 100M_0.4_0.15_MatchesJets.root
hadd exiting due to error in 100M_0.4_0.15_MatchesJets.root
Warning in <TFile::Init>: file 1000000_0.4_0.15_17_resultsJetsQuarksPt.root has no keys
Warning in <TFile::Init>: file 1000000_0.4_0.15_38_resultsJetsQuarksPt.root has no keys
Warning in <TFile::Init>: file 1000000_0.4_0.15_43_resultsJetsQuarksPt.root has no keys
Warning in <TFile::Init>: file 1000000_0.4_0.15_49_resultsJetsQuarksPt.root has no keys
Warning in <TFile::Init>: file 1000000_0.4_0.15_54_resultsJetsQuarksPt.root has no keys
Warning in <TFile::Init>: file 1000000_0.4_0.15_57_resultsJetsQuarksPt.root has no keys
Warning in <TFile::Init>: file 1000000_0.4_0.15_70_resultsJetsQuarksPt.root has no keys
Error in <TFile::ReadBuffer>: error reading all requested bytes from file 100M_0.4_0.15_JetsQuarksPt.root, got 258 of 300
Error in <TFile::Init>: 100M_0.4_0.15_JetsQuarksPt.root failed to read the file type data.
Error in <TFileMerger::AddFile>: cannot open file 100M_0.4_0.15_JetsQuarksPt.root
hadd exiting due to error in 100M_0.4_0.15_JetsQuarksPt.root
