Warning in <TFile::Init>: file 1000000_0.4_0.15_12_hresultsJetsInvariantMass.root has no keys
Warning in <TFile::Init>: file 1000000_0.4_0.15_21_hresultsJetsInvariantMass.root has no keys
Warning in <TFile::Init>: file 1000000_0.4_0.15_26_hresultsJetsInvariantMass.root has no keys
Warning in <TFile::Init>: file 1000000_0.4_0.15_2_hresultsJetsInvariantMass.root has no keys
Warning in <TFile::Init>: file 1000000_0.4_0.15_5_hresultsJetsInvariantMass.root has no keys
Error in <TFile::ReadBuffer>: error reading all requested bytes from file 100M_0.4_0.15_JetsInvariantMass.root, got 268 of 300
Error in <TFile::Init>: 100M_0.4_0.15_JetsInvariantMass.root failed to read the file type data.
Error in <TFileMerger::AddFile>: cannot open file 100M_0.4_0.15_JetsInvariantMass.root
hadd exiting due to error in 100M_0.4_0.15_JetsInvariantMass.root
Warning in <TFile::Init>: file 1000000_0.4_0.15_1_resultsMatchesCharmJets.root has no keys
Warning in <TFile::Init>: file 1000000_0.4_0.15_6_resultsMatchesCharmJets.root has no keys
Error in <TFile::ReadBuffer>: error reading all requested bytes from file 100M_0.4_0.15_MatchesJets.root, got 256 of 300
Error in <TFile::Init>: 100M_0.4_0.15_MatchesJets.root failed to read the file type data.
Error in <TFileMerger::AddFile>: cannot open file 100M_0.4_0.15_MatchesJets.root
hadd exiting due to error in 100M_0.4_0.15_MatchesJets.root
Warning in <TFile::Init>: file 1000000_0.4_0.15_19_resultsJetsQuarksPt.root has no keys
Warning in <TFile::Init>: file 1000000_0.4_0.15_9_resultsJetsQuarksPt.root has no keys
Error in <TFile::ReadBuffer>: error reading all requested bytes from file 100M_0.4_0.15_JetsQuarksPt.root, got 258 of 300
Error in <TFile::Init>: 100M_0.4_0.15_JetsQuarksPt.root failed to read the file type data.
Error in <TFileMerger::AddFile>: cannot open file 100M_0.4_0.15_JetsQuarksPt.root
hadd exiting due to error in 100M_0.4_0.15_JetsQuarksPt.root
