4;4;0.824869;0.00389377;0.00698243;0.824831
4;4;0.824869;0.00389377;0.00698243;0.824831
13;4;30.7189;3.35235;1.20223;-30.5059
13;4;30.7189;3.35235;1.20223;-30.5059
13;4;30.7189;3.35235;1.20223;-30.5059
16;4;14.382;-6.95076;2.62386;-11.9534
16;4;14.382;-6.95076;2.62386;-11.9534
20;4;17.9196;1.54954;0.523878;17.8442
28;4;18.004;-5.40938;0.779112;-16.9039
28;4;18.004;-5.40938;0.779112;-16.9039
28;4;18.004;-5.40938;0.779112;-16.9039
28;4;18.004;-5.40938;0.779112;-16.9039
31;4;40.7903;7.66288;0.291858;-40.0301
39;4;96.7188;-26.6787;22.4719;-90.0512
45;4;114.533;-47.6226;24.8648;100.912
45;4;114.533;-47.6226;24.8648;100.912
45;4;114.533;-47.6226;24.8648;100.912
45;4;114.533;-47.6226;24.8648;100.912
45;4;114.533;-47.6226;24.8648;100.912
45;4;114.533;-47.6226;24.8648;100.912
45;4;114.533;-47.6226;24.8648;100.912
45;4;114.533;-47.6226;24.8648;100.912
45;4;114.533;-47.6226;24.8648;100.912
45;4;114.533;-47.6226;24.8648;100.912
45;4;0.235791;-0.0556018;0.0577827;0.1723
45;4;0.235791;-0.0556018;0.0577827;0.1723
45;4;0.235791;-0.0556018;0.0577827;0.1723
45;4;0.235791;-0.0556018;0.0577827;0.1723
45;4;0.235791;-0.0556018;0.0577827;0.1723
54;4;284.678;36.2521;3.82182;-282.226
54;4;284.678;36.2521;3.82182;-282.226
54;4;284.678;36.2521;3.82182;-282.226
54;4;284.678;36.2521;3.82182;-282.226
54;4;284.678;36.2521;3.82182;-282.226
54;4;284.678;36.2521;3.82182;-282.226
54;4;284.678;36.2521;3.82182;-282.226
64;4;0.422821;-0.275113;0.0395048;-0.286444
64;4;0.422821;-0.275113;0.0395048;-0.286444
75;4;144.559;-6.56801;34.9867;140.004
75;4;144.559;-6.56801;34.9867;140.004
78;4;28.6976;6.06724;4.71611;27.6337
78;4;28.6976;6.06724;4.71611;27.6337
78;4;28.6976;6.06724;4.71611;27.6337
78;4;28.6976;6.06724;4.71611;27.6337
78;4;28.6976;6.06724;4.71611;27.6337
78;4;28.6976;6.06724;4.71611;27.6337
82;4;59.4879;-10.2341;15.9348;56.2939
82;4;59.4879;-10.2341;15.9348;56.2939
82;4;59.4879;-10.2341;15.9348;56.2939
82;4;59.4879;-10.2341;15.9348;56.2939
89;4;39.0246;-12.6351;4.88528;36.2938
94;4;399.957;-8.95031;19.2723;-399.368
94;4;399.957;-8.95031;19.2723;-399.368
94;4;399.957;-8.95031;19.2723;-399.368
94;4;399.957;-8.95031;19.2723;-399.368
94;4;399.957;-8.95031;19.2723;-399.368
94;4;399.957;-8.95031;19.2723;-399.368
99;4;134.262;-27.3385;6.01097;131.158
101;4;261.723;6.02249;26.1153;260.303
101;4;261.723;6.02249;26.1153;260.303
101;4;261.723;6.02249;26.1153;260.303
101;4;261.723;6.02249;26.1153;260.303
101;4;261.723;6.02249;26.1153;260.303
101;4;261.723;6.02249;26.1153;260.303
127;4;23.3696;-0.0743292;17.5476;14.6583
127;4;23.3696;-0.0743292;17.5476;14.6583
127;4;23.3696;-0.0743292;17.5476;14.6583
129;4;412.697;-30.1312;3.5417;411.549
129;4;412.697;-30.1312;3.5417;411.549
137;4;14.2274;-0.44489;4.52556;13.4254
137;4;14.2274;-0.44489;4.52556;13.4254
149;4;179.504;-0.134816;0.0469922;179.503
149;4;179.504;-0.134816;0.0469922;179.503
155;4;92.9723;38.9356;26.9047;-79.8705
155;4;92.9723;38.9356;26.9047;-79.8705
155;4;92.9723;38.9356;26.9047;-79.8705
155;4;92.9723;38.9356;26.9047;-79.8705
155;4;92.9723;38.9356;26.9047;-79.8705
168;4;129.364;-14.9874;10.2398;128.066
168;4;129.364;-14.9874;10.2398;128.066
168;4;129.364;-14.9874;10.2398;128.066
168;4;129.364;-14.9874;10.2398;128.066
181;4;73.3204;18.5742;32.7367;62.739
181;4;73.3204;18.5742;32.7367;62.739
181;4;73.3204;18.5742;32.7367;62.739
194;4;4.37092;2.20888;3.00274;2.15537
194;4;4.37092;2.20888;3.00274;2.15537
206;4;3.6276;2.27433;1.83455;2.09228
206;4;3.6276;2.27433;1.83455;2.09228
206;4;3.6276;2.27433;1.83455;2.09228
213;4;85.9478;19.6047;19.8181;81.0408
213;4;85.9478;19.6047;19.8181;81.0408
213;4;85.9478;19.6047;19.8181;81.0408
218;4;67.6114;9.28737;25.2297;-61.7484
218;4;67.6114;9.28737;25.2297;-61.7484
218;4;67.6114;9.28737;25.2297;-61.7484
218;4;67.6114;9.28737;25.2297;-61.7484
218;4;67.6114;9.28737;25.2297;-61.7484
219;4;139.12;-9.56009;35.8283;133.75
219;4;139.12;-9.56009;35.8283;133.75
219;4;139.12;-9.56009;35.8283;133.75
219;4;139.12;-9.56009;35.8283;133.75
233;4;97.7291;-22.3747;35.6964;87.9632
233;4;97.7291;-22.3747;35.6964;87.9632
233;4;97.7291;-22.3747;35.6964;87.9632
233;4;97.7291;-22.3747;35.6964;87.9632
233;4;97.7291;-22.3747;35.6964;87.9632
233;4;97.7291;-22.3747;35.6964;87.9632
244;4;1093.35;-10.1282;26.4218;1092.98
244;4;1093.35;-10.1282;26.4218;1092.98
244;4;1093.35;-10.1282;26.4218;1092.98
244;4;1093.35;-10.1282;26.4218;1092.98
245;4;90.9239;-31.0626;13.0802;84.3477
245;4;90.9239;-31.0626;13.0802;84.3477
245;4;90.9239;-31.0626;13.0802;84.3477
245;4;90.9239;-31.0626;13.0802;84.3477
245;4;90.9239;-31.0626;13.0802;84.3477
245;4;90.9239;-31.0626;13.0802;84.3477
245;4;90.9239;-31.0626;13.0802;84.3477
245;4;90.9239;-31.0626;13.0802;84.3477
247;4;10.0808;1.91054;3.849;-8.82991
264;4;243.572;25.4707;3.69152;242.152
264;4;243.572;25.4707;3.69152;242.152
264;4;243.572;25.4707;3.69152;242.152
264;4;243.572;25.4707;3.69152;242.152
267;4;4.97517;0.438701;0.716731;4.89276
269;4;106.509;-22.5426;10.392;-103.538
269;4;106.509;-22.5426;10.392;-103.538
269;4;106.509;-22.5426;10.392;-103.538
270;4;15.5113;0.645069;1.11322;15.457
270;4;15.5113;0.645069;1.11322;15.457
271;4;787.433;22.3039;19.3091;786.837
271;4;56.11;0.928321;2.06625;56.0641
272;4;40.1375;26.2835;0.74261;-30.2005
272;4;40.1375;26.2835;0.74261;-30.2005
272;4;40.1375;26.2835;0.74261;-30.2005
272;4;40.1375;26.2835;0.74261;-30.2005
272;4;40.1375;26.2835;0.74261;-30.2005
272;4;40.1375;26.2835;0.74261;-30.2005
272;4;40.1375;26.2835;0.74261;-30.2005
280;4;32.719;3.00835;1.88262;32.517
289;4;41.6532;18.9205;24.3203;27.7868
289;4;41.6532;18.9205;24.3203;27.7868
289;4;41.6532;18.9205;24.3203;27.7868
289;4;41.6532;18.9205;24.3203;27.7868
289;4;41.6532;18.9205;24.3203;27.7868
290;4;146.115;-11.5088;4.67097;145.577
290;4;146.115;-11.5088;4.67097;145.577
290;4;146.115;-11.5088;4.67097;145.577
297;4;29.4305;-18.0183;11.023;-20.3189
297;4;29.4305;-18.0183;11.023;-20.3189
301;4;76.5234;-75.3526;0.595667;-11.1166
301;4;76.5234;-75.3526;0.595667;-11.1166
301;4;76.5234;-75.3526;0.595667;-11.1166
301;4;76.5234;-75.3526;0.595667;-11.1166
301;4;76.5234;-75.3526;0.595667;-11.1166
301;4;76.5234;-75.3526;0.595667;-11.1166
301;4;76.5234;-75.3526;0.595667;-11.1166
301;4;76.5234;-75.3526;0.595667;-11.1166
312;4;40.7182;14.6857;37.4741;2.28616
312;4;40.7182;14.6857;37.4741;2.28616
312;4;40.7182;14.6857;37.4741;2.28616
312;4;40.7182;14.6857;37.4741;2.28616
318;4;5.7677;0.188242;5.33512;-2.00245
318;4;5.7677;0.188242;5.33512;-2.00245
318;4;5.7677;0.188242;5.33512;-2.00245
321;4;37.9412;-0.920325;1.38859;37.9032
322;4;271.529;1.83367;0.274072;271.523
322;4;271.529;1.83367;0.274072;271.523
332;4;38.067;-13.1892;30.7326;17.3347
332;4;38.067;-13.1892;30.7326;17.3347
332;4;38.067;-13.1892;30.7326;17.3347
332;4;38.067;-13.1892;30.7326;17.3347
332;4;38.067;-13.1892;30.7326;17.3347
332;4;38.067;-13.1892;30.7326;17.3347
337;4;118.85;11.4525;20.883;116.404
337;4;118.85;11.4525;20.883;116.404
343;4;818.941;2.37231;32.4651;-818.284
343;4;818.941;2.37231;32.4651;-818.284
343;4;818.941;2.37231;32.4651;-818.284
343;4;818.941;2.37231;32.4651;-818.284
343;4;818.941;2.37231;32.4651;-818.284
343;4;818.941;2.37231;32.4651;-818.284
353;4;674.544;-5.75658;2.392;674.514
353;4;674.544;-5.75658;2.392;674.514
353;4;674.544;-5.75658;2.392;674.514
353;4;674.544;-5.75658;2.392;674.514
361;4;28.174;10.5747;16.8359;19.8942
361;4;28.174;10.5747;16.8359;19.8942
361;4;28.174;10.5747;16.8359;19.8942
361;4;28.174;10.5747;16.8359;19.8942
361;4;28.174;10.5747;16.8359;19.8942
364;4;32.1714;-3.7162;4.53481;31.554
371;4;1.89856;-0.202114;0.073323;-1.88635
376;4;1394.12;38.0999;18.318;1393.45
376;4;1394.12;38.0999;18.318;1393.45
376;4;1394.12;38.0999;18.318;1393.45
382;4;388.116;-3.59468;26.1305;387.109
383;4;569.042;2.27445;1.68518;-569.034
383;4;569.042;2.27445;1.68518;-569.034
392;4;335.18;35.9694;38.7536;330.948
392;4;335.18;35.9694;38.7536;330.948
392;4;335.18;35.9694;38.7536;330.948
392;4;335.18;35.9694;38.7536;330.948
394;4;0.298952;0.286689;0.0682473;-0.0502381
397;4;104.806;60.6904;11.442;83.7075
397;4;104.806;60.6904;11.442;83.7075
397;4;104.806;60.6904;11.442;83.7075
397;4;104.806;60.6904;11.442;83.7075
397;4;104.806;60.6904;11.442;83.7075
397;4;104.806;60.6904;11.442;83.7075
402;4;10.0552;2.90285;1.91586;-9.40739
406;4;133.296;0.0623851;4.70863;-133.204
434;4;10.0965;-4.10189;7.10216;5.57104
434;4;10.0965;-4.10189;7.10216;5.57104
434;4;10.0965;-4.10189;7.10216;5.57104
438;4;0.178287;0.0507063;0.151698;-0.0787591
438;4;0.178287;0.0507063;0.151698;-0.0787591
438;4;0.178287;0.0507063;0.151698;-0.0787591
444;4;144.816;4.73106;36.7841;-139.95
444;4;144.816;4.73106;36.7841;-139.95
444;4;144.816;4.73106;36.7841;-139.95
444;4;144.816;4.73106;36.7841;-139.95
448;4;411.873;5.91244;6.29772;-411.779
448;4;411.873;5.91244;6.29772;-411.779
449;4;8.05612;2.66656;1.58385;7.3554
449;4;8.05612;2.66656;1.58385;7.3554
449;4;8.05612;2.66656;1.58385;7.3554
450;4;57.7989;26.5828;10.0237;49.922
466;4;34.975;-15.8927;24.9745;-18.166
466;4;34.975;-15.8927;24.9745;-18.166
466;4;34.975;-15.8927;24.9745;-18.166
466;4;34.975;-15.8927;24.9745;-18.166
466;4;34.975;-15.8927;24.9745;-18.166
466;4;34.975;-15.8927;24.9745;-18.166
467;4;124.715;-1.6511;0.123238;124.704
467;4;124.715;-1.6511;0.123238;124.704
482;4;79.4464;-7.13171;25.0306;-75.039
482;4;79.4464;-7.13171;25.0306;-75.039
482;4;79.4464;-7.13171;25.0306;-75.039
482;4;79.4464;-7.13171;25.0306;-75.039
491;4;109.975;-10.3915;3.30206;109.39
491;4;109.975;-10.3915;3.30206;109.39
491;4;109.975;-10.3915;3.30206;109.39
493;4;17.9768;-4.72264;2.97528;-16.9413
493;4;17.9768;-4.72264;2.97528;-16.9413
500;4;158.564;-0.422803;0.451035;158.562
511;4;35.622;30.3058;0.353788;-17.8062
511;4;35.622;30.3058;0.353788;-17.8062
511;4;35.622;30.3058;0.353788;-17.8062
511;4;35.622;30.3058;0.353788;-17.8062
511;4;35.622;30.3058;0.353788;-17.8062
514;4;330.594;42.603;10.547;-327.595
514;4;330.594;42.603;10.547;-327.595
514;4;330.594;42.603;10.547;-327.595
514;4;330.594;42.603;10.547;-327.595
531;4;96.263;29.9749;13.8245;-90.1744
531;4;96.263;29.9749;13.8245;-90.1744
533;4;1.38501;-0.063427;-0.00200742;1.3765
534;4;187.172;23.8959;27.5771;183.439
534;4;187.172;23.8959;27.5771;183.439
534;4;187.172;23.8959;27.5771;183.439
538;4;7.96142;3.28946;6.15521;0.564342
538;4;7.96142;3.28946;6.15521;0.564342
538;4;7.96142;3.28946;6.15521;0.564342
538;4;7.96142;3.28946;6.15521;0.564342
538;4;7.96142;3.28946;6.15521;0.564342
542;4;227.439;5.28996;1.71484;227.368
544;4;111.379;2.61569;5.37849;111.128
546;4;181.653;12.2308;36.9622;-177.36
549;4;37.2259;6.14132;32.8076;15.4115
549;4;37.2259;6.14132;32.8076;15.4115
549;4;37.2259;6.14132;32.8076;15.4115
552;4;523.198;-32.4982;6.8786;-522.074
563;4;43.5449;11.5186;12.2396;40.0446
563;4;43.5449;11.5186;12.2396;40.0446
563;4;0.988378;-0.260513;0.162911;0.939207
575;4;65.2314;4.13921;17.4773;-62.6509
575;4;65.2314;4.13921;17.4773;-62.6509
575;4;65.2314;4.13921;17.4773;-62.6509
575;4;65.2314;4.13921;17.4773;-62.6509
577;4;24.6848;-8.55957;3.53775;22.5532
578;4;33.8382;-9.33151;25.0778;-18.8841
578;4;33.8382;-9.33151;25.0778;-18.8841
587;4;46.722;0.787327;0.222851;46.7112
588;4;2.46539;-1.50759;0.443895;1.76995
596;4;9.1636;0.208964;0.00240552;-9.16122
596;4;9.1636;0.208964;0.00240552;-9.16122
597;4;5.44386;3.66183;1.77934;-3.57012
597;4;5.44386;3.66183;1.77934;-3.57012
601;4;40.3442;-8.02531;32.3726;21.5233
601;4;40.3442;-8.02531;32.3726;21.5233
602;4;979.811;-8.199;24.367;-979.468
602;4;979.811;-8.199;24.367;-979.468
603;4;174.521;25.3189;22.2431;-171.103
603;4;174.521;25.3189;22.2431;-171.103
603;4;174.521;25.3189;22.2431;-171.103
606;4;790.426;-21.8676;17.1769;-789.922
606;4;790.426;-21.8676;17.1769;-789.922
606;4;790.426;-21.8676;17.1769;-789.922
671;4;44.8542;-13.784;25.2426;-34.307
671;4;44.8542;-13.784;25.2426;-34.307
671;4;44.8542;-13.784;25.2426;-34.307
671;4;44.8542;-13.784;25.2426;-34.307
675;4;1.20284;-0.984872;0.0575976;-0.352772
675;4;1.20284;-0.984872;0.0575976;-0.352772
675;4;1.20284;-0.984872;0.0575976;-0.352772
675;4;1.20284;-0.984872;0.0575976;-0.352772
675;4;1.20284;-0.984872;0.0575976;-0.352772
684;4;48.3455;4.29152;3.0747;48.0021
684;4;48.3455;4.29152;3.0747;48.0021
687;4;442.635;20.0999;24.2206;441.395
687;4;442.635;20.0999;24.2206;441.395
687;4;442.635;20.0999;24.2206;441.395
687;4;442.635;20.0999;24.2206;441.395
692;4;21.7439;-20.8225;4.22596;2.22471
694;4;289.666;-15.2065;29.5125;287.717
694;4;289.666;-15.2065;29.5125;287.717
699;4;2.33716;1.05571;0.260875;2.05718
702;4;64.5937;17.2672;28.2518;-55.145
708;4;110.884;-2.0976;1.85668;110.845
725;4;138.216;-9.34179;20.0274;136.384
725;4;138.216;-9.34179;20.0274;136.384
725;4;138.216;-9.34179;20.0274;136.384
725;4;138.216;-9.34179;20.0274;136.384
728;4;195.67;24.9728;12.6207;193.559
728;4;195.67;24.9728;12.6207;193.559
728;4;195.67;24.9728;12.6207;193.559
728;4;195.67;24.9728;12.6207;193.559
728;4;195.67;24.9728;12.6207;193.559
728;4;195.67;24.9728;12.6207;193.559
728;4;195.67;24.9728;12.6207;193.559
728;4;195.67;24.9728;12.6207;193.559
728;4;195.67;24.9728;12.6207;193.559
738;4;263.316;19.1634;36.8095;259.946
745;4;124.654;3.4202;0.910872;-124.597
745;4;36.9256;1.02146;1.41497;36.8841
746;4;1.24306;-0.0269385;1.19717;-0.257043
754;4;531.015;-28.4732;2.83356;530.237
754;4;531.015;-28.4732;2.83356;530.237
754;4;531.015;-28.4732;2.83356;530.237
766;4;34.5729;-0.540006;6.06694;-33.9777
777;4;22.1627;-2.43607;1.94039;-21.9339
777;4;22.1627;-2.43607;1.94039;-21.9339
777;4;22.1627;-2.43607;1.94039;-21.9339
780;4;126.553;-2.21232;0.506397;126.524
788;4;83.3291;6.76973;5.93835;-82.8256
788;4;83.3291;6.76973;5.93835;-82.8256
795;4;1299.67;-25.2614;4.41336;-1299.41
795;4;1299.67;-25.2614;4.41336;-1299.41
795;4;1299.67;-25.2614;4.41336;-1299.41
795;4;1299.67;-25.2614;4.41336;-1299.41
795;4;1299.67;-25.2614;4.41336;-1299.41
795;4;1299.67;-25.2614;4.41336;-1299.41
795;4;14.7429;-1.60888;8.70162;10.6542
795;4;14.7429;-1.60888;8.70162;10.6542
795;4;14.7429;-1.60888;8.70162;10.6542
796;4;0.213075;-0.00023181;0.117357;-0.110221
796;4;0.213075;-0.00023181;0.117357;-0.110221
796;4;0.213075;-0.00023181;0.117357;-0.110221
