11;3;84.8876;-21.7541;29.6596;76.5031
11;3;83.205;-21.3228;29.0716;74.9867
11;3;83.0428;-21.2812;29.0149;74.8405
11;3;82.4237;-21.1225;28.7985;74.2825
11;3;82.4237;-21.1225;28.7985;74.2825
18;3;15.562;-0.0461088;0.403789;15.5486
18;3;15.562;-0.0461088;0.403789;15.5486
23;3;2.47811;0.426613;0.965414;2.15437
23;3;2.47811;0.426613;0.965414;2.15437
26;3;14.607;3.97461;0.788466;14.0248
26;3;14.607;3.97461;0.788466;14.0248
39;3;32.5816;0.249272;0.0345932;-32.5768
39;3;32.5816;0.249272;0.0345932;-32.5768
45;3;25.7759;-11.0267;6.07199;22.4875
59;3;45.113;-0.442701;0.430264;-45.106
65;3;4.97742;1.91898;4.29092;-1.5589
78;3;22.4229;-5.64466;21.5204;-2.74676
78;3;22.3262;-5.62029;21.4276;-2.73494
78;3;22.312;-5.61674;21.414;-2.73321
78;3;22.2758;-5.24853;21.4652;-2.76756
78;3;33.3838;-2.59608;8.36224;32.2112
78;3;33.4041;-2.59282;8.36642;32.2315
96;3;6.56219;0.605878;3.24819;-5.64752
96;3;5.59011;0.514558;2.74926;-4.81416
96;3;5.59062;0.513791;2.75171;-4.81343
107;3;12.6574;7.80389;6.01917;7.92649
107;3;12.6574;7.80389;6.01917;7.92649
115;3;3.03025;-2.504;0.410296;1.57926
128;3;4.75276;-1.84373;2.16343;3.7761
128;3;4.76876;-1.82929;2.14683;3.81259
134;3;165.179;-9.34361;27.8764;-162.541
134;3;139.096;-8.69798;23.206;-136.87
134;3;139.096;-8.69798;23.206;-136.87
145;3;5.598;-4.69697;2.60863;-1.49035
148;3;4.84957;2.28002;0.257573;4.24305
148;3;4.84957;2.28002;0.257573;4.24305
162;3;17.899;1.55534;0.407629;-17.8196
162;3;17.899;1.55534;0.407629;-17.8196
174;3;227.395;1.32435;0.453995;-227.39
174;3;225.906;1.31777;0.45898;-225.901
175;3;7.5809;1.14557;0.0385091;-7.47705
179;3;115.703;2.59797;12.2023;-115.028
179;3;115.703;2.59797;12.2023;-115.028
206;3;77.8215;-31.4228;71.1935;-0.161839
206;3;71.5716;-28.8996;65.4755;-0.148866
206;3;55.899;-22.5677;51.1384;-0.114945
206;3;40.4751;-16.3644;37.016;-0.0837392
206;3;40.4751;-16.3644;37.016;-0.0837392
214;3;66.2219;-11.0103;7.74155;-64.8378
214;3;66.2947;-11.016;7.74703;-64.9104
214;3;66.2554;-11.0844;7.91788;-64.838
214;3;69.635;-11.5046;8.19769;-68.1797
214;3;69.635;-11.5046;8.19769;-68.1797
218;3;50.7416;-29.3283;20.6941;-35.8617
218;3;48.7352;-28.1685;19.8756;-34.4437
218;3;23.6391;-14.13;9.23185;-16.5432
218;3;23.6391;-14.13;9.23185;-16.5432
223;3;72.9164;-9.64969;2.12157;72.2422
243;3;82.3855;-9.24238;23.5495;-78.4036
243;3;82.4673;-9.14209;23.7514;-78.4405
243;3;82.479;-9.07647;23.7898;-78.4487
243;3;75.9486;-8.44194;22.7374;-71.97
243;3;66.1764;-7.20769;19.4248;-62.8474
243;3;66.1832;-7.22512;19.4195;-62.8542
243;3;66.2277;-7.26584;19.4342;-62.8918
243;3;66.2277;-7.26584;19.4342;-62.8918
247;3;280.333;-28.4089;12.6844;-278.6
247;3;278.132;-28.1859;12.5849;-276.414
247;3;273.629;-28.1269;11.9651;-271.916
247;3;211.136;-22.092;9.60958;-209.756
247;3;211.136;-22.092;9.60958;-209.756
247;3;7.30504;-0.142889;1.26763;-7.14065
247;3;7.30504;-0.142889;1.26763;-7.14065
254;3;465.898;3.6266;2.40868;-465.877
254;3;465.898;3.6266;2.40868;-465.877
255;3;65.753;-13.7996;6.86934;-63.9186
255;3;65.8407;-13.8111;6.86961;-64.0063
255;3;65.908;-14.2957;7.07153;-63.9472
255;3;65.908;-14.2957;7.07153;-63.9472
256;3;286.211;-0.714612;58.2457;280.221
256;3;269.27;-0.672092;54.798;263.634
272;3;349.656;24.2114;22.6645;-348.079
272;3;337.694;23.3829;21.889;-336.171
272;3;336.73;23.3162;21.8265;-335.211
272;3;323.932;21.9493;22.0233;-322.436
272;3;323.932;21.9493;22.0233;-322.436
290;3;73.3786;-2.86079;2.04388;73.2926
290;3;73.5664;-2.86588;2.04499;73.4804
290;3;73.5421;-2.86493;2.04431;73.4561
295;3;8.50744;5.35066;4.79315;-4.5302
295;3;8.54676;5.37266;4.80172;-4.56894
301;3;25.542;-8.96238;14.7237;-18.8424
301;3;25.267;-8.86578;14.565;-18.6394
301;3;22.9455;-8.05083;13.2263;-16.9262
301;3;22.9455;-8.05083;13.2263;-16.9262
308;3;9.79951;-3.75707;3.45472;-8.35043
308;3;8.50184;-3.2675;3.00516;-7.23352
308;3;8.50184;-3.2675;3.00516;-7.23352
324;3;121.78;-2.20354;6.38444;-121.591
324;3;113.115;-2.04355;6.04593;-112.934
324;3;113.115;-2.04355;6.04593;-112.934
325;3;653.264;33.9067;30.3282;651.678
325;3;641.861;33.3149;29.7988;640.303
325;3;438.824;21.8933;20.584;437.794
325;3;438.824;21.8933;20.584;437.794
326;3;133.052;-33.3114;26.3983;-126.08
326;3;126.512;-30.7878;26.1912;-119.879
326;3;126.512;-30.7878;26.1912;-119.879
330;3;56.4574;29.5169;0.896726;48.1159
330;3;55.6559;29.0978;0.884072;47.4328
330;3;52.905;27.6595;0.84087;45.088
330;3;50.1416;26.3384;0.527566;42.6608
330;3;50.4088;26.585;0.669483;42.8204
330;3;50.4088;26.585;0.669483;42.8204
345;3;13.0677;5.72218;2.21857;-11.5261
345;3;13.0677;5.72218;2.21857;-11.5261
363;3;29.7542;-3.4951;14.4208;-25.7854
371;3;5.88861;-3.48292;1.19609;4.56775
371;3;5.34349;-3.14964;1.08191;4.14874
371;3;4.97496;-2.92256;1.00645;3.866
380;3;77.5378;8.86949;41.9145;64.6248
380;3;62.7931;7.18251;33.9422;52.336
380;3;55.7059;6.37246;30.1098;46.4293
380;3;50.4642;5.77318;27.2749;42.0612
383;3;122.574;0.827964;0.252418;-122.57
387;3;27.8917;-0.588454;0.554215;27.8755
403;3;29.5765;-12.474;26.5762;3.55326
405;3;839.857;-32.3425;32.3044;-838.612
405;3;825.196;-31.7779;31.7405;-823.973
405;3;782.438;-30.1313;30.0959;-781.278
405;3;727.024;-27.9979;27.9649;-725.946
405;3;772.24;-29.7953;29.6664;-771.095
405;3;772.24;-29.7953;29.6664;-771.095
418;3;322.91;-1.7523;26.3819;321.825
418;3;311.545;-1.69062;25.4533;310.499
418;3;286.979;-1.55708;23.4459;286.015
418;3;275.531;-1.49484;22.5104;274.605
418;3;266.743;-1.59002;22.141;265.817
418;3;266.743;-1.59002;22.141;265.817
420;3;54.3184;-17.2385;3.94254;-51.3569
420;3;52.0978;-16.5341;3.7809;-49.2571
437;3;59.2037;-45.4987;9.36101;-36.7024
437;3;59.3684;-45.9307;8.92684;-36.5382
437;3;58.042;-44.9045;8.7273;-35.7218
437;3;43.2027;-33.8777;6.58912;-25.9829
437;3;43.1981;-33.8522;6.64151;-25.995
437;3;43.1981;-33.8522;6.64151;-25.995
443;3;160.964;-3.57599;35.0521;157.059
443;3;154.215;-3.42598;33.5821;150.474
443;3;152.692;-3.39212;33.2504;148.988
443;3;152.692;-3.39212;33.2504;148.988
460;3;53.201;0.503599;1.34116;-53.1794
467;3;68.9805;0.407313;1.40611;68.9632
467;3;68.2654;0.403113;1.39156;68.2482
474;3;680.961;6.76693;31.6631;-680.191
474;3;643.605;6.39565;29.9259;-642.876
481;3;2.82074;1.59265;2.24111;-0.384023
481;3;2.82074;1.59265;2.24111;-0.384023
493;3;13.871;10.0366;6.10418;-7.35925
493;3;13.1973;9.54821;5.80723;-7.00189
493;3;12.2504;8.8619;5.38993;-6.49907
493;3;9.36226;-1.3625;2.14137;8.99778
493;3;9.35562;-1.32606;2.10436;9.00505
494;3;63.7256;0.664816;8.55502;63.1432
494;3;63.7256;0.664816;8.55502;63.1432
510;3;21.8424;-10.4921;6.94829;17.8459
510;3;21.9788;-11.0569;6.84612;17.7115
510;3;21.7577;-10.9453;6.77712;17.5334
510;3;21.0853;-10.6058;6.56739;16.992
510;3;21.158;-10.8815;6.635;16.8813
510;3;21.158;-10.8815;6.635;16.8813
523;3;75.1396;10.5804;45.7334;58.6705
523;3;72.2434;10.1725;43.9705;56.409
523;3;68.4223;9.63468;41.6449;53.4251
523;3;68.4223;9.63468;41.6449;53.4251
526;3;18.2749;3.17896;5.58554;-17.1002
536;3;239.318;-4.11287;20.2769;238.421
536;3;237.379;-3.41082;20.5556;236.462
536;3;230.281;-3.30896;19.9408;229.392
536;3;230.281;-3.30896;19.9408;229.392
538;3;5.86532;-5.77434;0.335502;-0.834526
562;3;14.9823;-0.0479492;0.533688;14.9644
562;3;14.9823;-0.0479492;0.533688;14.9644
566;3;14.3711;-12.7485;6.08418;-2.59564
566;3;14.2693;-12.5622;6.18413;-2.70381
566;3;14.0703;-12.4296;6.07969;-2.50318
566;3;14.0931;-12.4326;6.13811;-2.47351
566;3;14.0931;-12.4326;6.13811;-2.47351
568;3;6.80447;2.7291;2.36619;-5.7449
568;3;6.85107;2.79422;2.36643;-5.76884
568;3;9.27374;3.69402;2.88847;-7.9568
568;3;9.27374;3.69402;2.88847;-7.9568
568;3;6.25607;-0.376544;1.90079;5.89248
572;3;98.1687;-0.585153;36.5845;91.0937
572;3;94.5577;-1.16419;35.75;87.5299
572;3;91.9938;-1.3826;34.543;85.2495
572;3;91.9938;-1.3826;34.543;85.2495
587;3;680.358;11.27;13.2507;-680.135
587;3;680.358;11.27;13.2507;-680.135
590;3;78.4476;-1.41984;8.17745;78.0057
590;3;78.4476;-1.41984;8.17745;78.0057
612;3;164.008;5.39889;1.79657;163.909
622;3;15.8663;-0.897441;4.46297;-15.191
622;3;15.8663;-0.897441;4.46297;-15.191
629;3;236.958;-6.79769;2.73545;236.844
629;3;237.182;-6.8787;3.24121;237.06
629;3;237.349;-6.881;3.24282;237.227
632;3;73.4288;-36.1223;1.93257;-63.8982
632;3;72.4307;-35.6313;1.9063;-63.0297
635;3;78.6715;-0.996128;11.6546;77.7955
635;3;78.0064;-0.909218;11.5245;77.1434
635;3;78.0064;-0.909218;11.5245;77.1434
636;3;33.4137;24.1196;5.21556;-22.5226
641;3;13.3714;2.3318;12.5732;3.87588
641;3;13.3838;2.3198;12.5863;3.88316
641;3;13.3838;2.3198;12.5863;3.88316
643;3;35.8746;26.8006;23.2208;-5.40915
643;3;32.796;24.5002;21.2277;-4.94495
643;3;30.016;22.9943;18.9072;-3.80641
643;3;26.3707;20.1986;16.6125;-3.34731
643;3;26.3707;20.1986;16.6125;-3.34731
663;3;15.4033;-0.364701;2.7111;15.1502
663;3;15.4033;-0.364701;2.7111;15.1502
664;3;21.7959;-17.678;8.47194;9.51464
671;3;1.10497;0.213344;0.0593207;0.960173
671;3;1.10537;0.209504;0.0633382;0.961221
671;3;1.10537;0.209504;0.0633382;0.961221
672;3;33.3253;4.55892;1.41462;32.9779
672;3;30.0437;4.09772;1.27065;29.7316
672;3;30.8963;4.31656;1.31519;30.5544
672;3;30.8963;4.31656;1.31519;30.5544
678;3;83.098;26.0675;29.3618;-73.2352
678;3;83.927;26.4428;29.3092;-74.0624
688;3;72.3001;-13.0641;27.8664;65.4205
688;3;71.3156;-12.8862;27.4869;64.5297
688;3;67.5548;-12.2066;26.0372;61.1267
688;3;63.1326;-11.4072;24.3328;57.125
688;3;61.2533;-11.0676;23.6089;55.4242
688;3;61.2533;-11.0676;23.6089;55.4242
713;3;267.83;23.0029;3.27637;266.82
713;3;266.1;22.8542;3.25521;265.096
713;3;255.149;21.9136;3.12134;254.187
713;3;48.0638;-2.89578;13.3488;46.0793
713;3;44.4342;-2.92292;11.7945;42.7375
713;3;44.4524;-2.92087;11.9106;42.7244
713;3;44.4524;-2.92087;11.9106;42.7244
730;3;5.74765;-4.00664;0.490759;-4.06097
730;3;7.45992;-5.17384;0.696779;-5.29671
730;3;7.45992;-5.17384;0.696779;-5.29671
745;3;141.009;1.22767;0.79111;-141.001
752;3;244.189;22.132;7.89004;243.056
752;3;242.627;21.9904;7.83956;241.501
755;3;62.2795;-0.829681;11.9899;-61.1068
767;3;62.694;-12.3178;25.4812;-55.9399
767;3;61.4039;-12.0642;24.9566;-54.7888
767;3;38.265;-7.3393;15.3543;-34.2686
767;3;29.7335;-5.69381;11.9486;-26.6203
767;3;29.7335;-5.69381;11.9486;-26.6203
769;3;549.822;2.70459;0.140035;549.816
776;3;8.81137;4.54784;0.166541;-7.52859
776;3;8.80006;4.51921;0.191436;-7.53201
776;3;8.80006;4.51921;0.191436;-7.53201
779;3;157.446;-3.44937;36.6098;-153.09
779;3;113.077;-2.47704;26.2919;-109.949
779;3;103.281;-2.26231;24.0143;-100.424
779;3;95.1621;-1.0275;23.0225;-92.3281
779;3;54.3489;-0.603128;13.1411;-52.7304
779;3;54.3489;-0.603128;13.1411;-52.7304
782;3;84.0525;-2.19428;0.125931;84.0223
782;3;84;-2.30691;0.133067;83.9667
798;3;1103.73;1.07468;2.43706;1103.72
798;3;1103.73;1.07468;2.43706;1103.72
