4;-4;35.6608;12.1118;16.5524;-29.1336
4;-4;34.6691;11.7428;16.4441;-28.1317
4;-4;34.1758;11.5759;16.21;-27.7304
4;-4;31.4691;10.8519;14.2366;-25.8382
4;-4;31.4392;10.7954;14.1613;-25.8667
4;-4;31.4392;10.7954;14.1613;-25.8667
13;-4;46.5222;13.8705;37.8986;23.0947
13;-4;46.3909;13.8313;37.7915;23.0296
13;-4;46.0285;13.7231;37.4958;22.8498
13;-4;42.9545;13.5904;34.8827;21.008
13;-4;38.7132;12.2175;31.4351;18.9481
38;-4;18.7829;4.21146;1.24072;18.2008
38;-4;18.8886;4.22565;1.2052;18.309
38;-4;25.7616;5.67879;1.67123;25.0105
38;-4;25.7616;5.67879;1.67123;25.0105
42;-4;73.7123;5.57185;37.1894;-63.3811
42;-4;68.6431;5.19167;34.6287;-59.0214
46;-4;81.8801;-3.63836;8.47365;81.3453
53;-4;161.505;-23.9109;34.9077;-155.856
53;-4;134.109;-20.8354;28.4545;-129.38
53;-4;120.151;-18.6257;25.5073;-115.916
53;-4;120.151;-18.6257;25.5073;-115.916
64;-4;30.0435;28.2604;1.27883;-10.0038
64;-4;27.8987;26.2382;1.19105;-9.28593
64;-4;27.7359;26.0847;1.18406;-9.23151
64;-4;26.4191;24.8436;1.12829;-8.78873
64;-4;27.5199;25.7614;1.23758;-9.38662
64;-4;27.5199;25.7614;1.23758;-9.38662
68;-4;279.69;-18.9794;36.6533;-276.623
68;-4;265.55;-18.0185;34.7969;-262.638
68;-4;242.754;-16.4708;31.8042;-240.092
68;-4;202.077;-13.7013;26.4681;-199.862
68;-4;202.077;-13.7013;26.4681;-199.862
79;-4;85.0465;-2.21727;20.4689;-82.5031
109;-4;510.585;-19.2722;34.0896;-509.079
109;-4;483.715;-18.2574;32.2941;-482.288
109;-4;479.444;-18.096;32.0086;-478.029
122;-4;391.08;-23.4747;33.1775;-388.96
122;-4;332.195;-18.9471;27.8293;-330.481
122;-4;332.195;-18.9471;27.8293;-330.481
135;-4;105.285;16.1473;31.8642;-99.0279
135;-4;105.285;16.1473;31.8642;-99.0279
155;-4;38.8189;12.5824;0.0712059;36.6925
155;-4;38.8189;12.5824;0.0712059;36.6925
160;-4;77.6063;2.31479;1.56433;-77.5415
178;-4;45.9579;17.7353;30.8895;29.0031
178;-4;44.447;17.1518;29.873;28.0483
178;-4;43.3945;16.7449;29.1652;27.3832
178;-4;42.2936;16.8703;27.8892;26.9087
178;-4;33.2913;13.9692;21.8628;20.8072
178;-4;33.2913;13.9692;21.8628;20.8072
188;-4;16.0175;5.32485;13.1723;-7.24215
188;-4;16.0046;5.3379;13.1585;-7.22893
188;-4;15.5207;5.17376;12.7541;-7.01475
188;-4;15.535;5.17554;12.763;-7.02887
193;-4;160.797;93.2065;105.932;77.0988
193;-4;141.06;82.6331;92.3083;67.429
193;-4;141.063;82.6119;92.3339;67.4262
193;-4;141.062;82.8537;92.1181;67.4221
193;-4;141.062;82.8537;92.1181;67.4221
211;-4;6.63939;1.65893;1.80326;-5.98563
217;-4;1021.32;41.3603;21.2098;-1020.27
217;-4;955.041;38.7778;20.8891;-954.024
217;-4;869.58;35.9021;19.098;-868.627
217;-4;869.58;35.9021;19.098;-868.627
233;-4;223.305;-11.1579;3.63107;-222.992
233;-4;223.305;-11.1579;3.63107;-222.992
251;-4;47.8713;32.6276;24.667;-24.8271
251;-4;47.3455;32.2689;24.3956;-24.5545
285;-4;19.1277;-14.36;2.60628;12.2726
285;-4;17.1996;-12.8988;2.35952;11.0285
285;-4;17.1996;-12.8988;2.35952;11.0285
308;-4;393.478;40.4942;60.6146;-386.664
308;-4;322.754;33.2114;49.7192;-317.164
308;-4;314.871;32.3988;48.5039;-309.418
308;-4;303.626;31.2384;46.7695;-298.368
308;-4;256.179;26.3119;39.4749;-251.743
308;-4;313.526;31.8419;48.3023;-308.137
308;-4;313.526;31.8419;48.3023;-308.137
310;-4;17.5131;-11.0288;4.48116;-12.7571
310;-4;17.5131;-11.0288;4.48116;-12.7571
319;-4;215.574;36.8972;5.70758;-212.311
319;-4;215.574;36.8972;5.70758;-212.311
322;-4;62.9851;-0.331436;0.925929;62.9595
322;-4;62.9851;-0.331436;0.925929;62.9595
346;-4;75.6931;16.7548;8.00675;-73.3646
346;-4;75.6931;16.7548;8.00675;-73.3646
405;-4;22.6236;0.766761;13.2206;-18.2813
410;-4;106.54;-10.2483;44.7904;-96.1114
416;-4;48.8951;-27.1736;27.6125;29.7931
416;-4;25.6576;-14.2278;14.4646;15.6337
416;-4;24.254;-13.4388;13.6792;14.7744
416;-4;26.2893;-14.3761;15.0265;15.9779
416;-4;26.2893;-14.3761;15.0265;15.9779
448;-4;252.693;18.6758;21.2815;251.097
448;-4;245.957;18.176;20.7114;244.404
448;-4;228.377;16.8697;19.2215;226.936
448;-4;220.731;16.3008;18.5768;219.338
448;-4;220.731;16.3008;18.5768;219.338
457;-4;33.4357;-9.32914;8.46364;30.9359
457;-4;28.8286;-8.08252;7.32131;26.6442
457;-4;28.8286;-8.08252;7.32131;26.6442
462;-4;401.166;14.9088;41.9916;398.681
462;-4;399.734;14.8555;41.8415;397.257
462;-4;399.004;14.8283;41.7649;396.532
462;-4;399.004;14.8283;41.7649;396.532
479;-4;10.0925;1.17188;0.531834;9.89714
486;-4;69.8088;-25.8878;20.4163;-61.5143
486;-4;66.4069;-24.6249;19.4204;-58.5157
487;-4;23.6676;-9.93002;20.7098;5.51387
487;-4;23.4464;-9.83693;20.5155;5.46167
487;-4;23.3526;-9.79749;20.4332;5.43952
487;-4;22.0103;-9.41944;19.302;4.57282
487;-4;22.0103;-9.41944;19.302;4.57282
492;-4;82.1557;-29.8912;19.8339;73.8948
492;-4;70.4433;-25.6147;17.0001;63.3632
492;-4;62.4829;-22.7077;15.1025;56.1973
492;-4;62.4829;-22.7077;15.1025;56.1973
493;-4;56.844;25.6929;1.19929;50.6698
493;-4;46.317;20.9304;0.976487;41.2793
493;-4;41.1884;18.6081;0.866904;36.7045
493;-4;37.3791;16.8783;0.783412;33.3084
493;-4;36.4233;16.8314;0.55859;32.2614
493;-4;36.5081;16.8661;0.270802;32.3427
493;-4;36.5081;16.8661;0.270802;32.3427
508;-4;3.62836;-0.704344;1.03751;-3.05654
547;-4;24.3481;-12.4817;20.7668;-1.87819
547;-4;23.6173;-12.1093;20.1387;-1.82226
547;-4;22.0935;-11.3321;18.8291;-1.70868
547;-4;20.919;-10.7443;17.8125;-1.62127
547;-4;20.919;-10.7443;17.8125;-1.62127
566;-4;154.799;-2.37718;1.87198;154.762
569;-4;482.729;-45.1843;4.96124;-480.582
569;-4;461.669;-43.2127;4.74686;-459.616
569;-4;442.753;-41.4431;4.55123;-440.783
569;-4;407.231;-38.1054;4.18586;-405.42
569;-4;407.231;-38.1054;4.18586;-405.42
581;-4;50.7935;-16.7725;25.6582;40.473
581;-4;49.2564;-16.2628;24.8788;39.2493
593;-4;69.2846;20.3295;23.3775;61.954
593;-4;68.9951;20.2445;23.2797;61.6951
593;-4;68.6119;20.1319;23.1503;61.3523
593;-4;29.7982;8.94526;9.27098;26.8274
593;-4;29.7982;8.94526;9.27098;26.8274
600;-4;172.795;25.7405;23.5832;169.225
600;-4;171.481;25.5447;23.4039;167.938
600;-4;172.047;25.7901;23.2242;168.504
600;-4;171.422;25.6964;23.1398;167.892
600;-4;170.315;25.5304;22.9903;166.807
600;-4;170.306;25.3522;23.0568;166.816
600;-4;165.992;24.7098;22.4726;162.59
600;-4;147.477;21.9376;19.9799;144.454
600;-4;147.498;22.1607;20.038;144.433
600;-4;169.053;24.9764;23.0678;165.587
600;-4;169.053;24.9764;23.0678;165.587
601;-4;7.27715;-2.21846;1.71122;-6.54653
608;-4;29.1666;5.91836;20.3816;-19.9501
608;-4;27.4444;5.31579;19.041;-18.9771
608;-4;27.4444;5.31579;19.041;-18.9771
622;-4;62.4274;-11.4631;39.6997;46.7704
622;-4;45.6758;-10.0047;28.6148;34.134
622;-4;45.6758;-10.0047;28.6148;34.134
629;-4;86.106;8.49578;33.8241;78.713
629;-4;85.5467;8.44044;33.6038;78.2018
629;-4;83.8799;8.27571;32.9471;76.6785
629;-4;79.4575;7.28819;31.016;72.7746
629;-4;79.4575;7.28819;31.016;72.7746
632;-4;129.5;43.6888;0.118815;-121.898
649;-4;39.9714;-27.7377;28.1086;5.99873
649;-4;39.9336;-27.7114;28.082;5.99306
649;-4;39.3248;-27.2884;27.6533;5.9017
649;-4;37.8059;-26.2338;26.5824;5.67439
649;-4;37.8059;-26.2338;26.5824;5.67439
651;-4;21.9259;-7.98569;20.3639;0.188731
651;-4;21.8989;-7.30254;20.5903;0.152654
651;-4;21.8784;-7.20579;20.6032;-0.00661353
651;-4;21.8784;-7.20579;20.6032;-0.00661353
685;-4;24.3851;-21.0294;0.690626;-12.234
685;-4;23.4623;-20.2304;0.664807;-11.7694
685;-4;22.9776;-19.9993;0.883769;-11.1788
685;-4;19.3348;-16.802;0.720731;-9.42117
685;-4;19.3348;-16.802;0.720731;-9.42117
686;-4;13.3319;-0.607304;0.396692;-13.2274
686;-4;13.3294;-0.607001;0.396722;-13.2249
686;-4;12.8948;-0.587032;0.385778;-12.788
713;-4;209.459;-46.9717;34.4336;201.194
736;-4;217.169;-34.7994;15.4499;-213.8
736;-4;199.289;-30.2774;13.5965;-196.5
757;-4;4.38784;-0.0949129;1.35687;-3.89269
777;-4;6.06493;1.06777;1.04619;-5.58426
777;-4;6.06493;1.06777;1.04619;-5.58426
