4;4;34.4509;12.1234;16.0273;-27.7847
4;4;34.4509;12.1234;16.0273;-27.7847
4;4;34.4509;12.1234;16.0273;-27.7847
4;4;34.4509;12.1234;16.0273;-27.7847
4;4;34.4509;12.1234;16.0273;-27.7847
4;4;34.4509;12.1234;16.0273;-27.7847
13;4;46.4232;13.7331;37.4121;23.2165
13;4;46.4232;13.7331;37.4121;23.2165
13;4;46.4232;13.7331;37.4121;23.2165
13;4;46.4232;13.7331;37.4121;23.2165
13;4;46.4232;13.7331;37.4121;23.2165
38;4;27.645;6.05206;1.58154;26.8825
38;4;27.645;6.05206;1.58154;26.8825
38;4;27.645;6.05206;1.58154;26.8825
38;4;27.645;6.05206;1.58154;26.8825
42;4;65.4497;5.09189;33.1332;-56.0852
42;4;65.4497;5.09189;33.1332;-56.0852
46;4;67.9166;-2.76544;6.82002;67.4994
53;4;154.517;-22.9004;33.5693;-148.998
53;4;154.517;-22.9004;33.5693;-148.998
53;4;154.517;-22.9004;33.5693;-148.998
53;4;154.517;-22.9004;33.5693;-148.998
64;4;26.5758;24.6737;1.18198;-8.99641
64;4;26.5758;24.6737;1.18198;-8.99641
64;4;26.5758;24.6737;1.18198;-8.99641
64;4;26.5758;24.6737;1.18198;-8.99641
64;4;26.5758;24.6737;1.18198;-8.99641
64;4;26.5758;24.6737;1.18198;-8.99641
68;4;209.154;-14.8194;26.3943;-206.893
68;4;209.154;-14.8194;26.3943;-206.893
68;4;209.154;-14.8194;26.3943;-206.893
68;4;209.154;-14.8194;26.3943;-206.893
68;4;209.154;-14.8194;26.3943;-206.893
79;4;74.2552;-2.09288;17.449;-71.9631
109;4;474.566;-17.8247;31.7639;-473.162
109;4;474.566;-17.8247;31.7639;-473.162
109;4;474.566;-17.8247;31.7639;-473.162
122;4;402.166;-24.412;32.9041;-399.987
122;4;402.166;-24.412;32.9041;-399.987
122;4;402.166;-24.412;32.9041;-399.987
135;4;114.943;17.2423;34.2443;-108.199
135;4;114.943;17.2423;34.2443;-108.199
155;4;29.6415;9.4064;0.101584;27.8497
155;4;29.6415;9.4064;0.101584;27.8497
160;4;54.8728;1.60057;1.12475;-54.8265
178;4;40.7888;15.8359;27.0614;25.6173
178;4;40.7888;15.8359;27.0614;25.6173
178;4;40.7888;15.8359;27.0614;25.6173
178;4;40.7888;15.8359;27.0614;25.6173
178;4;40.7888;15.8359;27.0614;25.6173
178;4;40.7888;15.8359;27.0614;25.6173
188;4;13.8458;4.63325;11.1848;-6.05822
188;4;13.8458;4.63325;11.1848;-6.05822
188;4;13.8458;4.63325;11.1848;-6.05822
188;4;13.8458;4.63325;11.1848;-6.05822
193;4;273.241;160.157;180.508;126.367
193;4;273.241;160.157;180.508;126.367
193;4;273.241;160.157;180.508;126.367
193;4;273.241;160.157;180.508;126.367
193;4;273.241;160.157;180.508;126.367
211;4;28.1266;7.12684;8.24444;-25.6375
217;4;907.082;37.5366;19.2308;-906.094
217;4;907.082;37.5366;19.2308;-906.094
217;4;907.082;37.5366;19.2308;-906.094
217;4;907.082;37.5366;19.2308;-906.094
233;4;223.799;-11.2673;3.56712;-223.474
233;4;223.799;-11.2673;3.56712;-223.474
251;4;47.4102;31.6369;23.8019;-24.9713
251;4;47.4102;31.6369;23.8019;-24.9713
285;4;16.4999;-11.871;2.50088;10.6815
285;4;16.4999;-11.871;2.50088;10.6815
285;4;16.4999;-11.871;2.50088;10.6815
308;4;327.092;32.9518;49.6005;-321.401
308;4;327.092;32.9518;49.6005;-321.401
308;4;327.092;32.9518;49.6005;-321.401
308;4;327.092;32.9518;49.6005;-321.401
308;4;327.092;32.9518;49.6005;-321.401
308;4;327.092;32.9518;49.6005;-321.401
308;4;327.092;32.9518;49.6005;-321.401
310;4;15.7094;-9.3193;3.83249;-11.3632
310;4;15.7094;-9.3193;3.83249;-11.3632
319;4;251.956;43.7223;7.2479;-247.944
319;4;251.956;43.7223;7.2479;-247.944
322;4;21.305;-0.114964;0.310299;21.3019
322;4;21.305;-0.114964;0.310299;21.3019
346;4;65.6838;14.729;7.14219;-63.5573
346;4;65.6838;14.729;7.14219;-63.5573
405;4;4.50471;0.233934;2.60513;-3.53317
410;4;99.3897;-9.75415;41.5402;-89.4199
416;4;26.5773;-13.7641;15.2304;16.2423
416;4;26.5773;-13.7641;15.2304;16.2423
416;4;26.5773;-13.7641;15.2304;16.2423
416;4;26.5773;-13.7641;15.2304;16.2423
416;4;26.5773;-13.7641;15.2304;16.2423
448;4;226.368;16.6615;19.1538;224.9
448;4;226.368;16.6615;19.1538;224.9
448;4;226.368;16.6615;19.1538;224.9
448;4;226.368;16.6615;19.1538;224.9
448;4;226.368;16.6615;19.1538;224.9
457;4;34.8443;-9.9697;9.31337;31.9077
457;4;34.8443;-9.9697;9.31337;31.9077
457;4;34.8443;-9.9697;9.31337;31.9077
462;4;385.527;14.307;40.5422;383.101
462;4;385.527;14.307;40.5422;383.101
462;4;385.527;14.307;40.5422;383.101
462;4;385.527;14.307;40.5422;383.101
479;4;20.2896;2.45894;1.11033;19.8413
486;4;57.5443;-21.3385;17.6019;-50.2905
486;4;57.5443;-21.3385;17.6019;-50.2905
487;4;20.3093;-8.28506;17.6167;4.3673
487;4;20.3093;-8.28506;17.6167;4.3673
487;4;20.3093;-8.28506;17.6167;4.3673
487;4;20.3093;-8.28506;17.6167;4.3673
487;4;20.3093;-8.28506;17.6167;4.3673
492;4;77.0917;-27.2907;18.8733;69.1818
492;4;77.0917;-27.2907;18.8733;69.1818
492;4;77.0917;-27.2907;18.8733;69.1818
492;4;77.0917;-27.2907;18.8733;69.1818
493;4;37.4029;16.9309;0.152456;33.0863
493;4;37.4029;16.9309;0.152456;33.0863
493;4;37.4029;16.9309;0.152456;33.0863
493;4;37.4029;16.9309;0.152456;33.0863
493;4;37.4029;16.9309;0.152456;33.0863
493;4;37.4029;16.9309;0.152456;33.0863
493;4;37.4029;16.9309;0.152456;33.0863
508;4;2.16261;-0.423067;0.690249;-2.00049
547;4;23.8109;-12.7531;19.6605;-1.62031
547;4;23.8109;-12.7531;19.6605;-1.62031
547;4;23.8109;-12.7531;19.6605;-1.62031
547;4;23.8109;-12.7531;19.6605;-1.62031
547;4;23.8109;-12.7531;19.6605;-1.62031
566;4;27.1946;-0.392341;0.323054;27.1853
569;4;438.442;-40.6453;4.53164;-436.505
569;4;438.442;-40.6453;4.53164;-436.505
569;4;438.442;-40.6453;4.53164;-436.505
569;4;438.442;-40.6453;4.53164;-436.505
569;4;438.442;-40.6453;4.53164;-436.505
581;4;45.5967;-14.5547;22.7046;36.531
581;4;45.5967;-14.5547;22.7046;36.531
593;4;71.8562;20.6716;23.1162;64.5072
593;4;71.8562;20.6716;23.1162;64.5072
593;4;71.8562;20.6716;23.1162;64.5072
593;4;71.8562;20.6716;23.1162;64.5072
593;4;71.8562;20.6716;23.1162;64.5072
600;4;169.152;24.8402;23.0671;165.603
600;4;169.152;24.8402;23.0671;165.603
600;4;169.152;24.8402;23.0671;165.603
600;4;169.152;24.8402;23.0671;165.603
600;4;169.152;24.8402;23.0671;165.603
600;4;169.152;24.8402;23.0671;165.603
600;4;169.152;24.8402;23.0671;165.603
600;4;169.152;24.8402;23.0671;165.603
600;4;169.152;24.8402;23.0671;165.603
600;4;169.152;24.8402;23.0671;165.603
600;4;169.152;24.8402;23.0671;165.603
601;4;4.0535;-1.19748;0.975886;-3.74518
608;4;25.9886;5.55606;17.5421;-17.95
608;4;25.9886;5.55606;17.5421;-17.95
608;4;25.9886;5.55606;17.5421;-17.95
622;4;55.8393;-11.0376;35.468;41.2678
622;4;55.8393;-11.0376;35.468;41.2678
622;4;55.8393;-11.0376;35.468;41.2678
629;4;82.9078;7.38316;32.3226;75.8997
629;4;82.9078;7.38316;32.3226;75.8997
629;4;82.9078;7.38316;32.3226;75.8997
629;4;82.9078;7.38316;32.3226;75.8997
629;4;82.9078;7.38316;32.3226;75.8997
632;4;106.396;37.0708;0.456545;-99.2235
649;4;37.8695;-26.4981;26.0841;6.14268
649;4;37.8695;-26.4981;26.0841;6.14268
649;4;37.8695;-26.4981;26.0841;6.14268
649;4;37.8695;-26.4981;26.0841;6.14268
649;4;37.8695;-26.4981;26.0841;6.14268
651;4;21.2856;-6.98016;19.9206;-0.00594963
651;4;21.2856;-6.98016;19.9206;-0.00594963
651;4;21.2856;-6.98016;19.9206;-0.00594963
651;4;21.2856;-6.98016;19.9206;-0.00594963
685;4;22.2062;-18.6501;0.364361;-11.2806
685;4;22.2062;-18.6501;0.364361;-11.2806
685;4;22.2062;-18.6501;0.364361;-11.2806
685;4;22.2062;-18.6501;0.364361;-11.2806
685;4;22.2062;-18.6501;0.364361;-11.2806
686;4;27.3002;-1.29345;0.852005;-27.2401
686;4;27.3002;-1.29345;0.852005;-27.2401
686;4;27.3002;-1.29345;0.852005;-27.2401
713;4;203.779;-44.4694;35.0261;195.553
736;4;214.619;-32.8778;15.241;-211.381
736;4;214.619;-32.8778;15.241;-211.381
757;4;2.76117;-0.0798627;0.906845;-2.57578
777;4;2.28312;0.406996;0.403289;-2.15421
777;4;2.28312;0.406996;0.403289;-2.15421
