1;4;25.0489;-0.384384;24.5724;-4.60958
1;4;23.5818;-0.361943;23.1269;-4.34386
1;4;22.6614;-0.346675;22.2196;-4.17854
1;4;19.2385;-0.263891;18.8412;-3.57895
1;4;16.0805;-0.162046;15.723;-3.01565
1;4;16.0805;-0.162046;15.723;-3.01565
26;4;345.29;-77.4153;2.67573;336.486
26;4;283.593;-63.5012;1.09369;276.386
26;4;283.593;-63.5012;1.09369;276.386
28;4;41.3895;22.2618;28.4544;-20.1396
28;4;39.2504;21.1091;26.9822;-19.0974
28;4;36.221;19.4767;24.8978;-17.6202
28;4;36.221;19.4767;24.8978;-17.6202
30;4;194.726;-0.878906;15.5141;194.099
38;4;33.0336;-2.27846;18.9699;26.9057
38;4;30.4509;-2.10106;17.4845;24.7969
38;4;29.5885;-2.04119;16.9903;24.0913
38;4;27.3783;-1.89087;15.7258;22.2811
38;4;27.3783;-1.89087;15.7258;22.2811
54;4;169.437;-24.0057;3.61211;-167.682
54;4;169.437;-24.0057;3.61211;-167.682
56;4;349.487;-0.589913;1.59421;349.483
65;4;7.25375;1.08013;0.964384;6.94767
74;4;4.28939;-0.4729;1.13391;-3.82616
74;4;4.28939;-0.4729;1.13391;-3.82616
76;4;16.4738;-15.998;3.24765;1.62918
76;4;16.4738;-15.998;3.24765;1.62918
86;4;6.82661;2.21716;4.8176;-4.02835
92;4;11.6454;1.985;1.32438;-11.2992
92;4;11.4913;1.95846;1.30682;-11.147
115;4;44.9756;28.2841;30.82;16.4528
115;4;44.6388;27.9131;30.0945;17.4799
115;4;36.6182;22.1983;24.9304;14.9783
115;4;41.5316;25.4323;27.9922;17.054
115;4;41.5316;25.4323;27.9922;17.054
121;4;1200.48;4.33452;54.6837;1199.22
121;4;1191.17;4.30088;54.2595;1189.92
121;4;1166.17;4.21037;53.1203;1164.95
121;4;1006.57;3.03653;46.3009;1005.5
123;4;109.406;39.6898;7.78768;-101.644
154;4;442.715;21.656;18.9978;441.774
154;4;441.631;21.6029;18.9512;440.692
154;4;430.775;21.0719;18.4847;429.86
154;4;430.775;21.0719;18.4847;429.86
159;4;606.784;-39.0439;33.5723;604.593
159;4;560.98;-35.465;31.0491;558.994
159;4;560.98;-35.465;31.0491;558.994
170;4;1606.83;-23.9306;30.4248;1606.36
170;4;1483.19;-22.0875;28.0812;1482.76
170;4;1423.77;-21.2018;26.9559;1423.36
170;4;1408.02;-21.5091;26.834;1407.6
170;4;1203.84;-18.3757;22.935;1203.48
170;4;1203.84;-18.3757;22.935;1203.48
187;4;38.8011;8.71783;35.7121;-12.3258
187;4;37.2906;8.37768;34.32;-11.8447
187;4;37.2906;8.37768;34.32;-11.8447
194;4;169.393;-47.7507;4.22986;-162.462
194;4;167.116;-47.108;4.17312;-160.278
194;4;146.223;-41.9769;2.99245;-140.028
194;4;146.223;-41.9769;2.99245;-140.028
199;4;83.2492;32.6981;19.1273;-74.1158
199;4;77.7566;30.5368;17.862;-69.2264
199;4;81.2064;30.9908;18.187;-72.8081
209;4;207.72;-23.0069;34.4653;-203.54
209;4;205.68;-23.6841;33.8375;-201.485
209;4;200.774;-23.1182;33.0293;-196.678
209;4;200.774;-23.1182;33.0293;-196.678
215;4;740.14;-8.94048;13.06;-739.97
215;4;737.629;-8.9475;13.0321;-737.458
215;4;728.658;-9.07129;12.8202;-728.487
215;4;728.674;-9.07155;12.8203;-728.503
215;4;695.603;-8.65145;12.2276;-695.44
215;4;650.21;-8.08138;11.4198;-650.058
215;4;650.201;-7.74096;10.8245;-650.063
215;4;650.201;-7.74096;10.8245;-650.063
224;4;39.7703;-21.4536;30.3628;14.0452
243;4;815.584;-17.1232;24.009;-815.05
243;4;798.779;-16.7697;23.5132;-798.256
243;4;743.913;-15.6145;21.8934;-743.425
243;4;743.913;-15.6145;21.8934;-743.425
246;4;403.556;-12.9639;31.4141;402.12
246;4;379.028;-12.1742;29.5066;377.678
246;4;274.637;-8.82564;21.261;273.667
246;4;346.518;-11.4699;27.1699;345.255
246;4;346.518;-11.4699;27.1699;345.255
247;4;9.79222;-3.69034;4.29754;-7.84539
247;4;9.43533;-3.66524;4.15639;-7.48771
247;4;9.24321;-3.5604;4.15755;-7.29556
247;4;9.21664;-3.55317;4.15129;-7.269
247;4;9.19185;-3.54347;4.13995;-7.24878
247;4;9.1935;-3.54409;4.1402;-7.25043
247;4;8.94012;-3.44507;4.02397;-7.04379
247;4;8.93688;-3.44858;4.01863;-7.04101
247;4;8.93688;-3.44858;4.01863;-7.04101
262;4;562.442;-0.757447;55.9153;559.653
262;4;554.468;-0.746818;55.1225;551.719
262;4;554.468;-0.746818;55.1225;551.719
264;4;506.066;-29.7216;11.8858;505.051
264;4;506.066;-29.7216;11.8858;505.051
270;4;7.13625;-2.18557;2.74278;6.0313
270;4;7.13625;-2.18557;2.74278;6.0313
277;4;24.756;-19.8675;13.2207;-6.4112
278;4;59.0587;-33.1884;10.6374;47.6556
278;4;58.84;-33.0652;10.598;47.4791
278;4;58.4435;-32.842;10.5264;47.1592
278;4;55.3912;-31.1224;9.97625;44.6968
278;4;53.6495;-30.1397;9.6609;43.293
278;4;53.6495;-30.1397;9.6609;43.293
290;4;196.767;33.0259;19.9144;192.945
290;4;185.848;30.3368;18.6462;182.398
290;4;185.848;30.3368;18.6462;182.398
293;4;707.395;23.5682;34.4454;706.161
293;4;693.524;23.1052;33.7687;692.314
293;4;665.849;22.1813;32.4186;664.688
293;4;505.231;16.8011;24.5816;504.351
293;4;505.231;16.8011;24.5816;504.351
302;4;228.195;16.1202;19.5872;226.776
302;4;209.516;14.7897;17.9711;208.214
302;4;167.665;11.8029;14.3518;166.626
302;4;167.665;11.8029;14.3518;166.626
314;4;145.22;-12.5499;5.09161;144.58
314;4;145.22;-12.5499;5.09161;144.58
317;4;21.9284;-0.813591;6.6199;-20.8355
317;4;22.8347;-0.88933;6.74944;-21.7446
317;4;22.8347;-0.88933;6.74944;-21.7446
318;4;1038.53;0.620053;19.6878;-1038.34
318;4;970.369;0.582439;18.402;-970.193
318;4;970.369;0.582439;18.402;-970.193
333;4;402.98;-31.4511;15.7007;401.441
333;4;398.928;-31.1346;15.5426;397.404
333;4;363.211;-27.4133;14.0887;361.898
333;4;363.211;-27.4133;14.0887;361.898
368;4;131.61;-31.1088;17.7862;126.629
368;4;129.073;-30.2711;18.4116;124.106
368;4;113.434;-26.5935;16.1606;109.072
368;4;113.434;-26.5935;16.1606;109.072
393;4;31.3867;19.7323;17.2157;17.2374
393;4;26.9901;16.9625;14.7997;14.8141
421;4;395.544;13.9996;25.8126;394.449
435;4;616.866;14.6381;13.5157;-616.542
435;4;583.399;13.8357;12.7749;-583.093
484;4;1522.92;-4.6257;21.7433;1522.76
484;4;1456.44;-4.42418;20.7929;1456.28
497;4;179.173;-51.2074;13.7875;-171.138
497;4;175.165;-50.0617;13.4792;-167.31
497;4;167.301;-47.8146;12.8746;-159.798
507;4;5.46891;1.74988;1.84624;4.60307
507;4;5.19713;1.66162;1.75509;4.34958
507;4;5.00049;1.59768;1.68739;4.16594
510;4;269.433;-13.2066;9.00123;-268.955
510;4;238.645;-11.6937;7.97678;-238.22
510;4;238.645;-11.6937;7.97678;-238.22
512;4;539.146;32.6629;13.014;-537.996
512;4;527.787;31.9736;12.7397;-526.661
512;4;480.406;29.0969;11.596;-479.382
512;4;371.054;22.4794;8.96925;-370.261
512;4;371.054;22.4794;8.96925;-370.261
538;4;1129.67;-37.3636;6.85038;-1129.03
538;4;1120.26;-37.0518;6.79325;-1119.62
538;4;1073.76;-35.7887;7.04813;-1073.14
538;4;1073.76;-35.7887;7.04813;-1073.14
542;4;1089.44;-14.6062;27.3057;-1089
542;4;1070.06;-14.3461;26.8194;-1069.62
542;4;998.121;-13.3804;25.0134;-997.717
542;4;998.121;-13.3804;25.0134;-997.717
566;4;67.8845;49.0586;14.7191;44.527
566;4;59.2564;42.8172;12.8465;38.8681
566;4;57.0036;41.1862;12.3593;37.3913
566;4;23.5359;17.001;5.13921;15.3702
566;4;23.5359;17.001;5.13921;15.3702
572;4;23.6125;6.40856;1.00634;22.6543
572;4;23.5644;6.40061;1.01275;22.6061
572;4;22.0685;5.95549;0.94661;21.1756
578;4;5.66701;4.18442;0.164155;3.51122
578;4;5.66701;4.18442;0.164155;3.51122
579;4;189.785;9.81892;13.7252;189.027
579;4;186.934;9.6684;13.5141;186.188
579;4;188.561;9.98081;13.3092;187.82
579;4;188.561;9.98081;13.3092;187.82
599;4;69.9864;-11.278;0.582724;-69.053
599;4;69.9864;-11.278;0.582724;-69.053
602;4;85.347;19.1928;18.9815;-80.9519
610;4;192.608;-23.6911;24.3737;189.579
610;4;185.181;-22.7761;23.435;182.269
610;4;182;-22.9253;23.0233;179.07
610;4;128.439;-16.1285;16.2634;126.371
610;4;184.915;-22.7636;23.3486;182.007
610;4;184.915;-22.7636;23.3486;182.007
612;4;22.4504;16.3963;4.88882;14.4578
612;4;21.5917;16.0027;4.50199;13.6967
612;4;18.5899;13.735;3.8807;11.8163
612;4;21.7842;15.8737;4.99554;13.9108
612;4;21.7842;15.8737;4.99554;13.9108
624;4;2.76881;0.530527;0.0477831;-2.26552
624;4;2.76881;0.530527;0.0477831;-2.26552
634;4;28.7698;-17.3125;17.2062;15.1551
634;4;27.9559;-16.8219;16.7161;14.7267
634;4;26.4041;-16.3671;15.5566;13.6028
634;4;26.4041;-16.3671;15.5566;13.6028
637;4;546.573;24.9192;24.5102;545.452
637;4;439.757;20.0408;19.7129;438.855
637;4;439.757;20.0408;19.7129;438.855
638;4;164.436;14.8892;12.1451;-163.303
638;4;164.436;14.8892;12.1451;-163.303
639;4;46.3859;-42.0211;17.4931;8.81008
639;4;46.3859;-42.0211;17.4931;8.81008
645;4;40.6995;-14.0006;37.2846;8.24871
645;4;38.3313;-13.184;35.1117;7.77095
645;4;38.2465;-13.1547;35.0339;7.75382
645;4;37.5272;-12.9069;34.3739;7.60857
645;4;33.8836;-11.6598;31.0276;6.86912
645;4;37.954;-13.4556;34.5769;7.73271
645;4;37.954;-13.4556;34.5769;7.73271
647;4;230.458;23.6511;12.9102;-228.872
647;4;221.221;22.7019;12.3925;-219.699
647;4;210.907;21.6409;11.814;-209.455
647;4;201.781;20.701;11.3012;-200.392
647;4;201.781;20.701;11.3012;-200.392
647;4;4.95211;-0.522337;0.69267;-4.63905
651;4;145.453;-2.87055;35.2222;141.087
651;4;143.19;-2.82574;34.6726;138.892
651;4;143.808;-2.87819;34.6948;139.523
659;4;40.4149;-13.8774;37.0666;-8.03731
661;4;655.149;4.24623;15.8016;654.943
661;4;402.676;2.87372;9.53195;402.55
661;4;402.676;2.87372;9.53195;402.55
674;4;78.7291;29.197;37.9267;-62.4909
674;4;70.8329;25.6466;33.1677;-57.0719
674;4;59.3523;22.498;27.9444;-47.2588
674;4;59.3523;22.498;27.9444;-47.2588
683;4;87.233;33.1648;0.245743;-80.6684
683;4;51.7825;19.6661;0.150132;-47.879
697;4;19.4725;-2.59261;0.54623;19.233
699;4;411.978;31.4736;20.4916;-410.26
699;4;408.387;31.1991;20.3129;-406.684
699;4;332.489;25.8917;17.0966;-331.035
699;4;332.489;25.8917;17.0966;-331.035
709;4;158.992;23.1521;28.0345;-154.772
709;4;147.425;21.4591;25.9926;-143.512
709;4;140.391;20.4312;24.7535;-136.665
709;4;139.351;20.0981;24.5724;-135.679
709;4;139.351;20.0981;24.5724;-135.679
711;4;236.294;19.981;24.239;234.192
711;4;235.473;19.9114;24.1547;233.378
711;4;234.853;19.859;24.0911;232.764
711;4;231.014;19.5341;23.6967;228.958
711;4;231.014;19.5341;23.6967;228.958
730;4;608.709;11.7627;32.6546;-607.717
730;4;391.415;6.90144;20.8694;-390.795
757;4;435.695;-4.50183;40.6939;-433.765
764;4;474.305;41.5678;10.3622;472.364
769;4;98.001;8.26175;7.70491;97.3361
774;4;48.4303;-5.64649;24.8497;41.1564
774;4;48.4482;-5.63975;24.8565;41.1743
774;4;47.8028;-5.56425;24.5234;40.6263
774;4;47.8549;-5.64324;24.6246;40.6156
774;4;47.8549;-5.64324;24.6246;40.6156
