1;4;22.1174;-0.494686;21.2944;-4.99775
1;4;22.1174;-0.494686;21.2944;-4.99775
1;4;22.1174;-0.494686;21.2944;-4.99775
1;4;22.1174;-0.494686;21.2944;-4.99775
1;4;22.1174;-0.494686;21.2944;-4.99775
1;4;22.1174;-0.494686;21.2944;-4.99775
26;4;343.091;-77.5152;1.75649;334.048
26;4;343.091;-77.5152;1.75649;334.048
26;4;343.091;-77.5152;1.75649;334.048
28;4;39.1497;20.629;26.6789;-18.7706
28;4;39.1497;20.629;26.6789;-18.7706
28;4;39.1497;20.629;26.6789;-18.7706
28;4;39.1497;20.629;26.6789;-18.7706
30;4;163.356;-0.363159;13.2913;162.757
38;4;28.5424;-1.91581;16.4158;22.8603
38;4;28.5424;-1.91581;16.4158;22.8603
38;4;28.5424;-1.91581;16.4158;22.8603
38;4;28.5424;-1.91581;16.4158;22.8603
38;4;28.5424;-1.91581;16.4158;22.8603
54;4;186.797;-25.6483;3.23884;-184.835
54;4;186.797;-25.6483;3.23884;-184.835
56;4;1011.33;-1.64155;4.45015;1011.31
65;4;7.98597;1.20072;1.12969;7.69968
74;4;0.211016;-0.0189475;0.044916;-0.15057
74;4;0.211016;-0.0189475;0.044916;-0.15057
76;4;20.3695;-18.6812;4.07597;2.81489
76;4;20.3695;-18.6812;4.07597;2.81489
86;4;7.0387;2.37781;5.10785;-4.0926
92;4;1.30795;0.232768;0.147359;-1.27861
92;4;1.30795;0.232768;0.147359;-1.27861
115;4;44.6112;27.124;29.9212;16.9835
115;4;44.6112;27.124;29.9212;16.9835
115;4;44.6112;27.124;29.9212;16.9835
115;4;44.6112;27.124;29.9212;16.9835
115;4;44.6112;27.124;29.9212;16.9835
121;4;1187.23;4.06623;54.7375;1185.92
121;4;1187.23;4.06623;54.7375;1185.92
121;4;1187.23;4.06623;54.7375;1185.92
121;4;1187.23;4.06623;54.7375;1185.92
123;4;125.101;43.5812;9.4013;-116.565
154;4;415.229;20.5446;18.3057;414.291
154;4;415.229;20.5446;18.3057;414.291
154;4;415.229;20.5446;18.3057;414.291
154;4;415.229;20.5446;18.3057;414.291
159;4;706.659;-44.8712;37.4819;704.2
159;4;706.659;-44.8712;37.4819;704.2
159;4;706.659;-44.8712;37.4819;704.2
170;4;1409.61;-21.0102;26.7807;1409.18
170;4;1409.61;-21.0102;26.7807;1409.18
170;4;1409.61;-21.0102;26.7807;1409.18
170;4;1409.61;-21.0102;26.7807;1409.18
170;4;1409.61;-21.0102;26.7807;1409.18
170;4;1409.61;-21.0102;26.7807;1409.18
187;4;36.7374;8.2251;33.7434;-11.3897
187;4;36.7374;8.2251;33.7434;-11.3897
187;4;36.7374;8.2251;33.7434;-11.3897
194;4;168.73;-47.8039;3.1122;-161.649
194;4;168.73;-47.8039;3.1122;-161.649
194;4;168.73;-47.8039;3.1122;-161.649
194;4;168.73;-47.8039;3.1122;-161.649
199;4;77.8978;29.3331;17.5402;-69.6121
199;4;77.8978;29.3331;17.5402;-69.6121
199;4;77.8978;29.3331;17.5402;-69.6121
209;4;200.264;-23.132;32.9164;-196.138
209;4;200.264;-23.132;32.9164;-196.138
209;4;200.264;-23.132;32.9164;-196.138
209;4;200.264;-23.132;32.9164;-196.138
215;4;489.868;-6.10733;8.56152;-489.75
215;4;489.868;-6.10733;8.56152;-489.75
215;4;489.868;-6.10733;8.56152;-489.75
215;4;489.868;-6.10733;8.56152;-489.75
215;4;489.868;-6.10733;8.56152;-489.75
215;4;489.868;-6.10733;8.56152;-489.75
215;4;489.868;-6.10733;8.56152;-489.75
215;4;489.868;-6.10733;8.56152;-489.75
224;4;39.4719;-21.5873;29.1786;14.2969
243;4;772.439;-15.4446;22.2838;-771.945
243;4;772.439;-15.4446;22.2838;-771.945
243;4;772.439;-15.4446;22.2838;-771.945
243;4;772.439;-15.4446;22.2838;-771.945
246;4;385.253;-12.6626;29.9545;383.843
246;4;385.253;-12.6626;29.9545;383.843
246;4;385.253;-12.6626;29.9545;383.843
246;4;385.253;-12.6626;29.9545;383.843
246;4;385.253;-12.6626;29.9545;383.843
247;4;2.16577;-0.876623;0.945252;-1.72805
247;4;2.16577;-0.876623;0.945252;-1.72805
247;4;2.16577;-0.876623;0.945252;-1.72805
247;4;2.16577;-0.876623;0.945252;-1.72805
247;4;2.16577;-0.876623;0.945252;-1.72805
247;4;2.16577;-0.876623;0.945252;-1.72805
247;4;2.16577;-0.876623;0.945252;-1.72805
247;4;2.16577;-0.876623;0.945252;-1.72805
247;4;2.16577;-0.876623;0.945252;-1.72805
262;4;549.024;-0.727761;54.7055;546.256
262;4;549.024;-0.727761;54.7055;546.256
262;4;549.024;-0.727761;54.7055;546.256
264;4;511.794;-29.9978;11.3912;510.77
264;4;511.794;-29.9978;11.3912;510.77
270;4;8.09811;-2.44344;3.24893;6.9321
270;4;8.09811;-2.44344;3.24893;6.9321
277;4;21.7666;-16.7586;11.622;-6.36085
278;4;54.6355;-30.8555;9.85225;43.7583
278;4;54.6355;-30.8555;9.85225;43.7583
278;4;54.6355;-30.8555;9.85225;43.7583
278;4;54.6355;-30.8555;9.85225;43.7583
278;4;54.6355;-30.8555;9.85225;43.7583
278;4;54.6355;-30.8555;9.85225;43.7583
290;4;191.141;31.6254;18.6317;187.54
290;4;191.141;31.6254;18.6317;187.54
290;4;191.141;31.6254;18.6317;187.54
293;4;588.018;19.9462;28.7043;586.957
293;4;588.018;19.9462;28.7043;586.957
293;4;588.018;19.9462;28.7043;586.957
293;4;588.018;19.9462;28.7043;586.957
293;4;588.018;19.9462;28.7043;586.957
302;4;196.073;13.9451;15.8357;194.849
302;4;196.073;13.9451;15.8357;194.849
302;4;196.073;13.9451;15.8357;194.849
302;4;196.073;13.9451;15.8357;194.849
314;4;141.922;-11.7014;5.20219;141.33
314;4;141.922;-11.7014;5.20219;141.33
317;4;16.9474;-0.679032;5.16566;-16.0842
317;4;16.9474;-0.679032;5.16566;-16.0842
317;4;16.9474;-0.679032;5.16566;-16.0842
318;4;1090.23;1.36341;21.4019;-1090
318;4;1090.23;1.36341;21.4019;-1090
318;4;1090.23;1.36341;21.4019;-1090
333;4;399.088;-30.36;15.7536;397.57
333;4;399.088;-30.36;15.7536;397.57
333;4;399.088;-30.36;15.7536;397.57
333;4;399.088;-30.36;15.7536;397.57
368;4;132.181;-30.3648;18.6861;127.238
368;4;132.181;-30.3648;18.6861;127.238
368;4;132.181;-30.3648;18.6861;127.238
368;4;132.181;-30.3648;18.6861;127.238
393;4;25.2184;14.8698;14.1855;13.8665
393;4;25.2184;14.8698;14.1855;13.8665
421;4;357.77;13.3237;24.2134;356.675
435;4;526.815;12.3819;10.8486;-526.545
435;4;526.815;12.3819;10.8486;-526.545
484;4;1116.86;-3.78224;16.2696;1116.73
484;4;1116.86;-3.78224;16.2696;1116.73
497;4;168.598;-48.5046;12.6651;-160.788
497;4;168.598;-48.5046;12.6651;-160.788
497;4;168.598;-48.5046;12.6651;-160.788
507;4;4.85448;1.5109;1.71939;4.25999
507;4;4.85448;1.5109;1.71939;4.25999
507;4;4.85448;1.5109;1.71939;4.25999
510;4;251.848;-11.7862;8.55498;-251.406
510;4;251.848;-11.7862;8.55498;-251.406
510;4;251.848;-11.7862;8.55498;-251.406
512;4;364.848;22.0389;8.56387;-364.049
512;4;364.848;22.0389;8.56387;-364.049
512;4;364.848;22.0389;8.56387;-364.049
512;4;364.848;22.0389;8.56387;-364.049
512;4;364.848;22.0389;8.56387;-364.049
538;4;1160.44;-37.834;7.11036;-1159.78
538;4;1160.44;-37.834;7.11036;-1159.78
538;4;1160.44;-37.834;7.11036;-1159.78
538;4;1160.44;-37.834;7.11036;-1159.78
542;4;967.579;-13.1813;24.3392;-967.178
542;4;967.579;-13.1813;24.3392;-967.178
542;4;967.579;-13.1813;24.3392;-967.178
542;4;967.579;-13.1813;24.3392;-967.178
566;4;61.4158;42.7777;12.671;41.3527
566;4;61.4158;42.7777;12.671;41.3527
566;4;61.4158;42.7777;12.671;41.3527
566;4;61.4158;42.7777;12.671;41.3527
566;4;61.4158;42.7777;12.671;41.3527
572;4;16.4797;4.34118;0.844647;15.8523
572;4;16.4797;4.34118;0.844647;15.8523
572;4;16.4797;4.34118;0.844647;15.8523
578;4;5.38748;3.7475;0.184731;3.34472
578;4;5.38748;3.7475;0.184731;3.34472
579;4;182.981;9.22419;12.5112;182.291
579;4;182.981;9.22419;12.5112;182.291
579;4;182.981;9.22419;12.5112;182.291
579;4;182.981;9.22419;12.5112;182.291
599;4;60.1056;-9.60864;0.645196;-59.2993
599;4;60.1056;-9.60864;0.645196;-59.2993
602;4;86.4906;20.0639;20.1899;-81.3348
610;4;174.297;-21.6244;22.3375;171.457
610;4;174.297;-21.6244;22.3375;171.457
610;4;174.297;-21.6244;22.3375;171.457
610;4;174.297;-21.6244;22.3375;171.457
610;4;174.297;-21.6244;22.3375;171.457
610;4;174.297;-21.6244;22.3375;171.457
612;4;21.5592;15.3848;4.71318;13.9089
612;4;21.5592;15.3848;4.71318;13.9089
612;4;21.5592;15.3848;4.71318;13.9089
612;4;21.5592;15.3848;4.71318;13.9089
612;4;21.5592;15.3848;4.71318;13.9089
624;4;0.800926;0.180127;0.0165815;-0.780232
624;4;0.800926;0.180127;0.0165815;-0.780232
634;4;26.0674;-15.475;15.2671;13.5546
634;4;26.0674;-15.475;15.2671;13.5546
634;4;26.0674;-15.475;15.2671;13.5546
634;4;26.0674;-15.475;15.2671;13.5546
637;4;404.391;17.9008;18.7484;403.546
637;4;404.391;17.9008;18.7484;403.546
637;4;404.391;17.9008;18.7484;403.546
638;4;168.961;15.0907;13.0326;-167.751
638;4;168.961;15.0907;13.0326;-167.751
639;4;50.4228;-45.8662;18.6002;8.76303
639;4;50.4228;-45.8662;18.6002;8.76303
645;4;38.7431;-12.9319;35.2792;7.80305
645;4;38.7431;-12.9319;35.2792;7.80305
645;4;38.7431;-12.9319;35.2792;7.80305
645;4;38.7431;-12.9319;35.2792;7.80305
645;4;38.7431;-12.9319;35.2792;7.80305
645;4;38.7431;-12.9319;35.2792;7.80305
645;4;38.7431;-12.9319;35.2792;7.80305
647;4;207.89;21.2214;11.48;-206.424
647;4;207.89;21.2214;11.48;-206.424
647;4;207.89;21.2214;11.48;-206.424
647;4;207.89;21.2214;11.48;-206.424
647;4;207.89;21.2214;11.48;-206.424
647;4;3.16489;-0.354158;0.444729;-3.10769
651;4;139.118;-2.46594;33.3102;134.992
651;4;139.118;-2.46594;33.3102;134.992
651;4;139.118;-2.46594;33.3102;134.992
659;4;39.9743;-14.4019;35.972;-8.25989
661;4;551.103;3.66071;13.3917;550.923
661;4;551.103;3.66071;13.3917;550.923
661;4;551.103;3.66071;13.3917;550.923
674;4;81.9535;29.5416;39.3309;-64.6454
674;4;81.9535;29.5416;39.3309;-64.6454
674;4;81.9535;29.5416;39.3309;-64.6454
674;4;81.9535;29.5416;39.3309;-64.6454
683;4;6.51717;2.36419;0.000581764;-5.91354
683;4;6.51717;2.36419;0.000581764;-5.91354
697;4;0.676054;-0.0939522;0.0174414;0.669266
699;4;396.074;29.6022;20.082;-394.425
699;4;396.074;29.6022;20.082;-394.425
699;4;396.074;29.6022;20.082;-394.425
699;4;396.074;29.6022;20.082;-394.425
709;4;146.065;20.7277;25.8814;-142.153
709;4;146.065;20.7277;25.8814;-142.153
709;4;146.065;20.7277;25.8814;-142.153
709;4;146.065;20.7277;25.8814;-142.153
709;4;146.065;20.7277;25.8814;-142.153
711;4;212.853;18.7679;22.1417;210.815
711;4;212.853;18.7679;22.1417;210.815
711;4;212.853;18.7679;22.1417;210.815
711;4;212.853;18.7679;22.1417;210.815
711;4;212.853;18.7679;22.1417;210.815
730;4;620.622;11.379;32.7007;-619.626
730;4;620.622;11.379;32.7007;-619.626
757;4;389.258;-4.03436;37.6033;-387.33
764;4;447.933;39.2469;8.35856;446.05
769;4;84.0173;6.92058;6.15979;83.3764
774;4;46.2744;-5.50495;23.0708;39.3881
774;4;46.2744;-5.50495;23.0708;39.3881
774;4;46.2744;-5.50495;23.0708;39.3881
774;4;46.2744;-5.50495;23.0708;39.3881
774;4;46.2744;-5.50495;23.0708;39.3881
