Error in <TFile::ReadBuffer>: error reading all requested bytes from file 100M_0.4_0.1_JetsInvariantMass.root, got 266 of 300
Error in <TFile::Init>: 100M_0.4_0.1_JetsInvariantMass.root failed to read the file type data.
Error in <TFileMerger::AddFile>: cannot open file 100M_0.4_0.1_JetsInvariantMass.root
hadd exiting due to error in 100M_0.4_0.1_JetsInvariantMass.root
Warning in <TFile::Init>: file 1000000_0.4_0.1_13_resultsMatchesCharmJets.root has no keys
Warning in <TFile::Init>: file 1000000_0.4_0.1_25_resultsMatchesCharmJets.root has no keys
Warning in <TFile::Init>: file 1000000_0.4_0.1_30_resultsMatchesCharmJets.root has no keys
Warning in <TFile::Init>: file 1000000_0.4_0.1_34_resultsMatchesCharmJets.root has no keys
Warning in <TFile::Init>: file 1000000_0.4_0.1_35_resultsMatchesCharmJets.root has no keys
Warning in <TFile::Init>: file 1000000_0.4_0.1_38_resultsMatchesCharmJets.root has no keys
Warning in <TFile::Init>: file 1000000_0.4_0.1_44_resultsMatchesCharmJets.root has no keys
Warning in <TFile::Init>: file 1000000_0.4_0.1_45_resultsMatchesCharmJets.root has no keys
Warning in <TFile::Init>: file 1000000_0.4_0.1_47_resultsMatchesCharmJets.root has no keys
Warning in <TFile::Init>: file 1000000_0.4_0.1_49_resultsMatchesCharmJets.root has no keys
Warning in <TFile::Init>: file 1000000_0.4_0.1_50_resultsMatchesCharmJets.root has no keys
Warning in <TFile::Init>: file 1000000_0.4_0.1_52_resultsMatchesCharmJets.root has no keys
Warning in <TFile::Init>: file 1000000_0.4_0.1_53_resultsMatchesCharmJets.root has no keys
Warning in <TFile::Init>: file 1000000_0.4_0.1_54_resultsMatchesCharmJets.root has no keys
Warning in <TFile::Init>: file 1000000_0.4_0.1_56_resultsMatchesCharmJets.root has no keys
Warning in <TFile::Init>: file 1000000_0.4_0.1_57_resultsMatchesCharmJets.root has no keys
Warning in <TFile::Init>: file 1000000_0.4_0.1_58_resultsMatchesCharmJets.root has no keys
Warning in <TFile::Init>: file 1000000_0.4_0.1_59_resultsMatchesCharmJets.root has no keys
Warning in <TFile::Init>: file 1000000_0.4_0.1_60_resultsMatchesCharmJets.root has no keys
Warning in <TFile::Init>: file 1000000_0.4_0.1_61_resultsMatchesCharmJets.root has no keys
Warning in <TFile::Init>: file 1000000_0.4_0.1_63_resultsMatchesCharmJets.root has no keys
Warning in <TFile::Init>: file 1000000_0.4_0.1_64_resultsMatchesCharmJets.root has no keys
Warning in <TFile::Init>: file 1000000_0.4_0.1_65_resultsMatchesCharmJets.root has no keys
Warning in <TFile::Init>: file 1000000_0.4_0.1_69_resultsMatchesCharmJets.root has no keys
Warning in <TFile::Init>: file 1000000_0.4_0.1_70_resultsMatchesCharmJets.root has no keys
Warning in <TFile::Init>: file 1000000_0.4_0.1_74_resultsMatchesCharmJets.root has no keys
Warning in <TFile::Init>: file 1000000_0.4_0.1_75_resultsMatchesCharmJets.root has no keys
Warning in <TFile::Init>: file 1000000_0.4_0.1_76_resultsMatchesCharmJets.root has no keys
Warning in <TFile::Init>: file 1000000_0.4_0.1_77_resultsMatchesCharmJets.root has no keys
Warning in <TFile::Init>: file 1000000_0.4_0.1_80_resultsMatchesCharmJets.root has no keys
Warning in <TFile::Init>: file 1000000_0.4_0.1_83_resultsMatchesCharmJets.root has no keys
Warning in <TFile::Init>: file 1000000_0.4_0.1_84_resultsMatchesCharmJets.root has no keys
Warning in <TFile::Init>: file 1000000_0.4_0.1_88_resultsMatchesCharmJets.root has no keys
Error in <TFile::ReadBuffer>: error reading all requested bytes from file 100M_0.4_0.1_MatchesJets.root, got 254 of 300
Error in <TFile::Init>: 100M_0.4_0.1_MatchesJets.root failed to read the file type data.
Error in <TFileMerger::AddFile>: cannot open file 100M_0.4_0.1_MatchesJets.root
hadd exiting due to error in 100M_0.4_0.1_MatchesJets.root
Warning in <TFile::Init>: file 1000000_0.4_0.1_41_resultsJetsQuarksPt.root has no keys
Warning in <TFile::Init>: file 1000000_0.4_0.1_66_resultsJetsQuarksPt.root has no keys
Warning in <TFile::Init>: file 1000000_0.4_0.1_68_resultsJetsQuarksPt.root has no keys
Warning in <TFile::Init>: file 1000000_0.4_0.1_73_resultsJetsQuarksPt.root has no keys
Warning in <TFile::Init>: file 1000000_0.4_0.1_78_resultsJetsQuarksPt.root has no keys
Warning in <TFile::Init>: file 1000000_0.4_0.1_79_resultsJetsQuarksPt.root has no keys
Warning in <TFile::Init>: file 1000000_0.4_0.1_90_resultsJetsQuarksPt.root has no keys
Error in <TFile::ReadBuffer>: error reading all requested bytes from file 100M_0.4_0.1_JetsQuarksPt.root, got 256 of 300
Error in <TFile::Init>: 100M_0.4_0.1_JetsQuarksPt.root failed to read the file type data.
Error in <TFileMerger::AddFile>: cannot open file 100M_0.4_0.1_JetsQuarksPt.root
hadd exiting due to error in 100M_0.4_0.1_JetsQuarksPt.root
Error in <Merge>: Cannot merge histograms - limits are inconsistent:
 first: ne (200, 0.000000, 4400.000000), second: ne (200, 0.000000, 4850.000000)
Error in <TFileMerger::MergeRecursive>: calling Merge() on 'ne' with the corresponding object in '1000000_0.4_0.1_11_hresultsNeutrinos.root'
Error in <Merge>: Cannot merge histograms - limits are inconsistent:
 first: ne (200, 0.000000, 4400.000000), second: ne (200, 0.000000, 4500.000000)
Error in <TFileMerger::MergeRecursive>: calling Merge() on 'ne' with the corresponding object in '1000000_0.4_0.1_12_hresultsNeutrinos.root'
Error in <Merge>: Cannot merge histograms - limits are inconsistent:
 first: ne (200, 0.000000, 4400.000000), second: ne (200, 0.000000, 4250.000000)
Error in <TFileMerger::MergeRecursive>: calling Merge() on 'ne' with the corresponding object in '1000000_0.4_0.1_14_hresultsNeutrinos.root'
Error in <Merge>: Cannot merge histograms - limits are inconsistent:
 first: ne (200, 0.000000, 4400.000000), second: ne (200, 0.000000, 4650.000000)
Error in <TFileMerger::MergeRecursive>: calling Merge() on 'ne' with the corresponding object in '1000000_0.4_0.1_15_hresultsNeutrinos.root'
Error in <Merge>: Cannot merge histograms - limits are inconsistent:
 first: ne (200, 0.000000, 4400.000000), second: ne (200, 0.000000, 4550.000000)
Error in <TFileMerger::MergeRecursive>: calling Merge() on 'ne' with the corresponding object in '1000000_0.4_0.1_16_hresultsNeutrinos.root'
Error in <Merge>: Cannot merge histograms - limits are inconsistent:
 first: ne (200, 0.000000, 4400.000000), second: ne (200, 0.000000, 4200.000000)
Error in <TFileMerger::MergeRecursive>: calling Merge() on 'ne' with the corresponding object in '1000000_0.4_0.1_17_hresultsNeutrinos.root'
Error in <Merge>: Cannot merge histograms - limits are inconsistent:
 first: ne (200, 0.000000, 4400.000000), second: ne (200, 0.000000, 4350.000000)
Error in <TFileMerger::MergeRecursive>: calling Merge() on 'ne' with the corresponding object in '1000000_0.4_0.1_18_hresultsNeutrinos.root'
Error in <Merge>: Cannot merge histograms - limits are inconsistent:
 first: ne (200, 0.000000, 4400.000000), second: ne (200, 0.000000, 5300.000000)
Error in <TFileMerger::MergeRecursive>: calling Merge() on 'ne' with the corresponding object in '1000000_0.4_0.1_19_hresultsNeutrinos.root'
Error in <Merge>: Cannot merge histograms - limits are inconsistent:
 first: ne (200, 0.000000, 4400.000000), second: ne (200, 0.000000, 4250.000000)
Error in <TFileMerger::MergeRecursive>: calling Merge() on 'ne' with the corresponding object in '1000000_0.4_0.1_1_hresultsNeutrinos.root'
Error in <Merge>: Cannot merge histograms - limits are inconsistent:
 first: ne (200, 0.000000, 4400.000000), second: ne (200, 0.000000, 4050.000000)
Error in <TFileMerger::MergeRecursive>: calling Merge() on 'ne' with the corresponding object in '1000000_0.4_0.1_20_hresultsNeutrinos.root'
Error in <Merge>: Cannot merge histograms - limits are inconsistent:
 first: ne (200, 0.000000, 4400.000000), second: ne (200, 0.000000, 5350.000000)
Error in <TFileMerger::MergeRecursive>: calling Merge() on 'ne' with the corresponding object in '1000000_0.4_0.1_21_hresultsNeutrinos.root'
Error in <Merge>: Cannot merge histograms - limits are inconsistent:
 first: ne (200, 0.000000, 4400.000000), second: ne (200, 0.000000, 5000.000000)
Error in <TFileMerger::MergeRecursive>: calling Merge() on 'ne' with the corresponding object in '1000000_0.4_0.1_22_hresultsNeutrinos.root'
Error in <Merge>: Cannot merge histograms - limits are inconsistent:
 first: ne (200, 0.000000, 4400.000000), second: ne (200, 0.000000, 4850.000000)
Error in <TFileMerger::MergeRecursive>: calling Merge() on 'ne' with the corresponding object in '1000000_0.4_0.1_23_hresultsNeutrinos.root'
Error in <Merge>: Cannot merge histograms - limits are inconsistent:
 first: ne (200, 0.000000, 4400.000000), second: ne (200, 0.000000, 5650.000000)
Error in <TFileMerger::MergeRecursive>: calling Merge() on 'ne' with the corresponding object in '1000000_0.4_0.1_24_hresultsNeutrinos.root'
Error in <Merge>: Cannot merge histograms - limits are inconsistent:
 first: ne (200, 0.000000, 4400.000000), second: ne (200, 0.000000, 4300.000000)
Error in <TFileMerger::MergeRecursive>: calling Merge() on 'ne' with the corresponding object in '1000000_0.4_0.1_26_hresultsNeutrinos.root'
Error in <Merge>: Cannot merge histograms - limits are inconsistent:
 first: ne (200, 0.000000, 4400.000000), second: ne (200, 0.000000, 5000.000000)
Error in <TFileMerger::MergeRecursive>: calling Merge() on 'ne' with the corresponding object in '1000000_0.4_0.1_27_hresultsNeutrinos.root'
Error in <Merge>: Cannot merge histograms - limits are inconsistent:
 first: ne (200, 0.000000, 4400.000000), second: ne (200, 0.000000, 4200.000000)
Error in <TFileMerger::MergeRecursive>: calling Merge() on 'ne' with the corresponding object in '1000000_0.4_0.1_28_hresultsNeutrinos.root'
Error in <Merge>: Cannot merge histograms - limits are inconsistent:
 first: ne (200, 0.000000, 4400.000000), second: ne (200, 0.000000, 4600.000000)
Error in <TFileMerger::MergeRecursive>: calling Merge() on 'ne' with the corresponding object in '1000000_0.4_0.1_29_hresultsNeutrinos.root'
Error in <Merge>: Cannot merge histograms - limits are inconsistent:
 first: ne (200, 0.000000, 4400.000000), second: ne (200, 0.000000, 5100.000000)
Error in <TFileMerger::MergeRecursive>: calling Merge() on 'ne' with the corresponding object in '1000000_0.4_0.1_2_hresultsNeutrinos.root'
Error in <Merge>: Cannot merge histograms - limits are inconsistent:
 first: ne (200, 0.000000, 4400.000000), second: ne (200, 0.000000, 3860.000000)
Error in <TFileMerger::MergeRecursive>: calling Merge() on 'ne' with the corresponding object in '1000000_0.4_0.1_31_hresultsNeutrinos.root'
Error in <Merge>: Cannot merge histograms - limits are inconsistent:
 first: ne (200, 0.000000, 4400.000000), second: ne (200, 0.000000, 5000.000000)
Error in <TFileMerger::MergeRecursive>: calling Merge() on 'ne' with the corresponding object in '1000000_0.4_0.1_32_hresultsNeutrinos.root'
Error in <Merge>: Cannot merge histograms - limits are inconsistent:
 first: ne (200, 0.000000, 4400.000000), second: ne (200, 0.000000, 4650.000000)
Error in <TFileMerger::MergeRecursive>: calling Merge() on 'ne' with the corresponding object in '1000000_0.4_0.1_33_hresultsNeutrinos.root'
Error in <Merge>: Cannot merge histograms - limits are inconsistent:
 first: ne (200, 0.000000, 4400.000000), second: ne (200, 0.000000, 5750.000000)
Error in <TFileMerger::MergeRecursive>: calling Merge() on 'ne' with the corresponding object in '1000000_0.4_0.1_36_hresultsNeutrinos.root'
Error in <Merge>: Cannot merge histograms - limits are inconsistent:
 first: ne (200, 0.000000, 4400.000000), second: ne (200, 0.000000, 5250.000000)
Error in <TFileMerger::MergeRecursive>: calling Merge() on 'ne' with the corresponding object in '1000000_0.4_0.1_37_hresultsNeutrinos.root'
Error in <Merge>: Cannot merge histograms - limits are inconsistent:
 first: ne (200, 0.000000, 4400.000000), second: ne (200, 0.000000, 4050.000000)
Error in <TFileMerger::MergeRecursive>: calling Merge() on 'ne' with the corresponding object in '1000000_0.4_0.1_39_hresultsNeutrinos.root'
Error in <Merge>: Cannot merge histograms - limits are inconsistent:
 first: ne (200, 0.000000, 4400.000000), second: ne (200, 0.000000, 3900.000000)
Error in <TFileMerger::MergeRecursive>: calling Merge() on 'ne' with the corresponding object in '1000000_0.4_0.1_3_hresultsNeutrinos.root'
Error in <Merge>: Cannot merge histograms - limits are inconsistent:
 first: ne (200, 0.000000, 4400.000000), second: ne (200, 0.000000, 4050.000000)
Error in <TFileMerger::MergeRecursive>: calling Merge() on 'ne' with the corresponding object in '1000000_0.4_0.1_40_hresultsNeutrinos.root'
Error in <Merge>: Cannot merge histograms - limits are inconsistent:
 first: ne (200, 0.000000, 4400.000000), second: ne (200, 0.000000, 5900.000000)
Error in <TFileMerger::MergeRecursive>: calling Merge() on 'ne' with the corresponding object in '1000000_0.4_0.1_42_hresultsNeutrinos.root'
Error in <Merge>: Cannot merge histograms - limits are inconsistent:
 first: ne (200, 0.000000, 4400.000000), second: ne (200, 0.000000, 4200.000000)
Error in <TFileMerger::MergeRecursive>: calling Merge() on 'ne' with the corresponding object in '1000000_0.4_0.1_43_hresultsNeutrinos.root'
Error in <Merge>: Cannot merge histograms - limits are inconsistent:
 first: ne (200, 0.000000, 4400.000000), second: ne (200, 0.000000, 4150.000000)
Error in <TFileMerger::MergeRecursive>: calling Merge() on 'ne' with the corresponding object in '1000000_0.4_0.1_46_hresultsNeutrinos.root'
Error in <Merge>: Cannot merge histograms - limits are inconsistent:
 first: ne (200, 0.000000, 4400.000000), second: ne (200, 0.000000, 4000.000000)
Error in <TFileMerger::MergeRecursive>: calling Merge() on 'ne' with the corresponding object in '1000000_0.4_0.1_48_hresultsNeutrinos.root'
Error in <Merge>: Cannot merge histograms - limits are inconsistent:
 first: ne (200, 0.000000, 4400.000000), second: ne (200, 0.000000, 4300.000000)
Error in <TFileMerger::MergeRecursive>: calling Merge() on 'ne' with the corresponding object in '1000000_0.4_0.1_4_hresultsNeutrinos.root'
Error in <Merge>: Cannot merge histograms - limits are inconsistent:
 first: ne (200, 0.000000, 4400.000000), second: ne (200, 0.000000, 4450.000000)
Error in <TFileMerger::MergeRecursive>: calling Merge() on 'ne' with the corresponding object in '1000000_0.4_0.1_51_hresultsNeutrinos.root'
Error in <Merge>: Cannot merge histograms - limits are inconsistent:
 first: ne (200, 0.000000, 4400.000000), second: ne (200, 0.000000, 4000.000000)
Error in <TFileMerger::MergeRecursive>: calling Merge() on 'ne' with the corresponding object in '1000000_0.4_0.1_55_hresultsNeutrinos.root'
Error in <Merge>: Cannot merge histograms - limits are inconsistent:
 first: ne (200, 0.000000, 4400.000000), second: ne (200, 0.000000, 5850.000000)
Error in <TFileMerger::MergeRecursive>: calling Merge() on 'ne' with the corresponding object in '1000000_0.4_0.1_5_hresultsNeutrinos.root'
Error in <Merge>: Cannot merge histograms - limits are inconsistent:
 first: ne (200, 0.000000, 4400.000000), second: ne (200, 0.000000, 5100.000000)
Error in <TFileMerger::MergeRecursive>: calling Merge() on 'ne' with the corresponding object in '1000000_0.4_0.1_62_hresultsNeutrinos.root'
Error in <Merge>: Cannot merge histograms - limits are inconsistent:
 first: ne (200, 0.000000, 4400.000000), second: ne (200, 0.000000, 5050.000000)
Error in <TFileMerger::MergeRecursive>: calling Merge() on 'ne' with the corresponding object in '1000000_0.4_0.1_67_hresultsNeutrinos.root'
Error in <Merge>: Cannot merge histograms - limits are inconsistent:
 first: ne (200, 0.000000, 4400.000000), second: ne (200, 0.000000, 4900.000000)
Error in <TFileMerger::MergeRecursive>: calling Merge() on 'ne' with the corresponding object in '1000000_0.4_0.1_6_hresultsNeutrinos.root'
Error in <Merge>: Cannot merge histograms - limits are inconsistent:
 first: ne (200, 0.000000, 4400.000000), second: ne (200, 0.000000, 5600.000000)
Error in <TFileMerger::MergeRecursive>: calling Merge() on 'ne' with the corresponding object in '1000000_0.4_0.1_71_hresultsNeutrinos.root'
Error in <Merge>: Cannot merge histograms - limits are inconsistent:
 first: ne (200, 0.000000, 4400.000000), second: ne (200, 0.000000, 4550.000000)
Error in <TFileMerger::MergeRecursive>: calling Merge() on 'ne' with the corresponding object in '1000000_0.4_0.1_72_hresultsNeutrinos.root'
Error in <Merge>: Cannot merge histograms - limits are inconsistent:
 first: ne (200, 0.000000, 4400.000000), second: ne (200, 0.000000, 4650.000000)
Error in <TFileMerger::MergeRecursive>: calling Merge() on 'ne' with the corresponding object in '1000000_0.4_0.1_7_hresultsNeutrinos.root'
Error in <Merge>: Cannot merge histograms - limits are inconsistent:
 first: ne (200, 0.000000, 4400.000000), second: ne (200, 0.000000, 3960.000000)
Error in <TFileMerger::MergeRecursive>: calling Merge() on 'ne' with the corresponding object in '1000000_0.4_0.1_81_hresultsNeutrinos.root'
Error in <Merge>: Cannot merge histograms - limits are inconsistent:
 first: ne (200, 0.000000, 4400.000000), second: ne (200, 0.000000, 4350.000000)
Error in <TFileMerger::MergeRecursive>: calling Merge() on 'ne' with the corresponding object in '1000000_0.4_0.1_82_hresultsNeutrinos.root'
Error in <Merge>: Cannot merge histograms - limits are inconsistent:
 first: ne (200, 0.000000, 4400.000000), second: ne (200, 0.000000, 4900.000000)
Error in <TFileMerger::MergeRecursive>: calling Merge() on 'ne' with the corresponding object in '1000000_0.4_0.1_85_hresultsNeutrinos.root'
Error in <Merge>: Cannot merge histograms - limits are inconsistent:
 first: ne (200, 0.000000, 4400.000000), second: ne (200, 0.000000, 4200.000000)
Error in <TFileMerger::MergeRecursive>: calling Merge() on 'ne' with the corresponding object in '1000000_0.4_0.1_86_hresultsNeutrinos.root'
Error in <Merge>: Cannot merge histograms - limits are inconsistent:
 first: ne (200, 0.000000, 4400.000000), second: ne (200, 0.000000, 5800.000000)
Error in <TFileMerger::MergeRecursive>: calling Merge() on 'ne' with the corresponding object in '1000000_0.4_0.1_87_hresultsNeutrinos.root'
Error in <Merge>: Cannot merge histograms - limits are inconsistent:
 first: ne (200, 0.000000, 4400.000000), second: ne (200, 0.000000, 4300.000000)
Error in <TFileMerger::MergeRecursive>: calling Merge() on 'ne' with the corresponding object in '1000000_0.4_0.1_8_hresultsNeutrinos.root'
Error in <Merge>: Cannot merge histograms - limits are inconsistent:
 first: ne (200, 0.000000, 4400.000000), second: ne (200, 0.000000, 4900.000000)
Error in <TFileMerger::MergeRecursive>: calling Merge() on 'ne' with the corresponding object in '1000000_0.4_0.1_91_hresultsNeutrinos.root'
Error in <Merge>: Cannot merge histograms - limits are inconsistent:
 first: ne (200, 0.000000, 4400.000000), second: ne (200, 0.000000, 4850.000000)
Error in <TFileMerger::MergeRecursive>: calling Merge() on 'ne' with the corresponding object in '1000000_0.4_0.1_9_hresultsNeutrinos.root'
Error in <Merge>: Cannot merge histograms - limits are inconsistent:
 first: npt (200, 0.000000, 114.000000), second: npt (200, 0.000000, 194.000000)
Error in <TFileMerger::MergeRecursive>: calling Merge() on 'npt' with the corresponding object in '1000000_0.4_0.1_11_hresultsNeutrinos.root'
Error in <Merge>: Cannot merge histograms - limits are inconsistent:
 first: npt (200, 0.000000, 114.000000), second: npt (200, 0.000000, 154.000000)
Error in <TFileMerger::MergeRecursive>: calling Merge() on 'npt' with the corresponding object in '1000000_0.4_0.1_12_hresultsNeutrinos.root'
Error in <Merge>: Cannot merge histograms - limits are inconsistent:
 first: npt (200, 0.000000, 114.000000), second: npt (200, 0.000000, 152.000000)
Error in <TFileMerger::MergeRecursive>: calling Merge() on 'npt' with the corresponding object in '1000000_0.4_0.1_14_hresultsNeutrinos.root'
Error in <Merge>: Cannot merge histograms - limits are inconsistent:
 first: npt (200, 0.000000, 114.000000), second: npt (200, 0.000000, 121.000000)
Error in <TFileMerger::MergeRecursive>: calling Merge() on 'npt' with the corresponding object in '1000000_0.4_0.1_15_hresultsNeutrinos.root'
Error in <Merge>: Cannot merge histograms - limits are inconsistent:
 first: npt (200, 0.000000, 114.000000), second: npt (200, 0.000000, 198.000000)
Error in <TFileMerger::MergeRecursive>: calling Merge() on 'npt' with the corresponding object in '1000000_0.4_0.1_16_hresultsNeutrinos.root'
Error in <Merge>: Cannot merge histograms - limits are inconsistent:
 first: npt (200, 0.000000, 114.000000), second: npt (200, 0.000000, 167.000000)
Error in <TFileMerger::MergeRecursive>: calling Merge() on 'npt' with the corresponding object in '1000000_0.4_0.1_17_hresultsNeutrinos.root'
Error in <Merge>: Cannot merge histograms - limits are inconsistent:
 first: npt (200, 0.000000, 114.000000), second: npt (200, 0.000000, 186.000000)
Error in <TFileMerger::MergeRecursive>: calling Merge() on 'npt' with the corresponding object in '1000000_0.4_0.1_18_hresultsNeutrinos.root'
Error in <Merge>: Cannot merge histograms - limits are inconsistent:
 first: npt (200, 0.000000, 114.000000), second: npt (200, 0.000000, 137.000000)
Error in <TFileMerger::MergeRecursive>: calling Merge() on 'npt' with the corresponding object in '1000000_0.4_0.1_19_hresultsNeutrinos.root'
Error in <Merge>: Cannot merge histograms - limits are inconsistent:
 first: npt (200, 0.000000, 114.000000), second: npt (200, 0.000000, 123.000000)
Error in <TFileMerger::MergeRecursive>: calling Merge() on 'npt' with the corresponding object in '1000000_0.4_0.1_1_hresultsNeutrinos.root'
Error in <Merge>: Cannot merge histograms - limits are inconsistent:
 first: npt (200, 0.000000, 114.000000), second: npt (200, 0.000000, 256.000000)
Error in <TFileMerger::MergeRecursive>: calling Merge() on 'npt' with the corresponding object in '1000000_0.4_0.1_20_hresultsNeutrinos.root'
Error in <Merge>: Cannot merge histograms - limits are inconsistent:
 first: npt (200, 0.000000, 114.000000), second: npt (200, 0.000000, 142.000000)
Error in <TFileMerger::MergeRecursive>: calling Merge() on 'npt' with the corresponding object in '1000000_0.4_0.1_21_hresultsNeutrinos.root'
Error in <Merge>: Cannot merge histograms - limits are inconsistent:
 first: npt (200, 0.000000, 114.000000), second: npt (200, 0.000000, 230.000000)
Error in <TFileMerger::MergeRecursive>: calling Merge() on 'npt' with the corresponding object in '1000000_0.4_0.1_22_hresultsNeutrinos.root'
Error in <Merge>: Cannot merge histograms - limits are inconsistent:
 first: npt (200, 0.000000, 114.000000), second: npt (200, 0.000000, 123.000000)
Error in <TFileMerger::MergeRecursive>: calling Merge() on 'npt' with the corresponding object in '1000000_0.4_0.1_23_hresultsNeutrinos.root'
Error in <Merge>: Cannot merge histograms - limits are inconsistent:
 first: npt (200, 0.000000, 114.000000), second: npt (200, 0.000000, 240.000000)
Error in <TFileMerger::MergeRecursive>: calling Merge() on 'npt' with the corresponding object in '1000000_0.4_0.1_24_hresultsNeutrinos.root'
Error in <Merge>: Cannot merge histograms - limits are inconsistent:
 first: npt (200, 0.000000, 114.000000), second: npt (200, 0.000000, 163.000000)
Error in <TFileMerger::MergeRecursive>: calling Merge() on 'npt' with the corresponding object in '1000000_0.4_0.1_26_hresultsNeutrinos.root'
Error in <Merge>: Cannot merge histograms - limits are inconsistent:
 first: npt (200, 0.000000, 114.000000), second: npt (200, 0.000000, 120.000000)
Error in <TFileMerger::MergeRecursive>: calling Merge() on 'npt' with the corresponding object in '1000000_0.4_0.1_27_hresultsNeutrinos.root'
Error in <Merge>: Cannot merge histograms - limits are inconsistent:
 first: npt (200, 0.000000, 114.000000), second: npt (200, 0.000000, 268.000000)
Error in <TFileMerger::MergeRecursive>: calling Merge() on 'npt' with the corresponding object in '1000000_0.4_0.1_28_hresultsNeutrinos.root'
Error in <Merge>: Cannot merge histograms - limits are inconsistent:
 first: npt (200, 0.000000, 114.000000), second: npt (200, 0.000000, 146.000000)
Error in <TFileMerger::MergeRecursive>: calling Merge() on 'npt' with the corresponding object in '1000000_0.4_0.1_29_hresultsNeutrinos.root'
Error in <Merge>: Cannot merge histograms - limits are inconsistent:
 first: npt (200, 0.000000, 114.000000), second: npt (200, 0.000000, 119.000000)
Error in <TFileMerger::MergeRecursive>: calling Merge() on 'npt' with the corresponding object in '1000000_0.4_0.1_2_hresultsNeutrinos.root'
Error in <Merge>: Cannot merge histograms - limits are inconsistent:
 first: npt (200, 0.000000, 114.000000), second: npt (200, 0.000000, 173.000000)
Error in <TFileMerger::MergeRecursive>: calling Merge() on 'npt' with the corresponding object in '1000000_0.4_0.1_31_hresultsNeutrinos.root'
Error in <Merge>: Cannot merge histograms - limits are inconsistent:
 first: npt (200, 0.000000, 114.000000), second: npt (200, 0.000000, 146.000000)
Error in <TFileMerger::MergeRecursive>: calling Merge() on 'npt' with the corresponding object in '1000000_0.4_0.1_32_hresultsNeutrinos.root'
Error in <Merge>: Cannot merge histograms - limits are inconsistent:
 first: npt (200, 0.000000, 114.000000), second: npt (200, 0.000000, 149.000000)
Error in <TFileMerger::MergeRecursive>: calling Merge() on 'npt' with the corresponding object in '1000000_0.4_0.1_33_hresultsNeutrinos.root'
Error in <Merge>: Cannot merge histograms - limits are inconsistent:
 first: npt (200, 0.000000, 114.000000), second: npt (200, 0.000000, 304.000000)
Error in <TFileMerger::MergeRecursive>: calling Merge() on 'npt' with the corresponding object in '1000000_0.4_0.1_36_hresultsNeutrinos.root'
Error in <Merge>: Cannot merge histograms - limits are inconsistent:
 first: npt (200, 0.000000, 114.000000), second: npt (200, 0.000000, 104.000000)
Error in <TFileMerger::MergeRecursive>: calling Merge() on 'npt' with the corresponding object in '1000000_0.4_0.1_37_hresultsNeutrinos.root'
Error in <Merge>: Cannot merge histograms - limits are inconsistent:
 first: npt (200, 0.000000, 114.000000), second: npt (200, 0.000000, 226.000000)
Error in <TFileMerger::MergeRecursive>: calling Merge() on 'npt' with the corresponding object in '1000000_0.4_0.1_39_hresultsNeutrinos.root'
Error in <Merge>: Cannot merge histograms - limits are inconsistent:
 first: npt (200, 0.000000, 114.000000), second: npt (200, 0.000000, 178.000000)
Error in <TFileMerger::MergeRecursive>: calling Merge() on 'npt' with the corresponding object in '1000000_0.4_0.1_3_hresultsNeutrinos.root'
Error in <Merge>: Cannot merge histograms - limits are inconsistent:
 first: npt (200, 0.000000, 114.000000), second: npt (200, 0.000000, 152.000000)
Error in <TFileMerger::MergeRecursive>: calling Merge() on 'npt' with the corresponding object in '1000000_0.4_0.1_40_hresultsNeutrinos.root'
Error in <Merge>: Cannot merge histograms - limits are inconsistent:
 first: npt (200, 0.000000, 114.000000), second: npt (200, 0.000000, 148.000000)
Error in <TFileMerger::MergeRecursive>: calling Merge() on 'npt' with the corresponding object in '1000000_0.4_0.1_42_hresultsNeutrinos.root'
Error in <Merge>: Cannot merge histograms - limits are inconsistent:
 first: npt (200, 0.000000, 114.000000), second: npt (200, 0.000000, 320.000000)
Error in <TFileMerger::MergeRecursive>: calling Merge() on 'npt' with the corresponding object in '1000000_0.4_0.1_43_hresultsNeutrinos.root'
Error in <Merge>: Cannot merge histograms - limits are inconsistent:
 first: npt (200, 0.000000, 114.000000), second: npt (200, 0.000000, 132.000000)
Error in <TFileMerger::MergeRecursive>: calling Merge() on 'npt' with the corresponding object in '1000000_0.4_0.1_46_hresultsNeutrinos.root'
Error in <Merge>: Cannot merge histograms - limits are inconsistent:
 first: npt (200, 0.000000, 114.000000), second: npt (200, 0.000000, 224.000000)
Error in <TFileMerger::MergeRecursive>: calling Merge() on 'npt' with the corresponding object in '1000000_0.4_0.1_48_hresultsNeutrinos.root'
Error in <Merge>: Cannot merge histograms - limits are inconsistent:
 first: npt (200, 0.000000, 114.000000), second: npt (200, 0.000000, 144.000000)
Error in <TFileMerger::MergeRecursive>: calling Merge() on 'npt' with the corresponding object in '1000000_0.4_0.1_4_hresultsNeutrinos.root'
Error in <Merge>: Cannot merge histograms - limits are inconsistent:
 first: npt (200, 0.000000, 114.000000), second: npt (200, 0.000000, 193.000000)
Error in <TFileMerger::MergeRecursive>: calling Merge() on 'npt' with the corresponding object in '1000000_0.4_0.1_51_hresultsNeutrinos.root'
Error in <Merge>: Cannot merge histograms - limits are inconsistent:
 first: npt (200, 0.000000, 114.000000), second: npt (200, 0.000000, 106.000000)
Error in <TFileMerger::MergeRecursive>: calling Merge() on 'npt' with the corresponding object in '1000000_0.4_0.1_55_hresultsNeutrinos.root'
Error in <Merge>: Cannot merge histograms - limits are inconsistent:
 first: npt (200, 0.000000, 114.000000), second: npt (200, 0.000000, 171.000000)
Error in <TFileMerger::MergeRecursive>: calling Merge() on 'npt' with the corresponding object in '1000000_0.4_0.1_5_hresultsNeutrinos.root'
Error in <Merge>: Cannot merge histograms - limits are inconsistent:
 first: npt (200, 0.000000, 114.000000), second: npt (200, 0.000000, 152.000000)
Error in <TFileMerger::MergeRecursive>: calling Merge() on 'npt' with the corresponding object in '1000000_0.4_0.1_62_hresultsNeutrinos.root'
Error in <Merge>: Cannot merge histograms - limits are inconsistent:
 first: npt (200, 0.000000, 114.000000), second: npt (200, 0.000000, 133.000000)
Error in <TFileMerger::MergeRecursive>: calling Merge() on 'npt' with the corresponding object in '1000000_0.4_0.1_67_hresultsNeutrinos.root'
Error in <Merge>: Cannot merge histograms - limits are inconsistent:
 first: npt (200, 0.000000, 114.000000), second: npt (200, 0.000000, 158.000000)
Error in <TFileMerger::MergeRecursive>: calling Merge() on 'npt' with the corresponding object in '1000000_0.4_0.1_6_hresultsNeutrinos.root'
Error in <Merge>: Cannot merge histograms - limits are inconsistent:
 first: npt (200, 0.000000, 114.000000), second: npt (200, 0.000000, 183.000000)
Error in <TFileMerger::MergeRecursive>: calling Merge() on 'npt' with the corresponding object in '1000000_0.4_0.1_71_hresultsNeutrinos.root'
Error in <Merge>: Cannot merge histograms - limits are inconsistent:
 first: npt (200, 0.000000, 114.000000), second: npt (200, 0.000000, 276.000000)
Error in <TFileMerger::MergeRecursive>: calling Merge() on 'npt' with the corresponding object in '1000000_0.4_0.1_72_hresultsNeutrinos.root'
Error in <Merge>: Cannot merge histograms - limits are inconsistent:
 first: npt (200, 0.000000, 114.000000), second: npt (200, 0.000000, 147.000000)
Error in <TFileMerger::MergeRecursive>: calling Merge() on 'npt' with the corresponding object in '1000000_0.4_0.1_7_hresultsNeutrinos.root'
Error in <Merge>: Cannot merge histograms - limits are inconsistent:
 first: npt (200, 0.000000, 114.000000), second: npt (200, 0.000000, 176.000000)
Error in <TFileMerger::MergeRecursive>: calling Merge() on 'npt' with the corresponding object in '1000000_0.4_0.1_81_hresultsNeutrinos.root'
Error in <Merge>: Cannot merge histograms - limits are inconsistent:
 first: npt (200, 0.000000, 114.000000), second: npt (200, 0.000000, 178.000000)
Error in <TFileMerger::MergeRecursive>: calling Merge() on 'npt' with the corresponding object in '1000000_0.4_0.1_82_hresultsNeutrinos.root'
Error in <Merge>: Cannot merge histograms - limits are inconsistent:
 first: npt (200, 0.000000, 114.000000), second: npt (200, 0.000000, 98.000000)
Error in <TFileMerger::MergeRecursive>: calling Merge() on 'npt' with the corresponding object in '1000000_0.4_0.1_85_hresultsNeutrinos.root'
Error in <Merge>: Cannot merge histograms - limits are inconsistent:
 first: npt (200, 0.000000, 114.000000), second: npt (200, 0.000000, 186.000000)
Error in <TFileMerger::MergeRecursive>: calling Merge() on 'npt' with the corresponding object in '1000000_0.4_0.1_86_hresultsNeutrinos.root'
Error in <Merge>: Cannot merge histograms - limits are inconsistent:
 first: npt (200, 0.000000, 114.000000), second: npt (200, 0.000000, 123.000000)
Error in <TFileMerger::MergeRecursive>: calling Merge() on 'npt' with the corresponding object in '1000000_0.4_0.1_87_hresultsNeutrinos.root'
Error in <Merge>: Cannot merge histograms - limits are inconsistent:
 first: npt (200, 0.000000, 114.000000), second: npt (200, 0.000000, 168.000000)
Error in <TFileMerger::MergeRecursive>: calling Merge() on 'npt' with the corresponding object in '1000000_0.4_0.1_8_hresultsNeutrinos.root'
Error in <Merge>: Cannot merge histograms - limits are inconsistent:
 first: npt (200, 0.000000, 114.000000), second: npt (200, 0.000000, 170.000000)
Error in <TFileMerger::MergeRecursive>: calling Merge() on 'npt' with the corresponding object in '1000000_0.4_0.1_91_hresultsNeutrinos.root'
Error in <Merge>: Cannot merge histograms - limits are inconsistent:
 first: npt (200, 0.000000, 114.000000), second: npt (200, 0.000000, 226.000000)
Error in <TFileMerger::MergeRecursive>: calling Merge() on 'npt' with the corresponding object in '1000000_0.4_0.1_9_hresultsNeutrinos.root'
