10;4;168.814;7.71568;27.0079;-166.368
10;4;168.814;7.71568;27.0079;-166.368
10;4;168.814;7.71568;27.0079;-166.368
14;4;25.2935;-1.56574;14.1314;20.5201
14;4;25.2935;-1.56574;14.1314;20.5201
14;4;0.688756;-0.024571;0.012769;-0.688199
44;4;96.3323;73.5435;45.5171;-41.5818
44;4;96.3323;73.5435;45.5171;-41.5818
44;4;96.3323;73.5435;45.5171;-41.5818
44;4;96.3323;73.5435;45.5171;-41.5818
60;4;221.055;26.4507;9.55632;219.169
60;4;221.055;26.4507;9.55632;219.169
60;4;221.055;26.4507;9.55632;219.169
60;4;221.055;26.4507;9.55632;219.169
60;4;221.055;26.4507;9.55632;219.169
76;4;140.496;35.1952;4.16389;-135.784
76;4;140.496;35.1952;4.16389;-135.784
76;4;140.496;35.1952;4.16389;-135.784
110;4;87.697;34.3467;4.92268;-80.1254
110;4;87.697;34.3467;4.92268;-80.1254
110;4;87.697;34.3467;4.92268;-80.1254
110;4;87.697;34.3467;4.92268;-80.1254
110;4;87.697;34.3467;4.92268;-80.1254
121;4;31.6366;-21.0691;22.6782;-0.977861
121;4;31.6366;-21.0691;22.6782;-0.977861
121;4;31.6366;-21.0691;22.6782;-0.977861
125;4;27.3321;-4.99157;4.20851;-26.5101
125;4;27.3321;-4.99157;4.20851;-26.5101
125;4;27.3321;-4.99157;4.20851;-26.5101
125;4;27.3321;-4.99157;4.20851;-26.5101
125;4;27.3321;-4.99157;4.20851;-26.5101
130;4;51.9995;25.1396;22.7269;-38.1896
130;4;51.9995;25.1396;22.7269;-38.1896
130;4;51.9995;25.1396;22.7269;-38.1896
146;4;62.9771;3.20315;16.4989;-60.3651
146;4;62.9771;3.20315;16.4989;-60.3651
146;4;62.9771;3.20315;16.4989;-60.3651
146;4;16.725;-1.33507;5.12019;-15.592
146;4;16.725;-1.33507;5.12019;-15.592
146;4;16.725;-1.33507;5.12019;-15.592
157;4;28.8333;18.8763;21.1923;2.04424
157;4;28.8333;18.8763;21.1923;2.04424
157;4;28.8333;18.8763;21.1923;2.04424
157;4;28.8333;18.8763;21.1923;2.04424
180;4;21.2846;-7.1082;2.42447;19.835
180;4;21.2846;-7.1082;2.42447;19.835
180;4;21.2846;-7.1082;2.42447;19.835
180;4;21.2846;-7.1082;2.42447;19.835
180;4;21.2846;-7.1082;2.42447;19.835
180;4;21.2846;-7.1082;2.42447;19.835
189;4;128.985;25.2361;17.3508;125.151
189;4;128.985;25.2361;17.3508;125.151
228;4;21.4161;-13.8909;7.35557;14.1335
228;4;21.4161;-13.8909;7.35557;14.1335
228;4;21.4161;-13.8909;7.35557;14.1335
228;4;21.4161;-13.8909;7.35557;14.1335
254;4;7.23205;2.85248;0.972059;6.53963
254;4;7.23205;2.85248;0.972059;6.53963
254;4;7.23205;2.85248;0.972059;6.53963
254;4;7.23205;2.85248;0.972059;6.53963
254;4;7.23205;2.85248;0.972059;6.53963
274;4;484.014;40.9882;33.695;-480.981
298;4;449.765;-27.8361;15.6177;448.613
298;4;449.765;-27.8361;15.6177;448.613
298;4;449.765;-27.8361;15.6177;448.613
298;4;449.765;-27.8361;15.6177;448.613
298;4;449.765;-27.8361;15.6177;448.613
316;4;91.7225;-19.2719;28.7377;-84.8221
316;4;91.7225;-19.2719;28.7377;-84.8221
316;4;91.7225;-19.2719;28.7377;-84.8221
316;4;91.7225;-19.2719;28.7377;-84.8221
316;4;91.7225;-19.2719;28.7377;-84.8221
316;4;91.7225;-19.2719;28.7377;-84.8221
316;4;91.7225;-19.2719;28.7377;-84.8221
316;4;91.7225;-19.2719;28.7377;-84.8221
316;4;91.7225;-19.2719;28.7377;-84.8221
316;4;91.7225;-19.2719;28.7377;-84.8221
316;4;91.7225;-19.2719;28.7377;-84.8221
316;4;91.7225;-19.2719;28.7377;-84.8221
316;4;91.7225;-19.2719;28.7377;-84.8221
316;4;91.7225;-19.2719;28.7377;-84.8221
327;4;99.9759;-21.4476;16.4156;-96.1902
327;4;99.9759;-21.4476;16.4156;-96.1902
327;4;99.9759;-21.4476;16.4156;-96.1902
327;4;99.9759;-21.4476;16.4156;-96.1902
327;4;99.9759;-21.4476;16.4156;-96.1902
327;4;99.9759;-21.4476;16.4156;-96.1902
334;4;345.475;25.9592;12.952;-344.241
334;4;345.475;25.9592;12.952;-344.241
334;4;345.475;25.9592;12.952;-344.241
334;4;345.475;25.9592;12.952;-344.241
334;4;345.475;25.9592;12.952;-344.241
359;4;30.3206;-25.2695;4.32362;14.7962
359;4;30.3206;-25.2695;4.32362;14.7962
359;4;30.3206;-25.2695;4.32362;14.7962
359;4;30.3206;-25.2695;4.32362;14.7962
359;4;30.3206;-25.2695;4.32362;14.7962
403;4;29.9028;-0.425773;0.580309;-29.8939
405;4;307.492;-22.8967;21.921;305.803
405;4;307.492;-22.8967;21.921;305.803
416;4;11.1024;-7.63765;7.2615;2.07867
416;4;11.1024;-7.63765;7.2615;2.07867
442;4;110.832;-96.074;38.7503;-38.5897
442;4;110.832;-96.074;38.7503;-38.5897
442;4;110.832;-96.074;38.7503;-38.5897
442;4;110.832;-96.074;38.7503;-38.5897
442;4;110.832;-96.074;38.7503;-38.5897
442;4;110.832;-96.074;38.7503;-38.5897
442;4;110.832;-96.074;38.7503;-38.5897
442;4;110.832;-96.074;38.7503;-38.5897
442;4;110.832;-96.074;38.7503;-38.5897
462;4;32.0859;-8.36729;17.3267;-25.0166
462;4;32.0859;-8.36729;17.3267;-25.0166
462;4;32.0859;-8.36729;17.3267;-25.0166
462;4;32.0859;-8.36729;17.3267;-25.0166
462;4;32.0859;-8.36729;17.3267;-25.0166
462;4;32.0859;-8.36729;17.3267;-25.0166
471;4;46.8965;-11.6278;42.8496;-13.2797
471;4;46.8965;-11.6278;42.8496;-13.2797
471;4;46.8965;-11.6278;42.8496;-13.2797
471;4;46.8965;-11.6278;42.8496;-13.2797
471;4;46.8965;-11.6278;42.8496;-13.2797
471;4;46.8965;-11.6278;42.8496;-13.2797
471;4;46.8965;-11.6278;42.8496;-13.2797
471;4;46.8965;-11.6278;42.8496;-13.2797
488;4;10.8955;0.295721;1.0395;10.8409
488;4;10.8955;0.295721;1.0395;10.8409
488;4;10.8955;0.295721;1.0395;10.8409
503;4;71.8873;-11.3002;12.7588;-69.7996
503;4;71.8873;-11.3002;12.7588;-69.7996
503;4;71.8873;-11.3002;12.7588;-69.7996
503;4;71.8873;-11.3002;12.7588;-69.7996
503;4;71.8873;-11.3002;12.7588;-69.7996
508;4;49.5143;-18.7186;2.94014;45.5998
508;4;49.5143;-18.7186;2.94014;45.5998
508;4;49.5143;-18.7186;2.94014;45.5998
508;4;49.5143;-18.7186;2.94014;45.5998
520;4;84.8181;-3.7364;1.96732;84.6454
520;4;84.8181;-3.7364;1.96732;84.6454
520;4;84.8181;-3.7364;1.96732;84.6454
521;4;123.943;-14.952;35.4408;-117.693
521;4;123.943;-14.952;35.4408;-117.693
521;4;123.943;-14.952;35.4408;-117.693
521;4;123.943;-14.952;35.4408;-117.693
521;4;123.943;-14.952;35.4408;-117.693
549;4;145.56;13.7252;21.884;-143.225
549;4;145.56;13.7252;21.884;-143.225
549;4;145.56;13.7252;21.884;-143.225
549;4;145.56;13.7252;21.884;-143.225
554;4;42.3156;9.03345;3.9674;41.0891
554;4;42.3156;9.03345;3.9674;41.0891
574;4;275.343;-26.4389;12.1778;-273.762
603;4;219.834;-1.75994;38.3313;-216.402
603;4;219.834;-1.75994;38.3313;-216.402
603;4;219.834;-1.75994;38.3313;-216.402
603;4;219.834;-1.75994;38.3313;-216.402
625;4;64.7994;14.9889;11.7603;-61.7915
625;4;64.7994;14.9889;11.7603;-61.7915
625;4;64.7994;14.9889;11.7603;-61.7915
659;4;41.0377;-22.5513;11.1554;-32.0201
659;4;41.0377;-22.5513;11.1554;-32.0201
659;4;41.0377;-22.5513;11.1554;-32.0201
659;4;41.0377;-22.5513;11.1554;-32.0201
659;4;41.0377;-22.5513;11.1554;-32.0201
661;4;17.0502;-13.2171;7.56446;5.11096
661;4;17.0502;-13.2171;7.56446;5.11096
664;4;79.5104;0.084082;2.30789;-79.4757
664;4;79.5104;0.084082;2.30789;-79.4757
681;4;401.421;16.6108;11.2084;400.907
681;4;401.421;16.6108;11.2084;400.907
681;4;401.421;16.6108;11.2084;400.907
698;4;153.404;-0.232457;37.409;148.608
698;4;153.404;-0.232457;37.409;148.608
698;4;153.404;-0.232457;37.409;148.608
698;4;153.404;-0.232457;37.409;148.608
762;4;40.666;-13.0251;37.4454;-7.64072
762;4;40.666;-13.0251;37.4454;-7.64072
762;4;40.666;-13.0251;37.4454;-7.64072
762;4;40.666;-13.0251;37.4454;-7.64072
778;4;36.3178;26.0717;7.44433;-23.7894
778;4;36.3178;26.0717;7.44433;-23.7894
778;4;36.3178;26.0717;7.44433;-23.7894
778;4;36.3178;26.0717;7.44433;-23.7894
778;4;36.3178;26.0717;7.44433;-23.7894
782;4;217.335;8.60825;26.8016;215.321
782;4;217.335;8.60825;26.8016;215.321
782;4;217.335;8.60825;26.8016;215.321
787;4;88.6692;-7.95522;22.308;-85.3105
787;4;88.6692;-7.95522;22.308;-85.3105
789;4;60.1974;-3.24794;7.57661;59.5879
789;4;60.1974;-3.24794;7.57661;59.5879
789;4;60.1974;-3.24794;7.57661;59.5879
789;4;60.1974;-3.24794;7.57661;59.5879
809;4;36.7297;13.991;29.1969;16.7938
809;4;36.7297;13.991;29.1969;16.7938
809;4;36.7297;13.991;29.1969;16.7938
809;4;36.7297;13.991;29.1969;16.7938
819;4;14.4071;-6.84406;0.496123;-12.5965
819;4;14.4071;-6.84406;0.496123;-12.5965
819;4;14.4071;-6.84406;0.496123;-12.5965
819;4;14.4071;-6.84406;0.496123;-12.5965
819;4;14.4071;-6.84406;0.496123;-12.5965
819;4;14.4071;-6.84406;0.496123;-12.5965
828;4;101.976;6.91767;3.95789;-101.647
828;4;101.976;6.91767;3.95789;-101.647
847;4;30.0023;-17.818;3.08093;23.1731
875;4;38.8088;3.24793;37.2273;8.94853
875;4;38.8088;3.24793;37.2273;8.94853
875;4;38.8088;3.24793;37.2273;8.94853
875;4;38.8088;3.24793;37.2273;8.94853
875;4;38.8088;3.24793;37.2273;8.94853
886;4;663.118;19.332;1.04471;662.805
891;4;20.0533;-10.5744;14.2047;8.54732
916;4;24.6316;2.88105;22.951;-4.89421
916;4;24.6316;2.88105;22.951;-4.89421
918;4;516.705;-25.3063;20.1053;-515.592
920;4;14.9997;-8.73046;8.37325;-8.59592
920;4;14.9997;-8.73046;8.37325;-8.59592
934;4;22.1423;4.32286;3.95863;21.2058
948;4;170.881;15.2134;20.9525;-168.874
948;4;170.881;15.2134;20.9525;-168.874
948;4;170.881;15.2134;20.9525;-168.874
948;4;170.881;15.2134;20.9525;-168.874
977;4;14.1079;5.9504;0.734108;-12.5226
977;4;14.1079;5.9504;0.734108;-12.5226
977;4;14.1079;5.9504;0.734108;-12.5226
977;4;14.1079;5.9504;0.734108;-12.5226
982;4;80.2173;-6.39987;36.2513;-71.0248
982;4;80.2173;-6.39987;36.2513;-71.0248
982;4;80.2173;-6.39987;36.2513;-71.0248
982;4;80.2173;-6.39987;36.2513;-71.0248
