7;-3;26.086;2.4714;16.6525;19.9203
16;-3;39.4825;12.985;24.4248;-28.168
16;-3;39.169;12.8819;24.2308;-27.9443
16;-3;36.2497;11.5304;22.9853;-25.5444
16;-3;25.7078;8.18633;16.2858;-18.1217
22;-3;36.5381;-19.7388;7.24455;29.8777
24;-3;460.733;-19.045;33.0081;-459.154
24;-3;446.874;-18.4721;32.0151;-445.343
24;-3;412.538;-17.0524;29.5548;-411.124
24;-3;387.982;-16.0373;27.7954;-386.652
24;-3;339.892;-14.0461;24.3509;-338.727
24;-3;339.892;-14.0461;24.3509;-338.727
28;-3;301.465;1.99096;1.90066;301.452
34;-3;439.349;5.16451;17.3349;-438.977
34;-3;376.135;4.42108;14.8386;-375.816
35;-3;284.997;-0.125337;39.3175;-282.271
35;-3;230.612;-0.101418;31.814;-228.407
35;-3;224.96;-0.0989056;31.034;-222.808
35;-3;200.558;-0.0879543;27.6678;-198.639
35;-3;168.051;0.320216;22.4393;-166.545
35;-3;168.051;0.320216;22.4393;-166.545
39;-3;130.055;19.6287;10.4386;128.14
39;-3;134.598;20.5821;10.6746;132.585
39;-3;134.598;20.5821;10.6746;132.585
41;-3;4.49671;0.0287775;1.85921;-4.06361
45;-3;6.62189;5.61148;3.44629;-0.483588
45;-3;6.62189;5.61148;3.44629;-0.483588
51;-3;18.1709;-5.95195;6.59356;15.8439
51;-3;7.3327;-2.41195;2.59803;6.39931
59;-3;311.024;-23.643;18.9618;309.544
59;-3;277.635;-21.1042;16.9251;276.314
59;-3;269.705;-20.5013;16.4414;268.421
59;-3;259.896;-19.4749;15.6584;258.692
59;-3;259.896;-19.4749;15.6584;258.692
64;-3;475.226;1.45247;7.05546;475.171
71;-3;0.688985;-0.179697;0.246294;0.362973
71;-3;0.692161;-0.174064;0.238311;0.376824
71;-3;0.693338;-0.176962;0.239327;0.376995
71;-3;0.693338;-0.176962;0.239327;0.376995
71;-3;73.0206;-2.42313;2.23655;-72.9444
71;-3;90.2497;-2.92238;2.71786;-90.1595
71;-3;90.2497;-2.92238;2.71786;-90.1595
74;-3;47.7419;-32.6393;19.4471;-28.9055
74;-3;47.46;-32.4466;19.3323;-28.7348
74;-3;47.0495;-31.6079;18.9429;-29.2492
74;-3;42.9709;-28.8677;17.3009;-26.7129
74;-3;42.9709;-28.8677;17.3009;-26.7129
81;-3;21.7853;-18.2485;6.62924;9.86885
81;-3;19.2198;-16.0973;5.84898;8.70728
82;-3;14.8492;-10.0221;5.61536;-9.3955
82;-3;13.0681;-8.81828;4.94293;-8.26629
82;-3;12.7555;-8.6068;4.82509;-8.0681
82;-3;12.7555;-8.6068;4.82509;-8.0681
83;-3;24.0263;9.45168;20.6703;7.77281
83;-3;24.0817;9.51904;20.7241;7.71853
83;-3;24.0474;9.50548;20.6946;7.70752
83;-3;24.0046;9.48855;20.6578;7.69378
84;-3;126.746;-3.62415;9.2664;-126.353
84;-3;126.775;-3.81697;9.50624;-126.359
84;-3;126.775;-3.81697;9.50624;-126.359
94;-3;36.4408;-29.9889;2.84576;-20.5
94;-3;35.885;-28.9801;4.36811;-20.7015
94;-3;34.0015;-27.4584;4.13841;-19.6154
94;-3;13.3001;-10.8196;0.977244;-7.65659
94;-3;13.3001;-10.8196;0.977244;-7.65659
97;-3;1.86177;-0.427916;0.424699;1.68899
99;-3;25.7183;4.11446;1.35491;25.346
99;-3;25.7183;4.11446;1.35491;25.346
102;-3;192.791;26.3301;6.73296;-190.865
106;-3;1008.49;0.29213;2.60983;-1008.49
106;-3;1008.49;0.29213;2.60983;-1008.49
107;-3;4.98764;-0.462135;0.454126;-4.92004
107;-3;4.98706;-0.45438;0.449637;-4.92058
107;-3;4.98706;-0.45438;0.449637;-4.92058
124;-3;477.38;1.12995;23.0809;-476.821
124;-3;438.129;1.03538;21.1833;-437.615
124;-3;438.129;1.03538;21.1833;-437.615
134;-3;19.262;-1.66151;0.398186;19.1608
134;-3;19.262;-1.66151;0.398186;19.1608
138;-3;11.1873;-2.01779;2.7608;-10.6401
138;-3;11.1873;-2.01779;2.7608;-10.6401
142;-3;48.1072;19.8534;8.12976;43.0558
142;-3;45.315;18.6994;7.65918;40.557
146;-3;13.8052;3.70952;9.80428;-8.96933
146;-3;14.2012;3.78176;9.97128;-9.36457
146;-3;14.1905;3.77214;9.94967;-9.37526
146;-3;13.9855;3.71761;9.80586;-9.2395
146;-3;13.8717;3.68735;9.72606;-9.16417
146;-3;13.7692;3.66008;9.65414;-9.09627
146;-3;13.783;3.66384;9.66797;-9.10098
146;-3;13.783;3.66384;9.66797;-9.10098
151;-3;9.34173;3.07583;7.55443;4.52633
151;-3;9.41013;3.16595;7.64383;4.45525
151;-3;9.76489;3.26795;7.91816;4.65573
151;-3;9.76489;3.26795;7.91816;4.65573
158;-3;35.4777;20.8115;28.4037;4.3047
158;-3;31.8944;18.709;25.5342;3.8703
158;-3;24.5552;14.4022;19.6572;2.98017
158;-3;23.7959;13.9566;19.0491;2.88849
158;-3;23.5483;13.8113;18.8507;2.85856
158;-3;23.5483;13.8113;18.8507;2.85856
163;-3;50.6583;33.2642;17.8386;33.7831
163;-3;48.8371;32.0681;17.1972;32.5685
163;-3;43.8717;28.8075;15.4483;29.2567
163;-3;41.928;27.5311;14.7641;27.9601
163;-3;37.612;24.6981;13.245;25.0796
163;-3;37.612;24.6981;13.245;25.0796
185;-3;137.33;25.9857;20.5541;133.272
188;-3;16.0296;5.76535;2.24129;14.7544
196;-3;80.8057;-11.7819;3.27147;79.8736
196;-3;80.1167;-11.6814;3.24356;79.1926
196;-3;79.8118;-11.637;3.2312;78.8911
196;-3;79.8118;-11.637;3.2312;78.8911
203;-3;339.442;33.8089;14.8204;337.428
203;-3;311.185;29.4559;15.3881;309.405
203;-3;246.582;23.9446;10.6875;245.184
203;-3;246.582;23.9446;10.6875;245.184
208;-3;53.5915;22.3598;27.9144;-39.9077
208;-3;51.6641;21.5555;26.9101;-38.4725
208;-3;47.229;19.7044;24.5991;-35.1703
210;-3;103.511;-7.33586;16.9824;101.843
210;-3;79.6567;-5.65558;13.0712;78.3715
210;-3;79.6567;-5.65558;13.0712;78.3715
212;-3;69.3532;18.4069;31.6612;58.8929
212;-3;69.01;18.3158;31.5045;58.6015
212;-3;68.3294;18.1351;31.1937;58.0236
212;-3;22.5214;5.55782;10.6749;19.0295
212;-3;22.5214;5.55782;10.6749;19.0295
227;-3;21.2219;-4.36618;9.49272;18.4646
227;-3;20.8288;-4.28522;9.31601;18.1228
228;-3;213.093;-2.31558;3.25267;213.055
228;-3;211.918;-2.28698;3.25997;211.88
228;-3;211.93;-2.40325;3.26377;211.89
231;-3;2324.26;-7.48026;24.8834;2324.12
231;-3;2326.46;-7.42963;24.9343;2326.31
231;-3;2325.64;-7.46623;24.9235;2325.5
231;-3;2141.98;-8.09707;21.8774;2141.85
231;-3;2141.98;-8.09707;21.8774;2141.85
243;-3;290.738;-34.8186;17.9082;-288.089
243;-3;290.195;-34.7536;17.8748;-287.551
243;-3;255.873;-31.2953;15.8073;-253.459
243;-3;255.493;-31.3332;15.7537;-253.074
243;-3;255.493;-31.3332;15.7537;-253.074
244;-3;53.5142;3.70272;3.56335;-53.2645
244;-3;53.5142;3.70272;3.56335;-53.2645
263;-3;114.038;10.378;5.35456;-113.438
263;-3;114.038;10.378;5.35456;-113.438
272;-3;6.63384;1.81409;0.712583;6.32133
273;-3;77.8427;9.87823;13.397;76.0406
273;-3;72.9595;9.25745;12.5549;71.2707
273;-3;70.7118;8.97188;12.1674;69.0751
273;-3;67.8029;7.9174;11.7311;66.3074
273;-3;68.0157;8.03096;11.6394;66.5276
273;-3;68.0157;8.03096;11.6394;66.5276
286;-3;63.3684;-26.0345;1.83847;-57.7419
286;-3;60.1196;-24.6996;1.74423;-54.7814
286;-3;50.2679;-20.6515;1.4597;-45.8039
286;-3;50.2679;-20.6515;1.4597;-45.8039
293;-3;725.972;40.0514;17.0751;-724.665
293;-3;723.233;39.9003;17.0107;-721.931
293;-3;601.907;34.9471;13.6089;-600.737
293;-3;448.201;26.7288;9.7396;-447.297
293;-3;42.6412;2.44578;0.903824;-42.5585
293;-3;89.5993;5.25646;1.95199;-89.4223
293;-3;137.758;8.11265;3.37337;-137.475
293;-3;137.758;8.11265;3.37337;-137.475
300;-3;6.79699;3.87674;4.596;-3.12997
303;-3;38.8556;-1.98249;0.77648;-38.794
314;-3;2.49704;0.172089;0.421191;-2.45524
321;-3;345.331;39.5384;7.66607;-342.974
323;-3;774.123;2.06304;23.089;-773.775
323;-3;774.123;2.06304;23.089;-773.775
332;-3;265.424;-33.2413;1.18871;263.331
332;-3;249.943;-31.302;1.1194;247.972
332;-3;242.667;-30.3906;1.08661;240.753
332;-3;225.919;-28.2925;1.01062;224.138
332;-3;225.919;-28.2925;1.01062;224.138
335;-3;205.713;-20.2175;15.0483;-204.163
335;-3;205.713;-20.2175;15.0483;-204.163
339;-3;2.22653;-0.30288;1.77936;-1.204
339;-3;2.25482;-0.232177;1.83897;-1.18259
347;-3;26.8699;-2.25665;0.903358;-26.7598
348;-3;20.3044;-4.26026;2.9926;-19.6192
348;-3;20.3044;-4.26026;2.9926;-19.6192
352;-3;16.1295;-9.49025;0.211187;-13.0308
352;-3;15.5129;-9.12524;0.203021;-12.5335
352;-3;15.5216;-9.14323;0.169964;-12.5316
362;-3;108.07;-21.1288;30.5343;101.49
362;-3;101.964;-19.9348;28.8085;95.7555
362;-3;99.0183;-19.3587;27.9759;92.989
370;-3;20.2694;1.81093;0.768053;20.1675
370;-3;32.9576;2.89323;1.08941;32.8025
382;-3;3.11836;1.69339;1.36161;-2.0219
382;-3;3.11836;1.69339;1.36161;-2.0219
385;-3;88.6345;-20.0815;0.831037;-86.3242
385;-3;86.7473;-19.6534;0.813307;-84.4862
385;-3;71.2496;-16.7281;1.19362;-69.2459
385;-3;71.2496;-16.7281;1.19362;-69.2459
393;-3;23.7631;0.191696;0.16463;23.7565
397;-3;26.7745;4.26268;9.35341;24.7178
397;-3;26.9227;4.28375;9.3831;24.8634
397;-3;26.8897;4.26535;9.38617;24.8296
397;-3;26.0935;4.13917;9.10815;24.0941
397;-3;25.201;3.99795;8.79657;23.2697
397;-3;25.205;3.99902;8.797;23.2737
402;-3;50.9036;-0.0154177;0.483609;50.8989
402;-3;50.9036;-0.0154177;0.483609;50.8989
425;-3;116.37;-10.3331;12.9988;-115.178
425;-3;111.01;-9.85669;12.4001;-109.873
425;-3;88.2317;-7.83483;9.85584;-87.3273
445;-3;136.343;-22.3103;18.2704;-133.258
445;-3;136.205;-22.2591;18.3137;-133.12
446;-3;77.9899;-0.92521;0.0361121;77.9828
446;-3;73.0527;-0.868122;0.0341351;73.0459
447;-3;25.2296;-1.02006;23.8966;8.01229
447;-3;25.2296;-1.02006;23.8966;8.01229
458;-3;17.677;5.09581;2.47356;-16.7374
458;-3;17.5593;4.94087;2.73667;-16.6186
465;-3;44.3353;5.92068;20.9884;38.598
465;-3;44.4988;6.79751;21.1364;38.5609
465;-3;45.5697;6.68508;21.4837;39.6246
465;-3;45.9356;6.89986;21.5237;39.9869
465;-3;45.8847;6.73643;21.5629;39.9351
483;-3;194.136;77.2112;8.85825;177.901
483;-3;190.034;75.5798;8.67103;174.142
483;-3;190.034;75.5798;8.67103;174.142
485;-3;23.7917;-19.6554;11.5781;-6.73866
485;-3;23.787;-19.641;11.589;-6.74522
486;-3;31.4323;5.6021;29.8685;-8.01427
486;-3;26.1222;4.68237;25.1019;-5.48537
486;-3;20.3741;3.65005;19.5728;-4.29378
486;-3;15.3791;2.76085;14.7673;-3.2512
486;-3;20.8471;3.79633;19.9839;-4.52184
486;-3;20.8471;3.79633;19.9839;-4.52184
495;-3;10.072;-5.00531;7.29445;4.78888
495;-3;9.44186;-4.69178;6.837;4.48791
495;-3;9.46957;-4.64829;6.9224;4.46055
495;-3;9.46864;-4.65321;6.91844;4.4596
495;-3;9.43859;-4.66575;6.84345;4.49834
495;-3;9.43859;-4.66575;6.84345;4.49834
497;-3;158.254;-6.21922;1.8591;-158.12
497;-3;158.254;-6.21922;1.8591;-158.12
502;-3;50.2416;-26.5481;20.1058;37.6156
502;-3;37.2754;-19.6952;14.916;27.9072
502;-3;36.6945;-19.3883;14.6834;27.4723
502;-3;36.2314;-19.1436;14.498;27.1256
502;-3;36.2314;-19.1436;14.498;27.1256
505;-3;197.18;45.5177;11.5286;191.507
505;-3;196.329;45.3213;11.4789;190.68
505;-3;185.383;42.7943;10.8387;180.049
505;-3;185.383;42.7943;10.8387;180.049
514;-3;151.861;7.37197;33.5151;-147.932
514;-3;150.259;7.29415;33.1613;-146.371
514;-3;149.053;7.23563;32.8952;-145.197
514;-3;139.093;6.75203;30.6962;-135.495
514;-3;139.093;6.75203;30.6962;-135.495
519;-3;242.119;0.00458842;2.1014;-242.109
519;-3;242.119;0.00458842;2.1014;-242.109
526;-3;60.6182;41.927;7.72898;-43.0896
526;-3;60.4073;41.781;7.70208;-42.9397
526;-3;59.9455;41.4616;7.64319;-42.6114
526;-3;57.4578;39.7408;7.3259;-40.8431
526;-3;51.7221;35.194;6.79473;-37.2846
526;-3;51.7221;35.194;6.79473;-37.2846
550;-3;44.3988;0.0848779;0.655325;44.3911
550;-3;44.3988;0.0848779;0.655325;44.3911
564;-3;126.886;10.7109;13.052;-125.757
564;-3;126.886;10.7109;13.052;-125.757
564;-3;1196.09;-3.23216;0.447178;1196.09
564;-3;1196.09;-3.23216;0.447178;1196.09
567;-3;114.665;7.33921;26.0588;111.422
567;-3;114.665;7.33921;26.0588;111.422
578;-3;234.821;20.5939;11.8407;233.616
578;-3;174.392;14.9406;9.21302;173.506
578;-3;174.392;14.9406;9.21302;173.506
581;-3;55.9441;5.67171;9.20387;54.8873
581;-3;34.5172;4.05125;5.61771;33.8115
600;-3;67.5303;1.78004;9.00222;66.902
600;-3;67.5691;1.77404;9.00645;66.9407
600;-3;67.5756;1.7592;9.0968;66.9355
600;-3;67.5605;1.75967;9.09565;66.9205
600;-3;67.5088;1.76046;8.78979;66.9091
600;-3;67.5088;1.76046;8.78979;66.9091
603;-3;90.6792;-2.33457;3.63889;-90.5747
626;-3;222.674;12.9305;-0.0366224;-222.297
626;-3;167.666;9.73127;-0.022717;-167.382
626;-3;167.666;9.73128;-0.0227173;-167.382
630;-3;158.973;-13.1401;28.5712;-155.83
630;-3;151.077;-12.4874;27.1515;-148.09
637;-3;58.1926;-9.95174;20.6207;53.4965
637;-3;29.159;-4.97707;10.3315;26.8046
637;-3;24.6656;-4.22502;8.73884;22.6699
637;-3;24.6656;-4.22502;8.73884;22.6699
639;-3;16.5151;-1.53094;2.80463;16.1953
642;-3;41.0927;-9.31581;26.0528;-30.3781
642;-3;38.3032;-8.68303;24.284;-28.3157
642;-3;37.6539;-8.53574;23.8723;-27.8356
642;-3;36.6945;-8.31812;23.2639;-27.1263
642;-3;34.7927;-7.88724;22.058;-25.7201
642;-3;34.7927;-7.88724;22.058;-25.7201
643;-3;24.481;-0.265648;0.625587;-24.4665
643;-3;24.481;-0.265648;0.625587;-24.4665
648;-3;26.6301;-2.18363;24.6766;-9.75756
648;-3;24.0398;-1.97004;22.2745;-8.8107
648;-3;24.0398;-1.97004;22.2745;-8.8107
653;-3;97.2917;14.2891;3.54202;96.1702
653;-3;94.5766;13.8904;3.44319;93.4863
653;-3;91.7383;13.4735;3.3398;90.6806
653;-3;91.7383;13.4735;3.3398;90.6806
657;-3;117.139;-6.22936;19.5804;115.321
657;-3;117.145;-6.2145;19.3536;115.366
657;-3;116.954;-6.20215;19.3404;115.176
657;-3;105.536;-5.59604;17.449;103.931
668;-3;650.072;78.6638;66.4029;-641.869
670;-3;89.7781;47.2743;31.2242;69.6423
670;-3;83.9464;44.2031;29.1958;65.1187
670;-3;79.468;41.8445;27.638;61.6449
670;-3;65.7281;36.0726;22.7419;50.0151
670;-3;55.5172;30.4612;19.2095;42.2495
670;-3;68.3383;37.321;23.6775;52.1166
670;-3;68.3383;37.321;23.6775;52.1166
677;-3;79.1779;13.7722;27.4868;-72.9637
677;-3;79.1779;13.7722;27.4868;-72.9637
689;-3;89.6005;2.24296;5.84915;89.3798
689;-3;96.0796;2.56627;6.14091;95.8442
689;-3;96.0796;2.56627;6.14091;95.8442
715;-3;54.8929;7.37296;34.3554;-42.1702
715;-3;53.816;7.22829;33.6813;-41.3429
715;-3;51.531;6.92119;32.2509;-39.5875
715;-3;47.1998;6.33829;29.5399;-36.2601
715;-3;47.1998;6.33829;29.5399;-36.2601
725;-3;3.14408;2.40682;1.95513;-0.14103
732;-3;7.02293;-2.65881;4.03373;-5.07261
748;-3;13.1729;-9.25151;8.42328;4.09065
748;-3;13.1729;-9.25151;8.42328;4.09065
764;-3;35.5904;-9.80446;30.5131;-15.4677
764;-3;34.9207;-9.61994;29.9388;-15.1767
768;-3;0.833704;0.383355;0.544217;-0.0439212
768;-3;0.833704;0.383355;0.544217;-0.0439212
785;-3;8.32729;-3.66379;7.21507;-1.90084
785;-3;5.98847;-2.98438;5.05561;-1.07054
785;-3;5.98847;-2.98438;5.05561;-1.07054
789;-3;141.899;-104.173;95.0088;16.0157
806;-3;61.0825;36.0126;9.02888;48.5016
806;-3;58.1655;34.2924;8.59758;46.1854
813;-3;37.7818;21.1279;24.7299;-19.216
813;-3;37.4161;20.9233;24.4905;-19.03
813;-3;26.5141;14.4831;17.8385;-13.2202
813;-3;26.5141;14.4831;17.8385;-13.2202
824;-3;113.871;35.4488;4.29017;108.126
867;-3;30.718;-0.244961;2.50772;30.6061
868;-3;22.1021;15.6446;0.201072;15.6032
874;-3;83.0281;-39.9515;26.507;-67.784
874;-3;60.7038;-29.2094;19.3793;-49.5576
874;-3;59.8796;-28.8127;19.1162;-48.8847
874;-3;59.8796;-28.8127;19.1162;-48.8847
892;-3;513.976;32.8705;15.8741;-512.678
892;-3;493.092;31.5346;15.229;-491.847
892;-3;470.478;30.0883;14.5305;-469.29
892;-3;470.478;30.0883;14.5305;-469.29
894;-3;7.69633;4.29805;2.40027;5.89482
894;-3;7.69633;4.29805;2.40027;5.89482
897;-3;16.1123;-1.57105;4.06223;15.5044
897;-3;16.1795;-1.62674;4.12365;15.5524
902;-3;172.8;10.0881;25.3841;-170.627
902;-3;169.641;9.90359;24.9198;-167.507
902;-3;169.641;9.90359;24.9198;-167.507
909;-3;21.507;-1.68578;1.766;-21.3621
909;-3;22.2227;-1.73355;1.82684;-22.0736
909;-3;22.2227;-1.73355;1.82684;-22.0736
911;-3;210.97;-22.1375;9.19767;-209.603
911;-3;191.616;-19.8551;9.18838;-190.362
911;-3;191.616;-19.8551;9.18838;-190.362
912;-3;18.4832;-0.194212;0.418177;-18.4707
912;-3;18.4832;-0.19394;0.415628;-18.4707
913;-3;114.214;25.6517;19.3654;109.598
913;-3;111.98;25.1497;18.9865;107.454
914;-3;38.6985;-3.29291;0.225744;38.5543
914;-3;38.7016;-3.29321;0.223599;38.5573
914;-3;38.7197;-3.4241;0.19199;38.5643
914;-3;47.4081;-4.20575;0.107719;47.2146
914;-3;47.4081;-4.20575;0.107719;47.2146
924;-3;24.8575;1.56495;11.55;-21.9498
924;-3;24.8741;1.56732;11.5547;-21.966
924;-3;23.5907;1.48779;10.9559;-20.8333
930;-3;782.867;31.3758;17.6594;-782.039
930;-3;779.22;31.2296;17.5771;-778.395
930;-3;743.82;30.4567;17.5532;-742.989
930;-3;743.82;30.4567;17.5532;-742.989
933;-3;30.7455;1.36443;1.7497;-30.6613
933;-3;30.7446;1.38435;1.68245;-30.6632
933;-3;331.249;0.494867;0.340693;-331.248
933;-3;331.249;0.494867;0.340693;-331.248
950;-3;57.421;-11.9146;40.1948;-39.2345
950;-3;53.2758;-11.0544;37.2926;-36.4022
961;-3;14.8626;-8.13847;11.2631;-5.24929
961;-3;15.1959;-8.01686;11.632;-5.57616
961;-3;12.9449;-6.4943;10.2732;-4.4279
961;-3;12.9814;-6.50907;10.3233;-4.39658
961;-3;12.9814;-6.50907;10.3233;-4.39658
962;-3;71.1281;1.52649;0.565346;-71.1077
962;-3;71.1281;1.52649;0.565346;-71.1077
970;-3;84.652;-0.852662;0.33685;-84.6456
970;-3;84.7235;-0.853639;0.336203;-84.7171
980;-3;38.0102;36.1106;0.256638;-11.8526
984;-3;403.155;-33.5135;1.55816;401.756
984;-3;400.261;-33.2729;1.54697;398.873
984;-3;400.261;-33.2729;1.54697;398.873
987;-3;30.8573;1.19312;4.99555;-30.4227
987;-3;30.8573;1.19312;4.99555;-30.4227
988;-3;86.462;-27.6061;5.09;81.7767
988;-3;86.4517;-27.1445;4.62955;81.9475
988;-3;86.4709;-27.2545;4.66793;81.9291
988;-3;79.2919;-25.3533;5.62438;74.9169
988;-3;79.2181;-25.3275;5.65283;74.8453
988;-3;79.2181;-25.3275;5.65283;74.8453
