3;3;45.2852;-20.6996;10.9499;38.7573
17;3;38.017;-19.7882;-21.1583;-24.6129
23;3;98.2918;-29.8675;-7.34774;-93.354
42;3;34.9667;12.8891;29.193;14.2848
51;3;40.6606;36.9365;-0.00302146;-16.9922
52;3;33.7892;30.3342;-6.99376;-13.1294
53;3;1074.08;3.99167;2.27883;-1074.07
54;3;772.017;29.694;12.8327;-771.339
63;3;20.7068;4.48363;20.0066;-2.85554
66;3;28.826;-14.1053;-2.88104;-24.9685
70;3;23.7646;14.6501;-16.6698;-8.48535
93;3;58.66;-8.40062;-40.8458;-41.2528
113;3;49.4386;-4.67078;36.804;-32.6738
114;3;73.1734;-14.9343;-18.3906;69.2305
116;3;55.3278;30.4655;-29.5474;35.4925
124;3;245.107;-33.6645;-14.2721;-242.364
130;3;312.044;9.20046;-18.0542;311.385
137;3;30.3648;21.6506;18.8887;-9.81028
143;3;29.1133;-11.1107;25.2355;9.33049
144;3;476.755;-37.0027;-11.1179;-475.186
158;3;43.8007;30.3899;-29.2114;-11.8911
164;3;36.4025;-4.24932;35.1152;-8.58798
179;3;62.3646;-47.6336;27.7796;29.1277
180;3;810.001;-20.6151;-5.24573;809.722
183;3;1252.77;25.6808;2.1692;-1252.51
185;3;53.7109;28.4757;22.7861;-39.4276
197;3;522.558;-40.5651;10.0114;520.885
200;3;34.273;4.21114;-27.8855;19.4693
207;3;394.544;2.00525;-26.9392;393.618
211;3;458.449;-62.2313;-12.3774;-454.037
234;3;292.666;-29.2421;18.2101;290.631
250;3;40.6338;-35.4752;17.147;9.91714
272;3;426.436;-9.28732;-11.0865;426.191
277;3;475.949;-40.092;-10.8382;-474.133
278;3;1103.19;-6.12385;25.5756;1102.88
281;3;48.2244;21.4207;-17.4633;39.5162
286;3;283.71;-33.8414;-7.88183;281.573
289;3;70.181;-12.1536;-37.9826;57.7472
296;3;53.364;9.90655;32.2772;41.322
297;3;1813.16;22.5737;31.7959;-1812.74
310;3;242.698;-60.3064;-6.29214;235.002
330;3;116.782;-27.638;-7.62873;-113.207
341;3;839.758;18.228;-58.9009;837.492
347;3;43.8194;-23.5331;-10.5837;-35.4128
350;3;313.81;37.299;14.8019;-311.233
357;3;156.806;-22.286;-37.2387;150.68
359;3;175.652;29.6682;-18.0847;172.18
361;3;78.2317;7.99136;29.1797;72.1432
369;3;215.525;-29.3397;11.9165;213.185
384;3;30.9197;5.33456;17.8963;-24.6383
390;3;89.5123;-7.70338;-24.4073;85.7738
395;3;41.7862;30.7125;-20.4513;-19.6043
404;3;85.429;-33.4368;13.0568;77.5201
407;3;1522.03;-46.1118;-24.8144;1521.12
418;3;322.338;-24.9822;31.6588;-319.805
431;3;120.874;30.1967;7.87719;-116.775
445;3;750.412;-37.0282;-26.1633;-749.041
448;3;83.9236;-40.1821;-2.54762;-73.6331
449;3;111.455;-15.5834;25.4464;107.385
450;3;172.085;5.62538;38.0303;167.735
474;3;40.0661;38.0319;-11.6941;-4.67554
482;3;39.1491;-9.46828;35.3638;-13.8622
488;3;179.05;32.3551;-14.0924;-175.536
493;3;20.8677;20.1169;-2.31013;5.0184
494;3;237.855;-26.5713;32.5031;-234.12
507;3;42.3325;14.0644;-27.2994;-29.1329
511;3;61.7952;1.00418;34.2014;51.4553
512;3;519.016;7.20065;-33.0095;517.915
537;3;65.2587;-29.1947;-12.3717;-57.0355
548;3;799.6;6.62251;-34.6928;798.82
553;3;249.11;9.25183;-36.5275;246.243
554;3;849.792;36.856;17.0341;848.821
563;3;74.8387;-29.9253;3.97425;-68.4782
572;3;7.60164;6.04731;4.31391;-1.53462
580;3;47.2071;34.6434;23.0392;-22.3
581;3;1041.2;-5.26615;1.80005;-1041.18
586;3;241.298;44.3648;-0.989937;237.182
593;3;42.5962;39.9337;3.22845;14.4591
596;3;236.724;27.3042;-14.2689;234.711
597;3;22.3436;-1.872;18.7972;-11.9227
606;3;100.443;-12.6973;-22.735;97.0079
607;3;178.615;-9.26652;3.07516;-178.347
620;3;133.495;36.2615;-5.71682;-128.347
626;3;39.1548;26.5822;11.5117;-26.3385
638;3;591.764;41.3844;16.1016;590.095
648;3;61.2245;58.1644;-18.5534;4.56692
652;3;375.047;9.43046;46.0306;-372.092
661;3;556.712;-27.0066;-10.6652;555.954
666;3;815.224;4.68736;0.405815;-815.21
692;3;31.6294;-15.0015;-18.013;21.2287
698;3;54.8813;-34.6401;-34.6658;24.6993
710;3;306.709;-11.3805;35.1923;-304.47
718;3;861.845;19.9997;-26.0293;861.22
721;3;191.761;14.446;-33.1719;-188.316
728;3;76.3818;31.271;16.2948;67.7535
731;3;27.0908;-1.25343;9.36241;25.3857
732;3;26.591;-0.0805589;-26.5426;-1.52323
734;3;242.317;6.69512;36.0024;239.533
748;3;26.7734;-10.6892;-13.4285;-20.5422
754;3;562.06;8.29173;-31.9307;561.091
764;3;83.0712;6.62114;-17.3546;-80.9664
766;3;141.535;19.0147;-24.4767;138.099
770;3;1118.12;-22.2666;41.0861;1117.14
774;3;100.586;-23.3935;-10.594;97.251
786;3;87.5911;21.7526;29.2967;-79.6271
796;3;246.183;2.9042;-39.7324;242.938
819;3;1599.64;3.87541;20.8318;-1599.5
820;3;155.168;-22.7946;-3.25143;153.449
821;3;97.2044;20.3786;14.6091;-93.9134
822;3;10.3502;5.61877;-8.05933;-3.21779
829;3;121.31;-52.8516;17.3281;-107.807
830;3;56.5416;15.6893;20.2004;-50.4231
841;3;159.318;11.8461;-20.4695;-157.552
852;3;34.8302;14.0279;24.9223;-19.8743
860;3;331.544;-7.62878;-52.2562;-327.311
869;3;22.3888;7.09407;-21.2249;0.433765
881;3;142.739;-5.66223;10.4371;-142.244
888;3;81.4472;-6.95576;-30.1644;-75.3334
893;3;38.1105;30.7019;-5.99626;-21.7622
897;3;37.0916;33.7492;1.85181;-15.2677
898;3;91.2954;34.3622;-5.7978;84.3814
901;3;124.365;7.96721;-23.0237;121.954
903;3;223.299;33.8216;-15.4326;-220.182
904;3;48.7792;-35.456;2.04531;-33.4342
906;3;662.849;17.8881;-10.8114;662.519
925;3;30.2576;22.1119;-19.9238;5.42018
927;3;59.9715;18.5121;-12.4259;-55.6707
932;3;282.899;14.914;24.0088;-281.483
935;3;18.2886;4.01619;16.204;7.45135
937;3;89.7259;10.4037;-29.2095;-84.1965
942;3;64.9143;28.6279;-24.8783;-52.6796
946;3;134.012;24.3336;-6.46529;131.625
949;3;77.6938;29.0358;-31.7161;-64.7077
951;3;49.4825;-31.3052;-16.8514;34.4134
960;3;58.1498;-17.7386;35.645;42.3784
984;3;40.9607;-32.1412;23.9977;8.2813
988;3;138.76;-6.20284;34.9572;-134.141
1014;3;312.639;14.7364;25.9961;-311.207
1015;3;2081.41;-13.4472;-42.2842;2080.94
1027;3;33.9192;-28.8325;-14.8073;9.98486
1050;3;29.7163;5.17122;-23.4774;17.4607
1052;3;292.386;-19.7519;19.6443;-291.056
1059;3;281.479;-33.8034;19.0145;-278.794
1063;3;255.88;8.61331;-33.5905;-253.519
1069;3;638.583;-1.93556;39.9214;637.331
1098;3;72.4199;-7.77366;3.61474;71.909
1106;3;18.9468;13.5041;-1.97461;13.1328
1114;3;2088.12;-16.2051;5.48083;-2088.05
1126;3;26.356;-1.75364;21.6473;-14.9233
1133;3;253.592;-19.7124;-23.4842;251.731
1144;3;42.3292;18.1391;35.2753;-14.7696
1154;3;113.159;-5.39994;23.4123;-110.578
1172;3;339.22;-8.4393;-19.0962;338.576
1186;3;24.009;13.6897;-13.6922;-14.1879
1198;3;885.707;35.8048;30.9688;-884.441
1199;3;558.032;-3.71948;41.616;556.466
1202;3;1056.81;-14.7437;-3.8648;-1056.7
1214;3;2592.83;28.9765;-28.7775;-2592.51
1218;3;2154.53;-10.4462;2.007;2154.5
1227;3;2529.61;-20.7336;25.0704;-2529.4
1249;3;126.301;11.2507;-26.9588;122.875
1259;3;28.6445;-14.6847;16.9898;-17.7753
1267;3;521.984;-33.3251;-14.8328;520.708
1281;3;76.8677;-9.67689;-44.9862;-61.5711
1285;3;30.9958;17.4603;-5.79344;24.9412
1300;3;383.957;12.7508;-15.2679;-383.441
1305;3;145.987;25.7235;-11.0494;-143.277
1310;3;1545.19;-3.88254;-56.0083;1544.17
1314;3;11.9401;5.14846;9.49522;5.06457
1319;3;49.0867;32.4884;1.71928;-36.7534
1320;3;476.926;36.9921;-2.92154;475.48
1321;3;805.701;-14.2861;22.8051;-805.252
1325;3;138.765;-4.63828;38.5391;-133.224
1335;3;130.642;-11.2921;-40.4057;123.722
1358;3;71.9136;-2.20511;-19.6316;-69.1452
1360;3;35.5179;8.18022;24.6705;-24.2016
1367;3;45.3893;29.6442;29.4793;-17.6672
1368;3;657.547;14.4951;-11.0395;-657.294
1373;3;39.3492;-25.0701;-15.7833;-25.8938
1378;3;95.6637;17.0001;19.3855;92.1222
1394;3;68.9008;18.1473;5.90311;66.2034
1396;3;476.813;26.202;-11.6702;-475.949
1413;3;149.234;24.9033;10.2167;146.786
1419;3;243.141;19.4642;58.8229;235.114
1421;3;153.007;-14.0478;7.15985;-152.192
1432;3;926.882;3.94915;-9.84054;926.822
1437;3;281.96;-39.0864;-16.4708;-278.751
1452;3;82.5761;-4.39079;-0.839511;82.4535
1458;3;358.556;-9.85557;10.0906;358.278
1459;3;394.329;-27.8185;-5.34138;393.31
1467;3;50.1145;-14.7111;-10.2135;46.8026
1475;3;503.115;-21.9414;-26.889;-501.916
1477;3;275.062;-6.85088;24.0179;273.925
1479;3;1797.88;15.1422;25.5288;-1797.63
1481;3;221.675;-9.83435;19.0494;-220.636
1494;3;36.8524;-21.1177;-13.7595;-26.8806
1495;3;89.1925;-43.4435;-28.5161;-72.4883
1510;3;48.6465;36.5731;7.78404;-31.1135
1519;3;76.6538;-31.3563;29.9906;-63.1894
1523;3;288.524;-46.878;6.84176;284.608
1541;3;201.322;-32.3774;-18.815;-197.808
1549;3;43.2905;10.9145;-31.7775;27.2925
1550;3;127.6;-46.7968;26.2005;-115.781
1551;3;142.231;43.2228;-11.959;-134.974
1562;3;156.709;41.1368;-29.7118;148.264
1571;3;100.259;29.387;-17.2793;94.284
1576;3;707.305;11.9848;28.2329;-706.639
1580;3;43.9988;4.40517;-21.4379;38.1661
1585;3;107.825;44.3923;-5.77408;-98.0921
1588;3;597.024;-11.8032;-36.3879;-595.797
1599;3;595.845;-38.3291;-32.8081;-593.705
1612;3;733.098;-23.8925;36.7786;731.785
1617;3;76.6147;16.6232;-21.3059;-71.6889
1622;3;252.393;-37.0248;-12.7853;249.335
1638;3;561.928;0.751399;-43.9831;-560.203
1642;3;136.609;10.2365;-23.7877;134.131
1650;3;76.507;31.5046;-26.4248;-64.5156
1662;3;82.2832;41.0535;-1.65424;71.2891
1672;3;17.391;11.9986;-3.52759;-12.0741
1673;3;52.27;8.33488;-40.7135;-31.6994
1679;3;195.99;-29.9422;-15.4777;193.07
1685;3;69.418;-9.93793;-30.4191;-61.5998
1687;3;30.5213;-30.4723;-1.58062;0.48863
1696;3;195.133;17.7675;23.9656;-192.838
1706;3;36.639;33.9013;10.8685;8.64519
1723;3;343.535;-7.18057;-42.2095;-340.856
1731;3;36.5721;13.4652;-17.2728;29.2849
1738;3;89.4132;-5.2242;-42.26;-78.621
1748;3;950.225;-34.9166;19.6673;-949.38
1753;3;111.093;-29.2652;-9.85963;106.713
1759;3;107.407;-41.8076;8.35668;-98.5809
1762;3;30.0613;-21.8279;-18.9523;8.23304
1771;3;14.5166;-7.99199;11.9382;-2.02201
1775;3;97.1049;35.7805;-7.65871;89.9456
1779;3;67.3004;-26.8196;-5.81712;-61.4489
1782;3;441.472;-35.5178;15.3154;439.774
1791;3;388.762;0.289187;36.7129;387.024
1801;3;862.044;12.3561;-35.8364;-861.21
1803;3;728.843;-8.80251;37.4899;-727.825
1812;3;895.609;-27.2477;34.7161;-894.521
1815;3;25.5369;-15.1854;-9.69536;18.0911
1819;3;430.056;28.7115;27.4178;428.219
1821;3;369.252;-32.6532;-8.1546;-367.715
1828;3;57.8866;47.6986;-20.9538;25.2269
1835;3;44.8059;39.1682;12.1214;18.0622
1838;3;102.351;48.534;-12.8945;89.183
1840;3;17.4965;-14.1084;10.3306;-0.328035
1845;3;107.455;23.7702;-7.17031;104.546
1848;3;41.6526;-13.8939;7.34577;38.5706
1857;3;390.502;-31.5208;-18.9785;388.764
1898;3;185.04;23.6913;20.8675;182.326
1912;3;2887.9;2.7247;-23.9718;2887.8
1915;3;200.149;-38.7811;-8.52655;-196.17
1922;3;579.672;16.0805;5.67781;-579.421
1929;3;35.1105;-32.5065;5.50429;12.0634
1934;3;26.9871;-9.73762;-3.67121;24.8949
1937;3;62.8276;-26.4537;-50.7339;25.9485
1944;3;37.6335;16.0998;28.903;-17.9288
1946;3;21.4464;5.83374;-2.04444;-20.5301
1949;3;87.4623;-26.2366;-22.4835;80.3464
1960;3;116.577;32.9631;-27.9676;-108.264
1965;3;35.5618;19.2378;-21.1958;21.0959
1995;3;36.6329;32.0765;-17.6144;-1.59758
