1;-3;125.089;-3.598;-25.3772;-122.434
18;-3;10.4382;7.19094;-7.53378;-0.488148
20;-3;118.322;29.2205;19.258;-113.027
26;-3;41.6482;18.1272;-4.39814;37.2341
28;-3;40.0058;-33.6773;-15.466;15.0618
29;-3;30.395;-3.56434;-11.4189;-27.9376
38;-3;54.8428;-17.1655;-11.1645;-50.8742
40;-3;26.7917;-12.7898;-7.88798;-22.1753
54;-3;344.583;44.4369;5.54259;-341.661
69;-3;118.723;36.891;-6.4029;-112.663
75;-3;136.594;-6.10433;33.2914;132.333
76;-3;105.451;18.3927;-2.32073;-103.808
80;-3;188.25;-11.7519;28.2175;185.751
82;-3;63.764;-11.2021;17.34;60.3278
89;-3;45.2293;-7.01141;26.0323;36.3125
93;-3;347.021;-4.68198;8.91988;-346.874
94;-3;782.623;-2.72798;38.85;-781.653
99;-3;182.171;-38.7721;7.8054;177.825
101;-3;243.774;6.13324;25.4518;242.363
121;-3;219.452;-5.91394;-24.5274;217.996
123;-3;105.07;-36.0147;-4.40374;-98.6051
129;-3;433.357;-32.9111;4.07056;432.086
130;-3;67.9667;-4.46301;5.9121;-67.56
147;-3;157.664;-6.02002;34.2567;153.779
154;-3;221.807;7.81423;-46.9442;216.641
155;-3;99.5716;40.7308;29.5705;-85.9118
159;-3;288.375;16.1022;-25.9103;286.757
168;-3;216.297;-16.3785;11.7441;215.355
170;-3;694.818;18.4231;-28.633;693.983
181;-3;73.2008;15.9739;34.6049;62.4935
188;-3;972.539;15.7461;-26.4068;972.053
194;-3;212.702;28.2185;18.1422;-210.039
199;-3;144.962;-22.1114;-31.3438;-139.794
202;-3;270.561;-25.3672;-8.41184;269.238
209;-3;239.464;27.3175;-30.7379;-235.906
210;-3;89.8218;7.81618;9.80427;-88.9409
213;-3;91.042;21.5837;20.6492;86.0009
219;-3;138.061;-9.24843;36.9561;132.7
224;-3;36.2232;27.2301;-21.9549;-9.40106
233;-3;100.664;-23.0457;37.0262;90.7245
236;-3;91.6716;-22.8601;-22.0727;85.9863
238;-3;61.6158;30.8787;1.71971;53.2898
243;-3;909.36;28.0387;-40.9896;-908.003
244;-3;1392.17;-9.40742;32.3893;1391.76
246;-3;377.965;4.09983;-53.0596;374.199
254;-3;177.138;-29.5283;12.7007;174.197
257;-3;212.507;6.37021;35.1771;-209.478
258;-3;42.8226;18.0557;-29.7503;-24.9487
262;-3;20.41;-11.9154;-7.08811;14.97
264;-3;270.398;29.1583;3.66507;268.796
266;-3;20.3953;-1.17975;11.0155;-17.1168
269;-3;147.663;-32.5022;11.9405;-143.545
271;-3;855.847;24.1288;21.7584;855.23
277;-3;110.109;20.1379;-3.76992;-108.185
278;-3;70.7249;34.917;-8.7269;60.8802
288;-3;18.0145;-11.5647;-7.65854;-11.4838
289;-3;47.5444;26.7314;22.5264;32.2213
290;-3;374.574;-31.2438;-11.4865;373.092
291;-3;15.4394;10.1212;8.05687;-8.41273
293;-3;1472.22;-11.4321;-24.7513;1471.97
297;-3;32.35;-19.8656;13.5449;-21.6371
302;-3;5.37739;2.59957;-4.45821;1.42581
303;-3;162.192;-3.58104;-44.2715;155.992
307;-3;129.598;-35.255;-3.29479;-124.666
312;-3;43.9868;15.7778;41.0154;1.84221
318;-3;89.5263;17.1291;15.958;-86.4098
323;-3;53.8487;21.7281;38.35;-30.929
332;-3;56.1556;-18.9845;46.2816;25.5109
337;-3;143.21;22.4436;34.5043;137.166
343;-3;884.586;1.35507;35.4084;-883.876
344;-3;151.241;16.0258;-31.3422;147.086
353;-3;1307.67;-21.6159;-0.689402;1307.49
368;-3;93.4676;-22.4577;-50.384;75.4523
376;-3;1511.11;42.9082;18.7156;1510.39
382;-3;733.242;-8.60655;42.4479;731.961
397;-3;117.453;68.0321;13.3455;94.8076
404;-3;163.154;30.3753;14.7026;-159.625
411;-3;502.859;-32.1653;-15.5677;501.588
421;-3;128.996;-11.5745;-34.3396;123.801
430;-3;22.8146;9.50655;-8.30474;-18.9977
434;-3;262.583;-16.555;31.4357;-260.168
435;-3;123.372;-19.0478;-15.9265;-120.846
441;-3;37.8789;11.0688;21.5004;-29.1509
444;-3;150.036;4.7343;38.176;-145.02
450;-3;64.9788;29.0775;11.2325;57.0116
456;-3;8.09908;3.84591;-4.45868;-5.53844
466;-3;40.4439;-19.3537;28.8437;-20.7107
468;-3;710.641;23.4027;33.4062;709.469
482;-3;91.2343;-8.03545;29.6948;-85.8901
484;-3;353.971;-15.1445;-31.7449;352.219
488;-3;44.6182;-4.09;-40.8734;17.4118
497;-3;9.72894;4.32967;7.65994;4.12085
502;-3;33.9459;12.376;17.5106;-26.3113
508;-3;240.99;-1.97877;-10.5271;240.752
510;-3;53.5881;24.3199;-17.1561;-44.5605
511;-3;46.7228;39.3865;1.07631;-25.1062
512;-3;473.434;-46.3636;6.06462;-471.119
514;-3;312.241;39.8598;7.90098;-309.585
516;-3;352.741;-5.84332;38.495;-350.585
526;-3;11.0323;-8.19373;-3.7281;6.35807
528;-3;65.8292;-17.1534;17.9342;-60.9702
534;-3;179.687;23.9611;27.064;176.013
538;-3;368.866;35.4938;-3.33169;-367.139
542;-3;326.848;14.284;-31.5182;-325.011
546;-3;182.886;13.6629;37.6748;-178.44
549;-3;36.6239;6.14977;32.876;14.9134
552;-3;461.337;-28.8886;6.70002;-460.383
556;-3;63.1923;-0.456457;-0.607297;63.1858
557;-3;21.6719;1.78836;-13.1845;17.0994
563;-3;49.3393;12.5408;13.5591;45.7493
564;-3;262.025;32.0455;-9.99119;259.866
566;-3;47.1742;-29.7249;-9.03573;35.4957
567;-3;44.8598;27.2963;-16.2178;31.6866
571;-3;19.8672;18.0611;6.00155;-5.6775
579;-3;271.017;-3.06795;-34.1445;268.839
597;-3;77.6068;38.4856;-4.10635;-67.2648
599;-3;18.1985;17.8207;1.28232;3.42239
601;-3;45.5513;-9.82792;37.0998;24.5293
603;-3;192.459;27.0636;25.8491;-188.785
606;-3;821.182;-29.1926;24.3006;-820.303
610;-3;218.017;34.7106;-15.1998;214.699
611;-3;46.8392;30.6772;6.86656;-34.7192
612;-3;31.8841;-0.84683;4.32807;31.5737
614;-3;70.6408;10.102;22.4071;-66.2249
623;-3;239.732;24.5379;-6.20782;238.391
634;-3;34.5998;34.1167;-1.36081;5.5764
637;-3;75.5081;-14.4778;-19.64;71.4555
638;-3;317.769;-18.0245;-37.654;-315.014
639;-3;47.909;-3.66067;-22.5648;-42.1005
645;-3;70.4385;21.315;-13.478;65.7673
647;-3;73.92;-37.114;-6.19935;-63.6242
651;-3;429.021;4.6929;-34.6304;427.595
659;-3;43.9523;8.32364;-39.5207;-17.3316
661;-3;53.0102;-1.93215;-20.5741;48.8139
671;-3;44.3763;-12.5876;28.6013;-31.5044
674;-3;24.2124;-10.1989;-21.9527;0.225842
680;-3;392.384;-37.5977;-11.5932;-390.406
683;-3;50.4084;-40.2796;12.2503;-27.7173
687;-3;328.654;14.4212;18.5173;327.814
694;-3;290.247;-15.2606;29.4927;288.341
699;-3;290.839;-21.549;-30.1568;-288.468
702;-3;67.3004;18.5541;30.1862;-57.2157
711;-3;60.6108;-20.8418;-23.0123;52.0526
714;-3;75.9432;-8.7001;-16.3632;73.6456
722;-3;48.5553;11.1457;-1.26955;-47.2391
723;-3;30.232;-15.1808;-2.87268;25.9811
725;-3;274.169;4.90314;42.8396;270.757
730;-3;1222.86;-19.0634;-35.6015;-1222.2
740;-3;119.406;-23.1954;2.81955;-117.097
742;-3;144.459;-29.4635;-21.6901;139.748
754;-3;601.816;-2.86561;28.9921;601.11
759;-3;292.338;3.86761;45.6523;288.725
764;-3;464.852;-37.4088;-4.34133;463.324
778;-3;36.1518;-30.1411;-6.62626;-18.8231
781;-3;49.1676;-6.86631;14.8677;46.3574
792;-3;69.8555;16.8842;-34.4391;58.3816
795;-3;1410.3;-27.7694;4.77208;-1410.02
796;-3;12.8111;0.208157;9.22609;-8.87191
801;-3;349.254;31.1939;-37.1664;-345.866
805;-3;643.322;-3.33665;-36.4705;642.279
806;-3;62.3893;-0.293829;30.7209;54.2984
807;-3;122.446;9.37278;-13.3587;-121.353
815;-3;147.705;-6.03943;17.717;-146.514
817;-3;62.9269;-32.0638;10.6539;53.0844
819;-3;27.6203;-4.22261;15.4628;22.4878
822;-3;84.3096;-2.56357;33.4753;-77.3349
833;-3;122.807;25.6713;12.8916;119.399
837;-3;49.1928;3.36467;15.7744;46.4707
847;-3;38.886;38.1221;7.64475;-0.36332
854;-3;14.188;-11.2442;-6.20319;6.01137
861;-3;65.2623;-33.6196;-15.2882;-53.8044
863;-3;89.109;9.95638;33.9016;81.8029
878;-3;228.692;19.1164;-32.016;-225.631
879;-3;471.945;-25.2579;-13.41;471.077
884;-3;119.625;8.62387;1.49431;119.304
889;-3;174.456;-30.9742;-5.48911;-171.596
898;-3;352.036;39.1819;-15.6786;-349.497
901;-3;98.3429;-20.0011;-38.3927;88.3009
906;-3;174.437;50.4863;4.0365;166.922
910;-3;1158.5;20.7091;-22.3365;-1158.1
913;-3;111.199;-9.57615;-10.5995;110.276
918;-3;1639.76;-15.9616;-36.1351;1639.29
922;-3;231.198;-33.7847;0.554064;228.715
925;-3;31.4121;3.41672;25.3327;-18.2495
928;-3;26.3685;15.3077;-13.825;16.4192
935;-3;576.507;38.0227;-6.177;575.218
941;-3;2019.67;-16.3117;33.5387;-2019.33
945;-3;66.1898;-17.6265;-36.7127;52.1759
954;-3;18.7418;-1.9106;-2.383;-18.4845
960;-3;30.927;23.839;-0.332266;19.6931
962;-3;175.086;-0.179284;-25.4012;-173.233
965;-3;26.1512;7.21464;15.131;-20.0657
973;-3;34.836;0.158115;-30.751;-16.3599
983;-3;184.13;-14.6162;-23.191;-182.077
992;-3;200.803;11.5985;34.9675;-197.394
995;-3;62.6942;12.6436;-1.47124;-61.3864
999;-3;536.872;8.77604;36.9454;535.527
1014;-3;201.012;-0.596352;-35.0568;197.93
1016;-3;153.255;-39.9307;-15.9939;-147.093
1028;-3;20.8395;-12.1565;-3.74878;16.4985
1030;-3;230.767;-12.8582;-30.9595;228.318
1035;-3;49.4031;-10.2361;-24.1696;-41.8505
1036;-3;63.1219;3.30956;-31.2795;54.7244
1037;-3;83.2423;5.05068;-40.8225;72.3674
1043;-3;31.4055;-12.6958;23.7597;16.1352
1045;-3;40.7489;-35.2426;-11.1271;17.1572
1061;-3;79.7198;20.5202;-10.9685;-76.247
1063;-3;462.952;-27.3539;-25.2009;-461.456
1065;-3;165.411;-26.2329;36.207;159.253
1066;-3;68.9661;-3.45963;27.5804;63.1143
1067;-3;44.2384;19.0136;-28.1779;28.3068
1076;-3;129.051;-33.0813;14.2986;123.916
1099;-3;13.3526;-10.9435;-6.62376;-3.79557
1101;-3;170.516;26.312;22.2657;166.995
1113;-3;78.1144;-19.0791;25.6721;71.2639
1121;-3;54.6136;-11.052;38.6423;-36.9732
1125;-3;107.761;-19.557;0.181589;105.971
1126;-3;774.461;15.0096;-1.10855;-774.315
1127;-3;56.1208;-34.0971;13.57;42.4563
1129;-3;106.388;15.9485;14.0803;-104.238
1132;-3;61.7193;-15.9004;6.79967;59.2449
1133;-3;170.267;13.7485;-28.1046;-167.367
1144;-3;47.1851;24.4377;29.1218;-27.9447
1162;-3;46.2665;34.3028;12.0816;28.5953
1163;-3;10.7884;-5.47456;0.410714;-9.27362
1168;-3;14.4158;-6.38836;-12.1305;4.42794
1171;-3;40.2084;34.2642;18.858;-9.31693
1172;-3;46.35;35.9349;-16.8113;23.9613
1175;-3;99.5509;-12.2578;-17.0714;97.3059
1182;-3;258.025;-33.0339;-58.6999;249.078
1186;-3;81.5148;37.814;24.4768;-67.9367
1191;-3;157.825;45.3462;-22.0977;149.545
1203;-3;45.559;2.59445;-40.7579;-20.1849
1211;-3;6.40656;-5.11479;-3.43985;-1.67341
1213;-3;128.37;-26.1455;-13.5812;-124.943
1220;-3;72.0841;25.9935;13.4937;-65.8644
1221;-3;165.082;-11.2468;30.2641;161.893
1225;-3;47.6397;-37.8694;28.0291;7.0404
1231;-3;63.2307;11.6542;15.0942;60.2844
1232;-3;189.636;-13.8415;38.2838;-185.214
1244;-3;193.081;20.4302;1.64905;-191.989
1248;-3;36.908;3.43335;35.9063;-7.8041
1249;-3;68.3185;-17.2109;-30.901;-58.4472
1251;-3;48.8071;15.4897;-33.2006;32.2439
1252;-3;67.9837;5.9112;46.2366;49.485
1254;-3;72.3598;-27.3112;-48.2356;-46.5093
1259;-3;187.411;-4.60329;37.1114;-183.641
1262;-3;589.769;14.5159;-27.4364;-588.951
1264;-3;206.495;18.5244;-28.8443;203.629
1265;-3;441.828;-22.3583;-30.4701;440.209
1273;-3;392.376;-23.2036;19.6224;-391.197
1274;-3;28.6551;26.8142;8.1001;-6.02138
1287;-3;107.765;21.1372;-4.32894;-105.581
1289;-3;61.2867;-46.7653;24.7177;-30.9492
1290;-3;103.84;-27.6324;15.7802;98.8434
1294;-3;170.571;-17.4684;-44.356;-163.773
1298;-3;302.973;28.9143;-3.75778;301.567
1300;-3;31.8859;-26.876;13.8344;10.1365
1301;-3;56.8958;-27.1168;49.2923;8.47554
1312;-3;39.2297;7.49409;-11.1693;36.8484
1322;-3;153.065;15.8098;29.3504;149.389
1323;-3;36.037;-9.24422;-20.6439;28.0498
1330;-3;34.3417;-4.69323;14.2929;30.8673
1333;-3;23.7769;9.57649;18.755;11.0286
1334;-3;42.1173;20.9674;12.3016;34.3898
1336;-3;482.259;-28.8078;7.83376;-481.334
1343;-3;97.4289;-17.0518;40.2627;87.0648
1344;-3;118.101;-0.600909;-5.52018;117.969
1345;-3;227.08;-30.0783;-20.5746;-224.136
1353;-3;772.08;26.3179;41.5147;-770.513
1361;-3;390.219;-19.9657;40.2537;387.623
1365;-3;201.738;36.7603;-18.4275;197.502
1372;-3;64.8227;-25.494;-24.8218;54.1817
1374;-3;50.2769;-10.8747;-16.6707;46.1665
1376;-3;34.2324;-14.9706;-30.2094;-5.90569
1379;-3;125.783;11.8961;35.248;120.155
1382;-3;66.992;29.0278;-25.1585;-54.8828
1385;-3;113.083;6.91312;17.7628;-111.464
1393;-3;874.296;24.9036;-27.2229;873.517
1398;-3;92.9405;-16.8246;19.9019;89.2106
1400;-3;49.5545;-11.1723;-20.6976;-43.6141
1404;-3;187.741;-37.102;-42.8627;-178.977
1407;-3;112.616;35.8966;-31.2957;102.049
1416;-3;190.602;3.91656;15.579;189.924
1417;-3;31.3803;1.22518;16.2317;-26.8235
1441;-3;50.0069;-16.8879;-43.2674;-18.5247
1442;-3;1104.97;-11.7444;31.7492;-1104.46
1444;-3;653.441;25.4314;9.24189;652.881
1448;-3;40.78;31.2142;13.4716;22.5154
1449;-3;39.7271;-33.3946;-4.25192;-21.0882
1450;-3;83.4552;-16.2591;28.2889;-76.8108
1451;-3;142.151;5.6695;45.2685;-134.631
1460;-3;72.1624;-37.268;-8.40379;61.2179
1462;-3;172.424;-9.87091;-11.6299;171.747
1464;-3;42.3775;-41.6739;-4.13046;-6.46703
1470;-3;2336.76;38.9601;-5.58269;-2336.43
1471;-3;66.9334;28.9118;-25.2237;-54.8426
1475;-3;28.7809;-26.2419;11.4931;2.7142
1476;-3;130.408;-32.489;0.727587;-126.293
1478;-3;90.447;-12.8102;19.5501;87.3733
1481;-3;62.6263;-7.77303;-22.6174;-57.8778
1482;-3;69.9446;61.1586;-21.0183;-26.643
1483;-3;343.882;-22.5436;17.8465;-342.678
1484;-3;231.758;62.0779;34.5868;-220.594
1490;-3;27.0439;-14.1836;2.86151;22.842
1501;-3;65.4337;25.323;11.6038;-59.2066
1502;-3;83.195;14.8901;-23.5673;-78.3839
1503;-3;145.133;25.031;18.1655;-141.798
1511;-3;83.1723;-31.3728;7.31807;76.6784
1513;-3;39.2359;-11.4878;14.422;34.6301
1525;-3;109.553;-20.1042;0.625117;-107.689
1532;-3;152.56;11.1094;-41.3853;-146.418
1552;-3;36.211;-31.7106;-17.2477;-2.817
1560;-3;941.839;-5.99765;24.6856;-941.496
1561;-3;47.3183;5.25647;-36.9643;-29.0652
1563;-3;33.4509;1.4474;31.5776;-10.9303
1568;-3;9.47344;-7.89796;-5.10344;-1.03601
1576;-3;35.1139;3.69334;-16.8876;30.5598
1581;-3;186.365;-36.9525;4.5785;182.606
1582;-3;235.086;-56.2127;8.41856;-228.11
1584;-3;47.9842;34.8028;-0.855113;-33.0191
1594;-3;11.7561;-4.47307;-5.36529;9.44246
1599;-3;335.108;-25.334;-26.0057;-333.135
1611;-3;156.745;-15.9829;-18.5856;154.816
1622;-3;8.3606;-6.83784;-3.96294;-2.68116
1642;-3;38.3115;-21.4854;30.8049;-7.54673
1650;-3;1207.79;12.37;34.4058;1207.23
1653;-3;14.7631;8.85049;0.690118;11.7852
1655;-3;26.1201;-5.17117;14.4286;21.1444
1669;-3;34.813;-19.8251;-28.5672;1.6049
1670;-3;106.223;25.8343;-21.3799;-100.79
1680;-3;260.668;27.2273;0.575139;259.241
1682;-3;119.178;3.25889;-43.1813;111.031
1688;-3;227.88;-2.55915;-23.7062;-226.628
1691;-3;74.774;-2.18701;-18.612;-72.3859
1692;-3;35.7772;33.6379;9.96764;-6.99218
1704;-3;65.6881;3.3525;8.87734;64.9972
1706;-3;96.729;55.7203;4.79267;78.921
1721;-3;6.09134;2.13576;5.02814;-2.64778
1724;-3;268.364;-29.4886;-3.73976;-266.712
1731;-3;65.0311;-2.96935;14.0452;-63.4249
1732;-3;246.394;-9.13678;42.8878;-242.46
1736;-3;107.541;-44.7607;-47.2227;-85.6227
1737;-3;441.235;-12.9745;38.6713;439.345
1740;-3;76.1594;-24.2503;8.48047;-71.6938
1743;-3;51.3098;6.66531;6.88619;50.4043
1746;-3;200.515;11.9819;31.1676;-197.715
1760;-3;50.6595;-25.0604;4.32556;43.811
1765;-3;625.578;-12.3317;-0.107161;-625.457
1771;-3;287.658;31.127;14.3897;-285.606
1781;-3;65.3005;14.4776;8.0139;-63.1671
1787;-3;60.2769;-26.0137;-23.6361;-48.9661
1812;-3;27.4467;0.256683;-27.433;0.662222
1813;-3;194.83;24.0167;21.2292;192.174
1814;-3;21.5625;9.21837;10.4594;16.4412
1827;-3;23.9137;-15.5106;-8.63222;-16.0162
1830;-3;103.776;29.3293;-25.0077;-96.3518
1840;-3;307.195;-29.1588;-24.2656;-304.843
1845;-3;18.5607;11.3413;14.6726;0.582592
1852;-3;43.5279;-18.2871;-30.3091;-25.3252
1854;-3;13.6126;6.85297;5.62298;10.3185
1859;-3;572.019;33.5198;-24.4654;-570.511
1862;-3;270.896;26.5015;-25.6138;-268.377
1863;-3;1143.88;-9.37545;33.408;1143.35
1867;-3;20.743;-20.1042;1.38591;-4.89142
1872;-3;7.26634;3.07973;4.9078;-4.35642
1881;-3;525.064;-18.4761;-32.1901;523.75
1884;-3;25.3881;19.2555;13.1459;10.0358
1885;-3;50.7474;0.329807;-32.9049;38.6291
1888;-3;38.0274;-22.4754;23.4983;-19.7108
1909;-3;336.179;19.1685;-11.6268;335.431
1921;-3;639.214;-18.6636;26.0585;638.409
1926;-3;439.477;-24.0984;19.487;-438.382
1927;-3;81.5871;0.596652;-28.0808;-76.5984
1934;-3;41.4534;-3.82881;18.9784;36.6509
1935;-3;12.6002;-11.1536;-0.129011;-5.83925
1944;-3;59.1931;-32.7659;-15.2571;-46.8742
1949;-3;129.047;50.4118;38.999;112.208
1957;-3;162.431;-15.6668;18.1399;160.652
1963;-3;55.6621;32.1033;24.4351;-38.3448
1970;-3;42.4617;28.0175;6.63569;-31.2047
1976;-3;391.869;-36.4396;5.89134;390.126
1977;-3;136.8;-7.13295;14.3641;-135.855
1987;-3;1223.67;39.2026;-1.74844;-1223.04
1988;-3;123.67;-17.6273;6.05883;-122.256
1996;-3;1209.06;45.0658;-21.0809;1208.04
1999;-3;44.098;-23.0914;-37.4307;-3.18119
