Error in <TFile::ReadBuffer>: error reading all requested bytes from file 100M_0.4_0.15_JetsInvariantMass.root, got 268 of 300
Error in <TFile::Init>: 100M_0.4_0.15_JetsInvariantMass.root failed to read the file type data.
Error in <TFileMerger::AddFile>: cannot open file 100M_0.4_0.15_JetsInvariantMass.root
hadd exiting due to error in 100M_0.4_0.15_JetsInvariantMass.root
Warning in <TFile::Init>: file 1000000_0.4_0.15_66_resultsMatchesCharmJets.root has no keys
Error in <TFile::ReadBuffer>: error reading all requested bytes from file 100M_0.4_0.15_MatchesJets.root, got 256 of 300
Error in <TFile::Init>: 100M_0.4_0.15_MatchesJets.root failed to read the file type data.
Error in <TFileMerger::AddFile>: cannot open file 100M_0.4_0.15_MatchesJets.root
hadd exiting due to error in 100M_0.4_0.15_MatchesJets.root
Error in <TFile::ReadBuffer>: error reading all requested bytes from file 100M_0.4_0.15_JetsQuarksPt.root, got 258 of 300
Error in <TFile::Init>: 100M_0.4_0.15_JetsQuarksPt.root failed to read the file type data.
Error in <TFileMerger::AddFile>: cannot open file 100M_0.4_0.15_JetsQuarksPt.root
hadd exiting due to error in 100M_0.4_0.15_JetsQuarksPt.root
Error in <Merge>: Cannot merge histograms - limits are inconsistent:
 first: ne (200, 0.000000, 3700.000000), second: ne (200, 0.000000, 4400.000000)
Error in <TFileMerger::MergeRecursive>: calling Merge() on 'ne' with the corresponding object in '1000000_0.4_0.15_10_hresultsNeutrinos.root'
Error in <Merge>: Cannot merge histograms - limits are inconsistent:
 first: ne (200, 0.000000, 3700.000000), second: ne (200, 0.000000, 4850.000000)
Error in <TFileMerger::MergeRecursive>: calling Merge() on 'ne' with the corresponding object in '1000000_0.4_0.15_11_hresultsNeutrinos.root'
Error in <Merge>: Cannot merge histograms - limits are inconsistent:
 first: ne (200, 0.000000, 3700.000000), second: ne (200, 0.000000, 4500.000000)
Error in <TFileMerger::MergeRecursive>: calling Merge() on 'ne' with the corresponding object in '1000000_0.4_0.15_12_hresultsNeutrinos.root'
Error in <Merge>: Cannot merge histograms - limits are inconsistent:
 first: ne (200, 0.000000, 3700.000000), second: ne (200, 0.000000, 5550.000000)
Error in <TFileMerger::MergeRecursive>: calling Merge() on 'ne' with the corresponding object in '1000000_0.4_0.15_13_hresultsNeutrinos.root'
Error in <Merge>: Cannot merge histograms - limits are inconsistent:
 first: ne (200, 0.000000, 3700.000000), second: ne (200, 0.000000, 4250.000000)
Error in <TFileMerger::MergeRecursive>: calling Merge() on 'ne' with the corresponding object in '1000000_0.4_0.15_14_hresultsNeutrinos.root'
Error in <Merge>: Cannot merge histograms - limits are inconsistent:
 first: ne (200, 0.000000, 3700.000000), second: ne (200, 0.000000, 4650.000000)
Error in <TFileMerger::MergeRecursive>: calling Merge() on 'ne' with the corresponding object in '1000000_0.4_0.15_15_hresultsNeutrinos.root'
Error in <Merge>: Cannot merge histograms - limits are inconsistent:
 first: ne (200, 0.000000, 3700.000000), second: ne (200, 0.000000, 4550.000000)
Error in <TFileMerger::MergeRecursive>: calling Merge() on 'ne' with the corresponding object in '1000000_0.4_0.15_16_hresultsNeutrinos.root'
Error in <Merge>: Cannot merge histograms - limits are inconsistent:
 first: ne (200, 0.000000, 3700.000000), second: ne (200, 0.000000, 4200.000000)
Error in <TFileMerger::MergeRecursive>: calling Merge() on 'ne' with the corresponding object in '1000000_0.4_0.15_17_hresultsNeutrinos.root'
Error in <Merge>: Cannot merge histograms - limits are inconsistent:
 first: ne (200, 0.000000, 3700.000000), second: ne (200, 0.000000, 4350.000000)
Error in <TFileMerger::MergeRecursive>: calling Merge() on 'ne' with the corresponding object in '1000000_0.4_0.15_18_hresultsNeutrinos.root'
Error in <Merge>: Cannot merge histograms - limits are inconsistent:
 first: ne (200, 0.000000, 3700.000000), second: ne (200, 0.000000, 5300.000000)
Error in <TFileMerger::MergeRecursive>: calling Merge() on 'ne' with the corresponding object in '1000000_0.4_0.15_19_hresultsNeutrinos.root'
Error in <Merge>: Cannot merge histograms - limits are inconsistent:
 first: ne (200, 0.000000, 3700.000000), second: ne (200, 0.000000, 4250.000000)
Error in <TFileMerger::MergeRecursive>: calling Merge() on 'ne' with the corresponding object in '1000000_0.4_0.15_1_hresultsNeutrinos.root'
Error in <Merge>: Cannot merge histograms - limits are inconsistent:
 first: ne (200, 0.000000, 3700.000000), second: ne (200, 0.000000, 4050.000000)
Error in <TFileMerger::MergeRecursive>: calling Merge() on 'ne' with the corresponding object in '1000000_0.4_0.15_20_hresultsNeutrinos.root'
Error in <Merge>: Cannot merge histograms - limits are inconsistent:
 first: ne (200, 0.000000, 3700.000000), second: ne (200, 0.000000, 5350.000000)
Error in <TFileMerger::MergeRecursive>: calling Merge() on 'ne' with the corresponding object in '1000000_0.4_0.15_21_hresultsNeutrinos.root'
Error in <Merge>: Cannot merge histograms - limits are inconsistent:
 first: ne (200, 0.000000, 3700.000000), second: ne (200, 0.000000, 5000.000000)
Error in <TFileMerger::MergeRecursive>: calling Merge() on 'ne' with the corresponding object in '1000000_0.4_0.15_22_hresultsNeutrinos.root'
Error in <Merge>: Cannot merge histograms - limits are inconsistent:
 first: ne (200, 0.000000, 3700.000000), second: ne (200, 0.000000, 4850.000000)
Error in <TFileMerger::MergeRecursive>: calling Merge() on 'ne' with the corresponding object in '1000000_0.4_0.15_23_hresultsNeutrinos.root'
Error in <Merge>: Cannot merge histograms - limits are inconsistent:
 first: ne (200, 0.000000, 3700.000000), second: ne (200, 0.000000, 5650.000000)
Error in <TFileMerger::MergeRecursive>: calling Merge() on 'ne' with the corresponding object in '1000000_0.4_0.15_24_hresultsNeutrinos.root'
Error in <Merge>: Cannot merge histograms - limits are inconsistent:
 first: ne (200, 0.000000, 3700.000000), second: ne (200, 0.000000, 4300.000000)
Error in <TFileMerger::MergeRecursive>: calling Merge() on 'ne' with the corresponding object in '1000000_0.4_0.15_25_hresultsNeutrinos.root'
Error in <Merge>: Cannot merge histograms - limits are inconsistent:
 first: ne (200, 0.000000, 3700.000000), second: ne (200, 0.000000, 4300.000000)
Error in <TFileMerger::MergeRecursive>: calling Merge() on 'ne' with the corresponding object in '1000000_0.4_0.15_26_hresultsNeutrinos.root'
Error in <Merge>: Cannot merge histograms - limits are inconsistent:
 first: ne (200, 0.000000, 3700.000000), second: ne (200, 0.000000, 5000.000000)
Error in <TFileMerger::MergeRecursive>: calling Merge() on 'ne' with the corresponding object in '1000000_0.4_0.15_27_hresultsNeutrinos.root'
Error in <Merge>: Cannot merge histograms - limits are inconsistent:
 first: ne (200, 0.000000, 3700.000000), second: ne (200, 0.000000, 4200.000000)
Error in <TFileMerger::MergeRecursive>: calling Merge() on 'ne' with the corresponding object in '1000000_0.4_0.15_28_hresultsNeutrinos.root'
Error in <Merge>: Cannot merge histograms - limits are inconsistent:
 first: ne (200, 0.000000, 3700.000000), second: ne (200, 0.000000, 4600.000000)
Error in <TFileMerger::MergeRecursive>: calling Merge() on 'ne' with the corresponding object in '1000000_0.4_0.15_29_hresultsNeutrinos.root'
Error in <Merge>: Cannot merge histograms - limits are inconsistent:
 first: ne (200, 0.000000, 3700.000000), second: ne (200, 0.000000, 5100.000000)
Error in <TFileMerger::MergeRecursive>: calling Merge() on 'ne' with the corresponding object in '1000000_0.4_0.15_2_hresultsNeutrinos.root'
Error in <Merge>: Cannot merge histograms - limits are inconsistent:
 first: ne (200, 0.000000, 3700.000000), second: ne (200, 0.000000, 4400.000000)
Error in <TFileMerger::MergeRecursive>: calling Merge() on 'ne' with the corresponding object in '1000000_0.4_0.15_30_hresultsNeutrinos.root'
Error in <Merge>: Cannot merge histograms - limits are inconsistent:
 first: ne (200, 0.000000, 3700.000000), second: ne (200, 0.000000, 3860.000000)
Error in <TFileMerger::MergeRecursive>: calling Merge() on 'ne' with the corresponding object in '1000000_0.4_0.15_31_hresultsNeutrinos.root'
Error in <Merge>: Cannot merge histograms - limits are inconsistent:
 first: ne (200, 0.000000, 3700.000000), second: ne (200, 0.000000, 5000.000000)
Error in <TFileMerger::MergeRecursive>: calling Merge() on 'ne' with the corresponding object in '1000000_0.4_0.15_32_hresultsNeutrinos.root'
Error in <Merge>: Cannot merge histograms - limits are inconsistent:
 first: ne (200, 0.000000, 3700.000000), second: ne (200, 0.000000, 4650.000000)
Error in <TFileMerger::MergeRecursive>: calling Merge() on 'ne' with the corresponding object in '1000000_0.4_0.15_33_hresultsNeutrinos.root'
Error in <Merge>: Cannot merge histograms - limits are inconsistent:
 first: ne (200, 0.000000, 3700.000000), second: ne (200, 0.000000, 4750.000000)
Error in <TFileMerger::MergeRecursive>: calling Merge() on 'ne' with the corresponding object in '1000000_0.4_0.15_34_hresultsNeutrinos.root'
Error in <Merge>: Cannot merge histograms - limits are inconsistent:
 first: ne (200, 0.000000, 3700.000000), second: ne (200, 0.000000, 4600.000000)
Error in <TFileMerger::MergeRecursive>: calling Merge() on 'ne' with the corresponding object in '1000000_0.4_0.15_35_hresultsNeutrinos.root'
Error in <Merge>: Cannot merge histograms - limits are inconsistent:
 first: ne (200, 0.000000, 3700.000000), second: ne (200, 0.000000, 5750.000000)
Error in <TFileMerger::MergeRecursive>: calling Merge() on 'ne' with the corresponding object in '1000000_0.4_0.15_36_hresultsNeutrinos.root'
Error in <Merge>: Cannot merge histograms - limits are inconsistent:
 first: ne (200, 0.000000, 3700.000000), second: ne (200, 0.000000, 5250.000000)
Error in <TFileMerger::MergeRecursive>: calling Merge() on 'ne' with the corresponding object in '1000000_0.4_0.15_37_hresultsNeutrinos.root'
Error in <Merge>: Cannot merge histograms - limits are inconsistent:
 first: ne (200, 0.000000, 3700.000000), second: ne (200, 0.000000, 5150.000000)
Error in <TFileMerger::MergeRecursive>: calling Merge() on 'ne' with the corresponding object in '1000000_0.4_0.15_38_hresultsNeutrinos.root'
Error in <Merge>: Cannot merge histograms - limits are inconsistent:
 first: ne (200, 0.000000, 3700.000000), second: ne (200, 0.000000, 4050.000000)
Error in <TFileMerger::MergeRecursive>: calling Merge() on 'ne' with the corresponding object in '1000000_0.4_0.15_39_hresultsNeutrinos.root'
Error in <Merge>: Cannot merge histograms - limits are inconsistent:
 first: ne (200, 0.000000, 3700.000000), second: ne (200, 0.000000, 3900.000000)
Error in <TFileMerger::MergeRecursive>: calling Merge() on 'ne' with the corresponding object in '1000000_0.4_0.15_3_hresultsNeutrinos.root'
Error in <Merge>: Cannot merge histograms - limits are inconsistent:
 first: ne (200, 0.000000, 3700.000000), second: ne (200, 0.000000, 4050.000000)
Error in <TFileMerger::MergeRecursive>: calling Merge() on 'ne' with the corresponding object in '1000000_0.4_0.15_40_hresultsNeutrinos.root'
Error in <Merge>: Cannot merge histograms - limits are inconsistent:
 first: ne (200, 0.000000, 3700.000000), second: ne (200, 0.000000, 4500.000000)
Error in <TFileMerger::MergeRecursive>: calling Merge() on 'ne' with the corresponding object in '1000000_0.4_0.15_41_hresultsNeutrinos.root'
Error in <Merge>: Cannot merge histograms - limits are inconsistent:
 first: ne (200, 0.000000, 3700.000000), second: ne (200, 0.000000, 5900.000000)
Error in <TFileMerger::MergeRecursive>: calling Merge() on 'ne' with the corresponding object in '1000000_0.4_0.15_42_hresultsNeutrinos.root'
Error in <Merge>: Cannot merge histograms - limits are inconsistent:
 first: ne (200, 0.000000, 3700.000000), second: ne (200, 0.000000, 4200.000000)
Error in <TFileMerger::MergeRecursive>: calling Merge() on 'ne' with the corresponding object in '1000000_0.4_0.15_43_hresultsNeutrinos.root'
Error in <Merge>: Cannot merge histograms - limits are inconsistent:
 first: ne (200, 0.000000, 3700.000000), second: ne (200, 0.000000, 4300.000000)
Error in <TFileMerger::MergeRecursive>: calling Merge() on 'ne' with the corresponding object in '1000000_0.4_0.15_44_hresultsNeutrinos.root'
Error in <Merge>: Cannot merge histograms - limits are inconsistent:
 first: ne (200, 0.000000, 3700.000000), second: ne (200, 0.000000, 5100.000000)
Error in <TFileMerger::MergeRecursive>: calling Merge() on 'ne' with the corresponding object in '1000000_0.4_0.15_45_hresultsNeutrinos.root'
Error in <Merge>: Cannot merge histograms - limits are inconsistent:
 first: ne (200, 0.000000, 3700.000000), second: ne (200, 0.000000, 4150.000000)
Error in <TFileMerger::MergeRecursive>: calling Merge() on 'ne' with the corresponding object in '1000000_0.4_0.15_46_hresultsNeutrinos.root'
Error in <Merge>: Cannot merge histograms - limits are inconsistent:
 first: ne (200, 0.000000, 3700.000000), second: ne (200, 0.000000, 4550.000000)
Error in <TFileMerger::MergeRecursive>: calling Merge() on 'ne' with the corresponding object in '1000000_0.4_0.15_47_hresultsNeutrinos.root'
Error in <Merge>: Cannot merge histograms - limits are inconsistent:
 first: ne (200, 0.000000, 3700.000000), second: ne (200, 0.000000, 4000.000000)
Error in <TFileMerger::MergeRecursive>: calling Merge() on 'ne' with the corresponding object in '1000000_0.4_0.15_48_hresultsNeutrinos.root'
Error in <Merge>: Cannot merge histograms - limits are inconsistent:
 first: ne (200, 0.000000, 3700.000000), second: ne (200, 0.000000, 4800.000000)
Error in <TFileMerger::MergeRecursive>: calling Merge() on 'ne' with the corresponding object in '1000000_0.4_0.15_49_hresultsNeutrinos.root'
Error in <Merge>: Cannot merge histograms - limits are inconsistent:
 first: ne (200, 0.000000, 3700.000000), second: ne (200, 0.000000, 4300.000000)
Error in <TFileMerger::MergeRecursive>: calling Merge() on 'ne' with the corresponding object in '1000000_0.4_0.15_4_hresultsNeutrinos.root'
Error in <Merge>: Cannot merge histograms - limits are inconsistent:
 first: ne (200, 0.000000, 3700.000000), second: ne (200, 0.000000, 3980.000000)
Error in <TFileMerger::MergeRecursive>: calling Merge() on 'ne' with the corresponding object in '1000000_0.4_0.15_50_hresultsNeutrinos.root'
Error in <Merge>: Cannot merge histograms - limits are inconsistent:
 first: ne (200, 0.000000, 3700.000000), second: ne (200, 0.000000, 4450.000000)
Error in <TFileMerger::MergeRecursive>: calling Merge() on 'ne' with the corresponding object in '1000000_0.4_0.15_51_hresultsNeutrinos.root'
Error in <Merge>: Cannot merge histograms - limits are inconsistent:
 first: ne (200, 0.000000, 3700.000000), second: ne (200, 0.000000, 5200.000000)
Error in <TFileMerger::MergeRecursive>: calling Merge() on 'ne' with the corresponding object in '1000000_0.4_0.15_52_hresultsNeutrinos.root'
Error in <Merge>: Cannot merge histograms - limits are inconsistent:
 first: ne (200, 0.000000, 3700.000000), second: ne (200, 0.000000, 4850.000000)
Error in <TFileMerger::MergeRecursive>: calling Merge() on 'ne' with the corresponding object in '1000000_0.4_0.15_53_hresultsNeutrinos.root'
Error in <Merge>: Cannot merge histograms - limits are inconsistent:
 first: ne (200, 0.000000, 3700.000000), second: ne (200, 0.000000, 4600.000000)
Error in <TFileMerger::MergeRecursive>: calling Merge() on 'ne' with the corresponding object in '1000000_0.4_0.15_54_hresultsNeutrinos.root'
Error in <Merge>: Cannot merge histograms - limits are inconsistent:
 first: ne (200, 0.000000, 3700.000000), second: ne (200, 0.000000, 4000.000000)
Error in <TFileMerger::MergeRecursive>: calling Merge() on 'ne' with the corresponding object in '1000000_0.4_0.15_55_hresultsNeutrinos.root'
Error in <Merge>: Cannot merge histograms - limits are inconsistent:
 first: ne (200, 0.000000, 3700.000000), second: ne (200, 0.000000, 5200.000000)
Error in <TFileMerger::MergeRecursive>: calling Merge() on 'ne' with the corresponding object in '1000000_0.4_0.15_56_hresultsNeutrinos.root'
Error in <Merge>: Cannot merge histograms - limits are inconsistent:
 first: ne (200, 0.000000, 3700.000000), second: ne (200, 0.000000, 4500.000000)
Error in <TFileMerger::MergeRecursive>: calling Merge() on 'ne' with the corresponding object in '1000000_0.4_0.15_57_hresultsNeutrinos.root'
Error in <Merge>: Cannot merge histograms - limits are inconsistent:
 first: ne (200, 0.000000, 3700.000000), second: ne (200, 0.000000, 4450.000000)
Error in <TFileMerger::MergeRecursive>: calling Merge() on 'ne' with the corresponding object in '1000000_0.4_0.15_58_hresultsNeutrinos.root'
Error in <Merge>: Cannot merge histograms - limits are inconsistent:
 first: ne (200, 0.000000, 3700.000000), second: ne (200, 0.000000, 4200.000000)
Error in <TFileMerger::MergeRecursive>: calling Merge() on 'ne' with the corresponding object in '1000000_0.4_0.15_59_hresultsNeutrinos.root'
Error in <Merge>: Cannot merge histograms - limits are inconsistent:
 first: ne (200, 0.000000, 3700.000000), second: ne (200, 0.000000, 5850.000000)
Error in <TFileMerger::MergeRecursive>: calling Merge() on 'ne' with the corresponding object in '1000000_0.4_0.15_5_hresultsNeutrinos.root'
Error in <Merge>: Cannot merge histograms - limits are inconsistent:
 first: ne (200, 0.000000, 3700.000000), second: ne (200, 0.000000, 4250.000000)
Error in <TFileMerger::MergeRecursive>: calling Merge() on 'ne' with the corresponding object in '1000000_0.4_0.15_60_hresultsNeutrinos.root'
Error in <Merge>: Cannot merge histograms - limits are inconsistent:
 first: ne (200, 0.000000, 3700.000000), second: ne (200, 0.000000, 5200.000000)
Error in <TFileMerger::MergeRecursive>: calling Merge() on 'ne' with the corresponding object in '1000000_0.4_0.15_61_hresultsNeutrinos.root'
Error in <Merge>: Cannot merge histograms - limits are inconsistent:
 first: ne (200, 0.000000, 3700.000000), second: ne (200, 0.000000, 5100.000000)
Error in <TFileMerger::MergeRecursive>: calling Merge() on 'ne' with the corresponding object in '1000000_0.4_0.15_62_hresultsNeutrinos.root'
Error in <Merge>: Cannot merge histograms - limits are inconsistent:
 first: ne (200, 0.000000, 3700.000000), second: ne (200, 0.000000, 4400.000000)
Error in <TFileMerger::MergeRecursive>: calling Merge() on 'ne' with the corresponding object in '1000000_0.4_0.15_63_hresultsNeutrinos.root'
Error in <Merge>: Cannot merge histograms - limits are inconsistent:
 first: ne (200, 0.000000, 3700.000000), second: ne (200, 0.000000, 4450.000000)
Error in <TFileMerger::MergeRecursive>: calling Merge() on 'ne' with the corresponding object in '1000000_0.4_0.15_64_hresultsNeutrinos.root'
Error in <Merge>: Cannot merge histograms - limits are inconsistent:
 first: ne (200, 0.000000, 3700.000000), second: ne (200, 0.000000, 4400.000000)
Error in <TFileMerger::MergeRecursive>: calling Merge() on 'ne' with the corresponding object in '1000000_0.4_0.15_65_hresultsNeutrinos.root'
Error in <Merge>: Cannot merge histograms - limits are inconsistent:
 first: ne (200, 0.000000, 3700.000000), second: ne (200, 0.000000, 5050.000000)
Error in <TFileMerger::MergeRecursive>: calling Merge() on 'ne' with the corresponding object in '1000000_0.4_0.15_67_hresultsNeutrinos.root'
Error in <Merge>: Cannot merge histograms - limits are inconsistent:
 first: ne (200, 0.000000, 3700.000000), second: ne (200, 0.000000, 4400.000000)
Error in <TFileMerger::MergeRecursive>: calling Merge() on 'ne' with the corresponding object in '1000000_0.4_0.15_68_hresultsNeutrinos.root'
Error in <Merge>: Cannot merge histograms - limits are inconsistent:
 first: ne (200, 0.000000, 3700.000000), second: ne (200, 0.000000, 4650.000000)
Error in <TFileMerger::MergeRecursive>: calling Merge() on 'ne' with the corresponding object in '1000000_0.4_0.15_69_hresultsNeutrinos.root'
Error in <Merge>: Cannot merge histograms - limits are inconsistent:
 first: ne (200, 0.000000, 3700.000000), second: ne (200, 0.000000, 4900.000000)
Error in <TFileMerger::MergeRecursive>: calling Merge() on 'ne' with the corresponding object in '1000000_0.4_0.15_6_hresultsNeutrinos.root'
Error in <Merge>: Cannot merge histograms - limits are inconsistent:
 first: ne (200, 0.000000, 3700.000000), second: ne (200, 0.000000, 4800.000000)
Error in <TFileMerger::MergeRecursive>: calling Merge() on 'ne' with the corresponding object in '1000000_0.4_0.15_70_hresultsNeutrinos.root'
Error in <Merge>: Cannot merge histograms - limits are inconsistent:
 first: ne (200, 0.000000, 3700.000000), second: ne (200, 0.000000, 5600.000000)
Error in <TFileMerger::MergeRecursive>: calling Merge() on 'ne' with the corresponding object in '1000000_0.4_0.15_71_hresultsNeutrinos.root'
Error in <Merge>: Cannot merge histograms - limits are inconsistent:
 first: ne (200, 0.000000, 3700.000000), second: ne (200, 0.000000, 4550.000000)
Error in <TFileMerger::MergeRecursive>: calling Merge() on 'ne' with the corresponding object in '1000000_0.4_0.15_72_hresultsNeutrinos.root'
Error in <Merge>: Cannot merge histograms - limits are inconsistent:
 first: ne (200, 0.000000, 3700.000000), second: ne (200, 0.000000, 4600.000000)
Error in <TFileMerger::MergeRecursive>: calling Merge() on 'ne' with the corresponding object in '1000000_0.4_0.15_73_hresultsNeutrinos.root'
Error in <Merge>: Cannot merge histograms - limits are inconsistent:
 first: ne (200, 0.000000, 3700.000000), second: ne (200, 0.000000, 4300.000000)
Error in <TFileMerger::MergeRecursive>: calling Merge() on 'ne' with the corresponding object in '1000000_0.4_0.15_74_hresultsNeutrinos.root'
Error in <Merge>: Cannot merge histograms - limits are inconsistent:
 first: ne (200, 0.000000, 3700.000000), second: ne (200, 0.000000, 4150.000000)
Error in <TFileMerger::MergeRecursive>: calling Merge() on 'ne' with the corresponding object in '1000000_0.4_0.15_75_hresultsNeutrinos.root'
Error in <Merge>: Cannot merge histograms - limits are inconsistent:
 first: ne (200, 0.000000, 3700.000000), second: ne (200, 0.000000, 4500.000000)
Error in <TFileMerger::MergeRecursive>: calling Merge() on 'ne' with the corresponding object in '1000000_0.4_0.15_76_hresultsNeutrinos.root'
Error in <Merge>: Cannot merge histograms - limits are inconsistent:
 first: ne (200, 0.000000, 3700.000000), second: ne (200, 0.000000, 4050.000000)
Error in <TFileMerger::MergeRecursive>: calling Merge() on 'ne' with the corresponding object in '1000000_0.4_0.15_77_hresultsNeutrinos.root'
Error in <Merge>: Cannot merge histograms - limits are inconsistent:
 first: ne (200, 0.000000, 3700.000000), second: ne (200, 0.000000, 4450.000000)
Error in <TFileMerger::MergeRecursive>: calling Merge() on 'ne' with the corresponding object in '1000000_0.4_0.15_78_hresultsNeutrinos.root'
Error in <Merge>: Cannot merge histograms - limits are inconsistent:
 first: ne (200, 0.000000, 3700.000000), second: ne (200, 0.000000, 4600.000000)
Error in <TFileMerger::MergeRecursive>: calling Merge() on 'ne' with the corresponding object in '1000000_0.4_0.15_79_hresultsNeutrinos.root'
Error in <Merge>: Cannot merge histograms - limits are inconsistent:
 first: ne (200, 0.000000, 3700.000000), second: ne (200, 0.000000, 4650.000000)
Error in <TFileMerger::MergeRecursive>: calling Merge() on 'ne' with the corresponding object in '1000000_0.4_0.15_7_hresultsNeutrinos.root'
Error in <Merge>: Cannot merge histograms - limits are inconsistent:
 first: ne (200, 0.000000, 3700.000000), second: ne (200, 0.000000, 5500.000000)
Error in <TFileMerger::MergeRecursive>: calling Merge() on 'ne' with the corresponding object in '1000000_0.4_0.15_80_hresultsNeutrinos.root'
Error in <Merge>: Cannot merge histograms - limits are inconsistent:
 first: ne (200, 0.000000, 3700.000000), second: ne (200, 0.000000, 3960.000000)
Error in <TFileMerger::MergeRecursive>: calling Merge() on 'ne' with the corresponding object in '1000000_0.4_0.15_81_hresultsNeutrinos.root'
Error in <Merge>: Cannot merge histograms - limits are inconsistent:
 first: ne (200, 0.000000, 3700.000000), second: ne (200, 0.000000, 4350.000000)
Error in <TFileMerger::MergeRecursive>: calling Merge() on 'ne' with the corresponding object in '1000000_0.4_0.15_82_hresultsNeutrinos.root'
Error in <Merge>: Cannot merge histograms - limits are inconsistent:
 first: ne (200, 0.000000, 3700.000000), second: ne (200, 0.000000, 5200.000000)
Error in <TFileMerger::MergeRecursive>: calling Merge() on 'ne' with the corresponding object in '1000000_0.4_0.15_83_hresultsNeutrinos.root'
Error in <Merge>: Cannot merge histograms - limits are inconsistent:
 first: ne (200, 0.000000, 3700.000000), second: ne (200, 0.000000, 5800.000000)
Error in <TFileMerger::MergeRecursive>: calling Merge() on 'ne' with the corresponding object in '1000000_0.4_0.15_84_hresultsNeutrinos.root'
Error in <Merge>: Cannot merge histograms - limits are inconsistent:
 first: ne (200, 0.000000, 3700.000000), second: ne (200, 0.000000, 4900.000000)
Error in <TFileMerger::MergeRecursive>: calling Merge() on 'ne' with the corresponding object in '1000000_0.4_0.15_85_hresultsNeutrinos.root'
Error in <Merge>: Cannot merge histograms - limits are inconsistent:
 first: ne (200, 0.000000, 3700.000000), second: ne (200, 0.000000, 4200.000000)
Error in <TFileMerger::MergeRecursive>: calling Merge() on 'ne' with the corresponding object in '1000000_0.4_0.15_86_hresultsNeutrinos.root'
Error in <Merge>: Cannot merge histograms - limits are inconsistent:
 first: ne (200, 0.000000, 3700.000000), second: ne (200, 0.000000, 5800.000000)
Error in <TFileMerger::MergeRecursive>: calling Merge() on 'ne' with the corresponding object in '1000000_0.4_0.15_87_hresultsNeutrinos.root'
Error in <Merge>: Cannot merge histograms - limits are inconsistent:
 first: ne (200, 0.000000, 3700.000000), second: ne (200, 0.000000, 4600.000000)
Error in <TFileMerger::MergeRecursive>: calling Merge() on 'ne' with the corresponding object in '1000000_0.4_0.15_88_hresultsNeutrinos.root'
Error in <Merge>: Cannot merge histograms - limits are inconsistent:
 first: ne (200, 0.000000, 3700.000000), second: ne (200, 0.000000, 5150.000000)
Error in <TFileMerger::MergeRecursive>: calling Merge() on 'ne' with the corresponding object in '1000000_0.4_0.15_89_hresultsNeutrinos.root'
Error in <Merge>: Cannot merge histograms - limits are inconsistent:
 first: ne (200, 0.000000, 3700.000000), second: ne (200, 0.000000, 4300.000000)
Error in <TFileMerger::MergeRecursive>: calling Merge() on 'ne' with the corresponding object in '1000000_0.4_0.15_8_hresultsNeutrinos.root'
Error in <Merge>: Cannot merge histograms - limits are inconsistent:
 first: ne (200, 0.000000, 3700.000000), second: ne (200, 0.000000, 4900.000000)
Error in <TFileMerger::MergeRecursive>: calling Merge() on 'ne' with the corresponding object in '1000000_0.4_0.15_90_hresultsNeutrinos.root'
Error in <Merge>: Cannot merge histograms - limits are inconsistent:
 first: ne (200, 0.000000, 3700.000000), second: ne (200, 0.000000, 4900.000000)
Error in <TFileMerger::MergeRecursive>: calling Merge() on 'ne' with the corresponding object in '1000000_0.4_0.15_91_hresultsNeutrinos.root'
Error in <Merge>: Cannot merge histograms - limits are inconsistent:
 first: ne (200, 0.000000, 3700.000000), second: ne (200, 0.000000, 4250.000000)
Error in <TFileMerger::MergeRecursive>: calling Merge() on 'ne' with the corresponding object in '1000000_0.4_0.15_92_hresultsNeutrinos.root'
Error in <Merge>: Cannot merge histograms - limits are inconsistent:
 first: ne (200, 0.000000, 3700.000000), second: ne (200, 0.000000, 5800.000000)
Error in <TFileMerger::MergeRecursive>: calling Merge() on 'ne' with the corresponding object in '1000000_0.4_0.15_93_hresultsNeutrinos.root'
Error in <Merge>: Cannot merge histograms - limits are inconsistent:
 first: ne (200, 0.000000, 3700.000000), second: ne (200, 0.000000, 4200.000000)
Error in <TFileMerger::MergeRecursive>: calling Merge() on 'ne' with the corresponding object in '1000000_0.4_0.15_94_hresultsNeutrinos.root'
Error in <Merge>: Cannot merge histograms - limits are inconsistent:
 first: ne (200, 0.000000, 3700.000000), second: ne (200, 0.000000, 3460.000000)
Error in <TFileMerger::MergeRecursive>: calling Merge() on 'ne' with the corresponding object in '1000000_0.4_0.15_95_hresultsNeutrinos.root'
Error in <Merge>: Cannot merge histograms - limits are inconsistent:
 first: ne (200, 0.000000, 3700.000000), second: ne (200, 0.000000, 3840.000000)
Error in <TFileMerger::MergeRecursive>: calling Merge() on 'ne' with the corresponding object in '1000000_0.4_0.15_96_hresultsNeutrinos.root'
Error in <Merge>: Cannot merge histograms - limits are inconsistent:
 first: ne (200, 0.000000, 3700.000000), second: ne (200, 0.000000, 4650.000000)
Error in <TFileMerger::MergeRecursive>: calling Merge() on 'ne' with the corresponding object in '1000000_0.4_0.15_97_hresultsNeutrinos.root'
Error in <Merge>: Cannot merge histograms - limits are inconsistent:
 first: ne (200, 0.000000, 3700.000000), second: ne (200, 0.000000, 4250.000000)
Error in <TFileMerger::MergeRecursive>: calling Merge() on 'ne' with the corresponding object in '1000000_0.4_0.15_98_hresultsNeutrinos.root'
Error in <Merge>: Cannot merge histograms - limits are inconsistent:
 first: ne (200, 0.000000, 3700.000000), second: ne (200, 0.000000, 5000.000000)
Error in <TFileMerger::MergeRecursive>: calling Merge() on 'ne' with the corresponding object in '1000000_0.4_0.15_99_hresultsNeutrinos.root'
Error in <Merge>: Cannot merge histograms - limits are inconsistent:
 first: ne (200, 0.000000, 3700.000000), second: ne (200, 0.000000, 4850.000000)
Error in <TFileMerger::MergeRecursive>: calling Merge() on 'ne' with the corresponding object in '1000000_0.4_0.15_9_hresultsNeutrinos.root'
Error in <Merge>: Cannot merge histograms - limits are inconsistent:
 first: npt (200, 0.000000, 158.000000), second: npt (200, 0.000000, 114.000000)
Error in <TFileMerger::MergeRecursive>: calling Merge() on 'npt' with the corresponding object in '1000000_0.4_0.15_10_hresultsNeutrinos.root'
Error in <Merge>: Cannot merge histograms - limits are inconsistent:
 first: npt (200, 0.000000, 158.000000), second: npt (200, 0.000000, 194.000000)
Error in <TFileMerger::MergeRecursive>: calling Merge() on 'npt' with the corresponding object in '1000000_0.4_0.15_11_hresultsNeutrinos.root'
Error in <Merge>: Cannot merge histograms - limits are inconsistent:
 first: npt (200, 0.000000, 158.000000), second: npt (200, 0.000000, 154.000000)
Error in <TFileMerger::MergeRecursive>: calling Merge() on 'npt' with the corresponding object in '1000000_0.4_0.15_12_hresultsNeutrinos.root'
Error in <Merge>: Cannot merge histograms - limits are inconsistent:
 first: npt (200, 0.000000, 158.000000), second: npt (200, 0.000000, 202.000000)
Error in <TFileMerger::MergeRecursive>: calling Merge() on 'npt' with the corresponding object in '1000000_0.4_0.15_13_hresultsNeutrinos.root'
Error in <Merge>: Cannot merge histograms - limits are inconsistent:
 first: npt (200, 0.000000, 158.000000), second: npt (200, 0.000000, 152.000000)
Error in <TFileMerger::MergeRecursive>: calling Merge() on 'npt' with the corresponding object in '1000000_0.4_0.15_14_hresultsNeutrinos.root'
Error in <Merge>: Cannot merge histograms - limits are inconsistent:
 first: npt (200, 0.000000, 158.000000), second: npt (200, 0.000000, 121.000000)
Error in <TFileMerger::MergeRecursive>: calling Merge() on 'npt' with the corresponding object in '1000000_0.4_0.15_15_hresultsNeutrinos.root'
Error in <Merge>: Cannot merge histograms - limits are inconsistent:
 first: npt (200, 0.000000, 158.000000), second: npt (200, 0.000000, 198.000000)
Error in <TFileMerger::MergeRecursive>: calling Merge() on 'npt' with the corresponding object in '1000000_0.4_0.15_16_hresultsNeutrinos.root'
Error in <Merge>: Cannot merge histograms - limits are inconsistent:
 first: npt (200, 0.000000, 158.000000), second: npt (200, 0.000000, 167.000000)
Error in <TFileMerger::MergeRecursive>: calling Merge() on 'npt' with the corresponding object in '1000000_0.4_0.15_17_hresultsNeutrinos.root'
Error in <Merge>: Cannot merge histograms - limits are inconsistent:
 first: npt (200, 0.000000, 158.000000), second: npt (200, 0.000000, 186.000000)
Error in <TFileMerger::MergeRecursive>: calling Merge() on 'npt' with the corresponding object in '1000000_0.4_0.15_18_hresultsNeutrinos.root'
Error in <Merge>: Cannot merge histograms - limits are inconsistent:
 first: npt (200, 0.000000, 158.000000), second: npt (200, 0.000000, 137.000000)
Error in <TFileMerger::MergeRecursive>: calling Merge() on 'npt' with the corresponding object in '1000000_0.4_0.15_19_hresultsNeutrinos.root'
Error in <Merge>: Cannot merge histograms - limits are inconsistent:
 first: npt (200, 0.000000, 158.000000), second: npt (200, 0.000000, 123.000000)
Error in <TFileMerger::MergeRecursive>: calling Merge() on 'npt' with the corresponding object in '1000000_0.4_0.15_1_hresultsNeutrinos.root'
Error in <Merge>: Cannot merge histograms - limits are inconsistent:
 first: npt (200, 0.000000, 158.000000), second: npt (200, 0.000000, 256.000000)
Error in <TFileMerger::MergeRecursive>: calling Merge() on 'npt' with the corresponding object in '1000000_0.4_0.15_20_hresultsNeutrinos.root'
Error in <Merge>: Cannot merge histograms - limits are inconsistent:
 first: npt (200, 0.000000, 158.000000), second: npt (200, 0.000000, 142.000000)
Error in <TFileMerger::MergeRecursive>: calling Merge() on 'npt' with the corresponding object in '1000000_0.4_0.15_21_hresultsNeutrinos.root'
Error in <Merge>: Cannot merge histograms - limits are inconsistent:
 first: npt (200, 0.000000, 158.000000), second: npt (200, 0.000000, 230.000000)
Error in <TFileMerger::MergeRecursive>: calling Merge() on 'npt' with the corresponding object in '1000000_0.4_0.15_22_hresultsNeutrinos.root'
Error in <Merge>: Cannot merge histograms - limits are inconsistent:
 first: npt (200, 0.000000, 158.000000), second: npt (200, 0.000000, 123.000000)
Error in <TFileMerger::MergeRecursive>: calling Merge() on 'npt' with the corresponding object in '1000000_0.4_0.15_23_hresultsNeutrinos.root'
Error in <Merge>: Cannot merge histograms - limits are inconsistent:
 first: npt (200, 0.000000, 158.000000), second: npt (200, 0.000000, 240.000000)
Error in <TFileMerger::MergeRecursive>: calling Merge() on 'npt' with the corresponding object in '1000000_0.4_0.15_24_hresultsNeutrinos.root'
Error in <Merge>: Cannot merge histograms - limits are inconsistent:
 first: npt (200, 0.000000, 158.000000), second: npt (200, 0.000000, 186.000000)
Error in <TFileMerger::MergeRecursive>: calling Merge() on 'npt' with the corresponding object in '1000000_0.4_0.15_25_hresultsNeutrinos.root'
Error in <Merge>: Cannot merge histograms - limits are inconsistent:
 first: npt (200, 0.000000, 158.000000), second: npt (200, 0.000000, 163.000000)
Error in <TFileMerger::MergeRecursive>: calling Merge() on 'npt' with the corresponding object in '1000000_0.4_0.15_26_hresultsNeutrinos.root'
Error in <Merge>: Cannot merge histograms - limits are inconsistent:
 first: npt (200, 0.000000, 158.000000), second: npt (200, 0.000000, 120.000000)
Error in <TFileMerger::MergeRecursive>: calling Merge() on 'npt' with the corresponding object in '1000000_0.4_0.15_27_hresultsNeutrinos.root'
Error in <Merge>: Cannot merge histograms - limits are inconsistent:
 first: npt (200, 0.000000, 158.000000), second: npt (200, 0.000000, 268.000000)
Error in <TFileMerger::MergeRecursive>: calling Merge() on 'npt' with the corresponding object in '1000000_0.4_0.15_28_hresultsNeutrinos.root'
Error in <Merge>: Cannot merge histograms - limits are inconsistent:
 first: npt (200, 0.000000, 158.000000), second: npt (200, 0.000000, 146.000000)
Error in <TFileMerger::MergeRecursive>: calling Merge() on 'npt' with the corresponding object in '1000000_0.4_0.15_29_hresultsNeutrinos.root'
Error in <Merge>: Cannot merge histograms - limits are inconsistent:
 first: npt (200, 0.000000, 158.000000), second: npt (200, 0.000000, 119.000000)
Error in <TFileMerger::MergeRecursive>: calling Merge() on 'npt' with the corresponding object in '1000000_0.4_0.15_2_hresultsNeutrinos.root'
Error in <Merge>: Cannot merge histograms - limits are inconsistent:
 first: npt (200, 0.000000, 158.000000), second: npt (200, 0.000000, 200.000000)
Error in <TFileMerger::MergeRecursive>: calling Merge() on 'npt' with the corresponding object in '1000000_0.4_0.15_30_hresultsNeutrinos.root'
Error in <Merge>: Cannot merge histograms - limits are inconsistent:
 first: npt (200, 0.000000, 158.000000), second: npt (200, 0.000000, 173.000000)
Error in <TFileMerger::MergeRecursive>: calling Merge() on 'npt' with the corresponding object in '1000000_0.4_0.15_31_hresultsNeutrinos.root'
Error in <Merge>: Cannot merge histograms - limits are inconsistent:
 first: npt (200, 0.000000, 158.000000), second: npt (200, 0.000000, 146.000000)
Error in <TFileMerger::MergeRecursive>: calling Merge() on 'npt' with the corresponding object in '1000000_0.4_0.15_32_hresultsNeutrinos.root'
Error in <Merge>: Cannot merge histograms - limits are inconsistent:
 first: npt (200, 0.000000, 158.000000), second: npt (200, 0.000000, 149.000000)
Error in <TFileMerger::MergeRecursive>: calling Merge() on 'npt' with the corresponding object in '1000000_0.4_0.15_33_hresultsNeutrinos.root'
Error in <Merge>: Cannot merge histograms - limits are inconsistent:
 first: npt (200, 0.000000, 158.000000), second: npt (200, 0.000000, 125.000000)
Error in <TFileMerger::MergeRecursive>: calling Merge() on 'npt' with the corresponding object in '1000000_0.4_0.15_34_hresultsNeutrinos.root'
Error in <Merge>: Cannot merge histograms - limits are inconsistent:
 first: npt (200, 0.000000, 158.000000), second: npt (200, 0.000000, 116.000000)
Error in <TFileMerger::MergeRecursive>: calling Merge() on 'npt' with the corresponding object in '1000000_0.4_0.15_35_hresultsNeutrinos.root'
Error in <Merge>: Cannot merge histograms - limits are inconsistent:
 first: npt (200, 0.000000, 158.000000), second: npt (200, 0.000000, 304.000000)
Error in <TFileMerger::MergeRecursive>: calling Merge() on 'npt' with the corresponding object in '1000000_0.4_0.15_36_hresultsNeutrinos.root'
Error in <Merge>: Cannot merge histograms - limits are inconsistent:
 first: npt (200, 0.000000, 158.000000), second: npt (200, 0.000000, 104.000000)
Error in <TFileMerger::MergeRecursive>: calling Merge() on 'npt' with the corresponding object in '1000000_0.4_0.15_37_hresultsNeutrinos.root'
Error in <Merge>: Cannot merge histograms - limits are inconsistent:
 first: npt (200, 0.000000, 158.000000), second: npt (200, 0.000000, 120.000000)
Error in <TFileMerger::MergeRecursive>: calling Merge() on 'npt' with the corresponding object in '1000000_0.4_0.15_38_hresultsNeutrinos.root'
Error in <Merge>: Cannot merge histograms - limits are inconsistent:
 first: npt (200, 0.000000, 158.000000), second: npt (200, 0.000000, 226.000000)
Error in <TFileMerger::MergeRecursive>: calling Merge() on 'npt' with the corresponding object in '1000000_0.4_0.15_39_hresultsNeutrinos.root'
Error in <Merge>: Cannot merge histograms - limits are inconsistent:
 first: npt (200, 0.000000, 158.000000), second: npt (200, 0.000000, 178.000000)
Error in <TFileMerger::MergeRecursive>: calling Merge() on 'npt' with the corresponding object in '1000000_0.4_0.15_3_hresultsNeutrinos.root'
Error in <Merge>: Cannot merge histograms - limits are inconsistent:
 first: npt (200, 0.000000, 158.000000), second: npt (200, 0.000000, 152.000000)
Error in <TFileMerger::MergeRecursive>: calling Merge() on 'npt' with the corresponding object in '1000000_0.4_0.15_40_hresultsNeutrinos.root'
Error in <Merge>: Cannot merge histograms - limits are inconsistent:
 first: npt (200, 0.000000, 158.000000), second: npt (200, 0.000000, 156.000000)
Error in <TFileMerger::MergeRecursive>: calling Merge() on 'npt' with the corresponding object in '1000000_0.4_0.15_41_hresultsNeutrinos.root'
Error in <Merge>: Cannot merge histograms - limits are inconsistent:
 first: npt (200, 0.000000, 158.000000), second: npt (200, 0.000000, 148.000000)
Error in <TFileMerger::MergeRecursive>: calling Merge() on 'npt' with the corresponding object in '1000000_0.4_0.15_42_hresultsNeutrinos.root'
Error in <Merge>: Cannot merge histograms - limits are inconsistent:
 first: npt (200, 0.000000, 158.000000), second: npt (200, 0.000000, 320.000000)
Error in <TFileMerger::MergeRecursive>: calling Merge() on 'npt' with the corresponding object in '1000000_0.4_0.15_43_hresultsNeutrinos.root'
Error in <Merge>: Cannot merge histograms - limits are inconsistent:
 first: npt (200, 0.000000, 158.000000), second: npt (200, 0.000000, 155.000000)
Error in <TFileMerger::MergeRecursive>: calling Merge() on 'npt' with the corresponding object in '1000000_0.4_0.15_45_hresultsNeutrinos.root'
Error in <Merge>: Cannot merge histograms - limits are inconsistent:
 first: npt (200, 0.000000, 158.000000), second: npt (200, 0.000000, 132.000000)
Error in <TFileMerger::MergeRecursive>: calling Merge() on 'npt' with the corresponding object in '1000000_0.4_0.15_46_hresultsNeutrinos.root'
Error in <Merge>: Cannot merge histograms - limits are inconsistent:
 first: npt (200, 0.000000, 158.000000), second: npt (200, 0.000000, 122.000000)
Error in <TFileMerger::MergeRecursive>: calling Merge() on 'npt' with the corresponding object in '1000000_0.4_0.15_47_hresultsNeutrinos.root'
Error in <Merge>: Cannot merge histograms - limits are inconsistent:
 first: npt (200, 0.000000, 158.000000), second: npt (200, 0.000000, 224.000000)
Error in <TFileMerger::MergeRecursive>: calling Merge() on 'npt' with the corresponding object in '1000000_0.4_0.15_48_hresultsNeutrinos.root'
Error in <Merge>: Cannot merge histograms - limits are inconsistent:
 first: npt (200, 0.000000, 158.000000), second: npt (200, 0.000000, 126.000000)
Error in <TFileMerger::MergeRecursive>: calling Merge() on 'npt' with the corresponding object in '1000000_0.4_0.15_49_hresultsNeutrinos.root'
Error in <Merge>: Cannot merge histograms - limits are inconsistent:
 first: npt (200, 0.000000, 158.000000), second: npt (200, 0.000000, 144.000000)
Error in <TFileMerger::MergeRecursive>: calling Merge() on 'npt' with the corresponding object in '1000000_0.4_0.15_4_hresultsNeutrinos.root'
Error in <Merge>: Cannot merge histograms - limits are inconsistent:
 first: npt (200, 0.000000, 158.000000), second: npt (200, 0.000000, 210.000000)
Error in <TFileMerger::MergeRecursive>: calling Merge() on 'npt' with the corresponding object in '1000000_0.4_0.15_50_hresultsNeutrinos.root'
Error in <Merge>: Cannot merge histograms - limits are inconsistent:
 first: npt (200, 0.000000, 158.000000), second: npt (200, 0.000000, 193.000000)
Error in <TFileMerger::MergeRecursive>: calling Merge() on 'npt' with the corresponding object in '1000000_0.4_0.15_51_hresultsNeutrinos.root'
Error in <Merge>: Cannot merge histograms - limits are inconsistent:
 first: npt (200, 0.000000, 158.000000), second: npt (200, 0.000000, 155.000000)
Error in <TFileMerger::MergeRecursive>: calling Merge() on 'npt' with the corresponding object in '1000000_0.4_0.15_52_hresultsNeutrinos.root'
Error in <Merge>: Cannot merge histograms - limits are inconsistent:
 first: npt (200, 0.000000, 158.000000), second: npt (200, 0.000000, 212.000000)
Error in <TFileMerger::MergeRecursive>: calling Merge() on 'npt' with the corresponding object in '1000000_0.4_0.15_53_hresultsNeutrinos.root'
Error in <Merge>: Cannot merge histograms - limits are inconsistent:
 first: npt (200, 0.000000, 158.000000), second: npt (200, 0.000000, 490.000000)
Error in <TFileMerger::MergeRecursive>: calling Merge() on 'npt' with the corresponding object in '1000000_0.4_0.15_54_hresultsNeutrinos.root'
Error in <Merge>: Cannot merge histograms - limits are inconsistent:
 first: npt (200, 0.000000, 158.000000), second: npt (200, 0.000000, 106.000000)
Error in <TFileMerger::MergeRecursive>: calling Merge() on 'npt' with the corresponding object in '1000000_0.4_0.15_55_hresultsNeutrinos.root'
Error in <Merge>: Cannot merge histograms - limits are inconsistent:
 first: npt (200, 0.000000, 158.000000), second: npt (200, 0.000000, 121.000000)
Error in <TFileMerger::MergeRecursive>: calling Merge() on 'npt' with the corresponding object in '1000000_0.4_0.15_56_hresultsNeutrinos.root'
Error in <Merge>: Cannot merge histograms - limits are inconsistent:
 first: npt (200, 0.000000, 158.000000), second: npt (200, 0.000000, 292.000000)
Error in <TFileMerger::MergeRecursive>: calling Merge() on 'npt' with the corresponding object in '1000000_0.4_0.15_57_hresultsNeutrinos.root'
Error in <Merge>: Cannot merge histograms - limits are inconsistent:
 first: npt (200, 0.000000, 158.000000), second: npt (200, 0.000000, 330.000000)
Error in <TFileMerger::MergeRecursive>: calling Merge() on 'npt' with the corresponding object in '1000000_0.4_0.15_58_hresultsNeutrinos.root'
Error in <Merge>: Cannot merge histograms - limits are inconsistent:
 first: npt (200, 0.000000, 158.000000), second: npt (200, 0.000000, 171.000000)
Error in <TFileMerger::MergeRecursive>: calling Merge() on 'npt' with the corresponding object in '1000000_0.4_0.15_5_hresultsNeutrinos.root'
Error in <Merge>: Cannot merge histograms - limits are inconsistent:
 first: npt (200, 0.000000, 158.000000), second: npt (200, 0.000000, 118.000000)
Error in <TFileMerger::MergeRecursive>: calling Merge() on 'npt' with the corresponding object in '1000000_0.4_0.15_60_hresultsNeutrinos.root'
Error in <Merge>: Cannot merge histograms - limits are inconsistent:
 first: npt (200, 0.000000, 158.000000), second: npt (200, 0.000000, 264.000000)
Error in <TFileMerger::MergeRecursive>: calling Merge() on 'npt' with the corresponding object in '1000000_0.4_0.15_61_hresultsNeutrinos.root'
Error in <Merge>: Cannot merge histograms - limits are inconsistent:
 first: npt (200, 0.000000, 158.000000), second: npt (200, 0.000000, 152.000000)
Error in <TFileMerger::MergeRecursive>: calling Merge() on 'npt' with the corresponding object in '1000000_0.4_0.15_62_hresultsNeutrinos.root'
Error in <Merge>: Cannot merge histograms - limits are inconsistent:
 first: npt (200, 0.000000, 158.000000), second: npt (200, 0.000000, 167.000000)
Error in <TFileMerger::MergeRecursive>: calling Merge() on 'npt' with the corresponding object in '1000000_0.4_0.15_63_hresultsNeutrinos.root'
Error in <Merge>: Cannot merge histograms - limits are inconsistent:
 first: npt (200, 0.000000, 158.000000), second: npt (200, 0.000000, 163.000000)
Error in <TFileMerger::MergeRecursive>: calling Merge() on 'npt' with the corresponding object in '1000000_0.4_0.15_64_hresultsNeutrinos.root'
Error in <Merge>: Cannot merge histograms - limits are inconsistent:
 first: npt (200, 0.000000, 158.000000), second: npt (200, 0.000000, 167.000000)
Error in <TFileMerger::MergeRecursive>: calling Merge() on 'npt' with the corresponding object in '1000000_0.4_0.15_65_hresultsNeutrinos.root'
Error in <Merge>: Cannot merge histograms - limits are inconsistent:
 first: npt (200, 0.000000, 158.000000), second: npt (200, 0.000000, 133.000000)
Error in <TFileMerger::MergeRecursive>: calling Merge() on 'npt' with the corresponding object in '1000000_0.4_0.15_67_hresultsNeutrinos.root'
Error in <Merge>: Cannot merge histograms - limits are inconsistent:
 first: npt (200, 0.000000, 158.000000), second: npt (200, 0.000000, 314.000000)
Error in <TFileMerger::MergeRecursive>: calling Merge() on 'npt' with the corresponding object in '1000000_0.4_0.15_68_hresultsNeutrinos.root'
Error in <Merge>: Cannot merge histograms - limits are inconsistent:
 first: npt (200, 0.000000, 158.000000), second: npt (200, 0.000000, 181.000000)
Error in <TFileMerger::MergeRecursive>: calling Merge() on 'npt' with the corresponding object in '1000000_0.4_0.15_69_hresultsNeutrinos.root'
Error in <Merge>: Cannot merge histograms - limits are inconsistent:
 first: npt (200, 0.000000, 158.000000), second: npt (200, 0.000000, 117.000000)
Error in <TFileMerger::MergeRecursive>: calling Merge() on 'npt' with the corresponding object in '1000000_0.4_0.15_70_hresultsNeutrinos.root'
Error in <Merge>: Cannot merge histograms - limits are inconsistent:
 first: npt (200, 0.000000, 158.000000), second: npt (200, 0.000000, 183.000000)
Error in <TFileMerger::MergeRecursive>: calling Merge() on 'npt' with the corresponding object in '1000000_0.4_0.15_71_hresultsNeutrinos.root'
Error in <Merge>: Cannot merge histograms - limits are inconsistent:
 first: npt (200, 0.000000, 158.000000), second: npt (200, 0.000000, 276.000000)
Error in <TFileMerger::MergeRecursive>: calling Merge() on 'npt' with the corresponding object in '1000000_0.4_0.15_72_hresultsNeutrinos.root'
Error in <Merge>: Cannot merge histograms - limits are inconsistent:
 first: npt (200, 0.000000, 158.000000), second: npt (200, 0.000000, 140.000000)
Error in <TFileMerger::MergeRecursive>: calling Merge() on 'npt' with the corresponding object in '1000000_0.4_0.15_73_hresultsNeutrinos.root'
Error in <Merge>: Cannot merge histograms - limits are inconsistent:
 first: npt (200, 0.000000, 158.000000), second: npt (200, 0.000000, 510.000000)
Error in <TFileMerger::MergeRecursive>: calling Merge() on 'npt' with the corresponding object in '1000000_0.4_0.15_74_hresultsNeutrinos.root'
Error in <Merge>: Cannot merge histograms - limits are inconsistent:
 first: npt (200, 0.000000, 158.000000), second: npt (200, 0.000000, 153.000000)
Error in <TFileMerger::MergeRecursive>: calling Merge() on 'npt' with the corresponding object in '1000000_0.4_0.15_75_hresultsNeutrinos.root'
Error in <Merge>: Cannot merge histograms - limits are inconsistent:
 first: npt (200, 0.000000, 158.000000), second: npt (200, 0.000000, 210.000000)
Error in <TFileMerger::MergeRecursive>: calling Merge() on 'npt' with the corresponding object in '1000000_0.4_0.15_76_hresultsNeutrinos.root'
Error in <Merge>: Cannot merge histograms - limits are inconsistent:
 first: npt (200, 0.000000, 158.000000), second: npt (200, 0.000000, 177.000000)
Error in <TFileMerger::MergeRecursive>: calling Merge() on 'npt' with the corresponding object in '1000000_0.4_0.15_77_hresultsNeutrinos.root'
Error in <Merge>: Cannot merge histograms - limits are inconsistent:
 first: npt (200, 0.000000, 158.000000), second: npt (200, 0.000000, 136.000000)
Error in <TFileMerger::MergeRecursive>: calling Merge() on 'npt' with the corresponding object in '1000000_0.4_0.15_78_hresultsNeutrinos.root'
Error in <Merge>: Cannot merge histograms - limits are inconsistent:
 first: npt (200, 0.000000, 158.000000), second: npt (200, 0.000000, 175.000000)
Error in <TFileMerger::MergeRecursive>: calling Merge() on 'npt' with the corresponding object in '1000000_0.4_0.15_79_hresultsNeutrinos.root'
Error in <Merge>: Cannot merge histograms - limits are inconsistent:
 first: npt (200, 0.000000, 158.000000), second: npt (200, 0.000000, 147.000000)
Error in <TFileMerger::MergeRecursive>: calling Merge() on 'npt' with the corresponding object in '1000000_0.4_0.15_7_hresultsNeutrinos.root'
Error in <Merge>: Cannot merge histograms - limits are inconsistent:
 first: npt (200, 0.000000, 158.000000), second: npt (200, 0.000000, 143.000000)
Error in <TFileMerger::MergeRecursive>: calling Merge() on 'npt' with the corresponding object in '1000000_0.4_0.15_80_hresultsNeutrinos.root'
Error in <Merge>: Cannot merge histograms - limits are inconsistent:
 first: npt (200, 0.000000, 158.000000), second: npt (200, 0.000000, 176.000000)
Error in <TFileMerger::MergeRecursive>: calling Merge() on 'npt' with the corresponding object in '1000000_0.4_0.15_81_hresultsNeutrinos.root'
Error in <Merge>: Cannot merge histograms - limits are inconsistent:
 first: npt (200, 0.000000, 158.000000), second: npt (200, 0.000000, 178.000000)
Error in <TFileMerger::MergeRecursive>: calling Merge() on 'npt' with the corresponding object in '1000000_0.4_0.15_82_hresultsNeutrinos.root'
Error in <Merge>: Cannot merge histograms - limits are inconsistent:
 first: npt (200, 0.000000, 158.000000), second: npt (200, 0.000000, 280.000000)
Error in <TFileMerger::MergeRecursive>: calling Merge() on 'npt' with the corresponding object in '1000000_0.4_0.15_83_hresultsNeutrinos.root'
Error in <Merge>: Cannot merge histograms - limits are inconsistent:
 first: npt (200, 0.000000, 158.000000), second: npt (200, 0.000000, 232.000000)
Error in <TFileMerger::MergeRecursive>: calling Merge() on 'npt' with the corresponding object in '1000000_0.4_0.15_84_hresultsNeutrinos.root'
Error in <Merge>: Cannot merge histograms - limits are inconsistent:
 first: npt (200, 0.000000, 158.000000), second: npt (200, 0.000000, 98.000000)
Error in <TFileMerger::MergeRecursive>: calling Merge() on 'npt' with the corresponding object in '1000000_0.4_0.15_85_hresultsNeutrinos.root'
Error in <Merge>: Cannot merge histograms - limits are inconsistent:
 first: npt (200, 0.000000, 158.000000), second: npt (200, 0.000000, 186.000000)
Error in <TFileMerger::MergeRecursive>: calling Merge() on 'npt' with the corresponding object in '1000000_0.4_0.15_86_hresultsNeutrinos.root'
Error in <Merge>: Cannot merge histograms - limits are inconsistent:
 first: npt (200, 0.000000, 158.000000), second: npt (200, 0.000000, 123.000000)
Error in <TFileMerger::MergeRecursive>: calling Merge() on 'npt' with the corresponding object in '1000000_0.4_0.15_87_hresultsNeutrinos.root'
Error in <Merge>: Cannot merge histograms - limits are inconsistent:
 first: npt (200, 0.000000, 158.000000), second: npt (200, 0.000000, 272.000000)
Error in <TFileMerger::MergeRecursive>: calling Merge() on 'npt' with the corresponding object in '1000000_0.4_0.15_88_hresultsNeutrinos.root'
Error in <Merge>: Cannot merge histograms - limits are inconsistent:
 first: npt (200, 0.000000, 158.000000), second: npt (200, 0.000000, 256.000000)
Error in <TFileMerger::MergeRecursive>: calling Merge() on 'npt' with the corresponding object in '1000000_0.4_0.15_89_hresultsNeutrinos.root'
Error in <Merge>: Cannot merge histograms - limits are inconsistent:
 first: npt (200, 0.000000, 158.000000), second: npt (200, 0.000000, 168.000000)
Error in <TFileMerger::MergeRecursive>: calling Merge() on 'npt' with the corresponding object in '1000000_0.4_0.15_8_hresultsNeutrinos.root'
Error in <Merge>: Cannot merge histograms - limits are inconsistent:
 first: npt (200, 0.000000, 158.000000), second: npt (200, 0.000000, 178.000000)
Error in <TFileMerger::MergeRecursive>: calling Merge() on 'npt' with the corresponding object in '1000000_0.4_0.15_90_hresultsNeutrinos.root'
Error in <Merge>: Cannot merge histograms - limits are inconsistent:
 first: npt (200, 0.000000, 158.000000), second: npt (200, 0.000000, 170.000000)
Error in <TFileMerger::MergeRecursive>: calling Merge() on 'npt' with the corresponding object in '1000000_0.4_0.15_91_hresultsNeutrinos.root'
Error in <Merge>: Cannot merge histograms - limits are inconsistent:
 first: npt (200, 0.000000, 158.000000), second: npt (200, 0.000000, 182.000000)
Error in <TFileMerger::MergeRecursive>: calling Merge() on 'npt' with the corresponding object in '1000000_0.4_0.15_92_hresultsNeutrinos.root'
Error in <Merge>: Cannot merge histograms - limits are inconsistent:
 first: npt (200, 0.000000, 158.000000), second: npt (200, 0.000000, 162.000000)
Error in <TFileMerger::MergeRecursive>: calling Merge() on 'npt' with the corresponding object in '1000000_0.4_0.15_93_hresultsNeutrinos.root'
Error in <Merge>: Cannot merge histograms - limits are inconsistent:
 first: npt (200, 0.000000, 158.000000), second: npt (200, 0.000000, 159.000000)
Error in <TFileMerger::MergeRecursive>: calling Merge() on 'npt' with the corresponding object in '1000000_0.4_0.15_94_hresultsNeutrinos.root'
Error in <Merge>: Cannot merge histograms - limits are inconsistent:
 first: npt (200, 0.000000, 158.000000), second: npt (200, 0.000000, 172.000000)
Error in <TFileMerger::MergeRecursive>: calling Merge() on 'npt' with the corresponding object in '1000000_0.4_0.15_95_hresultsNeutrinos.root'
Error in <Merge>: Cannot merge histograms - limits are inconsistent:
 first: npt (200, 0.000000, 158.000000), second: npt (200, 0.000000, 120.000000)
Error in <TFileMerger::MergeRecursive>: calling Merge() on 'npt' with the corresponding object in '1000000_0.4_0.15_96_hresultsNeutrinos.root'
Error in <Merge>: Cannot merge histograms - limits are inconsistent:
 first: npt (200, 0.000000, 158.000000), second: npt (200, 0.000000, 168.000000)
Error in <TFileMerger::MergeRecursive>: calling Merge() on 'npt' with the corresponding object in '1000000_0.4_0.15_97_hresultsNeutrinos.root'
Error in <Merge>: Cannot merge histograms - limits are inconsistent:
 first: npt (200, 0.000000, 158.000000), second: npt (200, 0.000000, 134.000000)
Error in <TFileMerger::MergeRecursive>: calling Merge() on 'npt' with the corresponding object in '1000000_0.4_0.15_98_hresultsNeutrinos.root'
Error in <Merge>: Cannot merge histograms - limits are inconsistent:
 first: npt (200, 0.000000, 158.000000), second: npt (200, 0.000000, 142.000000)
Error in <TFileMerger::MergeRecursive>: calling Merge() on 'npt' with the corresponding object in '1000000_0.4_0.15_99_hresultsNeutrinos.root'
Error in <Merge>: Cannot merge histograms - limits are inconsistent:
 first: npt (200, 0.000000, 158.000000), second: npt (200, 0.000000, 226.000000)
Error in <TFileMerger::MergeRecursive>: calling Merge() on 'npt' with the corresponding object in '1000000_0.4_0.15_9_hresultsNeutrinos.root'
