Error in <TFile::ReadBuffer>: error reading all requested bytes from file 100M_0.4_0.15_JetsInvariantMass.root, got 268 of 300
Error in <TFile::Init>: 100M_0.4_0.15_JetsInvariantMass.root failed to read the file type data.
Error in <TFileMerger::AddFile>: cannot open file 100M_0.4_0.15_JetsInvariantMass.root
hadd exiting due to error in 100M_0.4_0.15_JetsInvariantMass.root
Error in <TFile::ReadBuffer>: error reading all requested bytes from file 100M_0.4_0.15_MatchesJets.root, got 256 of 300
Error in <TFile::Init>: 100M_0.4_0.15_MatchesJets.root failed to read the file type data.
Error in <TFileMerger::AddFile>: cannot open file 100M_0.4_0.15_MatchesJets.root
hadd exiting due to error in 100M_0.4_0.15_MatchesJets.root
Error in <TFile::ReadBuffer>: error reading all requested bytes from file 100M_0.4_0.15_JetsQuarksPt.root, got 258 of 300
Error in <TFile::Init>: 100M_0.4_0.15_JetsQuarksPt.root failed to read the file type data.
Error in <TFileMerger::AddFile>: cannot open file 100M_0.4_0.15_JetsQuarksPt.root
hadd exiting due to error in 100M_0.4_0.15_JetsQuarksPt.root
Error in <Merge>: Cannot merge histograms - limits are inconsistent:
 first: ne (200, 0.000000, 4400.000000), second: ne (200, 0.000000, 4850.000000)
Error in <TFileMerger::MergeRecursive>: calling Merge() on 'ne' with the corresponding object in '1000000_0.4_0.15_11_hresultsNeutrinos.root'
Error in <Merge>: Cannot merge histograms - limits are inconsistent:
 first: ne (200, 0.000000, 4400.000000), second: ne (200, 0.000000, 4500.000000)
Error in <TFileMerger::MergeRecursive>: calling Merge() on 'ne' with the corresponding object in '1000000_0.4_0.15_12_hresultsNeutrinos.root'
Error in <Merge>: Cannot merge histograms - limits are inconsistent:
 first: ne (200, 0.000000, 4400.000000), second: ne (200, 0.000000, 5550.000000)
Error in <TFileMerger::MergeRecursive>: calling Merge() on 'ne' with the corresponding object in '1000000_0.4_0.15_13_hresultsNeutrinos.root'
Error in <Merge>: Cannot merge histograms - limits are inconsistent:
 first: ne (200, 0.000000, 4400.000000), second: ne (200, 0.000000, 4250.000000)
Error in <TFileMerger::MergeRecursive>: calling Merge() on 'ne' with the corresponding object in '1000000_0.4_0.15_14_hresultsNeutrinos.root'
Error in <Merge>: Cannot merge histograms - limits are inconsistent:
 first: ne (200, 0.000000, 4400.000000), second: ne (200, 0.000000, 4650.000000)
Error in <TFileMerger::MergeRecursive>: calling Merge() on 'ne' with the corresponding object in '1000000_0.4_0.15_15_hresultsNeutrinos.root'
Error in <Merge>: Cannot merge histograms - limits are inconsistent:
 first: ne (200, 0.000000, 4400.000000), second: ne (200, 0.000000, 4550.000000)
Error in <TFileMerger::MergeRecursive>: calling Merge() on 'ne' with the corresponding object in '1000000_0.4_0.15_16_hresultsNeutrinos.root'
Error in <Merge>: Cannot merge histograms - limits are inconsistent:
 first: ne (200, 0.000000, 4400.000000), second: ne (200, 0.000000, 4200.000000)
Error in <TFileMerger::MergeRecursive>: calling Merge() on 'ne' with the corresponding object in '1000000_0.4_0.15_17_hresultsNeutrinos.root'
Error in <Merge>: Cannot merge histograms - limits are inconsistent:
 first: ne (200, 0.000000, 4400.000000), second: ne (200, 0.000000, 4350.000000)
Error in <TFileMerger::MergeRecursive>: calling Merge() on 'ne' with the corresponding object in '1000000_0.4_0.15_18_hresultsNeutrinos.root'
Error in <Merge>: Cannot merge histograms - limits are inconsistent:
 first: ne (200, 0.000000, 4400.000000), second: ne (200, 0.000000, 5300.000000)
Error in <TFileMerger::MergeRecursive>: calling Merge() on 'ne' with the corresponding object in '1000000_0.4_0.15_19_hresultsNeutrinos.root'
Error in <Merge>: Cannot merge histograms - limits are inconsistent:
 first: ne (200, 0.000000, 4400.000000), second: ne (200, 0.000000, 4250.000000)
Error in <TFileMerger::MergeRecursive>: calling Merge() on 'ne' with the corresponding object in '1000000_0.4_0.15_1_hresultsNeutrinos.root'
Error in <Merge>: Cannot merge histograms - limits are inconsistent:
 first: ne (200, 0.000000, 4400.000000), second: ne (200, 0.000000, 4050.000000)
Error in <TFileMerger::MergeRecursive>: calling Merge() on 'ne' with the corresponding object in '1000000_0.4_0.15_20_hresultsNeutrinos.root'
Error in <Merge>: Cannot merge histograms - limits are inconsistent:
 first: ne (200, 0.000000, 4400.000000), second: ne (200, 0.000000, 5350.000000)
Error in <TFileMerger::MergeRecursive>: calling Merge() on 'ne' with the corresponding object in '1000000_0.4_0.15_21_hresultsNeutrinos.root'
Error in <Merge>: Cannot merge histograms - limits are inconsistent:
 first: ne (200, 0.000000, 4400.000000), second: ne (200, 0.000000, 5000.000000)
Error in <TFileMerger::MergeRecursive>: calling Merge() on 'ne' with the corresponding object in '1000000_0.4_0.15_22_hresultsNeutrinos.root'
Error in <Merge>: Cannot merge histograms - limits are inconsistent:
 first: ne (200, 0.000000, 4400.000000), second: ne (200, 0.000000, 4850.000000)
Error in <TFileMerger::MergeRecursive>: calling Merge() on 'ne' with the corresponding object in '1000000_0.4_0.15_23_hresultsNeutrinos.root'
Error in <Merge>: Cannot merge histograms - limits are inconsistent:
 first: ne (200, 0.000000, 4400.000000), second: ne (200, 0.000000, 5650.000000)
Error in <TFileMerger::MergeRecursive>: calling Merge() on 'ne' with the corresponding object in '1000000_0.4_0.15_24_hresultsNeutrinos.root'
Error in <Merge>: Cannot merge histograms - limits are inconsistent:
 first: ne (200, 0.000000, 4400.000000), second: ne (200, 0.000000, 4300.000000)
Error in <TFileMerger::MergeRecursive>: calling Merge() on 'ne' with the corresponding object in '1000000_0.4_0.15_25_hresultsNeutrinos.root'
Error in <Merge>: Cannot merge histograms - limits are inconsistent:
 first: ne (200, 0.000000, 4400.000000), second: ne (200, 0.000000, 4300.000000)
Error in <TFileMerger::MergeRecursive>: calling Merge() on 'ne' with the corresponding object in '1000000_0.4_0.15_26_hresultsNeutrinos.root'
Error in <Merge>: Cannot merge histograms - limits are inconsistent:
 first: ne (200, 0.000000, 4400.000000), second: ne (200, 0.000000, 5000.000000)
Error in <TFileMerger::MergeRecursive>: calling Merge() on 'ne' with the corresponding object in '1000000_0.4_0.15_27_hresultsNeutrinos.root'
Error in <Merge>: Cannot merge histograms - limits are inconsistent:
 first: ne (200, 0.000000, 4400.000000), second: ne (200, 0.000000, 5100.000000)
Error in <TFileMerger::MergeRecursive>: calling Merge() on 'ne' with the corresponding object in '1000000_0.4_0.15_2_hresultsNeutrinos.root'
Error in <Merge>: Cannot merge histograms - limits are inconsistent:
 first: ne (200, 0.000000, 4400.000000), second: ne (200, 0.000000, 3900.000000)
Error in <TFileMerger::MergeRecursive>: calling Merge() on 'ne' with the corresponding object in '1000000_0.4_0.15_3_hresultsNeutrinos.root'
Error in <Merge>: Cannot merge histograms - limits are inconsistent:
 first: ne (200, 0.000000, 4400.000000), second: ne (200, 0.000000, 4300.000000)
Error in <TFileMerger::MergeRecursive>: calling Merge() on 'ne' with the corresponding object in '1000000_0.4_0.15_4_hresultsNeutrinos.root'
Error in <Merge>: Cannot merge histograms - limits are inconsistent:
 first: ne (200, 0.000000, 4400.000000), second: ne (200, 0.000000, 5850.000000)
Error in <TFileMerger::MergeRecursive>: calling Merge() on 'ne' with the corresponding object in '1000000_0.4_0.15_5_hresultsNeutrinos.root'
Error in <Merge>: Cannot merge histograms - limits are inconsistent:
 first: ne (200, 0.000000, 4400.000000), second: ne (200, 0.000000, 4900.000000)
Error in <TFileMerger::MergeRecursive>: calling Merge() on 'ne' with the corresponding object in '1000000_0.4_0.15_6_hresultsNeutrinos.root'
Error in <Merge>: Cannot merge histograms - limits are inconsistent:
 first: ne (200, 0.000000, 4400.000000), second: ne (200, 0.000000, 4650.000000)
Error in <TFileMerger::MergeRecursive>: calling Merge() on 'ne' with the corresponding object in '1000000_0.4_0.15_7_hresultsNeutrinos.root'
Error in <Merge>: Cannot merge histograms - limits are inconsistent:
 first: ne (200, 0.000000, 4400.000000), second: ne (200, 0.000000, 4300.000000)
Error in <TFileMerger::MergeRecursive>: calling Merge() on 'ne' with the corresponding object in '1000000_0.4_0.15_8_hresultsNeutrinos.root'
Error in <Merge>: Cannot merge histograms - limits are inconsistent:
 first: ne (200, 0.000000, 4400.000000), second: ne (200, 0.000000, 4850.000000)
Error in <TFileMerger::MergeRecursive>: calling Merge() on 'ne' with the corresponding object in '1000000_0.4_0.15_9_hresultsNeutrinos.root'
Error in <Merge>: Cannot merge histograms - limits are inconsistent:
 first: npt (200, 0.000000, 114.000000), second: npt (200, 0.000000, 194.000000)
Error in <TFileMerger::MergeRecursive>: calling Merge() on 'npt' with the corresponding object in '1000000_0.4_0.15_11_hresultsNeutrinos.root'
Error in <Merge>: Cannot merge histograms - limits are inconsistent:
 first: npt (200, 0.000000, 114.000000), second: npt (200, 0.000000, 154.000000)
Error in <TFileMerger::MergeRecursive>: calling Merge() on 'npt' with the corresponding object in '1000000_0.4_0.15_12_hresultsNeutrinos.root'
Error in <Merge>: Cannot merge histograms - limits are inconsistent:
 first: npt (200, 0.000000, 114.000000), second: npt (200, 0.000000, 202.000000)
Error in <TFileMerger::MergeRecursive>: calling Merge() on 'npt' with the corresponding object in '1000000_0.4_0.15_13_hresultsNeutrinos.root'
Error in <Merge>: Cannot merge histograms - limits are inconsistent:
 first: npt (200, 0.000000, 114.000000), second: npt (200, 0.000000, 152.000000)
Error in <TFileMerger::MergeRecursive>: calling Merge() on 'npt' with the corresponding object in '1000000_0.4_0.15_14_hresultsNeutrinos.root'
Error in <Merge>: Cannot merge histograms - limits are inconsistent:
 first: npt (200, 0.000000, 114.000000), second: npt (200, 0.000000, 121.000000)
Error in <TFileMerger::MergeRecursive>: calling Merge() on 'npt' with the corresponding object in '1000000_0.4_0.15_15_hresultsNeutrinos.root'
Error in <Merge>: Cannot merge histograms - limits are inconsistent:
 first: npt (200, 0.000000, 114.000000), second: npt (200, 0.000000, 198.000000)
Error in <TFileMerger::MergeRecursive>: calling Merge() on 'npt' with the corresponding object in '1000000_0.4_0.15_16_hresultsNeutrinos.root'
Error in <Merge>: Cannot merge histograms - limits are inconsistent:
 first: npt (200, 0.000000, 114.000000), second: npt (200, 0.000000, 167.000000)
Error in <TFileMerger::MergeRecursive>: calling Merge() on 'npt' with the corresponding object in '1000000_0.4_0.15_17_hresultsNeutrinos.root'
Error in <Merge>: Cannot merge histograms - limits are inconsistent:
 first: npt (200, 0.000000, 114.000000), second: npt (200, 0.000000, 186.000000)
Error in <TFileMerger::MergeRecursive>: calling Merge() on 'npt' with the corresponding object in '1000000_0.4_0.15_18_hresultsNeutrinos.root'
Error in <Merge>: Cannot merge histograms - limits are inconsistent:
 first: npt (200, 0.000000, 114.000000), second: npt (200, 0.000000, 137.000000)
Error in <TFileMerger::MergeRecursive>: calling Merge() on 'npt' with the corresponding object in '1000000_0.4_0.15_19_hresultsNeutrinos.root'
Error in <Merge>: Cannot merge histograms - limits are inconsistent:
 first: npt (200, 0.000000, 114.000000), second: npt (200, 0.000000, 123.000000)
Error in <TFileMerger::MergeRecursive>: calling Merge() on 'npt' with the corresponding object in '1000000_0.4_0.15_1_hresultsNeutrinos.root'
Error in <Merge>: Cannot merge histograms - limits are inconsistent:
 first: npt (200, 0.000000, 114.000000), second: npt (200, 0.000000, 256.000000)
Error in <TFileMerger::MergeRecursive>: calling Merge() on 'npt' with the corresponding object in '1000000_0.4_0.15_20_hresultsNeutrinos.root'
Error in <Merge>: Cannot merge histograms - limits are inconsistent:
 first: npt (200, 0.000000, 114.000000), second: npt (200, 0.000000, 142.000000)
Error in <TFileMerger::MergeRecursive>: calling Merge() on 'npt' with the corresponding object in '1000000_0.4_0.15_21_hresultsNeutrinos.root'
Error in <Merge>: Cannot merge histograms - limits are inconsistent:
 first: npt (200, 0.000000, 114.000000), second: npt (200, 0.000000, 230.000000)
Error in <TFileMerger::MergeRecursive>: calling Merge() on 'npt' with the corresponding object in '1000000_0.4_0.15_22_hresultsNeutrinos.root'
Error in <Merge>: Cannot merge histograms - limits are inconsistent:
 first: npt (200, 0.000000, 114.000000), second: npt (200, 0.000000, 123.000000)
Error in <TFileMerger::MergeRecursive>: calling Merge() on 'npt' with the corresponding object in '1000000_0.4_0.15_23_hresultsNeutrinos.root'
Error in <Merge>: Cannot merge histograms - limits are inconsistent:
 first: npt (200, 0.000000, 114.000000), second: npt (200, 0.000000, 240.000000)
Error in <TFileMerger::MergeRecursive>: calling Merge() on 'npt' with the corresponding object in '1000000_0.4_0.15_24_hresultsNeutrinos.root'
Error in <Merge>: Cannot merge histograms - limits are inconsistent:
 first: npt (200, 0.000000, 114.000000), second: npt (200, 0.000000, 186.000000)
Error in <TFileMerger::MergeRecursive>: calling Merge() on 'npt' with the corresponding object in '1000000_0.4_0.15_25_hresultsNeutrinos.root'
Error in <Merge>: Cannot merge histograms - limits are inconsistent:
 first: npt (200, 0.000000, 114.000000), second: npt (200, 0.000000, 163.000000)
Error in <TFileMerger::MergeRecursive>: calling Merge() on 'npt' with the corresponding object in '1000000_0.4_0.15_26_hresultsNeutrinos.root'
Error in <Merge>: Cannot merge histograms - limits are inconsistent:
 first: npt (200, 0.000000, 114.000000), second: npt (200, 0.000000, 120.000000)
Error in <TFileMerger::MergeRecursive>: calling Merge() on 'npt' with the corresponding object in '1000000_0.4_0.15_27_hresultsNeutrinos.root'
Error in <Merge>: Cannot merge histograms - limits are inconsistent:
 first: npt (200, 0.000000, 114.000000), second: npt (200, 0.000000, 119.000000)
Error in <TFileMerger::MergeRecursive>: calling Merge() on 'npt' with the corresponding object in '1000000_0.4_0.15_2_hresultsNeutrinos.root'
Error in <Merge>: Cannot merge histograms - limits are inconsistent:
 first: npt (200, 0.000000, 114.000000), second: npt (200, 0.000000, 178.000000)
Error in <TFileMerger::MergeRecursive>: calling Merge() on 'npt' with the corresponding object in '1000000_0.4_0.15_3_hresultsNeutrinos.root'
Error in <Merge>: Cannot merge histograms - limits are inconsistent:
 first: npt (200, 0.000000, 114.000000), second: npt (200, 0.000000, 144.000000)
Error in <TFileMerger::MergeRecursive>: calling Merge() on 'npt' with the corresponding object in '1000000_0.4_0.15_4_hresultsNeutrinos.root'
Error in <Merge>: Cannot merge histograms - limits are inconsistent:
 first: npt (200, 0.000000, 114.000000), second: npt (200, 0.000000, 171.000000)
Error in <TFileMerger::MergeRecursive>: calling Merge() on 'npt' with the corresponding object in '1000000_0.4_0.15_5_hresultsNeutrinos.root'
Error in <Merge>: Cannot merge histograms - limits are inconsistent:
 first: npt (200, 0.000000, 114.000000), second: npt (200, 0.000000, 158.000000)
Error in <TFileMerger::MergeRecursive>: calling Merge() on 'npt' with the corresponding object in '1000000_0.4_0.15_6_hresultsNeutrinos.root'
Error in <Merge>: Cannot merge histograms - limits are inconsistent:
 first: npt (200, 0.000000, 114.000000), second: npt (200, 0.000000, 147.000000)
Error in <TFileMerger::MergeRecursive>: calling Merge() on 'npt' with the corresponding object in '1000000_0.4_0.15_7_hresultsNeutrinos.root'
Error in <Merge>: Cannot merge histograms - limits are inconsistent:
 first: npt (200, 0.000000, 114.000000), second: npt (200, 0.000000, 168.000000)
Error in <TFileMerger::MergeRecursive>: calling Merge() on 'npt' with the corresponding object in '1000000_0.4_0.15_8_hresultsNeutrinos.root'
Error in <Merge>: Cannot merge histograms - limits are inconsistent:
 first: npt (200, 0.000000, 114.000000), second: npt (200, 0.000000, 226.000000)
Error in <TFileMerger::MergeRecursive>: calling Merge() on 'npt' with the corresponding object in '1000000_0.4_0.15_9_hresultsNeutrinos.root'
