Error in <TFile::ReadBuffer>: error reading all requested bytes from file 100M_0.4_0.1_JetsInvariantMass.root, got 266 of 300
Error in <TFile::Init>: 100M_0.4_0.1_JetsInvariantMass.root failed to read the file type data.
Error in <TFileMerger::AddFile>: cannot open file 100M_0.4_0.1_JetsInvariantMass.root
hadd exiting due to error in 100M_0.4_0.1_JetsInvariantMass.root
Warning in <TFile::Init>: file 1000000_0.4_0.1_11_resultsMatchesCharmJets.root has no keys
Warning in <TFile::Init>: file 1000000_0.4_0.1_17_resultsMatchesCharmJets.root has no keys
Warning in <TFile::Init>: file 1000000_0.4_0.1_18_resultsMatchesCharmJets.root has no keys
Warning in <TFile::Init>: file 1000000_0.4_0.1_20_resultsMatchesCharmJets.root has no keys
Warning in <TFile::Init>: file 1000000_0.4_0.1_23_resultsMatchesCharmJets.root has no keys
Warning in <TFile::Init>: file 1000000_0.4_0.1_24_resultsMatchesCharmJets.root has no keys
Warning in <TFile::Init>: file 1000000_0.4_0.1_25_resultsMatchesCharmJets.root has no keys
Warning in <TFile::Init>: file 1000000_0.4_0.1_28_resultsMatchesCharmJets.root has no keys
Warning in <TFile::Init>: file 1000000_0.4_0.1_29_resultsMatchesCharmJets.root has no keys
Warning in <TFile::Init>: file 1000000_0.4_0.1_32_resultsMatchesCharmJets.root has no keys
Warning in <TFile::Init>: file 1000000_0.4_0.1_37_resultsMatchesCharmJets.root has no keys
Warning in <TFile::Init>: file 1000000_0.4_0.1_38_resultsMatchesCharmJets.root has no keys
Warning in <TFile::Init>: file 1000000_0.4_0.1_40_resultsMatchesCharmJets.root has no keys
Warning in <TFile::Init>: file 1000000_0.4_0.1_43_resultsMatchesCharmJets.root has no keys
Warning in <TFile::Init>: file 1000000_0.4_0.1_44_resultsMatchesCharmJets.root has no keys
Warning in <TFile::Init>: file 1000000_0.4_0.1_45_resultsMatchesCharmJets.root has no keys
Warning in <TFile::Init>: file 1000000_0.4_0.1_47_resultsMatchesCharmJets.root has no keys
Warning in <TFile::Init>: file 1000000_0.4_0.1_48_resultsMatchesCharmJets.root has no keys
Warning in <TFile::Init>: file 1000000_0.4_0.1_54_resultsMatchesCharmJets.root has no keys
Error in <TFile::ReadBuffer>: error reading all requested bytes from file 100M_0.4_0.1_MatchesJets.root, got 254 of 300
Error in <TFile::Init>: 100M_0.4_0.1_MatchesJets.root failed to read the file type data.
Error in <TFileMerger::AddFile>: cannot open file 100M_0.4_0.1_MatchesJets.root
hadd exiting due to error in 100M_0.4_0.1_MatchesJets.root
Warning in <TFile::Init>: file 1000000_0.4_0.1_13_resultsJetsQuarksPt.root has no keys
Warning in <TFile::Init>: file 1000000_0.4_0.1_30_resultsJetsQuarksPt.root has no keys
Warning in <TFile::Init>: file 1000000_0.4_0.1_56_resultsJetsQuarksPt.root has no keys
Warning in <TFile::Init>: file 1000000_0.4_0.1_57_resultsJetsQuarksPt.root has no keys
Warning in <TFile::Init>: file 1000000_0.4_0.1_58_resultsJetsQuarksPt.root has no keys
Error in <TFile::ReadBuffer>: error reading all requested bytes from file 100M_0.4_0.1_JetsQuarksPt.root, got 256 of 300
Error in <TFile::Init>: 100M_0.4_0.1_JetsQuarksPt.root failed to read the file type data.
Error in <TFileMerger::AddFile>: cannot open file 100M_0.4_0.1_JetsQuarksPt.root
hadd exiting due to error in 100M_0.4_0.1_JetsQuarksPt.root
